[0.014s] Invoking command in '/home/kim/project3/computer/build/custom_msgs': CMAKE_PREFIX_PATH=${CMAKE_PREFIX_PATH}:/home/kim/project3/computer/install/dine_bot:/home/kim/ws_moveit/install/mycobot_description:/home/kim/ws_moveit/install/moveit_configs_utils /usr/bin/cmake /home/kim/project3/computer/src/custom_msgs -DCMAKE_INSTALL_PREFIX=/home/kim/project3/computer/install/custom_msgs
[0.023s] -- Found ament_cmake: 1.3.10 (/opt/ros/humble/share/ament_cmake/cmake)
[0.117s] -- Override CMake install command with custom implementation using symlinks instead of copying resources
[0.121s] -- Found rosidl_default_generators: 1.2.0 (/opt/ros/humble/share/rosidl_default_generators/cmake)
[0.126s] -- Using all available rosidl_typesupport_c: rosidl_typesupport_fastrtps_c;rosidl_typesupport_introspection_c
[0.127s] -- Found rosidl_adapter: 3.1.5 (/opt/ros/humble/share/rosidl_adapter/cmake)
[0.150s] -- Using all available rosidl_typesupport_cpp: rosidl_typesupport_fastrtps_cpp;rosidl_typesupport_introspection_cpp
[0.165s] -- Found std_msgs: 4.2.4 (/opt/ros/humble/share/std_msgs/cmake)
[0.416s] -- Found ament_cmake_ros: 0.10.0 (/opt/ros/humble/share/ament_cmake_ros/cmake)
[0.599s] -- Using all available rosidl_typesupport_c: rosidl_typesupport_fastrtps_c;rosidl_typesupport_introspection_c
[0.868s] -- Using all available rosidl_typesupport_cpp: rosidl_typesupport_fastrtps_cpp;rosidl_typesupport_introspection_cpp
[0.887s] -- Found python_cmake_module: 0.10.0 (/opt/ros/humble/share/python_cmake_module/cmake)
[0.908s] -- Using PYTHON_EXECUTABLE: /usr/bin/python3
[0.908s] -- Using PYTHON_INCLUDE_DIRS: /usr/include/python3.10
[0.908s] -- Using PYTHON_LIBRARIES: /usr/lib/x86_64-linux-gnu/libpython3.10.so
[0.948s] -- Found ament_lint_auto: 0.12.11 (/opt/ros/humble/share/ament_lint_auto/cmake)
[0.954s] -- Added test 'lint_cmake' to check CMake code style
[0.955s] -- Added test 'xmllint' to check XML markup files
[0.956s] -- Configuring done
[0.980s] -- Generating done
[0.981s] -- Build files have been written to: /home/kim/project3/computer/build/custom_msgs
[0.988s] Invoked command in '/home/kim/project3/computer/build/custom_msgs' returned '0': CMAKE_PREFIX_PATH=${CMAKE_PREFIX_PATH}:/home/kim/project3/computer/install/dine_bot:/home/kim/ws_moveit/install/mycobot_description:/home/kim/ws_moveit/install/moveit_configs_utils /usr/bin/cmake /home/kim/project3/computer/src/custom_msgs -DCMAKE_INSTALL_PREFIX=/home/kim/project3/computer/install/custom_msgs
[0.989s] Invoking command in '/home/kim/project3/computer/build/custom_msgs': CMAKE_PREFIX_PATH=${CMAKE_PREFIX_PATH}:/home/kim/project3/computer/install/dine_bot:/home/kim/ws_moveit/install/mycobot_description:/home/kim/ws_moveit/install/moveit_configs_utils /usr/bin/cmake --build /home/kim/project3/computer/build/custom_msgs -- -j12 -l12
[1.037s] [35m[1mConsolidate compiler generated dependencies of target custom_msgs__rosidl_generator_c[0m
[1.050s] [ 11%] Built target custom_msgs__rosidl_generator_c
[1.050s] [ 12%] Built target custom_msgs__cpp
[1.068s] [ 12%] Built target ament_cmake_python_symlink_custom_msgs
[1.068s] [35m[1mConsolidate compiler generated dependencies of target custom_msgs__rosidl_typesupport_c[0m
[1.072s] [35m[1mConsolidate compiler generated dependencies of target custom_msgs__rosidl_typesupport_cpp[0m
[1.073s] [35m[1mConsolidate compiler generated dependencies of target custom_msgs__rosidl_typesupport_fastrtps_cpp[0m
[1.075s] [35m[1mConsolidate compiler generated dependencies of target custom_msgs__rosidl_typesupport_introspection_c[0m
[1.076s] [35m[1mConsolidate compiler generated dependencies of target custom_msgs__rosidl_typesupport_fastrtps_c[0m
[1.077s] [35m[1mConsolidate compiler generated dependencies of target custom_msgs__rosidl_typesupport_introspection_cpp[0m
[1.091s] [ 23%] Built target custom_msgs__rosidl_typesupport_c
[1.102s] [ 34%] Built target custom_msgs__rosidl_typesupport_cpp
[1.106s] [ 46%] Built target custom_msgs__rosidl_typesupport_introspection_c
[1.107s] [ 57%] Built target custom_msgs__rosidl_typesupport_fastrtps_cpp
[1.107s] [ 68%] Built target custom_msgs__rosidl_typesupport_fastrtps_c
[1.110s] [ 79%] Built target custom_msgs__rosidl_typesupport_introspection_cpp
[1.137s] [ 79%] Built target custom_msgs
[1.165s] [ 80%] Built target custom_msgs__py
[1.178s] [35m[1mConsolidate compiler generated dependencies of target custom_msgs__rosidl_generator_py[0m
[1.196s] [ 90%] Built target custom_msgs__rosidl_generator_py
[1.211s] [35m[1mConsolidate compiler generated dependencies of target custom_msgs__rosidl_typesupport_fastrtps_c__pyext[0m
[1.212s] [35m[1mConsolidate compiler generated dependencies of target custom_msgs__rosidl_typesupport_introspection_c__pyext[0m
[1.212s] [35m[1mConsolidate compiler generated dependencies of target custom_msgs__rosidl_typesupport_c__pyext[0m
[1.224s] [ 93%] Built target custom_msgs__rosidl_typesupport_fastrtps_c__pyext
[1.228s] running egg_info
[1.229s] [100%] Built target custom_msgs__rosidl_typesupport_introspection_c__pyext
[1.229s] [100%] Built target custom_msgs__rosidl_typesupport_c__pyext
[1.237s] writing custom_msgs.egg-info/PKG-INFO
[1.237s] writing dependency_links to custom_msgs.egg-info/dependency_links.txt
[1.237s] writing top-level names to custom_msgs.egg-info/top_level.txt
[1.263s] reading manifest file 'custom_msgs.egg-info/SOURCES.txt'
[1.263s] writing manifest file 'custom_msgs.egg-info/SOURCES.txt'
[1.285s] [100%] Built target ament_cmake_python_build_custom_msgs_egg
[1.298s] Invoked command in '/home/kim/project3/computer/build/custom_msgs' returned '0': CMAKE_PREFIX_PATH=${CMAKE_PREFIX_PATH}:/home/kim/project3/computer/install/dine_bot:/home/kim/ws_moveit/install/mycobot_description:/home/kim/ws_moveit/install/moveit_configs_utils /usr/bin/cmake --build /home/kim/project3/computer/build/custom_msgs -- -j12 -l12
[1.563s] Invoking command in '/home/kim/project3/computer/build/custom_msgs': CMAKE_PREFIX_PATH=${CMAKE_PREFIX_PATH}:/home/kim/project3/computer/install/dine_bot:/home/kim/ws_moveit/install/mycobot_description:/home/kim/ws_moveit/install/moveit_configs_utils /usr/bin/cmake --install /home/kim/project3/computer/build/custom_msgs
[1.575s] -- Install configuration: ""
[1.576s] -- Execute custom install script
[1.576s] -- Up-to-date symlink: /home/kim/project3/computer/install/custom_msgs/share/ament_index/resource_index/rosidl_interfaces/custom_msgs
[1.577s] -- Up-to-date symlink: /home/kim/project3/computer/install/custom_msgs/include/custom_msgs/custom_msgs/action/cook.h
[1.577s] -- Up-to-date symlink: /home/kim/project3/computer/install/custom_msgs/include/custom_msgs/custom_msgs/action/detail/cook__functions.h
[1.577s] -- Up-to-date symlink: /home/kim/project3/computer/install/custom_msgs/include/custom_msgs/custom_msgs/action/detail/cook__struct.h
[1.577s] -- Up-to-date symlink: /home/kim/project3/computer/install/custom_msgs/include/custom_msgs/custom_msgs/action/detail/cook__type_support.h
[1.577s] -- Up-to-date symlink: /home/kim/project3/computer/install/custom_msgs/include/custom_msgs/custom_msgs/action/detail/serve__functions.h
[1.577s] -- Up-to-date symlink: /home/kim/project3/computer/install/custom_msgs/include/custom_msgs/custom_msgs/action/detail/serve__struct.h
[1.577s] -- Up-to-date symlink: /home/kim/project3/computer/install/custom_msgs/include/custom_msgs/custom_msgs/action/detail/serve__type_support.h
[1.577s] -- Up-to-date symlink: /home/kim/project3/computer/install/custom_msgs/include/custom_msgs/custom_msgs/action/serve.h
[1.577s] -- Up-to-date symlink: /home/kim/project3/computer/install/custom_msgs/include/custom_msgs/custom_msgs/msg/detail/order_detail__functions.h
[1.578s] -- Up-to-date symlink: /home/kim/project3/computer/install/custom_msgs/include/custom_msgs/custom_msgs/msg/detail/order_detail__struct.h
[1.578s] -- Up-to-date symlink: /home/kim/project3/computer/install/custom_msgs/include/custom_msgs/custom_msgs/msg/detail/order_detail__type_support.h
[1.578s] -- Up-to-date symlink: /home/kim/project3/computer/install/custom_msgs/include/custom_msgs/custom_msgs/msg/detail/update_status__functions.h
[1.578s] -- Up-to-date symlink: /home/kim/project3/computer/install/custom_msgs/include/custom_msgs/custom_msgs/msg/detail/update_status__struct.h
[1.578s] -- Up-to-date symlink: /home/kim/project3/computer/install/custom_msgs/include/custom_msgs/custom_msgs/msg/detail/update_status__type_support.h
[1.578s] -- Up-to-date symlink: /home/kim/project3/computer/install/custom_msgs/include/custom_msgs/custom_msgs/msg/order_detail.h
[1.578s] -- Up-to-date symlink: /home/kim/project3/computer/install/custom_msgs/include/custom_msgs/custom_msgs/msg/rosidl_generator_c__visibility_control.h
[1.578s] -- Up-to-date symlink: /home/kim/project3/computer/install/custom_msgs/include/custom_msgs/custom_msgs/msg/update_status.h
[1.578s] -- Up-to-date symlink: /home/kim/project3/computer/install/custom_msgs/include/custom_msgs/custom_msgs/srv/detail/receive_order__functions.h
[1.578s] -- Up-to-date symlink: /home/kim/project3/computer/install/custom_msgs/include/custom_msgs/custom_msgs/srv/detail/receive_order__struct.h
[1.578s] -- Up-to-date symlink: /home/kim/project3/computer/install/custom_msgs/include/custom_msgs/custom_msgs/srv/detail/receive_order__type_support.h
[1.578s] -- Up-to-date symlink: /home/kim/project3/computer/install/custom_msgs/include/custom_msgs/custom_msgs/srv/receive_order.h
[1.578s] -- Up-to-date symlink: /home/kim/project3/computer/install/custom_msgs/share/custom_msgs/environment/library_path.sh
[1.578s] -- Up-to-date symlink: /home/kim/project3/computer/install/custom_msgs/share/custom_msgs/environment/library_path.dsv
[1.579s] -- Up-to-date symlink: /home/kim/project3/computer/install/custom_msgs/include/custom_msgs/custom_msgs/action/detail/cook__rosidl_typesupport_fastrtps_c.h
[1.579s] -- Up-to-date symlink: /home/kim/project3/computer/install/custom_msgs/include/custom_msgs/custom_msgs/action/detail/serve__rosidl_typesupport_fastrtps_c.h
[1.579s] -- Up-to-date symlink: /home/kim/project3/computer/install/custom_msgs/include/custom_msgs/custom_msgs/msg/detail/order_detail__rosidl_typesupport_fastrtps_c.h
[1.579s] -- Up-to-date symlink: /home/kim/project3/computer/install/custom_msgs/include/custom_msgs/custom_msgs/msg/detail/update_status__rosidl_typesupport_fastrtps_c.h
[1.579s] -- Up-to-date symlink: /home/kim/project3/computer/install/custom_msgs/include/custom_msgs/custom_msgs/msg/rosidl_typesupport_fastrtps_c__visibility_control.h
[1.579s] -- Up-to-date symlink: /home/kim/project3/computer/install/custom_msgs/include/custom_msgs/custom_msgs/srv/detail/receive_order__rosidl_typesupport_fastrtps_c.h
[1.580s] -- Up-to-date symlink: /home/kim/project3/computer/install/custom_msgs/include/custom_msgs/custom_msgs/action/detail/cook__rosidl_typesupport_introspection_c.h
[1.580s] -- Up-to-date symlink: /home/kim/project3/computer/install/custom_msgs/include/custom_msgs/custom_msgs/action/detail/serve__rosidl_typesupport_introspection_c.h
[1.580s] -- Up-to-date symlink: /home/kim/project3/computer/install/custom_msgs/include/custom_msgs/custom_msgs/msg/detail/order_detail__rosidl_typesupport_introspection_c.h
[1.580s] -- Up-to-date symlink: /home/kim/project3/computer/install/custom_msgs/include/custom_msgs/custom_msgs/msg/detail/update_status__rosidl_typesupport_introspection_c.h
[1.580s] -- Up-to-date symlink: /home/kim/project3/computer/install/custom_msgs/include/custom_msgs/custom_msgs/msg/rosidl_typesupport_introspection_c__visibility_control.h
[1.580s] -- Up-to-date symlink: /home/kim/project3/computer/install/custom_msgs/include/custom_msgs/custom_msgs/srv/detail/receive_order__rosidl_typesupport_introspection_c.h
[1.581s] -- Up-to-date symlink: /home/kim/project3/computer/install/custom_msgs/include/custom_msgs/custom_msgs/action/cook.hpp
[1.581s] -- Up-to-date symlink: /home/kim/project3/computer/install/custom_msgs/include/custom_msgs/custom_msgs/action/detail/cook__builder.hpp
[1.581s] -- Up-to-date symlink: /home/kim/project3/computer/install/custom_msgs/include/custom_msgs/custom_msgs/action/detail/cook__struct.hpp
[1.581s] -- Up-to-date symlink: /home/kim/project3/computer/install/custom_msgs/include/custom_msgs/custom_msgs/action/detail/cook__traits.hpp
[1.581s] -- Up-to-date symlink: /home/kim/project3/computer/install/custom_msgs/include/custom_msgs/custom_msgs/action/detail/serve__builder.hpp
[1.581s] -- Up-to-date symlink: /home/kim/project3/computer/install/custom_msgs/include/custom_msgs/custom_msgs/action/detail/serve__struct.hpp
[1.581s] -- Up-to-date symlink: /home/kim/project3/computer/install/custom_msgs/include/custom_msgs/custom_msgs/action/detail/serve__traits.hpp
[1.581s] -- Up-to-date symlink: /home/kim/project3/computer/install/custom_msgs/include/custom_msgs/custom_msgs/action/serve.hpp
[1.581s] -- Up-to-date symlink: /home/kim/project3/computer/install/custom_msgs/include/custom_msgs/custom_msgs/msg/detail/order_detail__builder.hpp
[1.581s] -- Up-to-date symlink: /home/kim/project3/computer/install/custom_msgs/include/custom_msgs/custom_msgs/msg/detail/order_detail__struct.hpp
[1.581s] -- Up-to-date symlink: /home/kim/project3/computer/install/custom_msgs/include/custom_msgs/custom_msgs/msg/detail/order_detail__traits.hpp
[1.581s] -- Up-to-date symlink: /home/kim/project3/computer/install/custom_msgs/include/custom_msgs/custom_msgs/msg/detail/update_status__builder.hpp
[1.581s] -- Up-to-date symlink: /home/kim/project3/computer/install/custom_msgs/include/custom_msgs/custom_msgs/msg/detail/update_status__struct.hpp
[1.581s] -- Up-to-date symlink: /home/kim/project3/computer/install/custom_msgs/include/custom_msgs/custom_msgs/msg/detail/update_status__traits.hpp
[1.581s] -- Up-to-date symlink: /home/kim/project3/computer/install/custom_msgs/include/custom_msgs/custom_msgs/msg/order_detail.hpp
[1.581s] -- Up-to-date symlink: /home/kim/project3/computer/install/custom_msgs/include/custom_msgs/custom_msgs/msg/update_status.hpp
[1.582s] -- Up-to-date symlink: /home/kim/project3/computer/install/custom_msgs/include/custom_msgs/custom_msgs/srv/detail/receive_order__builder.hpp
[1.582s] -- Up-to-date symlink: /home/kim/project3/computer/install/custom_msgs/include/custom_msgs/custom_msgs/srv/detail/receive_order__struct.hpp
[1.582s] -- Up-to-date symlink: /home/kim/project3/computer/install/custom_msgs/include/custom_msgs/custom_msgs/srv/detail/receive_order__traits.hpp
[1.582s] -- Up-to-date symlink: /home/kim/project3/computer/install/custom_msgs/include/custom_msgs/custom_msgs/srv/receive_order.hpp
[1.582s] -- Up-to-date symlink: /home/kim/project3/computer/install/custom_msgs/include/custom_msgs/custom_msgs/action/detail/cook__rosidl_typesupport_fastrtps_cpp.hpp
[1.582s] -- Up-to-date symlink: /home/kim/project3/computer/install/custom_msgs/include/custom_msgs/custom_msgs/action/detail/serve__rosidl_typesupport_fastrtps_cpp.hpp
[1.582s] -- Up-to-date symlink: /home/kim/project3/computer/install/custom_msgs/include/custom_msgs/custom_msgs/msg/detail/order_detail__rosidl_typesupport_fastrtps_cpp.hpp
[1.582s] -- Up-to-date symlink: /home/kim/project3/computer/install/custom_msgs/include/custom_msgs/custom_msgs/msg/detail/update_status__rosidl_typesupport_fastrtps_cpp.hpp
[1.582s] -- Up-to-date symlink: /home/kim/project3/computer/install/custom_msgs/include/custom_msgs/custom_msgs/msg/rosidl_typesupport_fastrtps_cpp__visibility_control.h
[1.582s] -- Up-to-date symlink: /home/kim/project3/computer/install/custom_msgs/include/custom_msgs/custom_msgs/srv/detail/receive_order__rosidl_typesupport_fastrtps_cpp.hpp
[1.583s] -- Up-to-date symlink: /home/kim/project3/computer/install/custom_msgs/include/custom_msgs/custom_msgs/action/detail/cook__rosidl_typesupport_introspection_cpp.hpp
[1.583s] -- Up-to-date symlink: /home/kim/project3/computer/install/custom_msgs/include/custom_msgs/custom_msgs/action/detail/serve__rosidl_typesupport_introspection_cpp.hpp
[1.583s] -- Up-to-date symlink: /home/kim/project3/computer/install/custom_msgs/include/custom_msgs/custom_msgs/msg/detail/order_detail__rosidl_typesupport_introspection_cpp.hpp
[1.583s] -- Up-to-date symlink: /home/kim/project3/computer/install/custom_msgs/include/custom_msgs/custom_msgs/msg/detail/update_status__rosidl_typesupport_introspection_cpp.hpp
[1.583s] -- Up-to-date symlink: /home/kim/project3/computer/install/custom_msgs/include/custom_msgs/custom_msgs/srv/detail/receive_order__rosidl_typesupport_introspection_cpp.hpp
[1.583s] -- Up-to-date symlink: /home/kim/project3/computer/install/custom_msgs/share/custom_msgs/environment/pythonpath.sh
[1.583s] -- Up-to-date symlink: /home/kim/project3/computer/install/custom_msgs/share/custom_msgs/environment/pythonpath.dsv
[1.583s] -- Up-to-date symlink: /home/kim/project3/computer/install/custom_msgs/local/lib/python3.10/dist-packages/custom_msgs-0.0.0-py3.10.egg-info/PKG-INFO
[1.583s] -- Up-to-date symlink: /home/kim/project3/computer/install/custom_msgs/local/lib/python3.10/dist-packages/custom_msgs-0.0.0-py3.10.egg-info/SOURCES.txt
[1.583s] -- Up-to-date symlink: /home/kim/project3/computer/install/custom_msgs/local/lib/python3.10/dist-packages/custom_msgs-0.0.0-py3.10.egg-info/dependency_links.txt
[1.583s] -- Up-to-date symlink: /home/kim/project3/computer/install/custom_msgs/local/lib/python3.10/dist-packages/custom_msgs-0.0.0-py3.10.egg-info/top_level.txt
[1.584s] -- Up-to-date symlink: /home/kim/project3/computer/install/custom_msgs/local/lib/python3.10/dist-packages/custom_msgs/__init__.py
[1.584s] -- Up-to-date symlink: /home/kim/project3/computer/install/custom_msgs/local/lib/python3.10/dist-packages/custom_msgs/_custom_msgs_s.ep.rosidl_typesupport_c.c
[1.584s] -- Up-to-date symlink: /home/kim/project3/computer/install/custom_msgs/local/lib/python3.10/dist-packages/custom_msgs/_custom_msgs_s.ep.rosidl_typesupport_fastrtps_c.c
[1.584s] -- Up-to-date symlink: /home/kim/project3/computer/install/custom_msgs/local/lib/python3.10/dist-packages/custom_msgs/_custom_msgs_s.ep.rosidl_typesupport_introspection_c.c
[1.584s] -- Up-to-date symlink: /home/kim/project3/computer/install/custom_msgs/local/lib/python3.10/dist-packages/custom_msgs/action/__init__.py
[1.584s] -- Up-to-date symlink: /home/kim/project3/computer/install/custom_msgs/local/lib/python3.10/dist-packages/custom_msgs/action/_cook.py
[1.584s] -- Up-to-date symlink: /home/kim/project3/computer/install/custom_msgs/local/lib/python3.10/dist-packages/custom_msgs/action/_cook_s.c
[1.584s] -- Up-to-date symlink: /home/kim/project3/computer/install/custom_msgs/local/lib/python3.10/dist-packages/custom_msgs/action/_serve.py
[1.584s] -- Up-to-date symlink: /home/kim/project3/computer/install/custom_msgs/local/lib/python3.10/dist-packages/custom_msgs/action/_serve_s.c
[1.584s] -- Up-to-date symlink: /home/kim/project3/computer/install/custom_msgs/local/lib/python3.10/dist-packages/custom_msgs/custom_msgs_s__rosidl_typesupport_c.cpython-310-x86_64-linux-gnu.so
[1.584s] -- Up-to-date symlink: /home/kim/project3/computer/install/custom_msgs/local/lib/python3.10/dist-packages/custom_msgs/custom_msgs_s__rosidl_typesupport_fastrtps_c.cpython-310-x86_64-linux-gnu.so
[1.584s] -- Up-to-date symlink: /home/kim/project3/computer/install/custom_msgs/local/lib/python3.10/dist-packages/custom_msgs/custom_msgs_s__rosidl_typesupport_introspection_c.cpython-310-x86_64-linux-gnu.so
[1.584s] -- Up-to-date symlink: /home/kim/project3/computer/install/custom_msgs/local/lib/python3.10/dist-packages/custom_msgs/libcustom_msgs__rosidl_generator_py.so
[1.584s] -- Up-to-date symlink: /home/kim/project3/computer/install/custom_msgs/local/lib/python3.10/dist-packages/custom_msgs/msg/__init__.py
[1.584s] -- Up-to-date symlink: /home/kim/project3/computer/install/custom_msgs/local/lib/python3.10/dist-packages/custom_msgs/msg/_order_detail.py
[1.585s] -- Up-to-date symlink: /home/kim/project3/computer/install/custom_msgs/local/lib/python3.10/dist-packages/custom_msgs/msg/_order_detail_s.c
[1.585s] -- Up-to-date symlink: /home/kim/project3/computer/install/custom_msgs/local/lib/python3.10/dist-packages/custom_msgs/msg/_update_status.py
[1.585s] -- Up-to-date symlink: /home/kim/project3/computer/install/custom_msgs/local/lib/python3.10/dist-packages/custom_msgs/msg/_update_status_s.c
[1.585s] -- Up-to-date symlink: /home/kim/project3/computer/install/custom_msgs/local/lib/python3.10/dist-packages/custom_msgs/srv/__init__.py
[1.585s] -- Up-to-date symlink: /home/kim/project3/computer/install/custom_msgs/local/lib/python3.10/dist-packages/custom_msgs/srv/_receive_order.py
[1.585s] -- Up-to-date symlink: /home/kim/project3/computer/install/custom_msgs/local/lib/python3.10/dist-packages/custom_msgs/srv/_receive_order_s.c
[1.585s] -- Up-to-date symlink: /home/kim/project3/computer/install/custom_msgs/local/lib/python3.10/dist-packages/custom_msgs/custom_msgs_s__rosidl_typesupport_fastrtps_c.cpython-310-x86_64-linux-gnu.so
[1.585s] -- Up-to-date symlink: /home/kim/project3/computer/install/custom_msgs/local/lib/python3.10/dist-packages/custom_msgs/custom_msgs_s__rosidl_typesupport_introspection_c.cpython-310-x86_64-linux-gnu.so
[1.585s] -- Up-to-date symlink: /home/kim/project3/computer/install/custom_msgs/local/lib/python3.10/dist-packages/custom_msgs/custom_msgs_s__rosidl_typesupport_c.cpython-310-x86_64-linux-gnu.so
[1.585s] -- Up-to-date symlink: /home/kim/project3/computer/install/custom_msgs/share/custom_msgs/msg/UpdateStatus.idl
[1.585s] -- Up-to-date symlink: /home/kim/project3/computer/install/custom_msgs/share/custom_msgs/msg/OrderDetail.idl
[1.585s] -- Up-to-date symlink: /home/kim/project3/computer/install/custom_msgs/share/custom_msgs/srv/ReceiveOrder.idl
[1.585s] -- Up-to-date symlink: /home/kim/project3/computer/install/custom_msgs/share/custom_msgs/action/Cook.idl
[1.586s] -- Up-to-date symlink: /home/kim/project3/computer/install/custom_msgs/share/custom_msgs/action/Serve.idl
[1.586s] -- Up-to-date symlink: /home/kim/project3/computer/install/custom_msgs/share/custom_msgs/msg/UpdateStatus.msg
[1.586s] -- Up-to-date symlink: /home/kim/project3/computer/install/custom_msgs/share/custom_msgs/msg/OrderDetail.msg
[1.586s] -- Up-to-date symlink: /home/kim/project3/computer/install/custom_msgs/share/custom_msgs/srv/ReceiveOrder.srv
[1.586s] -- Up-to-date symlink: /home/kim/project3/computer/install/custom_msgs/share/custom_msgs/srv/ReceiveOrder_Request.msg
[1.586s] -- Up-to-date symlink: /home/kim/project3/computer/install/custom_msgs/share/custom_msgs/srv/ReceiveOrder_Response.msg
[1.586s] -- Up-to-date symlink: /home/kim/project3/computer/install/custom_msgs/share/custom_msgs/action/Cook.action
[1.586s] -- Up-to-date symlink: /home/kim/project3/computer/install/custom_msgs/share/custom_msgs/action/Serve.action
[1.586s] -- Up-to-date symlink: /home/kim/project3/computer/install/custom_msgs/share/ament_index/resource_index/package_run_dependencies/custom_msgs
[1.586s] -- Up-to-date symlink: /home/kim/project3/computer/install/custom_msgs/share/ament_index/resource_index/parent_prefix_path/custom_msgs
[1.586s] -- Up-to-date symlink: /home/kim/project3/computer/install/custom_msgs/share/custom_msgs/environment/ament_prefix_path.sh
[1.586s] -- Up-to-date symlink: /home/kim/project3/computer/install/custom_msgs/share/custom_msgs/environment/ament_prefix_path.dsv
[1.586s] -- Up-to-date symlink: /home/kim/project3/computer/install/custom_msgs/share/custom_msgs/environment/path.sh
[1.586s] -- Up-to-date symlink: /home/kim/project3/computer/install/custom_msgs/share/custom_msgs/environment/path.dsv
[1.586s] -- Up-to-date symlink: /home/kim/project3/computer/install/custom_msgs/share/custom_msgs/local_setup.bash
[1.587s] -- Up-to-date symlink: /home/kim/project3/computer/install/custom_msgs/share/custom_msgs/local_setup.sh
[1.587s] -- Up-to-date symlink: /home/kim/project3/computer/install/custom_msgs/share/custom_msgs/local_setup.zsh
[1.587s] -- Up-to-date symlink: /home/kim/project3/computer/install/custom_msgs/share/custom_msgs/local_setup.dsv
[1.587s] -- Symlinking: /home/kim/project3/computer/install/custom_msgs/share/custom_msgs/package.dsv
[1.595s] -- Up-to-date symlink: /home/kim/project3/computer/install/custom_msgs/share/ament_index/resource_index/packages/custom_msgs
[1.595s] -- Up-to-date symlink: /home/kim/project3/computer/install/custom_msgs/share/custom_msgs/cmake/rosidl_cmake-extras.cmake
[1.595s] -- Up-to-date symlink: /home/kim/project3/computer/install/custom_msgs/share/custom_msgs/cmake/ament_cmake_export_dependencies-extras.cmake
[1.595s] -- Up-to-date symlink: /home/kim/project3/computer/install/custom_msgs/share/custom_msgs/cmake/ament_cmake_export_include_directories-extras.cmake
[1.596s] -- Up-to-date symlink: /home/kim/project3/computer/install/custom_msgs/share/custom_msgs/cmake/ament_cmake_export_libraries-extras.cmake
[1.596s] -- Up-to-date symlink: /home/kim/project3/computer/install/custom_msgs/share/custom_msgs/cmake/ament_cmake_export_targets-extras.cmake
[1.596s] -- Up-to-date symlink: /home/kim/project3/computer/install/custom_msgs/share/custom_msgs/cmake/rosidl_cmake_export_typesupport_targets-extras.cmake
[1.596s] -- Up-to-date symlink: /home/kim/project3/computer/install/custom_msgs/share/custom_msgs/cmake/rosidl_cmake_export_typesupport_libraries-extras.cmake
[1.596s] -- Up-to-date symlink: /home/kim/project3/computer/install/custom_msgs/share/custom_msgs/cmake/custom_msgsConfig.cmake
[1.596s] -- Up-to-date symlink: /home/kim/project3/computer/install/custom_msgs/share/custom_msgs/cmake/custom_msgsConfig-version.cmake
[1.597s] -- Up-to-date symlink: /home/kim/project3/computer/install/custom_msgs/share/custom_msgs/package.xml
[1.597s] -- Up-to-date: /home/kim/project3/computer/install/custom_msgs/lib/libcustom_msgs__rosidl_generator_c.so
[1.597s] -- Up-to-date: /home/kim/project3/computer/install/custom_msgs/lib/libcustom_msgs__rosidl_typesupport_fastrtps_c.so
[1.597s] -- Up-to-date: /home/kim/project3/computer/install/custom_msgs/lib/libcustom_msgs__rosidl_typesupport_introspection_c.so
[1.598s] -- Up-to-date: /home/kim/project3/computer/install/custom_msgs/lib/libcustom_msgs__rosidl_typesupport_c.so
[1.598s] -- Up-to-date: /home/kim/project3/computer/install/custom_msgs/lib/libcustom_msgs__rosidl_typesupport_fastrtps_cpp.so
[1.598s] -- Up-to-date: /home/kim/project3/computer/install/custom_msgs/lib/libcustom_msgs__rosidl_typesupport_introspection_cpp.so
[1.599s] -- Up-to-date: /home/kim/project3/computer/install/custom_msgs/lib/libcustom_msgs__rosidl_typesupport_cpp.so
[1.623s] Listing '/home/kim/project3/computer/install/custom_msgs/local/lib/python3.10/dist-packages/custom_msgs'...
[1.623s] Compiling '/home/kim/project3/computer/install/custom_msgs/local/lib/python3.10/dist-packages/custom_msgs/__init__.py'...
[1.623s] Listing '/home/kim/project3/computer/install/custom_msgs/local/lib/python3.10/dist-packages/custom_msgs/action'...
[1.623s] Listing '/home/kim/project3/computer/install/custom_msgs/local/lib/python3.10/dist-packages/custom_msgs/msg'...
[1.623s] Listing '/home/kim/project3/computer/install/custom_msgs/local/lib/python3.10/dist-packages/custom_msgs/srv'...
[1.626s] -- Up-to-date: /home/kim/project3/computer/install/custom_msgs/lib/libcustom_msgs__rosidl_generator_py.so
[1.626s] -- Up-to-date: /home/kim/project3/computer/install/custom_msgs/share/custom_msgs/cmake/export_custom_msgs__rosidl_generator_cExport.cmake
[1.626s] -- Up-to-date: /home/kim/project3/computer/install/custom_msgs/share/custom_msgs/cmake/export_custom_msgs__rosidl_generator_cExport-noconfig.cmake
[1.626s] -- Up-to-date: /home/kim/project3/computer/install/custom_msgs/share/custom_msgs/cmake/export_custom_msgs__rosidl_typesupport_fastrtps_cExport.cmake
[1.626s] -- Up-to-date: /home/kim/project3/computer/install/custom_msgs/share/custom_msgs/cmake/export_custom_msgs__rosidl_typesupport_fastrtps_cExport-noconfig.cmake
[1.626s] -- Up-to-date: /home/kim/project3/computer/install/custom_msgs/share/custom_msgs/cmake/custom_msgs__rosidl_typesupport_introspection_cExport.cmake
[1.626s] -- Up-to-date: /home/kim/project3/computer/install/custom_msgs/share/custom_msgs/cmake/custom_msgs__rosidl_typesupport_introspection_cExport-noconfig.cmake
[1.626s] -- Up-to-date: /home/kim/project3/computer/install/custom_msgs/share/custom_msgs/cmake/custom_msgs__rosidl_typesupport_cExport.cmake
[1.626s] -- Up-to-date: /home/kim/project3/computer/install/custom_msgs/share/custom_msgs/cmake/custom_msgs__rosidl_typesupport_cExport-noconfig.cmake
[1.626s] -- Up-to-date: /home/kim/project3/computer/install/custom_msgs/share/custom_msgs/cmake/export_custom_msgs__rosidl_generator_cppExport.cmake
[1.627s] -- Up-to-date: /home/kim/project3/computer/install/custom_msgs/share/custom_msgs/cmake/export_custom_msgs__rosidl_typesupport_fastrtps_cppExport.cmake
[1.627s] -- Up-to-date: /home/kim/project3/computer/install/custom_msgs/share/custom_msgs/cmake/export_custom_msgs__rosidl_typesupport_fastrtps_cppExport-noconfig.cmake
[1.627s] -- Up-to-date: /home/kim/project3/computer/install/custom_msgs/share/custom_msgs/cmake/custom_msgs__rosidl_typesupport_introspection_cppExport.cmake
[1.627s] -- Up-to-date: /home/kim/project3/computer/install/custom_msgs/share/custom_msgs/cmake/custom_msgs__rosidl_typesupport_introspection_cppExport-noconfig.cmake
[1.627s] -- Up-to-date: /home/kim/project3/computer/install/custom_msgs/share/custom_msgs/cmake/custom_msgs__rosidl_typesupport_cppExport.cmake
[1.627s] -- Up-to-date: /home/kim/project3/computer/install/custom_msgs/share/custom_msgs/cmake/custom_msgs__rosidl_typesupport_cppExport-noconfig.cmake
[1.627s] -- Up-to-date: /home/kim/project3/computer/install/custom_msgs/share/custom_msgs/cmake/export_custom_msgs__rosidl_generator_pyExport.cmake
[1.627s] -- Up-to-date: /home/kim/project3/computer/install/custom_msgs/share/custom_msgs/cmake/export_custom_msgs__rosidl_generator_pyExport-noconfig.cmake
[1.629s] Invoked command in '/home/kim/project3/computer/build/custom_msgs' returned '0': CMAKE_PREFIX_PATH=${CMAKE_PREFIX_PATH}:/home/kim/project3/computer/install/dine_bot:/home/kim/ws_moveit/install/mycobot_description:/home/kim/ws_moveit/install/moveit_configs_utils /usr/bin/cmake --install /home/kim/project3/computer/build/custom_msgs
