[0.030s] Invoking command in '/home/soomi/yori/build/my_custom_msgs': CMAKE_PREFIX_PATH=${CMAKE_PREFIX_PATH}:/home/soomi/ros2_humble/install/rqt_bag_plugins:/home/soomi/ros2_humble/install/rqt_bag:/home/soomi/ros2_humble/install/launch_testing_examples:/home/soomi/ros2_humble/install/ros2bag:/home/soomi/ros2_humble/install/tracetools_test:/home/soomi/ros2_humble/install/tracetools_launch:/home/soomi/ros2_humble/install/topic_monitor:/home/soomi/ros2_humble/install/tf2_tools:/home/soomi/ros2_humble/install/examples_tf2_py:/home/soomi/ros2_humble/install/tf2_ros_py:/home/soomi/ros2_humble/install/sros2:/home/soomi/ros2_humble/install/rqt_topic:/home/soomi/ros2_humble/install/rqt_srv:/home/soomi/ros2_humble/install/rqt_shell:/home/soomi/ros2_humble/install/rqt_service_caller:/home/soomi/ros2_humble/install/rqt_reconfigure:/home/soomi/ros2_humble/install/rqt_py_console:/home/soomi/ros2_humble/install/rqt_publisher:/home/soomi/ros2_humble/install/rqt_plot:/home/soomi/ros2_humble/install/rqt_action:/home/soomi/ros2_humble/install/rqt_msg:/home/soomi/ros2_humble/install/rqt_console:/home/soomi/ros2_humble/install/rqt:/home/soomi/ros2_humble/install/rqt_graph:/home/soomi/ros2_humble/install/rqt_gui_py:/home/soomi/ros2_humble/install/rqt_gui:/home/soomi/ros2_humble/install/ros2trace:/home/soomi/ros2_humble/install/ros2topic:/home/soomi/ros2_humble/install/ros2test:/home/soomi/ros2_humble/install/ros2component:/home/soomi/ros2_humble/install/ros2param:/home/soomi/ros2_humble/install/ros2lifecycle:/home/soomi/ros2_humble/install/ros2service:/home/soomi/ros2_humble/install/ros2run:/home/soomi/ros2_humble/install/ros2launch:/home/soomi/ros2_humble/install/ros2pkg:/home/soomi/ros2_humble/install/ros2node:/home/soomi/ros2_humble/install/ros2multicast:/home/soomi/ros2_humble/install/ros2interface:/home/soomi/ros2_humble/install/ros2doctor:/home/soomi/ros2_humble/install/ros2action:/home/soomi/ros2_humble/install/ros2cli:/home/soomi/ros2_humble/install/quality_of_service_demo_py:/home/soomi/ros2_humble/install/lifecycle_py:/home/soomi/ros2_humble/install/launch_testing_ros:/home/soomi/ros2_humble/install/launch_ros:/home/soomi/ros2_humble/install/examples_rclpy_pointcloud_publisher:/home/soomi/ros2_humble/install/examples_rclpy_minimal_subscriber:/home/soomi/ros2_humble/install/examples_rclpy_minimal_service:/home/soomi/ros2_humble/install/examples_rclpy_minimal_publisher:/home/soomi/ros2_humble/install/examples_rclpy_minimal_client:/home/soomi/ros2_humble/install/examples_rclpy_minimal_action_server:/home/soomi/ros2_humble/install/examples_rclpy_minimal_action_client:/home/soomi/ros2_humble/install/examples_rclpy_guard_conditions:/home/soomi/ros2_humble/install/examples_rclpy_executors:/home/soomi/ros2_humble/install/demo_nodes_py:/home/soomi/ros2_humble/install/bondpy:/home/soomi/ros2_humble/install/action_tutorials_py:/home/soomi/ros2_humble/install/ament_uncrustify:/home/soomi/ros2_humble/install/tracetools_trace:/home/soomi/ros2_humble/install/tracetools_read:/home/soomi/ros2_humble/install/test_tracetools_launch:/home/soomi/ros2_humble/install/test_launch_ros:/home/soomi/ros2_humble/install/sensor_msgs_py:/home/soomi/ros2_humble/install/rpyutils:/home/soomi/ros2_humble/install/rosidl_runtime_py:/home/soomi/ros2_humble/install/rosidl_cli:/home/soomi/ros2_humble/install/launch_pytest:/home/soomi/ros2_humble/install/launch_testing:/home/soomi/ros2_humble/install/launch_yaml:/home/soomi/ros2_humble/install/launch_xml:/home/soomi/ros2_humble/install/launch:/home/soomi/ros2_humble/install/osrf_pycommon:/home/soomi/ros2_humble/install/domain_coordinator:/home/soomi/ros2_humble/install/ament_xmllint:/home/soomi/ros2_humble/install/ament_pyflakes:/home/soomi/ros2_humble/install/ament_pycodestyle:/home/soomi/ros2_humble/install/ament_pep257:/home/soomi/ros2_humble/install/ament_pclint:/home/soomi/ros2_humble/install/ament_package:/home/soomi/ros2_humble/install/ament_mypy:/home/soomi/ros2_humble/install/ament_lint_cmake:/home/soomi/ros2_humble/install/ament_flake8:/home/soomi/ros2_humble/install/ament_copyright:/home/soomi/ros2_humble/install/ament_lint:/home/soomi/ros2_humble/install/ament_index_python:/home/soomi/ros2_humble/install/ament_cpplint:/home/soomi/ros2_humble/install/ament_cppcheck:/home/soomi/ros2_humble/install/ament_clang_tidy:/home/soomi/ros2_humble/install/ament_clang_format /usr/bin/cmake /home/soomi/yori/src/my_custom_msgs -DAMENT_CMAKE_SYMLINK_INSTALL=1 -DCMAKE_INSTALL_PREFIX=/home/soomi/yori/install/my_custom_msgs
[0.124s] -- The C compiler identification is GNU 11.4.0
[0.196s] -- The CXX compiler identification is GNU 11.4.0
[0.204s] -- Detecting C compiler ABI info
[0.319s] -- Detecting C compiler ABI info - done
[0.324s] -- Check for working C compiler: /usr/bin/cc - skipped
[0.324s] -- Detecting C compile features
[0.324s] -- Detecting C compile features - done
[0.326s] -- Detecting CXX compiler ABI info
[0.462s] -- Detecting CXX compiler ABI info - done
[0.472s] -- Check for working CXX compiler: /usr/bin/c++ - skipped
[0.473s] -- Detecting CXX compile features
[0.473s] -- Detecting CXX compile features - done
[0.487s] -- Found ament_cmake: 1.3.10 (/home/soomi/ros2_humble/install/ament_cmake/share/ament_cmake/cmake)
[0.890s] -- Found Python3: /usr/bin/python3 (found version "3.10.12") found components: Interpreter 
[1.033s] -- Override CMake install command with custom implementation using symlinks instead of copying resources
[1.192s] -- Found rosidl_default_generators: 1.2.0 (/home/soomi/ros2_humble/install/rosidl_default_generators/share/rosidl_default_generators/cmake)
[1.282s] -- Using all available rosidl_typesupport_c: rosidl_typesupport_introspection_c;rosidl_typesupport_fastrtps_c
[1.308s] -- Found rosidl_adapter: 3.1.5 (/home/soomi/ros2_humble/install/rosidl_adapter/share/rosidl_adapter/cmake)
[1.427s] -- Using all available rosidl_typesupport_cpp: rosidl_typesupport_introspection_cpp;rosidl_typesupport_fastrtps_cpp
[1.496s] -- Found std_msgs: 4.2.4 (/home/soomi/ros2_humble/install/std_msgs/share/std_msgs/cmake)
[2.256s] -- Found ament_cmake_ros: 0.10.0 (/home/soomi/ros2_humble/install/ament_cmake_ros/share/ament_cmake_ros/cmake)
[2.579s] -- Using all available rosidl_typesupport_c: rosidl_typesupport_introspection_c;rosidl_typesupport_fastrtps_c
[3.138s] -- Using all available rosidl_typesupport_cpp: rosidl_typesupport_introspection_cpp;rosidl_typesupport_fastrtps_cpp
[3.193s] -- Found PythonInterp: /usr/bin/python3 (found suitable version "3.10.12", minimum required is "3.6") 
[3.202s] -- Found python_cmake_module: 0.10.0 (/home/soomi/ros2_humble/install/python_cmake_module/share/python_cmake_module/cmake)
[3.264s] -- Found PythonLibs: /usr/lib/x86_64-linux-gnu/libpython3.10.so (found suitable version "3.10.12", minimum required is "3.5") 
[3.264s] -- Using PYTHON_EXECUTABLE: /usr/bin/python3
[3.264s] -- Using PYTHON_INCLUDE_DIRS: /usr/include/python3.10
[3.265s] -- Using PYTHON_LIBRARIES: /usr/lib/x86_64-linux-gnu/libpython3.10.so
[3.326s] -- Found PythonExtra: .so  
[3.759s] -- Found ament_lint_auto: 0.12.11 (/home/soomi/ros2_humble/install/ament_lint_auto/share/ament_lint_auto/cmake)
[3.822s] -- Added test 'lint_cmake' to check CMake code style
[3.826s] -- Added test 'xmllint' to check XML markup files
[3.833s] -- Configuring done
[3.858s] -- Generating done
[3.860s] -- Build files have been written to: /home/soomi/yori/build/my_custom_msgs
[3.867s] Invoked command in '/home/soomi/yori/build/my_custom_msgs' returned '0': CMAKE_PREFIX_PATH=${CMAKE_PREFIX_PATH}:/home/soomi/ros2_humble/install/rqt_bag_plugins:/home/soomi/ros2_humble/install/rqt_bag:/home/soomi/ros2_humble/install/launch_testing_examples:/home/soomi/ros2_humble/install/ros2bag:/home/soomi/ros2_humble/install/tracetools_test:/home/soomi/ros2_humble/install/tracetools_launch:/home/soomi/ros2_humble/install/topic_monitor:/home/soomi/ros2_humble/install/tf2_tools:/home/soomi/ros2_humble/install/examples_tf2_py:/home/soomi/ros2_humble/install/tf2_ros_py:/home/soomi/ros2_humble/install/sros2:/home/soomi/ros2_humble/install/rqt_topic:/home/soomi/ros2_humble/install/rqt_srv:/home/soomi/ros2_humble/install/rqt_shell:/home/soomi/ros2_humble/install/rqt_service_caller:/home/soomi/ros2_humble/install/rqt_reconfigure:/home/soomi/ros2_humble/install/rqt_py_console:/home/soomi/ros2_humble/install/rqt_publisher:/home/soomi/ros2_humble/install/rqt_plot:/home/soomi/ros2_humble/install/rqt_action:/home/soomi/ros2_humble/install/rqt_msg:/home/soomi/ros2_humble/install/rqt_console:/home/soomi/ros2_humble/install/rqt:/home/soomi/ros2_humble/install/rqt_graph:/home/soomi/ros2_humble/install/rqt_gui_py:/home/soomi/ros2_humble/install/rqt_gui:/home/soomi/ros2_humble/install/ros2trace:/home/soomi/ros2_humble/install/ros2topic:/home/soomi/ros2_humble/install/ros2test:/home/soomi/ros2_humble/install/ros2component:/home/soomi/ros2_humble/install/ros2param:/home/soomi/ros2_humble/install/ros2lifecycle:/home/soomi/ros2_humble/install/ros2service:/home/soomi/ros2_humble/install/ros2run:/home/soomi/ros2_humble/install/ros2launch:/home/soomi/ros2_humble/install/ros2pkg:/home/soomi/ros2_humble/install/ros2node:/home/soomi/ros2_humble/install/ros2multicast:/home/soomi/ros2_humble/install/ros2interface:/home/soomi/ros2_humble/install/ros2doctor:/home/soomi/ros2_humble/install/ros2action:/home/soomi/ros2_humble/install/ros2cli:/home/soomi/ros2_humble/install/quality_of_service_demo_py:/home/soomi/ros2_humble/install/lifecycle_py:/home/soomi/ros2_humble/install/launch_testing_ros:/home/soomi/ros2_humble/install/launch_ros:/home/soomi/ros2_humble/install/examples_rclpy_pointcloud_publisher:/home/soomi/ros2_humble/install/examples_rclpy_minimal_subscriber:/home/soomi/ros2_humble/install/examples_rclpy_minimal_service:/home/soomi/ros2_humble/install/examples_rclpy_minimal_publisher:/home/soomi/ros2_humble/install/examples_rclpy_minimal_client:/home/soomi/ros2_humble/install/examples_rclpy_minimal_action_server:/home/soomi/ros2_humble/install/examples_rclpy_minimal_action_client:/home/soomi/ros2_humble/install/examples_rclpy_guard_conditions:/home/soomi/ros2_humble/install/examples_rclpy_executors:/home/soomi/ros2_humble/install/demo_nodes_py:/home/soomi/ros2_humble/install/bondpy:/home/soomi/ros2_humble/install/action_tutorials_py:/home/soomi/ros2_humble/install/ament_uncrustify:/home/soomi/ros2_humble/install/tracetools_trace:/home/soomi/ros2_humble/install/tracetools_read:/home/soomi/ros2_humble/install/test_tracetools_launch:/home/soomi/ros2_humble/install/test_launch_ros:/home/soomi/ros2_humble/install/sensor_msgs_py:/home/soomi/ros2_humble/install/rpyutils:/home/soomi/ros2_humble/install/rosidl_runtime_py:/home/soomi/ros2_humble/install/rosidl_cli:/home/soomi/ros2_humble/install/launch_pytest:/home/soomi/ros2_humble/install/launch_testing:/home/soomi/ros2_humble/install/launch_yaml:/home/soomi/ros2_humble/install/launch_xml:/home/soomi/ros2_humble/install/launch:/home/soomi/ros2_humble/install/osrf_pycommon:/home/soomi/ros2_humble/install/domain_coordinator:/home/soomi/ros2_humble/install/ament_xmllint:/home/soomi/ros2_humble/install/ament_pyflakes:/home/soomi/ros2_humble/install/ament_pycodestyle:/home/soomi/ros2_humble/install/ament_pep257:/home/soomi/ros2_humble/install/ament_pclint:/home/soomi/ros2_humble/install/ament_package:/home/soomi/ros2_humble/install/ament_mypy:/home/soomi/ros2_humble/install/ament_lint_cmake:/home/soomi/ros2_humble/install/ament_flake8:/home/soomi/ros2_humble/install/ament_copyright:/home/soomi/ros2_humble/install/ament_lint:/home/soomi/ros2_humble/install/ament_index_python:/home/soomi/ros2_humble/install/ament_cpplint:/home/soomi/ros2_humble/install/ament_cppcheck:/home/soomi/ros2_humble/install/ament_clang_tidy:/home/soomi/ros2_humble/install/ament_clang_format /usr/bin/cmake /home/soomi/yori/src/my_custom_msgs -DAMENT_CMAKE_SYMLINK_INSTALL=1 -DCMAKE_INSTALL_PREFIX=/home/soomi/yori/install/my_custom_msgs
[3.868s] Invoking command in '/home/soomi/yori/build/my_custom_msgs': CMAKE_PREFIX_PATH=${CMAKE_PREFIX_PATH}:/home/soomi/ros2_humble/install/rqt_bag_plugins:/home/soomi/ros2_humble/install/rqt_bag:/home/soomi/ros2_humble/install/launch_testing_examples:/home/soomi/ros2_humble/install/ros2bag:/home/soomi/ros2_humble/install/tracetools_test:/home/soomi/ros2_humble/install/tracetools_launch:/home/soomi/ros2_humble/install/topic_monitor:/home/soomi/ros2_humble/install/tf2_tools:/home/soomi/ros2_humble/install/examples_tf2_py:/home/soomi/ros2_humble/install/tf2_ros_py:/home/soomi/ros2_humble/install/sros2:/home/soomi/ros2_humble/install/rqt_topic:/home/soomi/ros2_humble/install/rqt_srv:/home/soomi/ros2_humble/install/rqt_shell:/home/soomi/ros2_humble/install/rqt_service_caller:/home/soomi/ros2_humble/install/rqt_reconfigure:/home/soomi/ros2_humble/install/rqt_py_console:/home/soomi/ros2_humble/install/rqt_publisher:/home/soomi/ros2_humble/install/rqt_plot:/home/soomi/ros2_humble/install/rqt_action:/home/soomi/ros2_humble/install/rqt_msg:/home/soomi/ros2_humble/install/rqt_console:/home/soomi/ros2_humble/install/rqt:/home/soomi/ros2_humble/install/rqt_graph:/home/soomi/ros2_humble/install/rqt_gui_py:/home/soomi/ros2_humble/install/rqt_gui:/home/soomi/ros2_humble/install/ros2trace:/home/soomi/ros2_humble/install/ros2topic:/home/soomi/ros2_humble/install/ros2test:/home/soomi/ros2_humble/install/ros2component:/home/soomi/ros2_humble/install/ros2param:/home/soomi/ros2_humble/install/ros2lifecycle:/home/soomi/ros2_humble/install/ros2service:/home/soomi/ros2_humble/install/ros2run:/home/soomi/ros2_humble/install/ros2launch:/home/soomi/ros2_humble/install/ros2pkg:/home/soomi/ros2_humble/install/ros2node:/home/soomi/ros2_humble/install/ros2multicast:/home/soomi/ros2_humble/install/ros2interface:/home/soomi/ros2_humble/install/ros2doctor:/home/soomi/ros2_humble/install/ros2action:/home/soomi/ros2_humble/install/ros2cli:/home/soomi/ros2_humble/install/quality_of_service_demo_py:/home/soomi/ros2_humble/install/lifecycle_py:/home/soomi/ros2_humble/install/launch_testing_ros:/home/soomi/ros2_humble/install/launch_ros:/home/soomi/ros2_humble/install/examples_rclpy_pointcloud_publisher:/home/soomi/ros2_humble/install/examples_rclpy_minimal_subscriber:/home/soomi/ros2_humble/install/examples_rclpy_minimal_service:/home/soomi/ros2_humble/install/examples_rclpy_minimal_publisher:/home/soomi/ros2_humble/install/examples_rclpy_minimal_client:/home/soomi/ros2_humble/install/examples_rclpy_minimal_action_server:/home/soomi/ros2_humble/install/examples_rclpy_minimal_action_client:/home/soomi/ros2_humble/install/examples_rclpy_guard_conditions:/home/soomi/ros2_humble/install/examples_rclpy_executors:/home/soomi/ros2_humble/install/demo_nodes_py:/home/soomi/ros2_humble/install/bondpy:/home/soomi/ros2_humble/install/action_tutorials_py:/home/soomi/ros2_humble/install/ament_uncrustify:/home/soomi/ros2_humble/install/tracetools_trace:/home/soomi/ros2_humble/install/tracetools_read:/home/soomi/ros2_humble/install/test_tracetools_launch:/home/soomi/ros2_humble/install/test_launch_ros:/home/soomi/ros2_humble/install/sensor_msgs_py:/home/soomi/ros2_humble/install/rpyutils:/home/soomi/ros2_humble/install/rosidl_runtime_py:/home/soomi/ros2_humble/install/rosidl_cli:/home/soomi/ros2_humble/install/launch_pytest:/home/soomi/ros2_humble/install/launch_testing:/home/soomi/ros2_humble/install/launch_yaml:/home/soomi/ros2_humble/install/launch_xml:/home/soomi/ros2_humble/install/launch:/home/soomi/ros2_humble/install/osrf_pycommon:/home/soomi/ros2_humble/install/domain_coordinator:/home/soomi/ros2_humble/install/ament_xmllint:/home/soomi/ros2_humble/install/ament_pyflakes:/home/soomi/ros2_humble/install/ament_pycodestyle:/home/soomi/ros2_humble/install/ament_pep257:/home/soomi/ros2_humble/install/ament_pclint:/home/soomi/ros2_humble/install/ament_package:/home/soomi/ros2_humble/install/ament_mypy:/home/soomi/ros2_humble/install/ament_lint_cmake:/home/soomi/ros2_humble/install/ament_flake8:/home/soomi/ros2_humble/install/ament_copyright:/home/soomi/ros2_humble/install/ament_lint:/home/soomi/ros2_humble/install/ament_index_python:/home/soomi/ros2_humble/install/ament_cpplint:/home/soomi/ros2_humble/install/ament_cppcheck:/home/soomi/ros2_humble/install/ament_clang_tidy:/home/soomi/ros2_humble/install/ament_clang_format /usr/bin/cmake --build /home/soomi/yori/build/my_custom_msgs -- -j12 -l12
[3.955s] [  1%] [34m[1mGenerating C code for ROS interfaces[0m
[3.973s] [  3%] [34m[1mGenerating C++ code for ROS interfaces[0m
[3.987s] [  3%] Built target ament_cmake_python_symlink_my_custom_msgs
[4.316s] running egg_info
[4.316s] creating my_custom_msgs.egg-info
[4.316s] writing my_custom_msgs.egg-info/PKG-INFO
[4.316s] writing dependency_links to my_custom_msgs.egg-info/dependency_links.txt
[4.317s] writing top-level names to my_custom_msgs.egg-info/top_level.txt
[4.320s] writing manifest file 'my_custom_msgs.egg-info/SOURCES.txt'
[4.321s] reading manifest file 'my_custom_msgs.egg-info/SOURCES.txt'
[4.321s] writing manifest file 'my_custom_msgs.egg-info/SOURCES.txt'
[4.356s] [  3%] Built target ament_cmake_python_build_my_custom_msgs_egg
[4.461s] [  5%] [32mBuilding C object CMakeFiles/my_custom_msgs__rosidl_generator_c.dir/rosidl_generator_c/my_custom_msgs/msg/detail/update_status__functions.c.o[0m
[4.463s] [  7%] [32mBuilding C object CMakeFiles/my_custom_msgs__rosidl_generator_c.dir/rosidl_generator_c/my_custom_msgs/action/detail/cook__functions.c.o[0m
[4.466s] [ 10%] [32mBuilding C object CMakeFiles/my_custom_msgs__rosidl_generator_c.dir/rosidl_generator_c/my_custom_msgs/srv/detail/receive_order__functions.c.o[0m
[4.466s] [ 10%] [32mBuilding C object CMakeFiles/my_custom_msgs__rosidl_generator_c.dir/rosidl_generator_c/my_custom_msgs/msg/detail/order_detail__functions.c.o[0m
[4.564s] [ 12%] [32m[1mLinking C shared library libmy_custom_msgs__rosidl_generator_c.so[0m
[4.620s] [ 12%] Built target my_custom_msgs__rosidl_generator_c
[4.645s] [ 14%] [34m[1mGenerating C type support dispatch for ROS interfaces[0m
[4.646s] [ 16%] [34m[1mGenerating C type support for eProsima Fast-RTPS[0m
[4.648s] [ 18%] [34m[1mGenerating C introspection for ROS interfaces[0m
[4.698s] [ 18%] Built target my_custom_msgs__cpp
[4.726s] [ 23%] [34m[1mGenerating C++ type support for eProsima Fast-RTPS[0m
[4.726s] [ 23%] [34m[1mGenerating C++ introspection for ROS interfaces[0m
[4.726s] [ 23%] [34m[1mGenerating C++ type support dispatch for ROS interfaces[0m
[5.035s] [ 30%] [32mBuilding CXX object CMakeFiles/my_custom_msgs__rosidl_typesupport_c.dir/rosidl_typesupport_c/my_custom_msgs/srv/receive_order__type_support.cpp.o[0m
[5.035s] [ 30%] [32mBuilding CXX object CMakeFiles/my_custom_msgs__rosidl_typesupport_c.dir/rosidl_typesupport_c/my_custom_msgs/msg/update_status__type_support.cpp.o[0m
[5.035s] [ 30%] [32mBuilding CXX object CMakeFiles/my_custom_msgs__rosidl_typesupport_c.dir/rosidl_typesupport_c/my_custom_msgs/action/cook__type_support.cpp.o[0m
[5.036s] [ 30%] [32mBuilding CXX object CMakeFiles/my_custom_msgs__rosidl_typesupport_c.dir/rosidl_typesupport_c/my_custom_msgs/msg/order_detail__type_support.cpp.o[0m
[5.115s] [ 32%] [32m[1mLinking CXX shared library libmy_custom_msgs__rosidl_typesupport_c.so[0m
[5.186s] [ 34%] [32mBuilding CXX object CMakeFiles/my_custom_msgs__rosidl_typesupport_fastrtps_cpp.dir/rosidl_typesupport_fastrtps_cpp/my_custom_msgs/msg/detail/dds_fastrtps/update_status__type_support.cpp.o[0m
[5.195s] [ 36%] [32mBuilding CXX object CMakeFiles/my_custom_msgs__rosidl_typesupport_fastrtps_cpp.dir/rosidl_typesupport_fastrtps_cpp/my_custom_msgs/action/detail/dds_fastrtps/cook__type_support.cpp.o[0m
[5.195s] [ 36%] Built target my_custom_msgs__rosidl_typesupport_c
[5.195s] [ 38%] [32mBuilding CXX object CMakeFiles/my_custom_msgs__rosidl_typesupport_fastrtps_cpp.dir/rosidl_typesupport_fastrtps_cpp/my_custom_msgs/msg/detail/dds_fastrtps/order_detail__type_support.cpp.o[0m
[5.195s] [ 40%] [32mBuilding CXX object CMakeFiles/my_custom_msgs__rosidl_typesupport_fastrtps_cpp.dir/rosidl_typesupport_fastrtps_cpp/my_custom_msgs/srv/detail/dds_fastrtps/receive_order__type_support.cpp.o[0m
[5.342s] [ 41%] [32mBuilding CXX object CMakeFiles/my_custom_msgs__rosidl_typesupport_introspection_cpp.dir/rosidl_typesupport_introspection_cpp/my_custom_msgs/msg/detail/update_status__type_support.cpp.o[0m
[5.344s] [ 43%] [32mBuilding CXX object CMakeFiles/my_custom_msgs__rosidl_typesupport_introspection_cpp.dir/rosidl_typesupport_introspection_cpp/my_custom_msgs/msg/detail/order_detail__type_support.cpp.o[0m
[5.350s] [ 47%] [32mBuilding CXX object CMakeFiles/my_custom_msgs__rosidl_typesupport_introspection_cpp.dir/rosidl_typesupport_introspection_cpp/my_custom_msgs/action/detail/cook__type_support.cpp.o[0m
[5.351s] [ 47%] [32mBuilding CXX object CMakeFiles/my_custom_msgs__rosidl_typesupport_introspection_cpp.dir/rosidl_typesupport_introspection_cpp/my_custom_msgs/srv/detail/receive_order__type_support.cpp.o[0m
[5.366s] [ 49%] [32mBuilding CXX object CMakeFiles/my_custom_msgs__rosidl_typesupport_fastrtps_c.dir/rosidl_typesupport_fastrtps_c/my_custom_msgs/msg/detail/order_detail__type_support_c.cpp.o[0m
[5.366s] [ 50%] [32mBuilding CXX object CMakeFiles/my_custom_msgs__rosidl_typesupport_fastrtps_c.dir/rosidl_typesupport_fastrtps_c/my_custom_msgs/msg/detail/update_status__type_support_c.cpp.o[0m
[5.387s] [ 52%] [32mBuilding CXX object CMakeFiles/my_custom_msgs__rosidl_typesupport_cpp.dir/rosidl_typesupport_cpp/my_custom_msgs/msg/update_status__type_support.cpp.o[0m
[5.522s] [ 54%] [32mBuilding CXX object CMakeFiles/my_custom_msgs__rosidl_typesupport_fastrtps_c.dir/rosidl_typesupport_fastrtps_c/my_custom_msgs/srv/detail/receive_order__type_support_c.cpp.o[0m
[5.547s] [ 56%] [32mBuilding C object CMakeFiles/my_custom_msgs__rosidl_typesupport_introspection_c.dir/rosidl_typesupport_introspection_c/my_custom_msgs/msg/detail/update_status__type_support.c.o[0m
[5.603s] [ 58%] [32mBuilding C object CMakeFiles/my_custom_msgs__rosidl_typesupport_introspection_c.dir/rosidl_typesupport_introspection_c/my_custom_msgs/msg/detail/order_detail__type_support.c.o[0m
[5.666s] [ 60%] [32mBuilding C object CMakeFiles/my_custom_msgs__rosidl_typesupport_introspection_c.dir/rosidl_typesupport_introspection_c/my_custom_msgs/srv/detail/receive_order__type_support.c.o[0m
[5.691s] [ 61%] [32mBuilding CXX object CMakeFiles/my_custom_msgs__rosidl_typesupport_cpp.dir/rosidl_typesupport_cpp/my_custom_msgs/msg/order_detail__type_support.cpp.o[0m
[5.731s] [ 63%] [32mBuilding C object CMakeFiles/my_custom_msgs__rosidl_typesupport_introspection_c.dir/rosidl_typesupport_introspection_c/my_custom_msgs/action/detail/cook__type_support.c.o[0m
[5.732s] [ 65%] [32mBuilding CXX object CMakeFiles/my_custom_msgs__rosidl_typesupport_fastrtps_c.dir/rosidl_typesupport_fastrtps_c/my_custom_msgs/action/detail/cook__type_support_c.cpp.o[0m
[5.802s] [ 67%] [32mBuilding CXX object CMakeFiles/my_custom_msgs__rosidl_typesupport_cpp.dir/rosidl_typesupport_cpp/my_custom_msgs/srv/receive_order__type_support.cpp.o[0m
[5.807s] [ 69%] [32m[1mLinking C shared library libmy_custom_msgs__rosidl_typesupport_introspection_c.so[0m
[5.815s] [ 70%] [32mBuilding CXX object CMakeFiles/my_custom_msgs__rosidl_typesupport_cpp.dir/rosidl_typesupport_cpp/my_custom_msgs/action/cook__type_support.cpp.o[0m
[5.878s] [ 70%] Built target my_custom_msgs__rosidl_typesupport_introspection_c
[5.926s] [ 72%] [32m[1mLinking CXX shared library libmy_custom_msgs__rosidl_typesupport_fastrtps_cpp.so[0m
[6.020s] [ 74%] [32m[1mLinking CXX shared library libmy_custom_msgs__rosidl_typesupport_introspection_cpp.so[0m
[6.031s] [ 74%] Built target my_custom_msgs__rosidl_typesupport_fastrtps_cpp
[6.106s] [ 74%] Built target my_custom_msgs__rosidl_typesupport_introspection_cpp
[6.175s] [ 76%] [32m[1mLinking CXX shared library libmy_custom_msgs__rosidl_typesupport_fastrtps_c.so[0m
[6.214s] [ 78%] [32m[1mLinking CXX shared library libmy_custom_msgs__rosidl_typesupport_cpp.so[0m
[6.251s] [ 78%] Built target my_custom_msgs__rosidl_typesupport_fastrtps_c
[6.269s] [ 78%] Built target my_custom_msgs__rosidl_typesupport_cpp
[6.321s] [ 78%] Built target my_custom_msgs
[6.378s] [ 80%] [34m[1mGenerating Python code for ROS interfaces[0m
[7.085s] [ 80%] Built target my_custom_msgs__py
[7.130s] [ 81%] [32mBuilding C object CMakeFiles/my_custom_msgs__rosidl_generator_py.dir/rosidl_generator_py/my_custom_msgs/msg/_update_status_s.c.o[0m
[7.133s] [ 83%] [32mBuilding C object CMakeFiles/my_custom_msgs__rosidl_generator_py.dir/rosidl_generator_py/my_custom_msgs/srv/_receive_order_s.c.o[0m
[7.136s] [ 87%] [32mBuilding C object CMakeFiles/my_custom_msgs__rosidl_generator_py.dir/rosidl_generator_py/my_custom_msgs/action/_cook_s.c.o[0m
[7.136s] [ 87%] [32mBuilding C object CMakeFiles/my_custom_msgs__rosidl_generator_py.dir/rosidl_generator_py/my_custom_msgs/msg/_order_detail_s.c.o[0m
[7.267s] [ 89%] [32m[1mLinking C shared library rosidl_generator_py/my_custom_msgs/libmy_custom_msgs__rosidl_generator_py.so[0m
[7.330s] [ 89%] Built target my_custom_msgs__rosidl_generator_py
[7.375s] [ 90%] [32mBuilding C object CMakeFiles/my_custom_msgs__rosidl_typesupport_c__pyext.dir/rosidl_generator_py/my_custom_msgs/_my_custom_msgs_s.ep.rosidl_typesupport_c.c.o[0m
[7.381s] [ 92%] [32mBuilding C object CMakeFiles/my_custom_msgs__rosidl_typesupport_introspection_c__pyext.dir/rosidl_generator_py/my_custom_msgs/_my_custom_msgs_s.ep.rosidl_typesupport_introspection_c.c.o[0m
[7.388s] [ 94%] [32mBuilding C object CMakeFiles/my_custom_msgs__rosidl_typesupport_fastrtps_c__pyext.dir/rosidl_generator_py/my_custom_msgs/_my_custom_msgs_s.ep.rosidl_typesupport_fastrtps_c.c.o[0m
[7.479s] [ 96%] [32m[1mLinking C shared library rosidl_generator_py/my_custom_msgs/my_custom_msgs_s__rosidl_typesupport_c.cpython-310-x86_64-linux-gnu.so[0m
[7.492s] [ 98%] [32m[1mLinking C shared library rosidl_generator_py/my_custom_msgs/my_custom_msgs_s__rosidl_typesupport_introspection_c.cpython-310-x86_64-linux-gnu.so[0m
[7.536s] [ 98%] Built target my_custom_msgs__rosidl_typesupport_c__pyext
[7.547s] [ 98%] Built target my_custom_msgs__rosidl_typesupport_introspection_c__pyext
[7.552s] [100%] [32m[1mLinking C shared library rosidl_generator_py/my_custom_msgs/my_custom_msgs_s__rosidl_typesupport_fastrtps_c.cpython-310-x86_64-linux-gnu.so[0m
[7.609s] [100%] Built target my_custom_msgs__rosidl_typesupport_fastrtps_c__pyext
[7.627s] Invoked command in '/home/soomi/yori/build/my_custom_msgs' returned '0': CMAKE_PREFIX_PATH=${CMAKE_PREFIX_PATH}:/home/soomi/ros2_humble/install/rqt_bag_plugins:/home/soomi/ros2_humble/install/rqt_bag:/home/soomi/ros2_humble/install/launch_testing_examples:/home/soomi/ros2_humble/install/ros2bag:/home/soomi/ros2_humble/install/tracetools_test:/home/soomi/ros2_humble/install/tracetools_launch:/home/soomi/ros2_humble/install/topic_monitor:/home/soomi/ros2_humble/install/tf2_tools:/home/soomi/ros2_humble/install/examples_tf2_py:/home/soomi/ros2_humble/install/tf2_ros_py:/home/soomi/ros2_humble/install/sros2:/home/soomi/ros2_humble/install/rqt_topic:/home/soomi/ros2_humble/install/rqt_srv:/home/soomi/ros2_humble/install/rqt_shell:/home/soomi/ros2_humble/install/rqt_service_caller:/home/soomi/ros2_humble/install/rqt_reconfigure:/home/soomi/ros2_humble/install/rqt_py_console:/home/soomi/ros2_humble/install/rqt_publisher:/home/soomi/ros2_humble/install/rqt_plot:/home/soomi/ros2_humble/install/rqt_action:/home/soomi/ros2_humble/install/rqt_msg:/home/soomi/ros2_humble/install/rqt_console:/home/soomi/ros2_humble/install/rqt:/home/soomi/ros2_humble/install/rqt_graph:/home/soomi/ros2_humble/install/rqt_gui_py:/home/soomi/ros2_humble/install/rqt_gui:/home/soomi/ros2_humble/install/ros2trace:/home/soomi/ros2_humble/install/ros2topic:/home/soomi/ros2_humble/install/ros2test:/home/soomi/ros2_humble/install/ros2component:/home/soomi/ros2_humble/install/ros2param:/home/soomi/ros2_humble/install/ros2lifecycle:/home/soomi/ros2_humble/install/ros2service:/home/soomi/ros2_humble/install/ros2run:/home/soomi/ros2_humble/install/ros2launch:/home/soomi/ros2_humble/install/ros2pkg:/home/soomi/ros2_humble/install/ros2node:/home/soomi/ros2_humble/install/ros2multicast:/home/soomi/ros2_humble/install/ros2interface:/home/soomi/ros2_humble/install/ros2doctor:/home/soomi/ros2_humble/install/ros2action:/home/soomi/ros2_humble/install/ros2cli:/home/soomi/ros2_humble/install/quality_of_service_demo_py:/home/soomi/ros2_humble/install/lifecycle_py:/home/soomi/ros2_humble/install/launch_testing_ros:/home/soomi/ros2_humble/install/launch_ros:/home/soomi/ros2_humble/install/examples_rclpy_pointcloud_publisher:/home/soomi/ros2_humble/install/examples_rclpy_minimal_subscriber:/home/soomi/ros2_humble/install/examples_rclpy_minimal_service:/home/soomi/ros2_humble/install/examples_rclpy_minimal_publisher:/home/soomi/ros2_humble/install/examples_rclpy_minimal_client:/home/soomi/ros2_humble/install/examples_rclpy_minimal_action_server:/home/soomi/ros2_humble/install/examples_rclpy_minimal_action_client:/home/soomi/ros2_humble/install/examples_rclpy_guard_conditions:/home/soomi/ros2_humble/install/examples_rclpy_executors:/home/soomi/ros2_humble/install/demo_nodes_py:/home/soomi/ros2_humble/install/bondpy:/home/soomi/ros2_humble/install/action_tutorials_py:/home/soomi/ros2_humble/install/ament_uncrustify:/home/soomi/ros2_humble/install/tracetools_trace:/home/soomi/ros2_humble/install/tracetools_read:/home/soomi/ros2_humble/install/test_tracetools_launch:/home/soomi/ros2_humble/install/test_launch_ros:/home/soomi/ros2_humble/install/sensor_msgs_py:/home/soomi/ros2_humble/install/rpyutils:/home/soomi/ros2_humble/install/rosidl_runtime_py:/home/soomi/ros2_humble/install/rosidl_cli:/home/soomi/ros2_humble/install/launch_pytest:/home/soomi/ros2_humble/install/launch_testing:/home/soomi/ros2_humble/install/launch_yaml:/home/soomi/ros2_humble/install/launch_xml:/home/soomi/ros2_humble/install/launch:/home/soomi/ros2_humble/install/osrf_pycommon:/home/soomi/ros2_humble/install/domain_coordinator:/home/soomi/ros2_humble/install/ament_xmllint:/home/soomi/ros2_humble/install/ament_pyflakes:/home/soomi/ros2_humble/install/ament_pycodestyle:/home/soomi/ros2_humble/install/ament_pep257:/home/soomi/ros2_humble/install/ament_pclint:/home/soomi/ros2_humble/install/ament_package:/home/soomi/ros2_humble/install/ament_mypy:/home/soomi/ros2_humble/install/ament_lint_cmake:/home/soomi/ros2_humble/install/ament_flake8:/home/soomi/ros2_humble/install/ament_copyright:/home/soomi/ros2_humble/install/ament_lint:/home/soomi/ros2_humble/install/ament_index_python:/home/soomi/ros2_humble/install/ament_cpplint:/home/soomi/ros2_humble/install/ament_cppcheck:/home/soomi/ros2_humble/install/ament_clang_tidy:/home/soomi/ros2_humble/install/ament_clang_format /usr/bin/cmake --build /home/soomi/yori/build/my_custom_msgs -- -j12 -l12
[8.098s] Invoking command in '/home/soomi/yori/build/my_custom_msgs': CMAKE_PREFIX_PATH=${CMAKE_PREFIX_PATH}:/home/soomi/ros2_humble/install/rqt_bag_plugins:/home/soomi/ros2_humble/install/rqt_bag:/home/soomi/ros2_humble/install/launch_testing_examples:/home/soomi/ros2_humble/install/ros2bag:/home/soomi/ros2_humble/install/tracetools_test:/home/soomi/ros2_humble/install/tracetools_launch:/home/soomi/ros2_humble/install/topic_monitor:/home/soomi/ros2_humble/install/tf2_tools:/home/soomi/ros2_humble/install/examples_tf2_py:/home/soomi/ros2_humble/install/tf2_ros_py:/home/soomi/ros2_humble/install/sros2:/home/soomi/ros2_humble/install/rqt_topic:/home/soomi/ros2_humble/install/rqt_srv:/home/soomi/ros2_humble/install/rqt_shell:/home/soomi/ros2_humble/install/rqt_service_caller:/home/soomi/ros2_humble/install/rqt_reconfigure:/home/soomi/ros2_humble/install/rqt_py_console:/home/soomi/ros2_humble/install/rqt_publisher:/home/soomi/ros2_humble/install/rqt_plot:/home/soomi/ros2_humble/install/rqt_action:/home/soomi/ros2_humble/install/rqt_msg:/home/soomi/ros2_humble/install/rqt_console:/home/soomi/ros2_humble/install/rqt:/home/soomi/ros2_humble/install/rqt_graph:/home/soomi/ros2_humble/install/rqt_gui_py:/home/soomi/ros2_humble/install/rqt_gui:/home/soomi/ros2_humble/install/ros2trace:/home/soomi/ros2_humble/install/ros2topic:/home/soomi/ros2_humble/install/ros2test:/home/soomi/ros2_humble/install/ros2component:/home/soomi/ros2_humble/install/ros2param:/home/soomi/ros2_humble/install/ros2lifecycle:/home/soomi/ros2_humble/install/ros2service:/home/soomi/ros2_humble/install/ros2run:/home/soomi/ros2_humble/install/ros2launch:/home/soomi/ros2_humble/install/ros2pkg:/home/soomi/ros2_humble/install/ros2node:/home/soomi/ros2_humble/install/ros2multicast:/home/soomi/ros2_humble/install/ros2interface:/home/soomi/ros2_humble/install/ros2doctor:/home/soomi/ros2_humble/install/ros2action:/home/soomi/ros2_humble/install/ros2cli:/home/soomi/ros2_humble/install/quality_of_service_demo_py:/home/soomi/ros2_humble/install/lifecycle_py:/home/soomi/ros2_humble/install/launch_testing_ros:/home/soomi/ros2_humble/install/launch_ros:/home/soomi/ros2_humble/install/examples_rclpy_pointcloud_publisher:/home/soomi/ros2_humble/install/examples_rclpy_minimal_subscriber:/home/soomi/ros2_humble/install/examples_rclpy_minimal_service:/home/soomi/ros2_humble/install/examples_rclpy_minimal_publisher:/home/soomi/ros2_humble/install/examples_rclpy_minimal_client:/home/soomi/ros2_humble/install/examples_rclpy_minimal_action_server:/home/soomi/ros2_humble/install/examples_rclpy_minimal_action_client:/home/soomi/ros2_humble/install/examples_rclpy_guard_conditions:/home/soomi/ros2_humble/install/examples_rclpy_executors:/home/soomi/ros2_humble/install/demo_nodes_py:/home/soomi/ros2_humble/install/bondpy:/home/soomi/ros2_humble/install/action_tutorials_py:/home/soomi/ros2_humble/install/ament_uncrustify:/home/soomi/ros2_humble/install/tracetools_trace:/home/soomi/ros2_humble/install/tracetools_read:/home/soomi/ros2_humble/install/test_tracetools_launch:/home/soomi/ros2_humble/install/test_launch_ros:/home/soomi/ros2_humble/install/sensor_msgs_py:/home/soomi/ros2_humble/install/rpyutils:/home/soomi/ros2_humble/install/rosidl_runtime_py:/home/soomi/ros2_humble/install/rosidl_cli:/home/soomi/ros2_humble/install/launch_pytest:/home/soomi/ros2_humble/install/launch_testing:/home/soomi/ros2_humble/install/launch_yaml:/home/soomi/ros2_humble/install/launch_xml:/home/soomi/ros2_humble/install/launch:/home/soomi/ros2_humble/install/osrf_pycommon:/home/soomi/ros2_humble/install/domain_coordinator:/home/soomi/ros2_humble/install/ament_xmllint:/home/soomi/ros2_humble/install/ament_pyflakes:/home/soomi/ros2_humble/install/ament_pycodestyle:/home/soomi/ros2_humble/install/ament_pep257:/home/soomi/ros2_humble/install/ament_pclint:/home/soomi/ros2_humble/install/ament_package:/home/soomi/ros2_humble/install/ament_mypy:/home/soomi/ros2_humble/install/ament_lint_cmake:/home/soomi/ros2_humble/install/ament_flake8:/home/soomi/ros2_humble/install/ament_copyright:/home/soomi/ros2_humble/install/ament_lint:/home/soomi/ros2_humble/install/ament_index_python:/home/soomi/ros2_humble/install/ament_cpplint:/home/soomi/ros2_humble/install/ament_cppcheck:/home/soomi/ros2_humble/install/ament_clang_tidy:/home/soomi/ros2_humble/install/ament_clang_format /usr/bin/cmake --install /home/soomi/yori/build/my_custom_msgs
[8.113s] -- Install configuration: ""
[8.113s] -- Execute custom install script
[8.114s] -- Symlinking: /home/soomi/yori/install/my_custom_msgs/share/ament_index/resource_index/rosidl_interfaces/my_custom_msgs
[8.133s] -- Symlinking: /home/soomi/yori/install/my_custom_msgs/include/my_custom_msgs/my_custom_msgs/action/cook.h
[8.148s] -- Symlinking: /home/soomi/yori/install/my_custom_msgs/include/my_custom_msgs/my_custom_msgs/action/detail/cook__functions.h
[8.160s] -- Symlinking: /home/soomi/yori/install/my_custom_msgs/include/my_custom_msgs/my_custom_msgs/action/detail/cook__struct.h
[8.172s] -- Symlinking: /home/soomi/yori/install/my_custom_msgs/include/my_custom_msgs/my_custom_msgs/action/detail/cook__type_support.h
[8.183s] -- Symlinking: /home/soomi/yori/install/my_custom_msgs/include/my_custom_msgs/my_custom_msgs/msg/detail/order_detail__functions.h
[8.195s] -- Symlinking: /home/soomi/yori/install/my_custom_msgs/include/my_custom_msgs/my_custom_msgs/msg/detail/order_detail__struct.h
[8.207s] -- Symlinking: /home/soomi/yori/install/my_custom_msgs/include/my_custom_msgs/my_custom_msgs/msg/detail/order_detail__type_support.h
[8.219s] -- Symlinking: /home/soomi/yori/install/my_custom_msgs/include/my_custom_msgs/my_custom_msgs/msg/detail/update_status__functions.h
[8.229s] -- Symlinking: /home/soomi/yori/install/my_custom_msgs/include/my_custom_msgs/my_custom_msgs/msg/detail/update_status__struct.h
[8.247s] -- Symlinking: /home/soomi/yori/install/my_custom_msgs/include/my_custom_msgs/my_custom_msgs/msg/detail/update_status__type_support.h
[8.257s] -- Symlinking: /home/soomi/yori/install/my_custom_msgs/include/my_custom_msgs/my_custom_msgs/msg/order_detail.h
[8.269s] -- Symlinking: /home/soomi/yori/install/my_custom_msgs/include/my_custom_msgs/my_custom_msgs/msg/rosidl_generator_c__visibility_control.h
[8.281s] -- Symlinking: /home/soomi/yori/install/my_custom_msgs/include/my_custom_msgs/my_custom_msgs/msg/update_status.h
[8.295s] -- Symlinking: /home/soomi/yori/install/my_custom_msgs/include/my_custom_msgs/my_custom_msgs/srv/detail/receive_order__functions.h
[8.307s] -- Symlinking: /home/soomi/yori/install/my_custom_msgs/include/my_custom_msgs/my_custom_msgs/srv/detail/receive_order__struct.h
[8.318s] -- Symlinking: /home/soomi/yori/install/my_custom_msgs/include/my_custom_msgs/my_custom_msgs/srv/detail/receive_order__type_support.h
[8.330s] -- Symlinking: /home/soomi/yori/install/my_custom_msgs/include/my_custom_msgs/my_custom_msgs/srv/receive_order.h
[8.342s] -- Symlinking: /home/soomi/yori/install/my_custom_msgs/share/my_custom_msgs/environment/library_path.sh
[8.363s] -- Symlinking: /home/soomi/yori/install/my_custom_msgs/share/my_custom_msgs/environment/library_path.dsv
[8.375s] -- Symlinking: /home/soomi/yori/install/my_custom_msgs/include/my_custom_msgs/my_custom_msgs/action/detail/cook__rosidl_typesupport_introspection_c.h
[8.386s] -- Symlinking: /home/soomi/yori/install/my_custom_msgs/include/my_custom_msgs/my_custom_msgs/msg/detail/order_detail__rosidl_typesupport_introspection_c.h
[8.404s] -- Symlinking: /home/soomi/yori/install/my_custom_msgs/include/my_custom_msgs/my_custom_msgs/msg/detail/update_status__rosidl_typesupport_introspection_c.h
[8.414s] -- Symlinking: /home/soomi/yori/install/my_custom_msgs/include/my_custom_msgs/my_custom_msgs/msg/rosidl_typesupport_introspection_c__visibility_control.h
[8.430s] -- Symlinking: /home/soomi/yori/install/my_custom_msgs/include/my_custom_msgs/my_custom_msgs/srv/detail/receive_order__rosidl_typesupport_introspection_c.h
[8.445s] -- Symlinking: /home/soomi/yori/install/my_custom_msgs/include/my_custom_msgs/my_custom_msgs/action/detail/cook__rosidl_typesupport_fastrtps_c.h
[8.466s] -- Symlinking: /home/soomi/yori/install/my_custom_msgs/include/my_custom_msgs/my_custom_msgs/msg/detail/order_detail__rosidl_typesupport_fastrtps_c.h
[8.478s] -- Symlinking: /home/soomi/yori/install/my_custom_msgs/include/my_custom_msgs/my_custom_msgs/msg/detail/update_status__rosidl_typesupport_fastrtps_c.h
[8.489s] -- Symlinking: /home/soomi/yori/install/my_custom_msgs/include/my_custom_msgs/my_custom_msgs/msg/rosidl_typesupport_fastrtps_c__visibility_control.h
[8.500s] -- Symlinking: /home/soomi/yori/install/my_custom_msgs/include/my_custom_msgs/my_custom_msgs/srv/detail/receive_order__rosidl_typesupport_fastrtps_c.h
[8.515s] -- Symlinking: /home/soomi/yori/install/my_custom_msgs/include/my_custom_msgs/my_custom_msgs/action/cook.hpp
[8.530s] -- Symlinking: /home/soomi/yori/install/my_custom_msgs/include/my_custom_msgs/my_custom_msgs/action/detail/cook__builder.hpp
[8.541s] -- Symlinking: /home/soomi/yori/install/my_custom_msgs/include/my_custom_msgs/my_custom_msgs/action/detail/cook__struct.hpp
[8.552s] -- Symlinking: /home/soomi/yori/install/my_custom_msgs/include/my_custom_msgs/my_custom_msgs/action/detail/cook__traits.hpp
[8.566s] -- Symlinking: /home/soomi/yori/install/my_custom_msgs/include/my_custom_msgs/my_custom_msgs/action/detail/cook__type_support.hpp
[8.577s] -- Symlinking: /home/soomi/yori/install/my_custom_msgs/include/my_custom_msgs/my_custom_msgs/msg/detail/order_detail__builder.hpp
[8.588s] -- Symlinking: /home/soomi/yori/install/my_custom_msgs/include/my_custom_msgs/my_custom_msgs/msg/detail/order_detail__struct.hpp
[8.605s] -- Symlinking: /home/soomi/yori/install/my_custom_msgs/include/my_custom_msgs/my_custom_msgs/msg/detail/order_detail__traits.hpp
[8.620s] -- Symlinking: /home/soomi/yori/install/my_custom_msgs/include/my_custom_msgs/my_custom_msgs/msg/detail/order_detail__type_support.hpp
[8.639s] -- Symlinking: /home/soomi/yori/install/my_custom_msgs/include/my_custom_msgs/my_custom_msgs/msg/detail/update_status__builder.hpp
[8.651s] -- Symlinking: /home/soomi/yori/install/my_custom_msgs/include/my_custom_msgs/my_custom_msgs/msg/detail/update_status__struct.hpp
[8.671s] -- Symlinking: /home/soomi/yori/install/my_custom_msgs/include/my_custom_msgs/my_custom_msgs/msg/detail/update_status__traits.hpp
[8.685s] -- Symlinking: /home/soomi/yori/install/my_custom_msgs/include/my_custom_msgs/my_custom_msgs/msg/detail/update_status__type_support.hpp
[8.703s] -- Symlinking: /home/soomi/yori/install/my_custom_msgs/include/my_custom_msgs/my_custom_msgs/msg/order_detail.hpp
[8.715s] -- Symlinking: /home/soomi/yori/install/my_custom_msgs/include/my_custom_msgs/my_custom_msgs/msg/rosidl_generator_cpp__visibility_control.hpp
[8.726s] -- Symlinking: /home/soomi/yori/install/my_custom_msgs/include/my_custom_msgs/my_custom_msgs/msg/update_status.hpp
[8.737s] -- Symlinking: /home/soomi/yori/install/my_custom_msgs/include/my_custom_msgs/my_custom_msgs/srv/detail/receive_order__builder.hpp
[8.748s] -- Symlinking: /home/soomi/yori/install/my_custom_msgs/include/my_custom_msgs/my_custom_msgs/srv/detail/receive_order__struct.hpp
[8.760s] -- Symlinking: /home/soomi/yori/install/my_custom_msgs/include/my_custom_msgs/my_custom_msgs/srv/detail/receive_order__traits.hpp
[8.772s] -- Symlinking: /home/soomi/yori/install/my_custom_msgs/include/my_custom_msgs/my_custom_msgs/srv/detail/receive_order__type_support.hpp
[8.783s] -- Symlinking: /home/soomi/yori/install/my_custom_msgs/include/my_custom_msgs/my_custom_msgs/srv/receive_order.hpp
[8.793s] -- Symlinking: /home/soomi/yori/install/my_custom_msgs/include/my_custom_msgs/my_custom_msgs/action/detail/cook__rosidl_typesupport_introspection_cpp.hpp
[8.804s] -- Symlinking: /home/soomi/yori/install/my_custom_msgs/include/my_custom_msgs/my_custom_msgs/msg/detail/order_detail__rosidl_typesupport_introspection_cpp.hpp
[8.816s] -- Symlinking: /home/soomi/yori/install/my_custom_msgs/include/my_custom_msgs/my_custom_msgs/msg/detail/update_status__rosidl_typesupport_introspection_cpp.hpp
[8.829s] -- Symlinking: /home/soomi/yori/install/my_custom_msgs/include/my_custom_msgs/my_custom_msgs/srv/detail/receive_order__rosidl_typesupport_introspection_cpp.hpp
[8.840s] -- Symlinking: /home/soomi/yori/install/my_custom_msgs/include/my_custom_msgs/my_custom_msgs/action/detail/cook__rosidl_typesupport_fastrtps_cpp.hpp
[8.852s] -- Symlinking: /home/soomi/yori/install/my_custom_msgs/include/my_custom_msgs/my_custom_msgs/msg/detail/order_detail__rosidl_typesupport_fastrtps_cpp.hpp
[8.864s] -- Symlinking: /home/soomi/yori/install/my_custom_msgs/include/my_custom_msgs/my_custom_msgs/msg/detail/update_status__rosidl_typesupport_fastrtps_cpp.hpp
[8.876s] -- Symlinking: /home/soomi/yori/install/my_custom_msgs/include/my_custom_msgs/my_custom_msgs/msg/rosidl_typesupport_fastrtps_cpp__visibility_control.h
[8.887s] -- Symlinking: /home/soomi/yori/install/my_custom_msgs/include/my_custom_msgs/my_custom_msgs/srv/detail/receive_order__rosidl_typesupport_fastrtps_cpp.hpp
[8.900s] -- Symlinking: /home/soomi/yori/install/my_custom_msgs/share/my_custom_msgs/environment/pythonpath.sh
[8.916s] -- Symlinking: /home/soomi/yori/install/my_custom_msgs/share/my_custom_msgs/environment/pythonpath.dsv
[8.931s] -- Symlinking: /home/soomi/yori/install/my_custom_msgs/local/lib/python3.10/dist-packages/my_custom_msgs-0.0.0-py3.10.egg-info/PKG-INFO
[8.950s] -- Symlinking: /home/soomi/yori/install/my_custom_msgs/local/lib/python3.10/dist-packages/my_custom_msgs-0.0.0-py3.10.egg-info/SOURCES.txt
[8.964s] -- Symlinking: /home/soomi/yori/install/my_custom_msgs/local/lib/python3.10/dist-packages/my_custom_msgs-0.0.0-py3.10.egg-info/dependency_links.txt
[8.975s] -- Symlinking: /home/soomi/yori/install/my_custom_msgs/local/lib/python3.10/dist-packages/my_custom_msgs-0.0.0-py3.10.egg-info/top_level.txt
[8.987s] -- Symlinking: /home/soomi/yori/install/my_custom_msgs/local/lib/python3.10/dist-packages/my_custom_msgs/__init__.py
[9.005s] -- Symlinking: /home/soomi/yori/install/my_custom_msgs/local/lib/python3.10/dist-packages/my_custom_msgs/_my_custom_msgs_s.ep.rosidl_typesupport_c.c
[9.019s] -- Symlinking: /home/soomi/yori/install/my_custom_msgs/local/lib/python3.10/dist-packages/my_custom_msgs/_my_custom_msgs_s.ep.rosidl_typesupport_fastrtps_c.c
[9.029s] -- Symlinking: /home/soomi/yori/install/my_custom_msgs/local/lib/python3.10/dist-packages/my_custom_msgs/_my_custom_msgs_s.ep.rosidl_typesupport_introspection_c.c
[9.040s] -- Symlinking: /home/soomi/yori/install/my_custom_msgs/local/lib/python3.10/dist-packages/my_custom_msgs/action/__init__.py
[9.052s] -- Symlinking: /home/soomi/yori/install/my_custom_msgs/local/lib/python3.10/dist-packages/my_custom_msgs/action/_cook.py
[9.065s] -- Symlinking: /home/soomi/yori/install/my_custom_msgs/local/lib/python3.10/dist-packages/my_custom_msgs/action/_cook_s.c
[9.077s] -- Symlinking: /home/soomi/yori/install/my_custom_msgs/local/lib/python3.10/dist-packages/my_custom_msgs/libmy_custom_msgs__rosidl_generator_py.so
[9.089s] -- Symlinking: /home/soomi/yori/install/my_custom_msgs/local/lib/python3.10/dist-packages/my_custom_msgs/msg/__init__.py
[9.100s] -- Symlinking: /home/soomi/yori/install/my_custom_msgs/local/lib/python3.10/dist-packages/my_custom_msgs/msg/_order_detail.py
[9.113s] -- Symlinking: /home/soomi/yori/install/my_custom_msgs/local/lib/python3.10/dist-packages/my_custom_msgs/msg/_order_detail_s.c
[9.124s] -- Symlinking: /home/soomi/yori/install/my_custom_msgs/local/lib/python3.10/dist-packages/my_custom_msgs/msg/_update_status.py
[9.136s] -- Symlinking: /home/soomi/yori/install/my_custom_msgs/local/lib/python3.10/dist-packages/my_custom_msgs/msg/_update_status_s.c
[9.148s] -- Symlinking: /home/soomi/yori/install/my_custom_msgs/local/lib/python3.10/dist-packages/my_custom_msgs/my_custom_msgs_s__rosidl_typesupport_c.cpython-310-x86_64-linux-gnu.so
[9.161s] -- Symlinking: /home/soomi/yori/install/my_custom_msgs/local/lib/python3.10/dist-packages/my_custom_msgs/my_custom_msgs_s__rosidl_typesupport_fastrtps_c.cpython-310-x86_64-linux-gnu.so
[9.173s] -- Symlinking: /home/soomi/yori/install/my_custom_msgs/local/lib/python3.10/dist-packages/my_custom_msgs/my_custom_msgs_s__rosidl_typesupport_introspection_c.cpython-310-x86_64-linux-gnu.so
[9.184s] -- Symlinking: /home/soomi/yori/install/my_custom_msgs/local/lib/python3.10/dist-packages/my_custom_msgs/srv/__init__.py
[9.196s] -- Symlinking: /home/soomi/yori/install/my_custom_msgs/local/lib/python3.10/dist-packages/my_custom_msgs/srv/_receive_order.py
[9.208s] -- Symlinking: /home/soomi/yori/install/my_custom_msgs/local/lib/python3.10/dist-packages/my_custom_msgs/srv/_receive_order_s.c
[9.219s] -- Up-to-date symlink: /home/soomi/yori/install/my_custom_msgs/local/lib/python3.10/dist-packages/my_custom_msgs/my_custom_msgs_s__rosidl_typesupport_introspection_c.cpython-310-x86_64-linux-gnu.so
[9.219s] -- Up-to-date symlink: /home/soomi/yori/install/my_custom_msgs/local/lib/python3.10/dist-packages/my_custom_msgs/my_custom_msgs_s__rosidl_typesupport_fastrtps_c.cpython-310-x86_64-linux-gnu.so
[9.219s] -- Up-to-date symlink: /home/soomi/yori/install/my_custom_msgs/local/lib/python3.10/dist-packages/my_custom_msgs/my_custom_msgs_s__rosidl_typesupport_c.cpython-310-x86_64-linux-gnu.so
[9.219s] -- Symlinking: /home/soomi/yori/install/my_custom_msgs/share/my_custom_msgs/msg/UpdateStatus.idl
[9.237s] -- Symlinking: /home/soomi/yori/install/my_custom_msgs/share/my_custom_msgs/msg/OrderDetail.idl
[9.248s] -- Symlinking: /home/soomi/yori/install/my_custom_msgs/share/my_custom_msgs/srv/ReceiveOrder.idl
[9.260s] -- Symlinking: /home/soomi/yori/install/my_custom_msgs/share/my_custom_msgs/action/Cook.idl
[9.272s] -- Symlinking: /home/soomi/yori/install/my_custom_msgs/share/my_custom_msgs/msg/UpdateStatus.msg
[9.284s] -- Symlinking: /home/soomi/yori/install/my_custom_msgs/share/my_custom_msgs/msg/OrderDetail.msg
[9.297s] -- Symlinking: /home/soomi/yori/install/my_custom_msgs/share/my_custom_msgs/srv/ReceiveOrder.srv
[9.316s] -- Symlinking: /home/soomi/yori/install/my_custom_msgs/share/my_custom_msgs/srv/ReceiveOrder_Request.msg
[9.331s] -- Symlinking: /home/soomi/yori/install/my_custom_msgs/share/my_custom_msgs/srv/ReceiveOrder_Response.msg
[9.342s] -- Symlinking: /home/soomi/yori/install/my_custom_msgs/share/my_custom_msgs/action/Cook.action
[9.354s] -- Symlinking: /home/soomi/yori/install/my_custom_msgs/share/ament_index/resource_index/package_run_dependencies/my_custom_msgs
[9.366s] -- Symlinking: /home/soomi/yori/install/my_custom_msgs/share/ament_index/resource_index/parent_prefix_path/my_custom_msgs
[9.378s] -- Symlinking: /home/soomi/yori/install/my_custom_msgs/share/my_custom_msgs/environment/ament_prefix_path.sh
[9.390s] -- Symlinking: /home/soomi/yori/install/my_custom_msgs/share/my_custom_msgs/environment/ament_prefix_path.dsv
[9.400s] -- Symlinking: /home/soomi/yori/install/my_custom_msgs/share/my_custom_msgs/environment/path.sh
[9.417s] -- Symlinking: /home/soomi/yori/install/my_custom_msgs/share/my_custom_msgs/environment/path.dsv
[9.432s] -- Symlinking: /home/soomi/yori/install/my_custom_msgs/share/my_custom_msgs/local_setup.bash
[9.442s] -- Symlinking: /home/soomi/yori/install/my_custom_msgs/share/my_custom_msgs/local_setup.sh
[9.454s] -- Symlinking: /home/soomi/yori/install/my_custom_msgs/share/my_custom_msgs/local_setup.zsh
[9.466s] -- Symlinking: /home/soomi/yori/install/my_custom_msgs/share/my_custom_msgs/local_setup.dsv
[9.477s] -- Symlinking: /home/soomi/yori/install/my_custom_msgs/share/my_custom_msgs/package.dsv
[9.487s] -- Symlinking: /home/soomi/yori/install/my_custom_msgs/share/ament_index/resource_index/packages/my_custom_msgs
[9.498s] -- Symlinking: /home/soomi/yori/install/my_custom_msgs/share/my_custom_msgs/cmake/rosidl_cmake-extras.cmake
[9.511s] -- Symlinking: /home/soomi/yori/install/my_custom_msgs/share/my_custom_msgs/cmake/ament_cmake_export_dependencies-extras.cmake
[9.522s] -- Symlinking: /home/soomi/yori/install/my_custom_msgs/share/my_custom_msgs/cmake/ament_cmake_export_include_directories-extras.cmake
[9.540s] -- Symlinking: /home/soomi/yori/install/my_custom_msgs/share/my_custom_msgs/cmake/ament_cmake_export_libraries-extras.cmake
[9.560s] -- Symlinking: /home/soomi/yori/install/my_custom_msgs/share/my_custom_msgs/cmake/ament_cmake_export_targets-extras.cmake
[9.576s] -- Symlinking: /home/soomi/yori/install/my_custom_msgs/share/my_custom_msgs/cmake/rosidl_cmake_export_typesupport_targets-extras.cmake
[9.595s] -- Symlinking: /home/soomi/yori/install/my_custom_msgs/share/my_custom_msgs/cmake/rosidl_cmake_export_typesupport_libraries-extras.cmake
[9.609s] -- Symlinking: /home/soomi/yori/install/my_custom_msgs/share/my_custom_msgs/cmake/my_custom_msgsConfig.cmake
[9.621s] -- Symlinking: /home/soomi/yori/install/my_custom_msgs/share/my_custom_msgs/cmake/my_custom_msgsConfig-version.cmake
[9.631s] -- Symlinking: /home/soomi/yori/install/my_custom_msgs/share/my_custom_msgs/package.xml
[9.643s] -- Installing: /home/soomi/yori/install/my_custom_msgs/lib/libmy_custom_msgs__rosidl_generator_c.so
[9.643s] -- Set runtime path of "/home/soomi/yori/install/my_custom_msgs/lib/libmy_custom_msgs__rosidl_generator_c.so" to ""
[9.643s] -- Installing: /home/soomi/yori/install/my_custom_msgs/lib/libmy_custom_msgs__rosidl_typesupport_introspection_c.so
[9.644s] -- Set runtime path of "/home/soomi/yori/install/my_custom_msgs/lib/libmy_custom_msgs__rosidl_typesupport_introspection_c.so" to ""
[9.644s] -- Installing: /home/soomi/yori/install/my_custom_msgs/lib/libmy_custom_msgs__rosidl_typesupport_fastrtps_c.so
[9.644s] -- Set runtime path of "/home/soomi/yori/install/my_custom_msgs/lib/libmy_custom_msgs__rosidl_typesupport_fastrtps_c.so" to ""
[9.644s] -- Installing: /home/soomi/yori/install/my_custom_msgs/lib/libmy_custom_msgs__rosidl_typesupport_c.so
[9.644s] -- Set runtime path of "/home/soomi/yori/install/my_custom_msgs/lib/libmy_custom_msgs__rosidl_typesupport_c.so" to ""
[9.644s] -- Installing: /home/soomi/yori/install/my_custom_msgs/lib/libmy_custom_msgs__rosidl_typesupport_introspection_cpp.so
[9.644s] -- Set runtime path of "/home/soomi/yori/install/my_custom_msgs/lib/libmy_custom_msgs__rosidl_typesupport_introspection_cpp.so" to ""
[9.644s] -- Installing: /home/soomi/yori/install/my_custom_msgs/lib/libmy_custom_msgs__rosidl_typesupport_fastrtps_cpp.so
[9.644s] -- Set runtime path of "/home/soomi/yori/install/my_custom_msgs/lib/libmy_custom_msgs__rosidl_typesupport_fastrtps_cpp.so" to ""
[9.644s] -- Installing: /home/soomi/yori/install/my_custom_msgs/lib/libmy_custom_msgs__rosidl_typesupport_cpp.so
[9.645s] -- Set runtime path of "/home/soomi/yori/install/my_custom_msgs/lib/libmy_custom_msgs__rosidl_typesupport_cpp.so" to ""
[9.745s] Listing '/home/soomi/yori/install/my_custom_msgs/local/lib/python3.10/dist-packages/my_custom_msgs'...
[9.745s] Compiling '/home/soomi/yori/install/my_custom_msgs/local/lib/python3.10/dist-packages/my_custom_msgs/__init__.py'...
[9.745s] Listing '/home/soomi/yori/install/my_custom_msgs/local/lib/python3.10/dist-packages/my_custom_msgs/action'...
[9.745s] Compiling '/home/soomi/yori/install/my_custom_msgs/local/lib/python3.10/dist-packages/my_custom_msgs/action/__init__.py'...
[9.746s] Compiling '/home/soomi/yori/install/my_custom_msgs/local/lib/python3.10/dist-packages/my_custom_msgs/action/_cook.py'...
[9.746s] Listing '/home/soomi/yori/install/my_custom_msgs/local/lib/python3.10/dist-packages/my_custom_msgs/msg'...
[9.746s] Compiling '/home/soomi/yori/install/my_custom_msgs/local/lib/python3.10/dist-packages/my_custom_msgs/msg/__init__.py'...
[9.746s] Compiling '/home/soomi/yori/install/my_custom_msgs/local/lib/python3.10/dist-packages/my_custom_msgs/msg/_order_detail.py'...
[9.746s] Compiling '/home/soomi/yori/install/my_custom_msgs/local/lib/python3.10/dist-packages/my_custom_msgs/msg/_update_status.py'...
[9.746s] Listing '/home/soomi/yori/install/my_custom_msgs/local/lib/python3.10/dist-packages/my_custom_msgs/srv'...
[9.746s] Compiling '/home/soomi/yori/install/my_custom_msgs/local/lib/python3.10/dist-packages/my_custom_msgs/srv/__init__.py'...
[9.746s] Compiling '/home/soomi/yori/install/my_custom_msgs/local/lib/python3.10/dist-packages/my_custom_msgs/srv/_receive_order.py'...
[9.748s] -- Installing: /home/soomi/yori/install/my_custom_msgs/lib/libmy_custom_msgs__rosidl_generator_py.so
[9.749s] -- Set runtime path of "/home/soomi/yori/install/my_custom_msgs/lib/libmy_custom_msgs__rosidl_generator_py.so" to ""
[9.749s] -- Installing: /home/soomi/yori/install/my_custom_msgs/share/my_custom_msgs/cmake/export_my_custom_msgs__rosidl_generator_cExport.cmake
[9.749s] -- Installing: /home/soomi/yori/install/my_custom_msgs/share/my_custom_msgs/cmake/export_my_custom_msgs__rosidl_generator_cExport-noconfig.cmake
[9.749s] -- Installing: /home/soomi/yori/install/my_custom_msgs/share/my_custom_msgs/cmake/my_custom_msgs__rosidl_typesupport_introspection_cExport.cmake
[9.749s] -- Installing: /home/soomi/yori/install/my_custom_msgs/share/my_custom_msgs/cmake/my_custom_msgs__rosidl_typesupport_introspection_cExport-noconfig.cmake
[9.749s] -- Installing: /home/soomi/yori/install/my_custom_msgs/share/my_custom_msgs/cmake/export_my_custom_msgs__rosidl_typesupport_fastrtps_cExport.cmake
[9.749s] -- Installing: /home/soomi/yori/install/my_custom_msgs/share/my_custom_msgs/cmake/export_my_custom_msgs__rosidl_typesupport_fastrtps_cExport-noconfig.cmake
[9.749s] -- Installing: /home/soomi/yori/install/my_custom_msgs/share/my_custom_msgs/cmake/my_custom_msgs__rosidl_typesupport_cExport.cmake
[9.750s] -- Installing: /home/soomi/yori/install/my_custom_msgs/share/my_custom_msgs/cmake/my_custom_msgs__rosidl_typesupport_cExport-noconfig.cmake
[9.750s] -- Installing: /home/soomi/yori/install/my_custom_msgs/share/my_custom_msgs/cmake/export_my_custom_msgs__rosidl_generator_cppExport.cmake
[9.750s] -- Installing: /home/soomi/yori/install/my_custom_msgs/share/my_custom_msgs/cmake/my_custom_msgs__rosidl_typesupport_introspection_cppExport.cmake
[9.750s] -- Installing: /home/soomi/yori/install/my_custom_msgs/share/my_custom_msgs/cmake/my_custom_msgs__rosidl_typesupport_introspection_cppExport-noconfig.cmake
[9.750s] -- Installing: /home/soomi/yori/install/my_custom_msgs/share/my_custom_msgs/cmake/export_my_custom_msgs__rosidl_typesupport_fastrtps_cppExport.cmake
[9.750s] -- Installing: /home/soomi/yori/install/my_custom_msgs/share/my_custom_msgs/cmake/export_my_custom_msgs__rosidl_typesupport_fastrtps_cppExport-noconfig.cmake
[9.750s] -- Installing: /home/soomi/yori/install/my_custom_msgs/share/my_custom_msgs/cmake/my_custom_msgs__rosidl_typesupport_cppExport.cmake
[9.750s] -- Installing: /home/soomi/yori/install/my_custom_msgs/share/my_custom_msgs/cmake/my_custom_msgs__rosidl_typesupport_cppExport-noconfig.cmake
[9.750s] -- Installing: /home/soomi/yori/install/my_custom_msgs/share/my_custom_msgs/cmake/export_my_custom_msgs__rosidl_generator_pyExport.cmake
[9.750s] -- Installing: /home/soomi/yori/install/my_custom_msgs/share/my_custom_msgs/cmake/export_my_custom_msgs__rosidl_generator_pyExport-noconfig.cmake
[9.751s] Invoked command in '/home/soomi/yori/build/my_custom_msgs' returned '0': CMAKE_PREFIX_PATH=${CMAKE_PREFIX_PATH}:/home/soomi/ros2_humble/install/rqt_bag_plugins:/home/soomi/ros2_humble/install/rqt_bag:/home/soomi/ros2_humble/install/launch_testing_examples:/home/soomi/ros2_humble/install/ros2bag:/home/soomi/ros2_humble/install/tracetools_test:/home/soomi/ros2_humble/install/tracetools_launch:/home/soomi/ros2_humble/install/topic_monitor:/home/soomi/ros2_humble/install/tf2_tools:/home/soomi/ros2_humble/install/examples_tf2_py:/home/soomi/ros2_humble/install/tf2_ros_py:/home/soomi/ros2_humble/install/sros2:/home/soomi/ros2_humble/install/rqt_topic:/home/soomi/ros2_humble/install/rqt_srv:/home/soomi/ros2_humble/install/rqt_shell:/home/soomi/ros2_humble/install/rqt_service_caller:/home/soomi/ros2_humble/install/rqt_reconfigure:/home/soomi/ros2_humble/install/rqt_py_console:/home/soomi/ros2_humble/install/rqt_publisher:/home/soomi/ros2_humble/install/rqt_plot:/home/soomi/ros2_humble/install/rqt_action:/home/soomi/ros2_humble/install/rqt_msg:/home/soomi/ros2_humble/install/rqt_console:/home/soomi/ros2_humble/install/rqt:/home/soomi/ros2_humble/install/rqt_graph:/home/soomi/ros2_humble/install/rqt_gui_py:/home/soomi/ros2_humble/install/rqt_gui:/home/soomi/ros2_humble/install/ros2trace:/home/soomi/ros2_humble/install/ros2topic:/home/soomi/ros2_humble/install/ros2test:/home/soomi/ros2_humble/install/ros2component:/home/soomi/ros2_humble/install/ros2param:/home/soomi/ros2_humble/install/ros2lifecycle:/home/soomi/ros2_humble/install/ros2service:/home/soomi/ros2_humble/install/ros2run:/home/soomi/ros2_humble/install/ros2launch:/home/soomi/ros2_humble/install/ros2pkg:/home/soomi/ros2_humble/install/ros2node:/home/soomi/ros2_humble/install/ros2multicast:/home/soomi/ros2_humble/install/ros2interface:/home/soomi/ros2_humble/install/ros2doctor:/home/soomi/ros2_humble/install/ros2action:/home/soomi/ros2_humble/install/ros2cli:/home/soomi/ros2_humble/install/quality_of_service_demo_py:/home/soomi/ros2_humble/install/lifecycle_py:/home/soomi/ros2_humble/install/launch_testing_ros:/home/soomi/ros2_humble/install/launch_ros:/home/soomi/ros2_humble/install/examples_rclpy_pointcloud_publisher:/home/soomi/ros2_humble/install/examples_rclpy_minimal_subscriber:/home/soomi/ros2_humble/install/examples_rclpy_minimal_service:/home/soomi/ros2_humble/install/examples_rclpy_minimal_publisher:/home/soomi/ros2_humble/install/examples_rclpy_minimal_client:/home/soomi/ros2_humble/install/examples_rclpy_minimal_action_server:/home/soomi/ros2_humble/install/examples_rclpy_minimal_action_client:/home/soomi/ros2_humble/install/examples_rclpy_guard_conditions:/home/soomi/ros2_humble/install/examples_rclpy_executors:/home/soomi/ros2_humble/install/demo_nodes_py:/home/soomi/ros2_humble/install/bondpy:/home/soomi/ros2_humble/install/action_tutorials_py:/home/soomi/ros2_humble/install/ament_uncrustify:/home/soomi/ros2_humble/install/tracetools_trace:/home/soomi/ros2_humble/install/tracetools_read:/home/soomi/ros2_humble/install/test_tracetools_launch:/home/soomi/ros2_humble/install/test_launch_ros:/home/soomi/ros2_humble/install/sensor_msgs_py:/home/soomi/ros2_humble/install/rpyutils:/home/soomi/ros2_humble/install/rosidl_runtime_py:/home/soomi/ros2_humble/install/rosidl_cli:/home/soomi/ros2_humble/install/launch_pytest:/home/soomi/ros2_humble/install/launch_testing:/home/soomi/ros2_humble/install/launch_yaml:/home/soomi/ros2_humble/install/launch_xml:/home/soomi/ros2_humble/install/launch:/home/soomi/ros2_humble/install/osrf_pycommon:/home/soomi/ros2_humble/install/domain_coordinator:/home/soomi/ros2_humble/install/ament_xmllint:/home/soomi/ros2_humble/install/ament_pyflakes:/home/soomi/ros2_humble/install/ament_pycodestyle:/home/soomi/ros2_humble/install/ament_pep257:/home/soomi/ros2_humble/install/ament_pclint:/home/soomi/ros2_humble/install/ament_package:/home/soomi/ros2_humble/install/ament_mypy:/home/soomi/ros2_humble/install/ament_lint_cmake:/home/soomi/ros2_humble/install/ament_flake8:/home/soomi/ros2_humble/install/ament_copyright:/home/soomi/ros2_humble/install/ament_lint:/home/soomi/ros2_humble/install/ament_index_python:/home/soomi/ros2_humble/install/ament_cpplint:/home/soomi/ros2_humble/install/ament_cppcheck:/home/soomi/ros2_humble/install/ament_clang_tidy:/home/soomi/ros2_humble/install/ament_clang_format /usr/bin/cmake --install /home/soomi/yori/build/my_custom_msgs
