[0.042s] Invoking command in '/home/sangyeon/project3/computer/build/custom_msgs': CMAKE_PREFIX_PATH=${CMAKE_PREFIX_PATH}:/home/sangyeon/nav2_ws/install/nav2_simple_commander:/opt/ros/humble:/home/sangyeon/ros2_humble/install/rqt_bag_plugins:/home/sangyeon/ros2_humble/install/rqt_bag:/home/sangyeon/ros2_humble/install/launch_testing_examples:/home/sangyeon/ros2_humble/install/ros2bag:/home/sangyeon/ros2_humble/install/tracetools_test:/home/sangyeon/ros2_humble/install/tracetools_launch:/home/sangyeon/ros2_humble/install/topic_monitor:/home/sangyeon/ros2_humble/install/tf2_tools:/home/sangyeon/ros2_humble/install/examples_tf2_py:/home/sangyeon/ros2_humble/install/tf2_ros_py:/home/sangyeon/ros2_humble/install/sros2:/home/sangyeon/ros2_humble/install/rqt_topic:/home/sangyeon/ros2_humble/install/rqt_srv:/home/sangyeon/ros2_humble/install/rqt_shell:/home/sangyeon/ros2_humble/install/rqt_service_caller:/home/sangyeon/ros2_humble/install/rqt_reconfigure:/home/sangyeon/ros2_humble/install/rqt_py_console:/home/sangyeon/ros2_humble/install/rqt_publisher:/home/sangyeon/ros2_humble/install/rqt_plot:/home/sangyeon/ros2_humble/install/rqt_action:/home/sangyeon/ros2_humble/install/rqt_msg:/home/sangyeon/ros2_humble/install/rqt_console:/home/sangyeon/ros2_humble/install/rqt:/home/sangyeon/ros2_humble/install/rqt_graph:/home/sangyeon/ros2_humble/install/rqt_gui_py:/home/sangyeon/ros2_humble/install/rqt_gui:/home/sangyeon/ros2_humble/install/ros2trace:/home/sangyeon/ros2_humble/install/ros2topic:/home/sangyeon/ros2_humble/install/ros2test:/home/sangyeon/ros2_humble/install/ros2component:/home/sangyeon/ros2_humble/install/ros2param:/home/sangyeon/ros2_humble/install/ros2lifecycle:/home/sangyeon/ros2_humble/install/ros2service:/home/sangyeon/ros2_humble/install/ros2run:/home/sangyeon/ros2_humble/install/ros2launch:/home/sangyeon/ros2_humble/install/ros2pkg:/home/sangyeon/ros2_humble/install/ros2node:/home/sangyeon/ros2_humble/install/ros2multicast:/home/sangyeon/ros2_humble/install/ros2interface:/home/sangyeon/ros2_humble/install/ros2doctor:/home/sangyeon/ros2_humble/install/ros2action:/home/sangyeon/ros2_humble/install/ros2cli:/home/sangyeon/ros2_humble/install/quality_of_service_demo_py:/home/sangyeon/ros2_humble/install/lifecycle_py:/home/sangyeon/ros2_humble/install/launch_testing_ros:/home/sangyeon/ros2_humble/install/launch_ros:/home/sangyeon/ros2_humble/install/examples_rclpy_pointcloud_publisher:/home/sangyeon/ros2_humble/install/examples_rclpy_minimal_subscriber:/home/sangyeon/ros2_humble/install/examples_rclpy_minimal_service:/home/sangyeon/ros2_humble/install/examples_rclpy_minimal_publisher:/home/sangyeon/ros2_humble/install/examples_rclpy_minimal_client:/home/sangyeon/ros2_humble/install/examples_rclpy_minimal_action_server:/home/sangyeon/ros2_humble/install/examples_rclpy_minimal_action_client:/home/sangyeon/ros2_humble/install/examples_rclpy_guard_conditions:/home/sangyeon/ros2_humble/install/examples_rclpy_executors:/home/sangyeon/ros2_humble/install/demo_nodes_py:/home/sangyeon/ros2_humble/install/action_tutorials_py:/home/sangyeon/ros2_humble/install/ament_uncrustify:/home/sangyeon/ros2_humble/install/tracetools_trace:/home/sangyeon/ros2_humble/install/tracetools_read:/home/sangyeon/ros2_humble/install/test_tracetools_launch:/home/sangyeon/ros2_humble/install/test_launch_ros:/home/sangyeon/ros2_humble/install/sensor_msgs_py:/home/sangyeon/ros2_humble/install/rpyutils:/home/sangyeon/ros2_humble/install/rosidl_runtime_py:/home/sangyeon/ros2_humble/install/rosidl_cli:/home/sangyeon/ros2_humble/install/launch_pytest:/home/sangyeon/ros2_humble/install/launch_testing:/home/sangyeon/ros2_humble/install/launch_yaml:/home/sangyeon/ros2_humble/install/launch_xml:/home/sangyeon/ros2_humble/install/launch:/home/sangyeon/ros2_humble/install/osrf_pycommon:/home/sangyeon/ros2_humble/install/domain_coordinator:/home/sangyeon/ros2_humble/install/ament_xmllint:/home/sangyeon/ros2_humble/install/ament_pyflakes:/home/sangyeon/ros2_humble/install/ament_pycodestyle:/home/sangyeon/ros2_humble/install/ament_pep257:/home/sangyeon/ros2_humble/install/ament_pclint:/home/sangyeon/ros2_humble/install/ament_package:/home/sangyeon/ros2_humble/install/ament_mypy:/home/sangyeon/ros2_humble/install/ament_lint_cmake:/home/sangyeon/ros2_humble/install/ament_flake8:/home/sangyeon/ros2_humble/install/ament_copyright:/home/sangyeon/ros2_humble/install/ament_lint:/home/sangyeon/ros2_humble/install/ament_index_python:/home/sangyeon/ros2_humble/install/ament_cpplint:/home/sangyeon/ros2_humble/install/ament_cppcheck:/home/sangyeon/ros2_humble/install/ament_clang_tidy:/home/sangyeon/ros2_humble/install/ament_clang_format /usr/bin/cmake /home/sangyeon/project3/computer/src/custom_msgs -DAMENT_CMAKE_SYMLINK_INSTALL=1 -DCMAKE_INSTALL_PREFIX=/home/sangyeon/project3/computer/install/custom_msgs
[0.132s] -- The C compiler identification is GNU 11.4.0
[0.191s] -- The CXX compiler identification is GNU 11.4.0
[0.197s] -- Detecting C compiler ABI info
[0.294s] -- Detecting C compiler ABI info - done
[0.296s] -- Check for working C compiler: /usr/bin/cc - skipped
[0.298s] -- Detecting C compile features
[0.298s] -- Detecting C compile features - done
[0.299s] -- Detecting CXX compiler ABI info
[0.408s] -- Detecting CXX compiler ABI info - done
[0.413s] -- Check for working CXX compiler: /usr/bin/c++ - skipped
[0.413s] -- Detecting CXX compile features
[0.414s] -- Detecting CXX compile features - done
[0.453s] -- Found ament_cmake: 1.3.10 (/home/sangyeon/ros2_humble/install/ament_cmake/share/ament_cmake/cmake)
[0.838s] -- Found Python3: /usr/bin/python3 (found version "3.10.12") found components: Interpreter 
[0.990s] -- Override CMake install command with custom implementation using symlinks instead of copying resources
[1.353s] -- Found rosidl_default_generators: 1.2.0 (/home/sangyeon/ros2_humble/install/rosidl_default_generators/share/rosidl_default_generators/cmake)
[1.490s] -- Using all available rosidl_typesupport_c: rosidl_typesupport_fastrtps_c;rosidl_typesupport_introspection_c
[1.538s] -- Found rosidl_adapter: 3.1.5 (/home/sangyeon/ros2_humble/install/rosidl_adapter/share/rosidl_adapter/cmake)
[1.749s] -- Using all available rosidl_typesupport_cpp: rosidl_typesupport_fastrtps_cpp;rosidl_typesupport_introspection_cpp
[1.869s] -- Found std_msgs: 4.2.4 (/home/sangyeon/ros2_humble/install/std_msgs/share/std_msgs/cmake)
[2.522s] -- Found ament_cmake_ros: 0.10.0 (/home/sangyeon/ros2_humble/install/ament_cmake_ros/share/ament_cmake_ros/cmake)
[2.979s] -- Using all available rosidl_typesupport_c: rosidl_typesupport_fastrtps_c;rosidl_typesupport_introspection_c
[3.531s] -- Using all available rosidl_typesupport_cpp: rosidl_typesupport_fastrtps_cpp;rosidl_typesupport_introspection_cpp
[3.589s] -- Found PythonInterp: /usr/bin/python3 (found suitable version "3.10.12", minimum required is "3.6") 
[3.604s] -- Found python_cmake_module: 0.10.0 (/home/sangyeon/ros2_humble/install/python_cmake_module/share/python_cmake_module/cmake)
[3.698s] -- Found PythonLibs: /usr/lib/x86_64-linux-gnu/libpython3.10.so (found suitable version "3.10.12", minimum required is "3.5") 
[3.698s] -- Using PYTHON_EXECUTABLE: /usr/bin/python3
[3.698s] -- Using PYTHON_INCLUDE_DIRS: /usr/include/python3.10
[3.698s] -- Using PYTHON_LIBRARIES: /usr/lib/x86_64-linux-gnu/libpython3.10.so
[3.745s] -- Found PythonExtra: .so  
[4.252s] -- Found ament_lint_auto: 0.12.11 (/home/sangyeon/ros2_humble/install/ament_lint_auto/share/ament_lint_auto/cmake)
[4.391s] -- Added test 'lint_cmake' to check CMake code style
[4.396s] -- Added test 'xmllint' to check XML markup files
[4.406s] -- Configuring done
[4.438s] -- Generating done
[4.440s] -- Build files have been written to: /home/sangyeon/project3/computer/build/custom_msgs
[4.447s] Invoked command in '/home/sangyeon/project3/computer/build/custom_msgs' returned '0': CMAKE_PREFIX_PATH=${CMAKE_PREFIX_PATH}:/home/sangyeon/nav2_ws/install/nav2_simple_commander:/opt/ros/humble:/home/sangyeon/ros2_humble/install/rqt_bag_plugins:/home/sangyeon/ros2_humble/install/rqt_bag:/home/sangyeon/ros2_humble/install/launch_testing_examples:/home/sangyeon/ros2_humble/install/ros2bag:/home/sangyeon/ros2_humble/install/tracetools_test:/home/sangyeon/ros2_humble/install/tracetools_launch:/home/sangyeon/ros2_humble/install/topic_monitor:/home/sangyeon/ros2_humble/install/tf2_tools:/home/sangyeon/ros2_humble/install/examples_tf2_py:/home/sangyeon/ros2_humble/install/tf2_ros_py:/home/sangyeon/ros2_humble/install/sros2:/home/sangyeon/ros2_humble/install/rqt_topic:/home/sangyeon/ros2_humble/install/rqt_srv:/home/sangyeon/ros2_humble/install/rqt_shell:/home/sangyeon/ros2_humble/install/rqt_service_caller:/home/sangyeon/ros2_humble/install/rqt_reconfigure:/home/sangyeon/ros2_humble/install/rqt_py_console:/home/sangyeon/ros2_humble/install/rqt_publisher:/home/sangyeon/ros2_humble/install/rqt_plot:/home/sangyeon/ros2_humble/install/rqt_action:/home/sangyeon/ros2_humble/install/rqt_msg:/home/sangyeon/ros2_humble/install/rqt_console:/home/sangyeon/ros2_humble/install/rqt:/home/sangyeon/ros2_humble/install/rqt_graph:/home/sangyeon/ros2_humble/install/rqt_gui_py:/home/sangyeon/ros2_humble/install/rqt_gui:/home/sangyeon/ros2_humble/install/ros2trace:/home/sangyeon/ros2_humble/install/ros2topic:/home/sangyeon/ros2_humble/install/ros2test:/home/sangyeon/ros2_humble/install/ros2component:/home/sangyeon/ros2_humble/install/ros2param:/home/sangyeon/ros2_humble/install/ros2lifecycle:/home/sangyeon/ros2_humble/install/ros2service:/home/sangyeon/ros2_humble/install/ros2run:/home/sangyeon/ros2_humble/install/ros2launch:/home/sangyeon/ros2_humble/install/ros2pkg:/home/sangyeon/ros2_humble/install/ros2node:/home/sangyeon/ros2_humble/install/ros2multicast:/home/sangyeon/ros2_humble/install/ros2interface:/home/sangyeon/ros2_humble/install/ros2doctor:/home/sangyeon/ros2_humble/install/ros2action:/home/sangyeon/ros2_humble/install/ros2cli:/home/sangyeon/ros2_humble/install/quality_of_service_demo_py:/home/sangyeon/ros2_humble/install/lifecycle_py:/home/sangyeon/ros2_humble/install/launch_testing_ros:/home/sangyeon/ros2_humble/install/launch_ros:/home/sangyeon/ros2_humble/install/examples_rclpy_pointcloud_publisher:/home/sangyeon/ros2_humble/install/examples_rclpy_minimal_subscriber:/home/sangyeon/ros2_humble/install/examples_rclpy_minimal_service:/home/sangyeon/ros2_humble/install/examples_rclpy_minimal_publisher:/home/sangyeon/ros2_humble/install/examples_rclpy_minimal_client:/home/sangyeon/ros2_humble/install/examples_rclpy_minimal_action_server:/home/sangyeon/ros2_humble/install/examples_rclpy_minimal_action_client:/home/sangyeon/ros2_humble/install/examples_rclpy_guard_conditions:/home/sangyeon/ros2_humble/install/examples_rclpy_executors:/home/sangyeon/ros2_humble/install/demo_nodes_py:/home/sangyeon/ros2_humble/install/action_tutorials_py:/home/sangyeon/ros2_humble/install/ament_uncrustify:/home/sangyeon/ros2_humble/install/tracetools_trace:/home/sangyeon/ros2_humble/install/tracetools_read:/home/sangyeon/ros2_humble/install/test_tracetools_launch:/home/sangyeon/ros2_humble/install/test_launch_ros:/home/sangyeon/ros2_humble/install/sensor_msgs_py:/home/sangyeon/ros2_humble/install/rpyutils:/home/sangyeon/ros2_humble/install/rosidl_runtime_py:/home/sangyeon/ros2_humble/install/rosidl_cli:/home/sangyeon/ros2_humble/install/launch_pytest:/home/sangyeon/ros2_humble/install/launch_testing:/home/sangyeon/ros2_humble/install/launch_yaml:/home/sangyeon/ros2_humble/install/launch_xml:/home/sangyeon/ros2_humble/install/launch:/home/sangyeon/ros2_humble/install/osrf_pycommon:/home/sangyeon/ros2_humble/install/domain_coordinator:/home/sangyeon/ros2_humble/install/ament_xmllint:/home/sangyeon/ros2_humble/install/ament_pyflakes:/home/sangyeon/ros2_humble/install/ament_pycodestyle:/home/sangyeon/ros2_humble/install/ament_pep257:/home/sangyeon/ros2_humble/install/ament_pclint:/home/sangyeon/ros2_humble/install/ament_package:/home/sangyeon/ros2_humble/install/ament_mypy:/home/sangyeon/ros2_humble/install/ament_lint_cmake:/home/sangyeon/ros2_humble/install/ament_flake8:/home/sangyeon/ros2_humble/install/ament_copyright:/home/sangyeon/ros2_humble/install/ament_lint:/home/sangyeon/ros2_humble/install/ament_index_python:/home/sangyeon/ros2_humble/install/ament_cpplint:/home/sangyeon/ros2_humble/install/ament_cppcheck:/home/sangyeon/ros2_humble/install/ament_clang_tidy:/home/sangyeon/ros2_humble/install/ament_clang_format /usr/bin/cmake /home/sangyeon/project3/computer/src/custom_msgs -DAMENT_CMAKE_SYMLINK_INSTALL=1 -DCMAKE_INSTALL_PREFIX=/home/sangyeon/project3/computer/install/custom_msgs
[4.449s] Invoking command in '/home/sangyeon/project3/computer/build/custom_msgs': CMAKE_PREFIX_PATH=${CMAKE_PREFIX_PATH}:/home/sangyeon/nav2_ws/install/nav2_simple_commander:/opt/ros/humble:/home/sangyeon/ros2_humble/install/rqt_bag_plugins:/home/sangyeon/ros2_humble/install/rqt_bag:/home/sangyeon/ros2_humble/install/launch_testing_examples:/home/sangyeon/ros2_humble/install/ros2bag:/home/sangyeon/ros2_humble/install/tracetools_test:/home/sangyeon/ros2_humble/install/tracetools_launch:/home/sangyeon/ros2_humble/install/topic_monitor:/home/sangyeon/ros2_humble/install/tf2_tools:/home/sangyeon/ros2_humble/install/examples_tf2_py:/home/sangyeon/ros2_humble/install/tf2_ros_py:/home/sangyeon/ros2_humble/install/sros2:/home/sangyeon/ros2_humble/install/rqt_topic:/home/sangyeon/ros2_humble/install/rqt_srv:/home/sangyeon/ros2_humble/install/rqt_shell:/home/sangyeon/ros2_humble/install/rqt_service_caller:/home/sangyeon/ros2_humble/install/rqt_reconfigure:/home/sangyeon/ros2_humble/install/rqt_py_console:/home/sangyeon/ros2_humble/install/rqt_publisher:/home/sangyeon/ros2_humble/install/rqt_plot:/home/sangyeon/ros2_humble/install/rqt_action:/home/sangyeon/ros2_humble/install/rqt_msg:/home/sangyeon/ros2_humble/install/rqt_console:/home/sangyeon/ros2_humble/install/rqt:/home/sangyeon/ros2_humble/install/rqt_graph:/home/sangyeon/ros2_humble/install/rqt_gui_py:/home/sangyeon/ros2_humble/install/rqt_gui:/home/sangyeon/ros2_humble/install/ros2trace:/home/sangyeon/ros2_humble/install/ros2topic:/home/sangyeon/ros2_humble/install/ros2test:/home/sangyeon/ros2_humble/install/ros2component:/home/sangyeon/ros2_humble/install/ros2param:/home/sangyeon/ros2_humble/install/ros2lifecycle:/home/sangyeon/ros2_humble/install/ros2service:/home/sangyeon/ros2_humble/install/ros2run:/home/sangyeon/ros2_humble/install/ros2launch:/home/sangyeon/ros2_humble/install/ros2pkg:/home/sangyeon/ros2_humble/install/ros2node:/home/sangyeon/ros2_humble/install/ros2multicast:/home/sangyeon/ros2_humble/install/ros2interface:/home/sangyeon/ros2_humble/install/ros2doctor:/home/sangyeon/ros2_humble/install/ros2action:/home/sangyeon/ros2_humble/install/ros2cli:/home/sangyeon/ros2_humble/install/quality_of_service_demo_py:/home/sangyeon/ros2_humble/install/lifecycle_py:/home/sangyeon/ros2_humble/install/launch_testing_ros:/home/sangyeon/ros2_humble/install/launch_ros:/home/sangyeon/ros2_humble/install/examples_rclpy_pointcloud_publisher:/home/sangyeon/ros2_humble/install/examples_rclpy_minimal_subscriber:/home/sangyeon/ros2_humble/install/examples_rclpy_minimal_service:/home/sangyeon/ros2_humble/install/examples_rclpy_minimal_publisher:/home/sangyeon/ros2_humble/install/examples_rclpy_minimal_client:/home/sangyeon/ros2_humble/install/examples_rclpy_minimal_action_server:/home/sangyeon/ros2_humble/install/examples_rclpy_minimal_action_client:/home/sangyeon/ros2_humble/install/examples_rclpy_guard_conditions:/home/sangyeon/ros2_humble/install/examples_rclpy_executors:/home/sangyeon/ros2_humble/install/demo_nodes_py:/home/sangyeon/ros2_humble/install/action_tutorials_py:/home/sangyeon/ros2_humble/install/ament_uncrustify:/home/sangyeon/ros2_humble/install/tracetools_trace:/home/sangyeon/ros2_humble/install/tracetools_read:/home/sangyeon/ros2_humble/install/test_tracetools_launch:/home/sangyeon/ros2_humble/install/test_launch_ros:/home/sangyeon/ros2_humble/install/sensor_msgs_py:/home/sangyeon/ros2_humble/install/rpyutils:/home/sangyeon/ros2_humble/install/rosidl_runtime_py:/home/sangyeon/ros2_humble/install/rosidl_cli:/home/sangyeon/ros2_humble/install/launch_pytest:/home/sangyeon/ros2_humble/install/launch_testing:/home/sangyeon/ros2_humble/install/launch_yaml:/home/sangyeon/ros2_humble/install/launch_xml:/home/sangyeon/ros2_humble/install/launch:/home/sangyeon/ros2_humble/install/osrf_pycommon:/home/sangyeon/ros2_humble/install/domain_coordinator:/home/sangyeon/ros2_humble/install/ament_xmllint:/home/sangyeon/ros2_humble/install/ament_pyflakes:/home/sangyeon/ros2_humble/install/ament_pycodestyle:/home/sangyeon/ros2_humble/install/ament_pep257:/home/sangyeon/ros2_humble/install/ament_pclint:/home/sangyeon/ros2_humble/install/ament_package:/home/sangyeon/ros2_humble/install/ament_mypy:/home/sangyeon/ros2_humble/install/ament_lint_cmake:/home/sangyeon/ros2_humble/install/ament_flake8:/home/sangyeon/ros2_humble/install/ament_copyright:/home/sangyeon/ros2_humble/install/ament_lint:/home/sangyeon/ros2_humble/install/ament_index_python:/home/sangyeon/ros2_humble/install/ament_cpplint:/home/sangyeon/ros2_humble/install/ament_cppcheck:/home/sangyeon/ros2_humble/install/ament_clang_tidy:/home/sangyeon/ros2_humble/install/ament_clang_format /usr/bin/cmake --build /home/sangyeon/project3/computer/build/custom_msgs -- -j4 -l4
[4.521s] [  1%] [34m[1mGenerating C code for ROS interfaces[0m
[4.546s] [  3%] [34m[1mGenerating C++ code for ROS interfaces[0m
[4.574s] [  3%] Built target ament_cmake_python_symlink_custom_msgs
[4.962s] running egg_info
[4.963s] creating custom_msgs.egg-info
[4.963s] writing custom_msgs.egg-info/PKG-INFO
[4.963s] writing dependency_links to custom_msgs.egg-info/dependency_links.txt
[4.963s] writing top-level names to custom_msgs.egg-info/top_level.txt
[4.969s] writing manifest file 'custom_msgs.egg-info/SOURCES.txt'
[4.972s] reading manifest file 'custom_msgs.egg-info/SOURCES.txt'
[4.973s] writing manifest file 'custom_msgs.egg-info/SOURCES.txt'
[5.015s] [  3%] Built target ament_cmake_python_build_custom_msgs_egg
[5.376s] [  3%] Built target custom_msgs__cpp
[5.444s] [  4%] [34m[1mGenerating C++ type support for eProsima Fast-RTPS[0m
[5.450s] [  6%] [34m[1mGenerating C++ introspection for ROS interfaces[0m
[5.460s] [  7%] [34m[1mGenerating C++ type support dispatch for ROS interfaces[0m
[5.492s] [  9%] [32mBuilding C object CMakeFiles/custom_msgs__rosidl_generator_c.dir/rosidl_generator_c/custom_msgs/msg/detail/update_status__functions.c.o[0m
[5.631s] [ 11%] [32mBuilding C object CMakeFiles/custom_msgs__rosidl_generator_c.dir/rosidl_generator_c/custom_msgs/msg/detail/order_detail__functions.c.o[0m
[5.724s] [ 12%] [32mBuilding C object CMakeFiles/custom_msgs__rosidl_generator_c.dir/rosidl_generator_c/custom_msgs/srv/detail/receive_order__functions.c.o[0m
[5.829s] [ 14%] [32mBuilding C object CMakeFiles/custom_msgs__rosidl_generator_c.dir/rosidl_generator_c/custom_msgs/action/detail/cook__functions.c.o[0m
[6.003s] [ 15%] [32mBuilding C object CMakeFiles/custom_msgs__rosidl_generator_c.dir/rosidl_generator_c/custom_msgs/action/detail/serve__functions.c.o[0m
[6.029s] [ 17%] [32mBuilding CXX object CMakeFiles/custom_msgs__rosidl_typesupport_cpp.dir/rosidl_typesupport_cpp/custom_msgs/msg/update_status__type_support.cpp.o[0m
[6.147s] [ 19%] [32m[1mLinking C shared library libcustom_msgs__rosidl_generator_c.so[0m
[6.222s] [ 19%] Built target custom_msgs__rosidl_generator_c
[6.240s] [ 20%] [32mBuilding CXX object CMakeFiles/custom_msgs__rosidl_typesupport_cpp.dir/rosidl_typesupport_cpp/custom_msgs/msg/order_detail__type_support.cpp.o[0m
[6.343s] [ 22%] [32mBuilding CXX object CMakeFiles/custom_msgs__rosidl_typesupport_introspection_cpp.dir/rosidl_typesupport_introspection_cpp/custom_msgs/msg/detail/update_status__type_support.cpp.o[0m
[6.361s] [ 23%] [32mBuilding CXX object CMakeFiles/custom_msgs__rosidl_typesupport_fastrtps_cpp.dir/rosidl_typesupport_fastrtps_cpp/custom_msgs/msg/detail/dds_fastrtps/update_status__type_support.cpp.o[0m
[6.403s] [ 25%] [32mBuilding CXX object CMakeFiles/custom_msgs__rosidl_typesupport_cpp.dir/rosidl_typesupport_cpp/custom_msgs/srv/receive_order__type_support.cpp.o[0m
[6.519s] [ 26%] [32mBuilding CXX object CMakeFiles/custom_msgs__rosidl_typesupport_cpp.dir/rosidl_typesupport_cpp/custom_msgs/action/cook__type_support.cpp.o[0m
[6.680s] [ 28%] [32mBuilding CXX object CMakeFiles/custom_msgs__rosidl_typesupport_fastrtps_cpp.dir/rosidl_typesupport_fastrtps_cpp/custom_msgs/msg/detail/dds_fastrtps/order_detail__type_support.cpp.o[0m
[6.732s] [ 30%] [32mBuilding CXX object CMakeFiles/custom_msgs__rosidl_typesupport_introspection_cpp.dir/rosidl_typesupport_introspection_cpp/custom_msgs/msg/detail/order_detail__type_support.cpp.o[0m
[6.835s] [ 31%] [32mBuilding CXX object CMakeFiles/custom_msgs__rosidl_typesupport_fastrtps_cpp.dir/rosidl_typesupport_fastrtps_cpp/custom_msgs/srv/detail/dds_fastrtps/receive_order__type_support.cpp.o[0m
[7.051s] [ 33%] [32mBuilding CXX object CMakeFiles/custom_msgs__rosidl_typesupport_cpp.dir/rosidl_typesupport_cpp/custom_msgs/action/serve__type_support.cpp.o[0m
[7.069s] [ 34%] [32mBuilding CXX object CMakeFiles/custom_msgs__rosidl_typesupport_fastrtps_cpp.dir/rosidl_typesupport_fastrtps_cpp/custom_msgs/action/detail/dds_fastrtps/cook__type_support.cpp.o[0m
[7.180s] [ 36%] [32mBuilding CXX object CMakeFiles/custom_msgs__rosidl_typesupport_introspection_cpp.dir/rosidl_typesupport_introspection_cpp/custom_msgs/srv/detail/receive_order__type_support.cpp.o[0m
[7.330s] [ 38%] [32mBuilding CXX object CMakeFiles/custom_msgs__rosidl_typesupport_fastrtps_cpp.dir/rosidl_typesupport_fastrtps_cpp/custom_msgs/action/detail/dds_fastrtps/serve__type_support.cpp.o[0m
[7.555s] [ 39%] [32m[1mLinking CXX shared library libcustom_msgs__rosidl_typesupport_cpp.so[0m
[7.592s] [ 41%] [34m[1mGenerating C type support dispatch for ROS interfaces[0m
[7.618s] [ 42%] [32mBuilding CXX object CMakeFiles/custom_msgs__rosidl_typesupport_introspection_cpp.dir/rosidl_typesupport_introspection_cpp/custom_msgs/action/detail/cook__type_support.cpp.o[0m
[7.632s] [ 42%] Built target custom_msgs__rosidl_typesupport_cpp
[7.656s] [ 44%] [32mBuilding CXX object CMakeFiles/custom_msgs__rosidl_typesupport_introspection_cpp.dir/rosidl_typesupport_introspection_cpp/custom_msgs/action/detail/serve__type_support.cpp.o[0m
[7.913s] [ 46%] [32m[1mLinking CXX shared library libcustom_msgs__rosidl_typesupport_fastrtps_cpp.so[0m
[8.019s] [ 46%] Built target custom_msgs__rosidl_typesupport_fastrtps_cpp
[8.038s] [ 47%] [34m[1mGenerating C type support for eProsima Fast-RTPS[0m
[8.172s] [ 49%] [32mBuilding CXX object CMakeFiles/custom_msgs__rosidl_typesupport_c.dir/rosidl_typesupport_c/custom_msgs/msg/update_status__type_support.cpp.o[0m
[8.224s] [ 50%] [34m[1mGenerating C introspection for ROS interfaces[0m
[8.243s] [ 52%] [32m[1mLinking CXX shared library libcustom_msgs__rosidl_typesupport_introspection_cpp.so[0m
[8.244s] [ 53%] [32mBuilding CXX object CMakeFiles/custom_msgs__rosidl_typesupport_c.dir/rosidl_typesupport_c/custom_msgs/msg/order_detail__type_support.cpp.o[0m
[8.291s] [ 55%] [32mBuilding CXX object CMakeFiles/custom_msgs__rosidl_typesupport_c.dir/rosidl_typesupport_c/custom_msgs/srv/receive_order__type_support.cpp.o[0m
[8.354s] [ 57%] [32mBuilding CXX object CMakeFiles/custom_msgs__rosidl_typesupport_c.dir/rosidl_typesupport_c/custom_msgs/action/cook__type_support.cpp.o[0m
[8.360s] [ 57%] Built target custom_msgs__rosidl_typesupport_introspection_cpp
[8.381s] [ 58%] [32mBuilding CXX object CMakeFiles/custom_msgs__rosidl_typesupport_c.dir/rosidl_typesupport_c/custom_msgs/action/serve__type_support.cpp.o[0m
[8.466s] [ 60%] [32m[1mLinking CXX shared library libcustom_msgs__rosidl_typesupport_c.so[0m
[8.533s] [ 60%] Built target custom_msgs__rosidl_typesupport_c
[8.777s] [ 61%] [32mBuilding CXX object CMakeFiles/custom_msgs__rosidl_typesupport_fastrtps_c.dir/rosidl_typesupport_fastrtps_c/custom_msgs/msg/detail/update_status__type_support_c.cpp.o[0m
[8.785s] [ 63%] [32mBuilding CXX object CMakeFiles/custom_msgs__rosidl_typesupport_fastrtps_c.dir/rosidl_typesupport_fastrtps_c/custom_msgs/srv/detail/receive_order__type_support_c.cpp.o[0m
[8.795s] [ 65%] [32mBuilding CXX object CMakeFiles/custom_msgs__rosidl_typesupport_fastrtps_c.dir/rosidl_typesupport_fastrtps_c/custom_msgs/msg/detail/order_detail__type_support_c.cpp.o[0m
[8.850s] [ 66%] [32mBuilding C object CMakeFiles/custom_msgs__rosidl_typesupport_introspection_c.dir/rosidl_typesupport_introspection_c/custom_msgs/msg/detail/update_status__type_support.c.o[0m
[8.935s] [ 68%] [32mBuilding C object CMakeFiles/custom_msgs__rosidl_typesupport_introspection_c.dir/rosidl_typesupport_introspection_c/custom_msgs/msg/detail/order_detail__type_support.c.o[0m
[8.980s] [ 69%] [32mBuilding C object CMakeFiles/custom_msgs__rosidl_typesupport_introspection_c.dir/rosidl_typesupport_introspection_c/custom_msgs/srv/detail/receive_order__type_support.c.o[0m
[9.043s] [ 71%] [32mBuilding C object CMakeFiles/custom_msgs__rosidl_typesupport_introspection_c.dir/rosidl_typesupport_introspection_c/custom_msgs/action/detail/cook__type_support.c.o[0m
[9.077s] [ 73%] [32mBuilding CXX object CMakeFiles/custom_msgs__rosidl_typesupport_fastrtps_c.dir/rosidl_typesupport_fastrtps_c/custom_msgs/action/detail/cook__type_support_c.cpp.o[0m
[9.110s] [ 74%] [32mBuilding CXX object CMakeFiles/custom_msgs__rosidl_typesupport_fastrtps_c.dir/rosidl_typesupport_fastrtps_c/custom_msgs/action/detail/serve__type_support_c.cpp.o[0m
[9.128s] [ 76%] [32mBuilding C object CMakeFiles/custom_msgs__rosidl_typesupport_introspection_c.dir/rosidl_typesupport_introspection_c/custom_msgs/action/detail/serve__type_support.c.o[0m
[9.192s] [ 77%] [32m[1mLinking C shared library libcustom_msgs__rosidl_typesupport_introspection_c.so[0m
[9.263s] [ 77%] Built target custom_msgs__rosidl_typesupport_introspection_c
[9.402s] [ 79%] [32m[1mLinking CXX shared library libcustom_msgs__rosidl_typesupport_fastrtps_c.so[0m
[9.509s] [ 79%] Built target custom_msgs__rosidl_typesupport_fastrtps_c
[9.545s] [ 79%] Built target custom_msgs
[9.583s] [ 80%] [34m[1mGenerating Python code for ROS interfaces[0m
[10.559s] [ 80%] Built target custom_msgs__py
[10.598s] [ 82%] [32mBuilding C object CMakeFiles/custom_msgs__rosidl_generator_py.dir/rosidl_generator_py/custom_msgs/msg/_update_status_s.c.o[0m
[10.598s] [ 84%] [32mBuilding C object CMakeFiles/custom_msgs__rosidl_generator_py.dir/rosidl_generator_py/custom_msgs/msg/_order_detail_s.c.o[0m
[10.607s] [ 85%] [32mBuilding C object CMakeFiles/custom_msgs__rosidl_generator_py.dir/rosidl_generator_py/custom_msgs/srv/_receive_order_s.c.o[0m
[10.607s] [ 87%] [32mBuilding C object CMakeFiles/custom_msgs__rosidl_generator_py.dir/rosidl_generator_py/custom_msgs/action/_cook_s.c.o[0m
[10.785s] [ 88%] [32mBuilding C object CMakeFiles/custom_msgs__rosidl_generator_py.dir/rosidl_generator_py/custom_msgs/action/_serve_s.c.o[0m
[10.891s] [ 90%] [32m[1mLinking C shared library rosidl_generator_py/custom_msgs/libcustom_msgs__rosidl_generator_py.so[0m
[10.947s] [ 90%] Built target custom_msgs__rosidl_generator_py
[10.991s] [ 92%] [32mBuilding C object CMakeFiles/custom_msgs__rosidl_typesupport_c__pyext.dir/rosidl_generator_py/custom_msgs/_custom_msgs_s.ep.rosidl_typesupport_c.c.o[0m
[10.994s] [ 93%] [32mBuilding C object CMakeFiles/custom_msgs__rosidl_typesupport_fastrtps_c__pyext.dir/rosidl_generator_py/custom_msgs/_custom_msgs_s.ep.rosidl_typesupport_fastrtps_c.c.o[0m
[10.994s] [ 95%] [32mBuilding C object CMakeFiles/custom_msgs__rosidl_typesupport_introspection_c__pyext.dir/rosidl_generator_py/custom_msgs/_custom_msgs_s.ep.rosidl_typesupport_introspection_c.c.o[0m
[11.129s] [ 96%] [32m[1mLinking C shared library rosidl_generator_py/custom_msgs/custom_msgs_s__rosidl_typesupport_c.cpython-310-x86_64-linux-gnu.so[0m
[11.146s] [ 98%] [32m[1mLinking C shared library rosidl_generator_py/custom_msgs/custom_msgs_s__rosidl_typesupport_introspection_c.cpython-310-x86_64-linux-gnu.so[0m
[11.161s] [100%] [32m[1mLinking C shared library rosidl_generator_py/custom_msgs/custom_msgs_s__rosidl_typesupport_fastrtps_c.cpython-310-x86_64-linux-gnu.so[0m
[11.201s] [100%] Built target custom_msgs__rosidl_typesupport_c__pyext
[11.225s] [100%] Built target custom_msgs__rosidl_typesupport_introspection_c__pyext
[11.235s] [100%] Built target custom_msgs__rosidl_typesupport_fastrtps_c__pyext
[11.254s] Invoked command in '/home/sangyeon/project3/computer/build/custom_msgs' returned '0': CMAKE_PREFIX_PATH=${CMAKE_PREFIX_PATH}:/home/sangyeon/nav2_ws/install/nav2_simple_commander:/opt/ros/humble:/home/sangyeon/ros2_humble/install/rqt_bag_plugins:/home/sangyeon/ros2_humble/install/rqt_bag:/home/sangyeon/ros2_humble/install/launch_testing_examples:/home/sangyeon/ros2_humble/install/ros2bag:/home/sangyeon/ros2_humble/install/tracetools_test:/home/sangyeon/ros2_humble/install/tracetools_launch:/home/sangyeon/ros2_humble/install/topic_monitor:/home/sangyeon/ros2_humble/install/tf2_tools:/home/sangyeon/ros2_humble/install/examples_tf2_py:/home/sangyeon/ros2_humble/install/tf2_ros_py:/home/sangyeon/ros2_humble/install/sros2:/home/sangyeon/ros2_humble/install/rqt_topic:/home/sangyeon/ros2_humble/install/rqt_srv:/home/sangyeon/ros2_humble/install/rqt_shell:/home/sangyeon/ros2_humble/install/rqt_service_caller:/home/sangyeon/ros2_humble/install/rqt_reconfigure:/home/sangyeon/ros2_humble/install/rqt_py_console:/home/sangyeon/ros2_humble/install/rqt_publisher:/home/sangyeon/ros2_humble/install/rqt_plot:/home/sangyeon/ros2_humble/install/rqt_action:/home/sangyeon/ros2_humble/install/rqt_msg:/home/sangyeon/ros2_humble/install/rqt_console:/home/sangyeon/ros2_humble/install/rqt:/home/sangyeon/ros2_humble/install/rqt_graph:/home/sangyeon/ros2_humble/install/rqt_gui_py:/home/sangyeon/ros2_humble/install/rqt_gui:/home/sangyeon/ros2_humble/install/ros2trace:/home/sangyeon/ros2_humble/install/ros2topic:/home/sangyeon/ros2_humble/install/ros2test:/home/sangyeon/ros2_humble/install/ros2component:/home/sangyeon/ros2_humble/install/ros2param:/home/sangyeon/ros2_humble/install/ros2lifecycle:/home/sangyeon/ros2_humble/install/ros2service:/home/sangyeon/ros2_humble/install/ros2run:/home/sangyeon/ros2_humble/install/ros2launch:/home/sangyeon/ros2_humble/install/ros2pkg:/home/sangyeon/ros2_humble/install/ros2node:/home/sangyeon/ros2_humble/install/ros2multicast:/home/sangyeon/ros2_humble/install/ros2interface:/home/sangyeon/ros2_humble/install/ros2doctor:/home/sangyeon/ros2_humble/install/ros2action:/home/sangyeon/ros2_humble/install/ros2cli:/home/sangyeon/ros2_humble/install/quality_of_service_demo_py:/home/sangyeon/ros2_humble/install/lifecycle_py:/home/sangyeon/ros2_humble/install/launch_testing_ros:/home/sangyeon/ros2_humble/install/launch_ros:/home/sangyeon/ros2_humble/install/examples_rclpy_pointcloud_publisher:/home/sangyeon/ros2_humble/install/examples_rclpy_minimal_subscriber:/home/sangyeon/ros2_humble/install/examples_rclpy_minimal_service:/home/sangyeon/ros2_humble/install/examples_rclpy_minimal_publisher:/home/sangyeon/ros2_humble/install/examples_rclpy_minimal_client:/home/sangyeon/ros2_humble/install/examples_rclpy_minimal_action_server:/home/sangyeon/ros2_humble/install/examples_rclpy_minimal_action_client:/home/sangyeon/ros2_humble/install/examples_rclpy_guard_conditions:/home/sangyeon/ros2_humble/install/examples_rclpy_executors:/home/sangyeon/ros2_humble/install/demo_nodes_py:/home/sangyeon/ros2_humble/install/action_tutorials_py:/home/sangyeon/ros2_humble/install/ament_uncrustify:/home/sangyeon/ros2_humble/install/tracetools_trace:/home/sangyeon/ros2_humble/install/tracetools_read:/home/sangyeon/ros2_humble/install/test_tracetools_launch:/home/sangyeon/ros2_humble/install/test_launch_ros:/home/sangyeon/ros2_humble/install/sensor_msgs_py:/home/sangyeon/ros2_humble/install/rpyutils:/home/sangyeon/ros2_humble/install/rosidl_runtime_py:/home/sangyeon/ros2_humble/install/rosidl_cli:/home/sangyeon/ros2_humble/install/launch_pytest:/home/sangyeon/ros2_humble/install/launch_testing:/home/sangyeon/ros2_humble/install/launch_yaml:/home/sangyeon/ros2_humble/install/launch_xml:/home/sangyeon/ros2_humble/install/launch:/home/sangyeon/ros2_humble/install/osrf_pycommon:/home/sangyeon/ros2_humble/install/domain_coordinator:/home/sangyeon/ros2_humble/install/ament_xmllint:/home/sangyeon/ros2_humble/install/ament_pyflakes:/home/sangyeon/ros2_humble/install/ament_pycodestyle:/home/sangyeon/ros2_humble/install/ament_pep257:/home/sangyeon/ros2_humble/install/ament_pclint:/home/sangyeon/ros2_humble/install/ament_package:/home/sangyeon/ros2_humble/install/ament_mypy:/home/sangyeon/ros2_humble/install/ament_lint_cmake:/home/sangyeon/ros2_humble/install/ament_flake8:/home/sangyeon/ros2_humble/install/ament_copyright:/home/sangyeon/ros2_humble/install/ament_lint:/home/sangyeon/ros2_humble/install/ament_index_python:/home/sangyeon/ros2_humble/install/ament_cpplint:/home/sangyeon/ros2_humble/install/ament_cppcheck:/home/sangyeon/ros2_humble/install/ament_clang_tidy:/home/sangyeon/ros2_humble/install/ament_clang_format /usr/bin/cmake --build /home/sangyeon/project3/computer/build/custom_msgs -- -j4 -l4
[11.682s] Invoking command in '/home/sangyeon/project3/computer/build/custom_msgs': CMAKE_PREFIX_PATH=${CMAKE_PREFIX_PATH}:/home/sangyeon/nav2_ws/install/nav2_simple_commander:/opt/ros/humble:/home/sangyeon/ros2_humble/install/rqt_bag_plugins:/home/sangyeon/ros2_humble/install/rqt_bag:/home/sangyeon/ros2_humble/install/launch_testing_examples:/home/sangyeon/ros2_humble/install/ros2bag:/home/sangyeon/ros2_humble/install/tracetools_test:/home/sangyeon/ros2_humble/install/tracetools_launch:/home/sangyeon/ros2_humble/install/topic_monitor:/home/sangyeon/ros2_humble/install/tf2_tools:/home/sangyeon/ros2_humble/install/examples_tf2_py:/home/sangyeon/ros2_humble/install/tf2_ros_py:/home/sangyeon/ros2_humble/install/sros2:/home/sangyeon/ros2_humble/install/rqt_topic:/home/sangyeon/ros2_humble/install/rqt_srv:/home/sangyeon/ros2_humble/install/rqt_shell:/home/sangyeon/ros2_humble/install/rqt_service_caller:/home/sangyeon/ros2_humble/install/rqt_reconfigure:/home/sangyeon/ros2_humble/install/rqt_py_console:/home/sangyeon/ros2_humble/install/rqt_publisher:/home/sangyeon/ros2_humble/install/rqt_plot:/home/sangyeon/ros2_humble/install/rqt_action:/home/sangyeon/ros2_humble/install/rqt_msg:/home/sangyeon/ros2_humble/install/rqt_console:/home/sangyeon/ros2_humble/install/rqt:/home/sangyeon/ros2_humble/install/rqt_graph:/home/sangyeon/ros2_humble/install/rqt_gui_py:/home/sangyeon/ros2_humble/install/rqt_gui:/home/sangyeon/ros2_humble/install/ros2trace:/home/sangyeon/ros2_humble/install/ros2topic:/home/sangyeon/ros2_humble/install/ros2test:/home/sangyeon/ros2_humble/install/ros2component:/home/sangyeon/ros2_humble/install/ros2param:/home/sangyeon/ros2_humble/install/ros2lifecycle:/home/sangyeon/ros2_humble/install/ros2service:/home/sangyeon/ros2_humble/install/ros2run:/home/sangyeon/ros2_humble/install/ros2launch:/home/sangyeon/ros2_humble/install/ros2pkg:/home/sangyeon/ros2_humble/install/ros2node:/home/sangyeon/ros2_humble/install/ros2multicast:/home/sangyeon/ros2_humble/install/ros2interface:/home/sangyeon/ros2_humble/install/ros2doctor:/home/sangyeon/ros2_humble/install/ros2action:/home/sangyeon/ros2_humble/install/ros2cli:/home/sangyeon/ros2_humble/install/quality_of_service_demo_py:/home/sangyeon/ros2_humble/install/lifecycle_py:/home/sangyeon/ros2_humble/install/launch_testing_ros:/home/sangyeon/ros2_humble/install/launch_ros:/home/sangyeon/ros2_humble/install/examples_rclpy_pointcloud_publisher:/home/sangyeon/ros2_humble/install/examples_rclpy_minimal_subscriber:/home/sangyeon/ros2_humble/install/examples_rclpy_minimal_service:/home/sangyeon/ros2_humble/install/examples_rclpy_minimal_publisher:/home/sangyeon/ros2_humble/install/examples_rclpy_minimal_client:/home/sangyeon/ros2_humble/install/examples_rclpy_minimal_action_server:/home/sangyeon/ros2_humble/install/examples_rclpy_minimal_action_client:/home/sangyeon/ros2_humble/install/examples_rclpy_guard_conditions:/home/sangyeon/ros2_humble/install/examples_rclpy_executors:/home/sangyeon/ros2_humble/install/demo_nodes_py:/home/sangyeon/ros2_humble/install/action_tutorials_py:/home/sangyeon/ros2_humble/install/ament_uncrustify:/home/sangyeon/ros2_humble/install/tracetools_trace:/home/sangyeon/ros2_humble/install/tracetools_read:/home/sangyeon/ros2_humble/install/test_tracetools_launch:/home/sangyeon/ros2_humble/install/test_launch_ros:/home/sangyeon/ros2_humble/install/sensor_msgs_py:/home/sangyeon/ros2_humble/install/rpyutils:/home/sangyeon/ros2_humble/install/rosidl_runtime_py:/home/sangyeon/ros2_humble/install/rosidl_cli:/home/sangyeon/ros2_humble/install/launch_pytest:/home/sangyeon/ros2_humble/install/launch_testing:/home/sangyeon/ros2_humble/install/launch_yaml:/home/sangyeon/ros2_humble/install/launch_xml:/home/sangyeon/ros2_humble/install/launch:/home/sangyeon/ros2_humble/install/osrf_pycommon:/home/sangyeon/ros2_humble/install/domain_coordinator:/home/sangyeon/ros2_humble/install/ament_xmllint:/home/sangyeon/ros2_humble/install/ament_pyflakes:/home/sangyeon/ros2_humble/install/ament_pycodestyle:/home/sangyeon/ros2_humble/install/ament_pep257:/home/sangyeon/ros2_humble/install/ament_pclint:/home/sangyeon/ros2_humble/install/ament_package:/home/sangyeon/ros2_humble/install/ament_mypy:/home/sangyeon/ros2_humble/install/ament_lint_cmake:/home/sangyeon/ros2_humble/install/ament_flake8:/home/sangyeon/ros2_humble/install/ament_copyright:/home/sangyeon/ros2_humble/install/ament_lint:/home/sangyeon/ros2_humble/install/ament_index_python:/home/sangyeon/ros2_humble/install/ament_cpplint:/home/sangyeon/ros2_humble/install/ament_cppcheck:/home/sangyeon/ros2_humble/install/ament_clang_tidy:/home/sangyeon/ros2_humble/install/ament_clang_format /usr/bin/cmake --install /home/sangyeon/project3/computer/build/custom_msgs
[11.693s] -- Install configuration: ""
[11.694s] -- Execute custom install script
[11.694s] -- Symlinking: /home/sangyeon/project3/computer/install/custom_msgs/share/ament_index/resource_index/rosidl_interfaces/custom_msgs
[11.708s] -- Symlinking: /home/sangyeon/project3/computer/install/custom_msgs/include/custom_msgs/custom_msgs/action/cook.h
[11.722s] -- Symlinking: /home/sangyeon/project3/computer/install/custom_msgs/include/custom_msgs/custom_msgs/action/detail/cook__functions.h
[11.735s] -- Symlinking: /home/sangyeon/project3/computer/install/custom_msgs/include/custom_msgs/custom_msgs/action/detail/cook__struct.h
[11.748s] -- Symlinking: /home/sangyeon/project3/computer/install/custom_msgs/include/custom_msgs/custom_msgs/action/detail/cook__type_support.h
[11.762s] -- Symlinking: /home/sangyeon/project3/computer/install/custom_msgs/include/custom_msgs/custom_msgs/action/detail/serve__functions.h
[11.779s] -- Symlinking: /home/sangyeon/project3/computer/install/custom_msgs/include/custom_msgs/custom_msgs/action/detail/serve__struct.h
[11.793s] -- Symlinking: /home/sangyeon/project3/computer/install/custom_msgs/include/custom_msgs/custom_msgs/action/detail/serve__type_support.h
[11.806s] -- Symlinking: /home/sangyeon/project3/computer/install/custom_msgs/include/custom_msgs/custom_msgs/action/serve.h
[11.819s] -- Symlinking: /home/sangyeon/project3/computer/install/custom_msgs/include/custom_msgs/custom_msgs/msg/detail/order_detail__functions.h
[11.834s] -- Symlinking: /home/sangyeon/project3/computer/install/custom_msgs/include/custom_msgs/custom_msgs/msg/detail/order_detail__struct.h
[11.848s] -- Symlinking: /home/sangyeon/project3/computer/install/custom_msgs/include/custom_msgs/custom_msgs/msg/detail/order_detail__type_support.h
[11.863s] -- Symlinking: /home/sangyeon/project3/computer/install/custom_msgs/include/custom_msgs/custom_msgs/msg/detail/update_status__functions.h
[11.877s] -- Symlinking: /home/sangyeon/project3/computer/install/custom_msgs/include/custom_msgs/custom_msgs/msg/detail/update_status__struct.h
[11.891s] -- Symlinking: /home/sangyeon/project3/computer/install/custom_msgs/include/custom_msgs/custom_msgs/msg/detail/update_status__type_support.h
[11.904s] -- Symlinking: /home/sangyeon/project3/computer/install/custom_msgs/include/custom_msgs/custom_msgs/msg/order_detail.h
[11.917s] -- Symlinking: /home/sangyeon/project3/computer/install/custom_msgs/include/custom_msgs/custom_msgs/msg/rosidl_generator_c__visibility_control.h
[11.932s] -- Symlinking: /home/sangyeon/project3/computer/install/custom_msgs/include/custom_msgs/custom_msgs/msg/update_status.h
[11.945s] -- Symlinking: /home/sangyeon/project3/computer/install/custom_msgs/include/custom_msgs/custom_msgs/srv/detail/receive_order__functions.h
[11.958s] -- Symlinking: /home/sangyeon/project3/computer/install/custom_msgs/include/custom_msgs/custom_msgs/srv/detail/receive_order__struct.h
[11.973s] -- Symlinking: /home/sangyeon/project3/computer/install/custom_msgs/include/custom_msgs/custom_msgs/srv/detail/receive_order__type_support.h
[11.986s] -- Symlinking: /home/sangyeon/project3/computer/install/custom_msgs/include/custom_msgs/custom_msgs/srv/receive_order.h
[12.001s] -- Symlinking: /home/sangyeon/project3/computer/install/custom_msgs/share/custom_msgs/environment/library_path.sh
[12.015s] -- Symlinking: /home/sangyeon/project3/computer/install/custom_msgs/share/custom_msgs/environment/library_path.dsv
[12.029s] -- Symlinking: /home/sangyeon/project3/computer/install/custom_msgs/include/custom_msgs/custom_msgs/action/detail/cook__rosidl_typesupport_fastrtps_c.h
[12.042s] -- Symlinking: /home/sangyeon/project3/computer/install/custom_msgs/include/custom_msgs/custom_msgs/action/detail/serve__rosidl_typesupport_fastrtps_c.h
[12.055s] -- Symlinking: /home/sangyeon/project3/computer/install/custom_msgs/include/custom_msgs/custom_msgs/msg/detail/order_detail__rosidl_typesupport_fastrtps_c.h
[12.070s] -- Symlinking: /home/sangyeon/project3/computer/install/custom_msgs/include/custom_msgs/custom_msgs/msg/detail/update_status__rosidl_typesupport_fastrtps_c.h
[12.085s] -- Symlinking: /home/sangyeon/project3/computer/install/custom_msgs/include/custom_msgs/custom_msgs/msg/rosidl_typesupport_fastrtps_c__visibility_control.h
[12.099s] -- Symlinking: /home/sangyeon/project3/computer/install/custom_msgs/include/custom_msgs/custom_msgs/srv/detail/receive_order__rosidl_typesupport_fastrtps_c.h
[12.113s] -- Symlinking: /home/sangyeon/project3/computer/install/custom_msgs/include/custom_msgs/custom_msgs/action/detail/cook__rosidl_typesupport_introspection_c.h
[12.126s] -- Symlinking: /home/sangyeon/project3/computer/install/custom_msgs/include/custom_msgs/custom_msgs/action/detail/serve__rosidl_typesupport_introspection_c.h
[12.140s] -- Symlinking: /home/sangyeon/project3/computer/install/custom_msgs/include/custom_msgs/custom_msgs/msg/detail/order_detail__rosidl_typesupport_introspection_c.h
[12.153s] -- Symlinking: /home/sangyeon/project3/computer/install/custom_msgs/include/custom_msgs/custom_msgs/msg/detail/update_status__rosidl_typesupport_introspection_c.h
[12.169s] -- Symlinking: /home/sangyeon/project3/computer/install/custom_msgs/include/custom_msgs/custom_msgs/msg/rosidl_typesupport_introspection_c__visibility_control.h
[12.182s] -- Symlinking: /home/sangyeon/project3/computer/install/custom_msgs/include/custom_msgs/custom_msgs/srv/detail/receive_order__rosidl_typesupport_introspection_c.h
[12.197s] -- Symlinking: /home/sangyeon/project3/computer/install/custom_msgs/include/custom_msgs/custom_msgs/action/cook.hpp
[12.217s] -- Symlinking: /home/sangyeon/project3/computer/install/custom_msgs/include/custom_msgs/custom_msgs/action/detail/cook__builder.hpp
[12.233s] -- Symlinking: /home/sangyeon/project3/computer/install/custom_msgs/include/custom_msgs/custom_msgs/action/detail/cook__struct.hpp
[12.247s] -- Symlinking: /home/sangyeon/project3/computer/install/custom_msgs/include/custom_msgs/custom_msgs/action/detail/cook__traits.hpp
[12.265s] -- Symlinking: /home/sangyeon/project3/computer/install/custom_msgs/include/custom_msgs/custom_msgs/action/detail/serve__builder.hpp
[12.278s] -- Symlinking: /home/sangyeon/project3/computer/install/custom_msgs/include/custom_msgs/custom_msgs/action/detail/serve__struct.hpp
[12.291s] -- Symlinking: /home/sangyeon/project3/computer/install/custom_msgs/include/custom_msgs/custom_msgs/action/detail/serve__traits.hpp
[12.303s] -- Symlinking: /home/sangyeon/project3/computer/install/custom_msgs/include/custom_msgs/custom_msgs/action/serve.hpp
[12.316s] -- Symlinking: /home/sangyeon/project3/computer/install/custom_msgs/include/custom_msgs/custom_msgs/msg/detail/order_detail__builder.hpp
[12.328s] -- Symlinking: /home/sangyeon/project3/computer/install/custom_msgs/include/custom_msgs/custom_msgs/msg/detail/order_detail__struct.hpp
[12.342s] -- Symlinking: /home/sangyeon/project3/computer/install/custom_msgs/include/custom_msgs/custom_msgs/msg/detail/order_detail__traits.hpp
[12.355s] -- Symlinking: /home/sangyeon/project3/computer/install/custom_msgs/include/custom_msgs/custom_msgs/msg/detail/update_status__builder.hpp
[12.368s] -- Symlinking: /home/sangyeon/project3/computer/install/custom_msgs/include/custom_msgs/custom_msgs/msg/detail/update_status__struct.hpp
[12.383s] -- Symlinking: /home/sangyeon/project3/computer/install/custom_msgs/include/custom_msgs/custom_msgs/msg/detail/update_status__traits.hpp
[12.397s] -- Symlinking: /home/sangyeon/project3/computer/install/custom_msgs/include/custom_msgs/custom_msgs/msg/order_detail.hpp
[12.410s] -- Symlinking: /home/sangyeon/project3/computer/install/custom_msgs/include/custom_msgs/custom_msgs/msg/rosidl_generator_cpp__visibility_control.hpp
[12.425s] -- Symlinking: /home/sangyeon/project3/computer/install/custom_msgs/include/custom_msgs/custom_msgs/msg/update_status.hpp
[12.438s] -- Symlinking: /home/sangyeon/project3/computer/install/custom_msgs/include/custom_msgs/custom_msgs/srv/detail/receive_order__builder.hpp
[12.452s] -- Symlinking: /home/sangyeon/project3/computer/install/custom_msgs/include/custom_msgs/custom_msgs/srv/detail/receive_order__struct.hpp
[12.464s] -- Symlinking: /home/sangyeon/project3/computer/install/custom_msgs/include/custom_msgs/custom_msgs/srv/detail/receive_order__traits.hpp
[12.479s] -- Symlinking: /home/sangyeon/project3/computer/install/custom_msgs/include/custom_msgs/custom_msgs/srv/receive_order.hpp
[12.493s] -- Symlinking: /home/sangyeon/project3/computer/install/custom_msgs/include/custom_msgs/custom_msgs/action/detail/cook__rosidl_typesupport_fastrtps_cpp.hpp
[12.506s] -- Symlinking: /home/sangyeon/project3/computer/install/custom_msgs/include/custom_msgs/custom_msgs/action/detail/serve__rosidl_typesupport_fastrtps_cpp.hpp
[12.519s] -- Symlinking: /home/sangyeon/project3/computer/install/custom_msgs/include/custom_msgs/custom_msgs/msg/detail/order_detail__rosidl_typesupport_fastrtps_cpp.hpp
[12.531s] -- Symlinking: /home/sangyeon/project3/computer/install/custom_msgs/include/custom_msgs/custom_msgs/msg/detail/update_status__rosidl_typesupport_fastrtps_cpp.hpp
[12.544s] -- Symlinking: /home/sangyeon/project3/computer/install/custom_msgs/include/custom_msgs/custom_msgs/msg/rosidl_typesupport_fastrtps_cpp__visibility_control.h
[12.556s] -- Symlinking: /home/sangyeon/project3/computer/install/custom_msgs/include/custom_msgs/custom_msgs/srv/detail/receive_order__rosidl_typesupport_fastrtps_cpp.hpp
[12.569s] -- Symlinking: /home/sangyeon/project3/computer/install/custom_msgs/include/custom_msgs/custom_msgs/action/detail/cook__rosidl_typesupport_introspection_cpp.hpp
[12.581s] -- Symlinking: /home/sangyeon/project3/computer/install/custom_msgs/include/custom_msgs/custom_msgs/action/detail/serve__rosidl_typesupport_introspection_cpp.hpp
[12.600s] -- Symlinking: /home/sangyeon/project3/computer/install/custom_msgs/include/custom_msgs/custom_msgs/msg/detail/order_detail__rosidl_typesupport_introspection_cpp.hpp
[12.618s] -- Symlinking: /home/sangyeon/project3/computer/install/custom_msgs/include/custom_msgs/custom_msgs/msg/detail/update_status__rosidl_typesupport_introspection_cpp.hpp
[12.632s] -- Symlinking: /home/sangyeon/project3/computer/install/custom_msgs/include/custom_msgs/custom_msgs/srv/detail/receive_order__rosidl_typesupport_introspection_cpp.hpp
[12.646s] -- Symlinking: /home/sangyeon/project3/computer/install/custom_msgs/share/custom_msgs/environment/pythonpath.sh
[12.660s] -- Symlinking: /home/sangyeon/project3/computer/install/custom_msgs/share/custom_msgs/environment/pythonpath.dsv
[12.674s] -- Symlinking: /home/sangyeon/project3/computer/install/custom_msgs/local/lib/python3.10/dist-packages/custom_msgs-0.0.0-py3.10.egg-info/PKG-INFO
[12.689s] -- Symlinking: /home/sangyeon/project3/computer/install/custom_msgs/local/lib/python3.10/dist-packages/custom_msgs-0.0.0-py3.10.egg-info/SOURCES.txt
[12.702s] -- Symlinking: /home/sangyeon/project3/computer/install/custom_msgs/local/lib/python3.10/dist-packages/custom_msgs-0.0.0-py3.10.egg-info/dependency_links.txt
[12.715s] -- Symlinking: /home/sangyeon/project3/computer/install/custom_msgs/local/lib/python3.10/dist-packages/custom_msgs-0.0.0-py3.10.egg-info/top_level.txt
[12.728s] -- Symlinking: /home/sangyeon/project3/computer/install/custom_msgs/local/lib/python3.10/dist-packages/custom_msgs/__init__.py
[12.740s] -- Symlinking: /home/sangyeon/project3/computer/install/custom_msgs/local/lib/python3.10/dist-packages/custom_msgs/_custom_msgs_s.ep.rosidl_typesupport_c.c
[12.752s] -- Symlinking: /home/sangyeon/project3/computer/install/custom_msgs/local/lib/python3.10/dist-packages/custom_msgs/_custom_msgs_s.ep.rosidl_typesupport_fastrtps_c.c
[12.766s] -- Symlinking: /home/sangyeon/project3/computer/install/custom_msgs/local/lib/python3.10/dist-packages/custom_msgs/_custom_msgs_s.ep.rosidl_typesupport_introspection_c.c
[12.781s] -- Symlinking: /home/sangyeon/project3/computer/install/custom_msgs/local/lib/python3.10/dist-packages/custom_msgs/action/__init__.py
[12.795s] -- Symlinking: /home/sangyeon/project3/computer/install/custom_msgs/local/lib/python3.10/dist-packages/custom_msgs/action/_cook.py
[12.808s] -- Symlinking: /home/sangyeon/project3/computer/install/custom_msgs/local/lib/python3.10/dist-packages/custom_msgs/action/_cook_s.c
[12.821s] -- Symlinking: /home/sangyeon/project3/computer/install/custom_msgs/local/lib/python3.10/dist-packages/custom_msgs/action/_serve.py
[12.834s] -- Symlinking: /home/sangyeon/project3/computer/install/custom_msgs/local/lib/python3.10/dist-packages/custom_msgs/action/_serve_s.c
[12.846s] -- Symlinking: /home/sangyeon/project3/computer/install/custom_msgs/local/lib/python3.10/dist-packages/custom_msgs/custom_msgs_s__rosidl_typesupport_c.cpython-310-x86_64-linux-gnu.so
[12.859s] -- Symlinking: /home/sangyeon/project3/computer/install/custom_msgs/local/lib/python3.10/dist-packages/custom_msgs/custom_msgs_s__rosidl_typesupport_fastrtps_c.cpython-310-x86_64-linux-gnu.so
[12.877s] -- Symlinking: /home/sangyeon/project3/computer/install/custom_msgs/local/lib/python3.10/dist-packages/custom_msgs/custom_msgs_s__rosidl_typesupport_introspection_c.cpython-310-x86_64-linux-gnu.so
[12.890s] -- Symlinking: /home/sangyeon/project3/computer/install/custom_msgs/local/lib/python3.10/dist-packages/custom_msgs/libcustom_msgs__rosidl_generator_py.so
[12.903s] -- Symlinking: /home/sangyeon/project3/computer/install/custom_msgs/local/lib/python3.10/dist-packages/custom_msgs/msg/__init__.py
[12.916s] -- Symlinking: /home/sangyeon/project3/computer/install/custom_msgs/local/lib/python3.10/dist-packages/custom_msgs/msg/_order_detail.py
[12.929s] -- Symlinking: /home/sangyeon/project3/computer/install/custom_msgs/local/lib/python3.10/dist-packages/custom_msgs/msg/_order_detail_s.c
[12.943s] -- Symlinking: /home/sangyeon/project3/computer/install/custom_msgs/local/lib/python3.10/dist-packages/custom_msgs/msg/_update_status.py
[12.955s] -- Symlinking: /home/sangyeon/project3/computer/install/custom_msgs/local/lib/python3.10/dist-packages/custom_msgs/msg/_update_status_s.c
[12.969s] -- Symlinking: /home/sangyeon/project3/computer/install/custom_msgs/local/lib/python3.10/dist-packages/custom_msgs/srv/__init__.py
[12.984s] -- Symlinking: /home/sangyeon/project3/computer/install/custom_msgs/local/lib/python3.10/dist-packages/custom_msgs/srv/_receive_order.py
[12.997s] -- Symlinking: /home/sangyeon/project3/computer/install/custom_msgs/local/lib/python3.10/dist-packages/custom_msgs/srv/_receive_order_s.c
[13.009s] -- Up-to-date symlink: /home/sangyeon/project3/computer/install/custom_msgs/local/lib/python3.10/dist-packages/custom_msgs/custom_msgs_s__rosidl_typesupport_fastrtps_c.cpython-310-x86_64-linux-gnu.so
[13.010s] -- Up-to-date symlink: /home/sangyeon/project3/computer/install/custom_msgs/local/lib/python3.10/dist-packages/custom_msgs/custom_msgs_s__rosidl_typesupport_introspection_c.cpython-310-x86_64-linux-gnu.so
[13.010s] -- Up-to-date symlink: /home/sangyeon/project3/computer/install/custom_msgs/local/lib/python3.10/dist-packages/custom_msgs/custom_msgs_s__rosidl_typesupport_c.cpython-310-x86_64-linux-gnu.so
[13.010s] -- Symlinking: /home/sangyeon/project3/computer/install/custom_msgs/share/custom_msgs/msg/UpdateStatus.idl
[13.023s] -- Symlinking: /home/sangyeon/project3/computer/install/custom_msgs/share/custom_msgs/msg/OrderDetail.idl
[13.038s] -- Symlinking: /home/sangyeon/project3/computer/install/custom_msgs/share/custom_msgs/srv/ReceiveOrder.idl
[13.050s] -- Symlinking: /home/sangyeon/project3/computer/install/custom_msgs/share/custom_msgs/action/Cook.idl
[13.064s] -- Symlinking: /home/sangyeon/project3/computer/install/custom_msgs/share/custom_msgs/action/Serve.idl
[13.076s] -- Symlinking: /home/sangyeon/project3/computer/install/custom_msgs/share/custom_msgs/msg/UpdateStatus.msg
[13.090s] -- Symlinking: /home/sangyeon/project3/computer/install/custom_msgs/share/custom_msgs/msg/OrderDetail.msg
[13.104s] -- Symlinking: /home/sangyeon/project3/computer/install/custom_msgs/share/custom_msgs/srv/ReceiveOrder.srv
[13.116s] -- Symlinking: /home/sangyeon/project3/computer/install/custom_msgs/share/custom_msgs/srv/ReceiveOrder_Request.msg
[13.129s] -- Symlinking: /home/sangyeon/project3/computer/install/custom_msgs/share/custom_msgs/srv/ReceiveOrder_Response.msg
[13.142s] -- Symlinking: /home/sangyeon/project3/computer/install/custom_msgs/share/custom_msgs/action/Cook.action
[13.155s] -- Symlinking: /home/sangyeon/project3/computer/install/custom_msgs/share/custom_msgs/action/Serve.action
[13.168s] -- Symlinking: /home/sangyeon/project3/computer/install/custom_msgs/share/ament_index/resource_index/package_run_dependencies/custom_msgs
[13.182s] -- Symlinking: /home/sangyeon/project3/computer/install/custom_msgs/share/ament_index/resource_index/parent_prefix_path/custom_msgs
[13.197s] -- Symlinking: /home/sangyeon/project3/computer/install/custom_msgs/share/custom_msgs/environment/ament_prefix_path.sh
[13.211s] -- Symlinking: /home/sangyeon/project3/computer/install/custom_msgs/share/custom_msgs/environment/ament_prefix_path.dsv
[13.225s] -- Symlinking: /home/sangyeon/project3/computer/install/custom_msgs/share/custom_msgs/environment/path.sh
[13.241s] -- Symlinking: /home/sangyeon/project3/computer/install/custom_msgs/share/custom_msgs/environment/path.dsv
[13.254s] -- Symlinking: /home/sangyeon/project3/computer/install/custom_msgs/share/custom_msgs/local_setup.bash
[13.267s] -- Symlinking: /home/sangyeon/project3/computer/install/custom_msgs/share/custom_msgs/local_setup.sh
[13.281s] -- Symlinking: /home/sangyeon/project3/computer/install/custom_msgs/share/custom_msgs/local_setup.zsh
[13.295s] -- Symlinking: /home/sangyeon/project3/computer/install/custom_msgs/share/custom_msgs/local_setup.dsv
[13.307s] -- Symlinking: /home/sangyeon/project3/computer/install/custom_msgs/share/custom_msgs/package.dsv
[13.319s] -- Symlinking: /home/sangyeon/project3/computer/install/custom_msgs/share/ament_index/resource_index/packages/custom_msgs
[13.333s] -- Symlinking: /home/sangyeon/project3/computer/install/custom_msgs/share/custom_msgs/cmake/rosidl_cmake-extras.cmake
[13.345s] -- Symlinking: /home/sangyeon/project3/computer/install/custom_msgs/share/custom_msgs/cmake/ament_cmake_export_dependencies-extras.cmake
[13.359s] -- Symlinking: /home/sangyeon/project3/computer/install/custom_msgs/share/custom_msgs/cmake/ament_cmake_export_include_directories-extras.cmake
[13.373s] -- Symlinking: /home/sangyeon/project3/computer/install/custom_msgs/share/custom_msgs/cmake/ament_cmake_export_libraries-extras.cmake
[13.388s] -- Symlinking: /home/sangyeon/project3/computer/install/custom_msgs/share/custom_msgs/cmake/ament_cmake_export_targets-extras.cmake
[13.401s] -- Symlinking: /home/sangyeon/project3/computer/install/custom_msgs/share/custom_msgs/cmake/rosidl_cmake_export_typesupport_targets-extras.cmake
[13.414s] -- Symlinking: /home/sangyeon/project3/computer/install/custom_msgs/share/custom_msgs/cmake/rosidl_cmake_export_typesupport_libraries-extras.cmake
[13.426s] -- Symlinking: /home/sangyeon/project3/computer/install/custom_msgs/share/custom_msgs/cmake/custom_msgsConfig.cmake
[13.438s] -- Symlinking: /home/sangyeon/project3/computer/install/custom_msgs/share/custom_msgs/cmake/custom_msgsConfig-version.cmake
[13.451s] -- Symlinking: /home/sangyeon/project3/computer/install/custom_msgs/share/custom_msgs/package.xml
[13.463s] -- Installing: /home/sangyeon/project3/computer/install/custom_msgs/lib/libcustom_msgs__rosidl_generator_c.so
[13.464s] -- Set runtime path of "/home/sangyeon/project3/computer/install/custom_msgs/lib/libcustom_msgs__rosidl_generator_c.so" to ""
[13.464s] -- Installing: /home/sangyeon/project3/computer/install/custom_msgs/lib/libcustom_msgs__rosidl_typesupport_fastrtps_c.so
[13.464s] -- Set runtime path of "/home/sangyeon/project3/computer/install/custom_msgs/lib/libcustom_msgs__rosidl_typesupport_fastrtps_c.so" to ""
[13.464s] -- Installing: /home/sangyeon/project3/computer/install/custom_msgs/lib/libcustom_msgs__rosidl_typesupport_introspection_c.so
[13.464s] -- Set runtime path of "/home/sangyeon/project3/computer/install/custom_msgs/lib/libcustom_msgs__rosidl_typesupport_introspection_c.so" to ""
[13.464s] -- Installing: /home/sangyeon/project3/computer/install/custom_msgs/lib/libcustom_msgs__rosidl_typesupport_c.so
[13.464s] -- Set runtime path of "/home/sangyeon/project3/computer/install/custom_msgs/lib/libcustom_msgs__rosidl_typesupport_c.so" to ""
[13.467s] -- Installing: /home/sangyeon/project3/computer/install/custom_msgs/lib/libcustom_msgs__rosidl_typesupport_fastrtps_cpp.so
[13.467s] -- Set runtime path of "/home/sangyeon/project3/computer/install/custom_msgs/lib/libcustom_msgs__rosidl_typesupport_fastrtps_cpp.so" to ""
[13.467s] -- Installing: /home/sangyeon/project3/computer/install/custom_msgs/lib/libcustom_msgs__rosidl_typesupport_introspection_cpp.so
[13.467s] -- Set runtime path of "/home/sangyeon/project3/computer/install/custom_msgs/lib/libcustom_msgs__rosidl_typesupport_introspection_cpp.so" to ""
[13.468s] -- Installing: /home/sangyeon/project3/computer/install/custom_msgs/lib/libcustom_msgs__rosidl_typesupport_cpp.so
[13.468s] -- Set runtime path of "/home/sangyeon/project3/computer/install/custom_msgs/lib/libcustom_msgs__rosidl_typesupport_cpp.so" to ""
[13.562s] Listing '/home/sangyeon/project3/computer/install/custom_msgs/local/lib/python3.10/dist-packages/custom_msgs'...
[13.562s] Compiling '/home/sangyeon/project3/computer/install/custom_msgs/local/lib/python3.10/dist-packages/custom_msgs/__init__.py'...
[13.562s] Listing '/home/sangyeon/project3/computer/install/custom_msgs/local/lib/python3.10/dist-packages/custom_msgs/action'...
[13.562s] Compiling '/home/sangyeon/project3/computer/install/custom_msgs/local/lib/python3.10/dist-packages/custom_msgs/action/__init__.py'...
[13.562s] Compiling '/home/sangyeon/project3/computer/install/custom_msgs/local/lib/python3.10/dist-packages/custom_msgs/action/_cook.py'...
[13.562s] Compiling '/home/sangyeon/project3/computer/install/custom_msgs/local/lib/python3.10/dist-packages/custom_msgs/action/_serve.py'...
[13.562s] Listing '/home/sangyeon/project3/computer/install/custom_msgs/local/lib/python3.10/dist-packages/custom_msgs/msg'...
[13.563s] Compiling '/home/sangyeon/project3/computer/install/custom_msgs/local/lib/python3.10/dist-packages/custom_msgs/msg/__init__.py'...
[13.563s] Compiling '/home/sangyeon/project3/computer/install/custom_msgs/local/lib/python3.10/dist-packages/custom_msgs/msg/_order_detail.py'...
[13.563s] Compiling '/home/sangyeon/project3/computer/install/custom_msgs/local/lib/python3.10/dist-packages/custom_msgs/msg/_update_status.py'...
[13.563s] Listing '/home/sangyeon/project3/computer/install/custom_msgs/local/lib/python3.10/dist-packages/custom_msgs/srv'...
[13.563s] Compiling '/home/sangyeon/project3/computer/install/custom_msgs/local/lib/python3.10/dist-packages/custom_msgs/srv/__init__.py'...
[13.563s] Compiling '/home/sangyeon/project3/computer/install/custom_msgs/local/lib/python3.10/dist-packages/custom_msgs/srv/_receive_order.py'...
[13.567s] -- Installing: /home/sangyeon/project3/computer/install/custom_msgs/lib/libcustom_msgs__rosidl_generator_py.so
[13.567s] -- Set runtime path of "/home/sangyeon/project3/computer/install/custom_msgs/lib/libcustom_msgs__rosidl_generator_py.so" to ""
[13.567s] -- Installing: /home/sangyeon/project3/computer/install/custom_msgs/share/custom_msgs/cmake/export_custom_msgs__rosidl_generator_cExport.cmake
[13.567s] -- Installing: /home/sangyeon/project3/computer/install/custom_msgs/share/custom_msgs/cmake/export_custom_msgs__rosidl_generator_cExport-noconfig.cmake
[13.567s] -- Installing: /home/sangyeon/project3/computer/install/custom_msgs/share/custom_msgs/cmake/export_custom_msgs__rosidl_typesupport_fastrtps_cExport.cmake
[13.567s] -- Installing: /home/sangyeon/project3/computer/install/custom_msgs/share/custom_msgs/cmake/export_custom_msgs__rosidl_typesupport_fastrtps_cExport-noconfig.cmake
[13.567s] -- Installing: /home/sangyeon/project3/computer/install/custom_msgs/share/custom_msgs/cmake/custom_msgs__rosidl_typesupport_introspection_cExport.cmake
[13.567s] -- Installing: /home/sangyeon/project3/computer/install/custom_msgs/share/custom_msgs/cmake/custom_msgs__rosidl_typesupport_introspection_cExport-noconfig.cmake
[13.567s] -- Installing: /home/sangyeon/project3/computer/install/custom_msgs/share/custom_msgs/cmake/custom_msgs__rosidl_typesupport_cExport.cmake
[13.567s] -- Installing: /home/sangyeon/project3/computer/install/custom_msgs/share/custom_msgs/cmake/custom_msgs__rosidl_typesupport_cExport-noconfig.cmake
[13.567s] -- Installing: /home/sangyeon/project3/computer/install/custom_msgs/share/custom_msgs/cmake/export_custom_msgs__rosidl_generator_cppExport.cmake
[13.567s] -- Installing: /home/sangyeon/project3/computer/install/custom_msgs/share/custom_msgs/cmake/export_custom_msgs__rosidl_typesupport_fastrtps_cppExport.cmake
[13.567s] -- Installing: /home/sangyeon/project3/computer/install/custom_msgs/share/custom_msgs/cmake/export_custom_msgs__rosidl_typesupport_fastrtps_cppExport-noconfig.cmake
[13.567s] -- Installing: /home/sangyeon/project3/computer/install/custom_msgs/share/custom_msgs/cmake/custom_msgs__rosidl_typesupport_introspection_cppExport.cmake
[13.567s] -- Installing: /home/sangyeon/project3/computer/install/custom_msgs/share/custom_msgs/cmake/custom_msgs__rosidl_typesupport_introspection_cppExport-noconfig.cmake
[13.567s] -- Installing: /home/sangyeon/project3/computer/install/custom_msgs/share/custom_msgs/cmake/custom_msgs__rosidl_typesupport_cppExport.cmake
[13.570s] -- Installing: /home/sangyeon/project3/computer/install/custom_msgs/share/custom_msgs/cmake/custom_msgs__rosidl_typesupport_cppExport-noconfig.cmake
[13.570s] -- Installing: /home/sangyeon/project3/computer/install/custom_msgs/share/custom_msgs/cmake/export_custom_msgs__rosidl_generator_pyExport.cmake
[13.570s] -- Installing: /home/sangyeon/project3/computer/install/custom_msgs/share/custom_msgs/cmake/export_custom_msgs__rosidl_generator_pyExport-noconfig.cmake
[13.573s] Invoked command in '/home/sangyeon/project3/computer/build/custom_msgs' returned '0': CMAKE_PREFIX_PATH=${CMAKE_PREFIX_PATH}:/home/sangyeon/nav2_ws/install/nav2_simple_commander:/opt/ros/humble:/home/sangyeon/ros2_humble/install/rqt_bag_plugins:/home/sangyeon/ros2_humble/install/rqt_bag:/home/sangyeon/ros2_humble/install/launch_testing_examples:/home/sangyeon/ros2_humble/install/ros2bag:/home/sangyeon/ros2_humble/install/tracetools_test:/home/sangyeon/ros2_humble/install/tracetools_launch:/home/sangyeon/ros2_humble/install/topic_monitor:/home/sangyeon/ros2_humble/install/tf2_tools:/home/sangyeon/ros2_humble/install/examples_tf2_py:/home/sangyeon/ros2_humble/install/tf2_ros_py:/home/sangyeon/ros2_humble/install/sros2:/home/sangyeon/ros2_humble/install/rqt_topic:/home/sangyeon/ros2_humble/install/rqt_srv:/home/sangyeon/ros2_humble/install/rqt_shell:/home/sangyeon/ros2_humble/install/rqt_service_caller:/home/sangyeon/ros2_humble/install/rqt_reconfigure:/home/sangyeon/ros2_humble/install/rqt_py_console:/home/sangyeon/ros2_humble/install/rqt_publisher:/home/sangyeon/ros2_humble/install/rqt_plot:/home/sangyeon/ros2_humble/install/rqt_action:/home/sangyeon/ros2_humble/install/rqt_msg:/home/sangyeon/ros2_humble/install/rqt_console:/home/sangyeon/ros2_humble/install/rqt:/home/sangyeon/ros2_humble/install/rqt_graph:/home/sangyeon/ros2_humble/install/rqt_gui_py:/home/sangyeon/ros2_humble/install/rqt_gui:/home/sangyeon/ros2_humble/install/ros2trace:/home/sangyeon/ros2_humble/install/ros2topic:/home/sangyeon/ros2_humble/install/ros2test:/home/sangyeon/ros2_humble/install/ros2component:/home/sangyeon/ros2_humble/install/ros2param:/home/sangyeon/ros2_humble/install/ros2lifecycle:/home/sangyeon/ros2_humble/install/ros2service:/home/sangyeon/ros2_humble/install/ros2run:/home/sangyeon/ros2_humble/install/ros2launch:/home/sangyeon/ros2_humble/install/ros2pkg:/home/sangyeon/ros2_humble/install/ros2node:/home/sangyeon/ros2_humble/install/ros2multicast:/home/sangyeon/ros2_humble/install/ros2interface:/home/sangyeon/ros2_humble/install/ros2doctor:/home/sangyeon/ros2_humble/install/ros2action:/home/sangyeon/ros2_humble/install/ros2cli:/home/sangyeon/ros2_humble/install/quality_of_service_demo_py:/home/sangyeon/ros2_humble/install/lifecycle_py:/home/sangyeon/ros2_humble/install/launch_testing_ros:/home/sangyeon/ros2_humble/install/launch_ros:/home/sangyeon/ros2_humble/install/examples_rclpy_pointcloud_publisher:/home/sangyeon/ros2_humble/install/examples_rclpy_minimal_subscriber:/home/sangyeon/ros2_humble/install/examples_rclpy_minimal_service:/home/sangyeon/ros2_humble/install/examples_rclpy_minimal_publisher:/home/sangyeon/ros2_humble/install/examples_rclpy_minimal_client:/home/sangyeon/ros2_humble/install/examples_rclpy_minimal_action_server:/home/sangyeon/ros2_humble/install/examples_rclpy_minimal_action_client:/home/sangyeon/ros2_humble/install/examples_rclpy_guard_conditions:/home/sangyeon/ros2_humble/install/examples_rclpy_executors:/home/sangyeon/ros2_humble/install/demo_nodes_py:/home/sangyeon/ros2_humble/install/action_tutorials_py:/home/sangyeon/ros2_humble/install/ament_uncrustify:/home/sangyeon/ros2_humble/install/tracetools_trace:/home/sangyeon/ros2_humble/install/tracetools_read:/home/sangyeon/ros2_humble/install/test_tracetools_launch:/home/sangyeon/ros2_humble/install/test_launch_ros:/home/sangyeon/ros2_humble/install/sensor_msgs_py:/home/sangyeon/ros2_humble/install/rpyutils:/home/sangyeon/ros2_humble/install/rosidl_runtime_py:/home/sangyeon/ros2_humble/install/rosidl_cli:/home/sangyeon/ros2_humble/install/launch_pytest:/home/sangyeon/ros2_humble/install/launch_testing:/home/sangyeon/ros2_humble/install/launch_yaml:/home/sangyeon/ros2_humble/install/launch_xml:/home/sangyeon/ros2_humble/install/launch:/home/sangyeon/ros2_humble/install/osrf_pycommon:/home/sangyeon/ros2_humble/install/domain_coordinator:/home/sangyeon/ros2_humble/install/ament_xmllint:/home/sangyeon/ros2_humble/install/ament_pyflakes:/home/sangyeon/ros2_humble/install/ament_pycodestyle:/home/sangyeon/ros2_humble/install/ament_pep257:/home/sangyeon/ros2_humble/install/ament_pclint:/home/sangyeon/ros2_humble/install/ament_package:/home/sangyeon/ros2_humble/install/ament_mypy:/home/sangyeon/ros2_humble/install/ament_lint_cmake:/home/sangyeon/ros2_humble/install/ament_flake8:/home/sangyeon/ros2_humble/install/ament_copyright:/home/sangyeon/ros2_humble/install/ament_lint:/home/sangyeon/ros2_humble/install/ament_index_python:/home/sangyeon/ros2_humble/install/ament_cpplint:/home/sangyeon/ros2_humble/install/ament_cppcheck:/home/sangyeon/ros2_humble/install/ament_clang_tidy:/home/sangyeon/ros2_humble/install/ament_clang_format /usr/bin/cmake --install /home/sangyeon/project3/computer/build/custom_msgs
