[0.031s] Invoking command in '/home/soomi/project_ws/build/my_custom_msgs': CMAKE_PREFIX_PATH=${CMAKE_PREFIX_PATH}:/home/soomi/ros2_humble/install/rqt_bag_plugins:/home/soomi/ros2_humble/install/rqt_bag:/home/soomi/ros2_humble/install/launch_testing_examples:/home/soomi/ros2_humble/install/ros2bag:/home/soomi/ros2_humble/install/tracetools_test:/home/soomi/ros2_humble/install/tracetools_launch:/home/soomi/ros2_humble/install/topic_monitor:/home/soomi/ros2_humble/install/tf2_tools:/home/soomi/ros2_humble/install/examples_tf2_py:/home/soomi/ros2_humble/install/tf2_ros_py:/home/soomi/ros2_humble/install/sros2:/home/soomi/ros2_humble/install/rqt_topic:/home/soomi/ros2_humble/install/rqt_srv:/home/soomi/ros2_humble/install/rqt_shell:/home/soomi/ros2_humble/install/rqt_service_caller:/home/soomi/ros2_humble/install/rqt_reconfigure:/home/soomi/ros2_humble/install/rqt_py_console:/home/soomi/ros2_humble/install/rqt_publisher:/home/soomi/ros2_humble/install/rqt_plot:/home/soomi/ros2_humble/install/rqt_action:/home/soomi/ros2_humble/install/rqt_msg:/home/soomi/ros2_humble/install/rqt_console:/home/soomi/ros2_humble/install/rqt:/home/soomi/ros2_humble/install/rqt_graph:/home/soomi/ros2_humble/install/rqt_gui_py:/home/soomi/ros2_humble/install/rqt_gui:/home/soomi/ros2_humble/install/ros2trace:/home/soomi/ros2_humble/install/ros2topic:/home/soomi/ros2_humble/install/ros2test:/home/soomi/ros2_humble/install/ros2component:/home/soomi/ros2_humble/install/ros2param:/home/soomi/ros2_humble/install/ros2lifecycle:/home/soomi/ros2_humble/install/ros2service:/home/soomi/ros2_humble/install/ros2run:/home/soomi/ros2_humble/install/ros2launch:/home/soomi/ros2_humble/install/ros2pkg:/home/soomi/ros2_humble/install/ros2node:/home/soomi/ros2_humble/install/ros2multicast:/home/soomi/ros2_humble/install/ros2interface:/home/soomi/ros2_humble/install/ros2doctor:/home/soomi/ros2_humble/install/ros2action:/home/soomi/ros2_humble/install/ros2cli:/home/soomi/ros2_humble/install/quality_of_service_demo_py:/home/soomi/ros2_humble/install/lifecycle_py:/home/soomi/ros2_humble/install/launch_testing_ros:/home/soomi/ros2_humble/install/launch_ros:/home/soomi/ros2_humble/install/examples_rclpy_pointcloud_publisher:/home/soomi/ros2_humble/install/examples_rclpy_minimal_subscriber:/home/soomi/ros2_humble/install/examples_rclpy_minimal_service:/home/soomi/ros2_humble/install/examples_rclpy_minimal_publisher:/home/soomi/ros2_humble/install/examples_rclpy_minimal_client:/home/soomi/ros2_humble/install/examples_rclpy_minimal_action_server:/home/soomi/ros2_humble/install/examples_rclpy_minimal_action_client:/home/soomi/ros2_humble/install/examples_rclpy_guard_conditions:/home/soomi/ros2_humble/install/examples_rclpy_executors:/home/soomi/ros2_humble/install/demo_nodes_py:/home/soomi/ros2_humble/install/bondpy:/home/soomi/ros2_humble/install/action_tutorials_py:/home/soomi/ros2_humble/install/ament_uncrustify:/home/soomi/ros2_humble/install/tracetools_trace:/home/soomi/ros2_humble/install/tracetools_read:/home/soomi/ros2_humble/install/test_tracetools_launch:/home/soomi/ros2_humble/install/test_launch_ros:/home/soomi/ros2_humble/install/sensor_msgs_py:/home/soomi/ros2_humble/install/rpyutils:/home/soomi/ros2_humble/install/rosidl_runtime_py:/home/soomi/ros2_humble/install/rosidl_cli:/home/soomi/ros2_humble/install/launch_pytest:/home/soomi/ros2_humble/install/launch_testing:/home/soomi/ros2_humble/install/launch_yaml:/home/soomi/ros2_humble/install/launch_xml:/home/soomi/ros2_humble/install/launch:/home/soomi/ros2_humble/install/osrf_pycommon:/home/soomi/ros2_humble/install/domain_coordinator:/home/soomi/ros2_humble/install/ament_xmllint:/home/soomi/ros2_humble/install/ament_pyflakes:/home/soomi/ros2_humble/install/ament_pycodestyle:/home/soomi/ros2_humble/install/ament_pep257:/home/soomi/ros2_humble/install/ament_pclint:/home/soomi/ros2_humble/install/ament_package:/home/soomi/ros2_humble/install/ament_mypy:/home/soomi/ros2_humble/install/ament_lint_cmake:/home/soomi/ros2_humble/install/ament_flake8:/home/soomi/ros2_humble/install/ament_copyright:/home/soomi/ros2_humble/install/ament_lint:/home/soomi/ros2_humble/install/ament_index_python:/home/soomi/ros2_humble/install/ament_cpplint:/home/soomi/ros2_humble/install/ament_cppcheck:/home/soomi/ros2_humble/install/ament_clang_tidy:/home/soomi/ros2_humble/install/ament_clang_format /usr/bin/cmake /home/soomi/project_ws/src/my_custom_msgs -DAMENT_CMAKE_SYMLINK_INSTALL=1 -DCMAKE_INSTALL_PREFIX=/home/soomi/project_ws/install/my_custom_msgs
[0.131s] -- The C compiler identification is GNU 11.4.0
[0.187s] -- The CXX compiler identification is GNU 11.4.0
[0.198s] -- Detecting C compiler ABI info
[0.313s] -- Detecting C compiler ABI info - done
[0.324s] -- Check for working C compiler: /usr/bin/cc - skipped
[0.324s] -- Detecting C compile features
[0.324s] -- Detecting C compile features - done
[0.327s] -- Detecting CXX compiler ABI info
[0.464s] -- Detecting CXX compiler ABI info - done
[0.476s] -- Check for working CXX compiler: /usr/bin/c++ - skipped
[0.476s] -- Detecting CXX compile features
[0.477s] -- Detecting CXX compile features - done
[0.492s] -- Found ament_cmake: 1.3.10 (/home/soomi/ros2_humble/install/ament_cmake/share/ament_cmake/cmake)
[0.888s] -- Found Python3: /usr/bin/python3 (found version "3.10.12") found components: Interpreter 
[1.027s] -- Override CMake install command with custom implementation using symlinks instead of copying resources
[1.182s] -- Found rosidl_default_generators: 1.2.0 (/home/soomi/ros2_humble/install/rosidl_default_generators/share/rosidl_default_generators/cmake)
[1.271s] -- Using all available rosidl_typesupport_c: rosidl_typesupport_introspection_c;rosidl_typesupport_fastrtps_c
[1.297s] -- Found rosidl_adapter: 3.1.5 (/home/soomi/ros2_humble/install/rosidl_adapter/share/rosidl_adapter/cmake)
[1.416s] -- Using all available rosidl_typesupport_cpp: rosidl_typesupport_introspection_cpp;rosidl_typesupport_fastrtps_cpp
[1.485s] -- Found std_msgs: 4.2.4 (/home/soomi/ros2_humble/install/std_msgs/share/std_msgs/cmake)
[2.272s] -- Found ament_cmake_ros: 0.10.0 (/home/soomi/ros2_humble/install/ament_cmake_ros/share/ament_cmake_ros/cmake)
[2.596s] -- Using all available rosidl_typesupport_c: rosidl_typesupport_introspection_c;rosidl_typesupport_fastrtps_c
[3.203s] -- Using all available rosidl_typesupport_cpp: rosidl_typesupport_introspection_cpp;rosidl_typesupport_fastrtps_cpp
[3.258s] -- Found PythonInterp: /usr/bin/python3 (found suitable version "3.10.12", minimum required is "3.6") 
[3.268s] -- Found python_cmake_module: 0.10.0 (/home/soomi/ros2_humble/install/python_cmake_module/share/python_cmake_module/cmake)
[3.329s] -- Found PythonLibs: /usr/lib/x86_64-linux-gnu/libpython3.10.so (found suitable version "3.10.12", minimum required is "3.5") 
[3.329s] -- Using PYTHON_EXECUTABLE: /usr/bin/python3
[3.329s] -- Using PYTHON_INCLUDE_DIRS: /usr/include/python3.10
[3.329s] -- Using PYTHON_LIBRARIES: /usr/lib/x86_64-linux-gnu/libpython3.10.so
[3.383s] -- Found PythonExtra: .so  
[3.817s] -- Found ament_lint_auto: 0.12.11 (/home/soomi/ros2_humble/install/ament_lint_auto/share/ament_lint_auto/cmake)
[3.882s] -- Added test 'lint_cmake' to check CMake code style
[3.885s] -- Added test 'xmllint' to check XML markup files
[3.892s] -- Configuring done
[3.918s] -- Generating done
[3.920s] -- Build files have been written to: /home/soomi/project_ws/build/my_custom_msgs
[3.927s] Invoked command in '/home/soomi/project_ws/build/my_custom_msgs' returned '0': CMAKE_PREFIX_PATH=${CMAKE_PREFIX_PATH}:/home/soomi/ros2_humble/install/rqt_bag_plugins:/home/soomi/ros2_humble/install/rqt_bag:/home/soomi/ros2_humble/install/launch_testing_examples:/home/soomi/ros2_humble/install/ros2bag:/home/soomi/ros2_humble/install/tracetools_test:/home/soomi/ros2_humble/install/tracetools_launch:/home/soomi/ros2_humble/install/topic_monitor:/home/soomi/ros2_humble/install/tf2_tools:/home/soomi/ros2_humble/install/examples_tf2_py:/home/soomi/ros2_humble/install/tf2_ros_py:/home/soomi/ros2_humble/install/sros2:/home/soomi/ros2_humble/install/rqt_topic:/home/soomi/ros2_humble/install/rqt_srv:/home/soomi/ros2_humble/install/rqt_shell:/home/soomi/ros2_humble/install/rqt_service_caller:/home/soomi/ros2_humble/install/rqt_reconfigure:/home/soomi/ros2_humble/install/rqt_py_console:/home/soomi/ros2_humble/install/rqt_publisher:/home/soomi/ros2_humble/install/rqt_plot:/home/soomi/ros2_humble/install/rqt_action:/home/soomi/ros2_humble/install/rqt_msg:/home/soomi/ros2_humble/install/rqt_console:/home/soomi/ros2_humble/install/rqt:/home/soomi/ros2_humble/install/rqt_graph:/home/soomi/ros2_humble/install/rqt_gui_py:/home/soomi/ros2_humble/install/rqt_gui:/home/soomi/ros2_humble/install/ros2trace:/home/soomi/ros2_humble/install/ros2topic:/home/soomi/ros2_humble/install/ros2test:/home/soomi/ros2_humble/install/ros2component:/home/soomi/ros2_humble/install/ros2param:/home/soomi/ros2_humble/install/ros2lifecycle:/home/soomi/ros2_humble/install/ros2service:/home/soomi/ros2_humble/install/ros2run:/home/soomi/ros2_humble/install/ros2launch:/home/soomi/ros2_humble/install/ros2pkg:/home/soomi/ros2_humble/install/ros2node:/home/soomi/ros2_humble/install/ros2multicast:/home/soomi/ros2_humble/install/ros2interface:/home/soomi/ros2_humble/install/ros2doctor:/home/soomi/ros2_humble/install/ros2action:/home/soomi/ros2_humble/install/ros2cli:/home/soomi/ros2_humble/install/quality_of_service_demo_py:/home/soomi/ros2_humble/install/lifecycle_py:/home/soomi/ros2_humble/install/launch_testing_ros:/home/soomi/ros2_humble/install/launch_ros:/home/soomi/ros2_humble/install/examples_rclpy_pointcloud_publisher:/home/soomi/ros2_humble/install/examples_rclpy_minimal_subscriber:/home/soomi/ros2_humble/install/examples_rclpy_minimal_service:/home/soomi/ros2_humble/install/examples_rclpy_minimal_publisher:/home/soomi/ros2_humble/install/examples_rclpy_minimal_client:/home/soomi/ros2_humble/install/examples_rclpy_minimal_action_server:/home/soomi/ros2_humble/install/examples_rclpy_minimal_action_client:/home/soomi/ros2_humble/install/examples_rclpy_guard_conditions:/home/soomi/ros2_humble/install/examples_rclpy_executors:/home/soomi/ros2_humble/install/demo_nodes_py:/home/soomi/ros2_humble/install/bondpy:/home/soomi/ros2_humble/install/action_tutorials_py:/home/soomi/ros2_humble/install/ament_uncrustify:/home/soomi/ros2_humble/install/tracetools_trace:/home/soomi/ros2_humble/install/tracetools_read:/home/soomi/ros2_humble/install/test_tracetools_launch:/home/soomi/ros2_humble/install/test_launch_ros:/home/soomi/ros2_humble/install/sensor_msgs_py:/home/soomi/ros2_humble/install/rpyutils:/home/soomi/ros2_humble/install/rosidl_runtime_py:/home/soomi/ros2_humble/install/rosidl_cli:/home/soomi/ros2_humble/install/launch_pytest:/home/soomi/ros2_humble/install/launch_testing:/home/soomi/ros2_humble/install/launch_yaml:/home/soomi/ros2_humble/install/launch_xml:/home/soomi/ros2_humble/install/launch:/home/soomi/ros2_humble/install/osrf_pycommon:/home/soomi/ros2_humble/install/domain_coordinator:/home/soomi/ros2_humble/install/ament_xmllint:/home/soomi/ros2_humble/install/ament_pyflakes:/home/soomi/ros2_humble/install/ament_pycodestyle:/home/soomi/ros2_humble/install/ament_pep257:/home/soomi/ros2_humble/install/ament_pclint:/home/soomi/ros2_humble/install/ament_package:/home/soomi/ros2_humble/install/ament_mypy:/home/soomi/ros2_humble/install/ament_lint_cmake:/home/soomi/ros2_humble/install/ament_flake8:/home/soomi/ros2_humble/install/ament_copyright:/home/soomi/ros2_humble/install/ament_lint:/home/soomi/ros2_humble/install/ament_index_python:/home/soomi/ros2_humble/install/ament_cpplint:/home/soomi/ros2_humble/install/ament_cppcheck:/home/soomi/ros2_humble/install/ament_clang_tidy:/home/soomi/ros2_humble/install/ament_clang_format /usr/bin/cmake /home/soomi/project_ws/src/my_custom_msgs -DAMENT_CMAKE_SYMLINK_INSTALL=1 -DCMAKE_INSTALL_PREFIX=/home/soomi/project_ws/install/my_custom_msgs
[3.930s] Invoking command in '/home/soomi/project_ws/build/my_custom_msgs': CMAKE_PREFIX_PATH=${CMAKE_PREFIX_PATH}:/home/soomi/ros2_humble/install/rqt_bag_plugins:/home/soomi/ros2_humble/install/rqt_bag:/home/soomi/ros2_humble/install/launch_testing_examples:/home/soomi/ros2_humble/install/ros2bag:/home/soomi/ros2_humble/install/tracetools_test:/home/soomi/ros2_humble/install/tracetools_launch:/home/soomi/ros2_humble/install/topic_monitor:/home/soomi/ros2_humble/install/tf2_tools:/home/soomi/ros2_humble/install/examples_tf2_py:/home/soomi/ros2_humble/install/tf2_ros_py:/home/soomi/ros2_humble/install/sros2:/home/soomi/ros2_humble/install/rqt_topic:/home/soomi/ros2_humble/install/rqt_srv:/home/soomi/ros2_humble/install/rqt_shell:/home/soomi/ros2_humble/install/rqt_service_caller:/home/soomi/ros2_humble/install/rqt_reconfigure:/home/soomi/ros2_humble/install/rqt_py_console:/home/soomi/ros2_humble/install/rqt_publisher:/home/soomi/ros2_humble/install/rqt_plot:/home/soomi/ros2_humble/install/rqt_action:/home/soomi/ros2_humble/install/rqt_msg:/home/soomi/ros2_humble/install/rqt_console:/home/soomi/ros2_humble/install/rqt:/home/soomi/ros2_humble/install/rqt_graph:/home/soomi/ros2_humble/install/rqt_gui_py:/home/soomi/ros2_humble/install/rqt_gui:/home/soomi/ros2_humble/install/ros2trace:/home/soomi/ros2_humble/install/ros2topic:/home/soomi/ros2_humble/install/ros2test:/home/soomi/ros2_humble/install/ros2component:/home/soomi/ros2_humble/install/ros2param:/home/soomi/ros2_humble/install/ros2lifecycle:/home/soomi/ros2_humble/install/ros2service:/home/soomi/ros2_humble/install/ros2run:/home/soomi/ros2_humble/install/ros2launch:/home/soomi/ros2_humble/install/ros2pkg:/home/soomi/ros2_humble/install/ros2node:/home/soomi/ros2_humble/install/ros2multicast:/home/soomi/ros2_humble/install/ros2interface:/home/soomi/ros2_humble/install/ros2doctor:/home/soomi/ros2_humble/install/ros2action:/home/soomi/ros2_humble/install/ros2cli:/home/soomi/ros2_humble/install/quality_of_service_demo_py:/home/soomi/ros2_humble/install/lifecycle_py:/home/soomi/ros2_humble/install/launch_testing_ros:/home/soomi/ros2_humble/install/launch_ros:/home/soomi/ros2_humble/install/examples_rclpy_pointcloud_publisher:/home/soomi/ros2_humble/install/examples_rclpy_minimal_subscriber:/home/soomi/ros2_humble/install/examples_rclpy_minimal_service:/home/soomi/ros2_humble/install/examples_rclpy_minimal_publisher:/home/soomi/ros2_humble/install/examples_rclpy_minimal_client:/home/soomi/ros2_humble/install/examples_rclpy_minimal_action_server:/home/soomi/ros2_humble/install/examples_rclpy_minimal_action_client:/home/soomi/ros2_humble/install/examples_rclpy_guard_conditions:/home/soomi/ros2_humble/install/examples_rclpy_executors:/home/soomi/ros2_humble/install/demo_nodes_py:/home/soomi/ros2_humble/install/bondpy:/home/soomi/ros2_humble/install/action_tutorials_py:/home/soomi/ros2_humble/install/ament_uncrustify:/home/soomi/ros2_humble/install/tracetools_trace:/home/soomi/ros2_humble/install/tracetools_read:/home/soomi/ros2_humble/install/test_tracetools_launch:/home/soomi/ros2_humble/install/test_launch_ros:/home/soomi/ros2_humble/install/sensor_msgs_py:/home/soomi/ros2_humble/install/rpyutils:/home/soomi/ros2_humble/install/rosidl_runtime_py:/home/soomi/ros2_humble/install/rosidl_cli:/home/soomi/ros2_humble/install/launch_pytest:/home/soomi/ros2_humble/install/launch_testing:/home/soomi/ros2_humble/install/launch_yaml:/home/soomi/ros2_humble/install/launch_xml:/home/soomi/ros2_humble/install/launch:/home/soomi/ros2_humble/install/osrf_pycommon:/home/soomi/ros2_humble/install/domain_coordinator:/home/soomi/ros2_humble/install/ament_xmllint:/home/soomi/ros2_humble/install/ament_pyflakes:/home/soomi/ros2_humble/install/ament_pycodestyle:/home/soomi/ros2_humble/install/ament_pep257:/home/soomi/ros2_humble/install/ament_pclint:/home/soomi/ros2_humble/install/ament_package:/home/soomi/ros2_humble/install/ament_mypy:/home/soomi/ros2_humble/install/ament_lint_cmake:/home/soomi/ros2_humble/install/ament_flake8:/home/soomi/ros2_humble/install/ament_copyright:/home/soomi/ros2_humble/install/ament_lint:/home/soomi/ros2_humble/install/ament_index_python:/home/soomi/ros2_humble/install/ament_cpplint:/home/soomi/ros2_humble/install/ament_cppcheck:/home/soomi/ros2_humble/install/ament_clang_tidy:/home/soomi/ros2_humble/install/ament_clang_format /usr/bin/cmake --build /home/soomi/project_ws/build/my_custom_msgs -- -j12 -l12
[4.005s] [  1%] [34m[1mGenerating C code for ROS interfaces[0m
[4.026s] [  3%] [34m[1mGenerating C++ code for ROS interfaces[0m
[4.059s] [  3%] Built target ament_cmake_python_symlink_my_custom_msgs
[4.520s] [  5%] [32mBuilding C object CMakeFiles/my_custom_msgs__rosidl_generator_c.dir/rosidl_generator_c/my_custom_msgs/srv/detail/receive_order__functions.c.o[0m
[4.523s] [  9%] [32mBuilding C object CMakeFiles/my_custom_msgs__rosidl_generator_c.dir/rosidl_generator_c/my_custom_msgs/msg/detail/update_status__functions.c.o[0m
[4.523s] [  9%] [32mBuilding C object CMakeFiles/my_custom_msgs__rosidl_generator_c.dir/rosidl_generator_c/my_custom_msgs/msg/detail/order_detail__functions.c.o[0m
[4.533s] [ 10%] [32mBuilding C object CMakeFiles/my_custom_msgs__rosidl_generator_c.dir/rosidl_generator_c/my_custom_msgs/action/detail/cook__functions.c.o[0m
[4.541s] [ 10%] Built target my_custom_msgs__cpp
[4.566s] [ 12%] [34m[1mGenerating C++ introspection for ROS interfaces[0m
[4.569s] [ 16%] [34m[1mGenerating C++ type support for eProsima Fast-RTPS[0m
[4.569s] [ 16%] [34m[1mGenerating C++ type support dispatch for ROS interfaces[0m
[4.590s] running egg_info
[4.591s] creating my_custom_msgs.egg-info
[4.591s] writing my_custom_msgs.egg-info/PKG-INFO
[4.591s] writing dependency_links to my_custom_msgs.egg-info/dependency_links.txt
[4.591s] writing top-level names to my_custom_msgs.egg-info/top_level.txt
[4.594s] writing manifest file 'my_custom_msgs.egg-info/SOURCES.txt'
[4.596s] reading manifest file 'my_custom_msgs.egg-info/SOURCES.txt'
[4.596s] writing manifest file 'my_custom_msgs.egg-info/SOURCES.txt'
[4.628s] [ 16%] Built target ament_cmake_python_build_my_custom_msgs_egg
[4.687s] [ 18%] [32m[1mLinking C shared library libmy_custom_msgs__rosidl_generator_c.so[0m
[4.767s] [ 18%] Built target my_custom_msgs__rosidl_generator_c
[4.796s] [ 21%] [34m[1mGenerating C type support for eProsima Fast-RTPS[0m
[4.796s] [ 23%] [34m[1mGenerating C introspection for ROS interfaces[0m
[4.796s] [ 23%] [34m[1mGenerating C type support dispatch for ROS interfaces[0m
[4.960s] [ 25%] [32mBuilding CXX object CMakeFiles/my_custom_msgs__rosidl_typesupport_cpp.dir/rosidl_typesupport_cpp/my_custom_msgs/msg/order_detail__type_support.cpp.o[0m
[4.969s] [ 27%] [32mBuilding CXX object CMakeFiles/my_custom_msgs__rosidl_typesupport_cpp.dir/rosidl_typesupport_cpp/my_custom_msgs/msg/update_status__type_support.cpp.o[0m
[4.969s] [ 29%] [32mBuilding CXX object CMakeFiles/my_custom_msgs__rosidl_typesupport_cpp.dir/rosidl_typesupport_cpp/my_custom_msgs/srv/receive_order__type_support.cpp.o[0m
[4.970s] [ 30%] [32mBuilding CXX object CMakeFiles/my_custom_msgs__rosidl_typesupport_cpp.dir/rosidl_typesupport_cpp/my_custom_msgs/action/cook__type_support.cpp.o[0m
[5.182s] [ 32%] [32mBuilding CXX object CMakeFiles/my_custom_msgs__rosidl_typesupport_introspection_cpp.dir/rosidl_typesupport_introspection_cpp/my_custom_msgs/msg/detail/order_detail__type_support.cpp.o[0m
[5.185s] [ 34%] [32mBuilding CXX object CMakeFiles/my_custom_msgs__rosidl_typesupport_introspection_cpp.dir/rosidl_typesupport_introspection_cpp/my_custom_msgs/srv/detail/receive_order__type_support.cpp.o[0m
[5.187s] [ 36%] [32mBuilding CXX object CMakeFiles/my_custom_msgs__rosidl_typesupport_introspection_cpp.dir/rosidl_typesupport_introspection_cpp/my_custom_msgs/msg/detail/update_status__type_support.cpp.o[0m
[5.197s] [ 38%] [32mBuilding CXX object CMakeFiles/my_custom_msgs__rosidl_typesupport_introspection_cpp.dir/rosidl_typesupport_introspection_cpp/my_custom_msgs/action/detail/cook__type_support.cpp.o[0m
[5.266s] [ 40%] [32mBuilding CXX object CMakeFiles/my_custom_msgs__rosidl_typesupport_c.dir/rosidl_typesupport_c/my_custom_msgs/msg/update_status__type_support.cpp.o[0m
[5.324s] [ 41%] [32mBuilding CXX object CMakeFiles/my_custom_msgs__rosidl_typesupport_c.dir/rosidl_typesupport_c/my_custom_msgs/msg/order_detail__type_support.cpp.o[0m
[5.331s] [ 43%] [32mBuilding CXX object CMakeFiles/my_custom_msgs__rosidl_typesupport_c.dir/rosidl_typesupport_c/my_custom_msgs/srv/receive_order__type_support.cpp.o[0m
[5.340s] [ 45%] [32mBuilding CXX object CMakeFiles/my_custom_msgs__rosidl_typesupport_c.dir/rosidl_typesupport_c/my_custom_msgs/action/cook__type_support.cpp.o[0m
[5.425s] [ 47%] [32m[1mLinking CXX shared library libmy_custom_msgs__rosidl_typesupport_c.so[0m
[5.512s] [ 47%] Built target my_custom_msgs__rosidl_typesupport_c
[5.542s] [ 49%] [32mBuilding C object CMakeFiles/my_custom_msgs__rosidl_typesupport_introspection_c.dir/rosidl_typesupport_introspection_c/my_custom_msgs/msg/detail/update_status__type_support.c.o[0m
[5.543s] [ 50%] [32mBuilding C object CMakeFiles/my_custom_msgs__rosidl_typesupport_introspection_c.dir/rosidl_typesupport_introspection_c/my_custom_msgs/action/detail/cook__type_support.c.o[0m
[5.546s] [ 52%] [32mBuilding C object CMakeFiles/my_custom_msgs__rosidl_typesupport_introspection_c.dir/rosidl_typesupport_introspection_c/my_custom_msgs/srv/detail/receive_order__type_support.c.o[0m
[5.546s] [ 54%] [32mBuilding C object CMakeFiles/my_custom_msgs__rosidl_typesupport_introspection_c.dir/rosidl_typesupport_introspection_c/my_custom_msgs/msg/detail/order_detail__type_support.c.o[0m
[5.567s] [ 56%] [32mBuilding CXX object CMakeFiles/my_custom_msgs__rosidl_typesupport_fastrtps_cpp.dir/rosidl_typesupport_fastrtps_cpp/my_custom_msgs/msg/detail/dds_fastrtps/order_detail__type_support.cpp.o[0m
[5.571s] [ 58%] [32mBuilding CXX object CMakeFiles/my_custom_msgs__rosidl_typesupport_fastrtps_cpp.dir/rosidl_typesupport_fastrtps_cpp/my_custom_msgs/srv/detail/dds_fastrtps/receive_order__type_support.cpp.o[0m
[5.571s] [ 60%] [32mBuilding CXX object CMakeFiles/my_custom_msgs__rosidl_typesupport_fastrtps_cpp.dir/rosidl_typesupport_fastrtps_cpp/my_custom_msgs/msg/detail/dds_fastrtps/update_status__type_support.cpp.o[0m
[5.576s] [ 61%] [32mBuilding CXX object CMakeFiles/my_custom_msgs__rosidl_typesupport_fastrtps_c.dir/rosidl_typesupport_fastrtps_c/my_custom_msgs/msg/detail/update_status__type_support_c.cpp.o[0m
[5.593s] [ 63%] [32m[1mLinking CXX shared library libmy_custom_msgs__rosidl_typesupport_cpp.so[0m
[5.604s] [ 65%] [32mBuilding CXX object CMakeFiles/my_custom_msgs__rosidl_typesupport_fastrtps_c.dir/rosidl_typesupport_fastrtps_c/my_custom_msgs/msg/detail/order_detail__type_support_c.cpp.o[0m
[5.604s] [ 67%] [32mBuilding CXX object CMakeFiles/my_custom_msgs__rosidl_typesupport_fastrtps_cpp.dir/rosidl_typesupport_fastrtps_cpp/my_custom_msgs/action/detail/dds_fastrtps/cook__type_support.cpp.o[0m
[5.610s] [ 69%] [32mBuilding CXX object CMakeFiles/my_custom_msgs__rosidl_typesupport_fastrtps_c.dir/rosidl_typesupport_fastrtps_c/my_custom_msgs/srv/detail/receive_order__type_support_c.cpp.o[0m
[5.619s] [ 70%] [32m[1mLinking C shared library libmy_custom_msgs__rosidl_typesupport_introspection_c.so[0m
[5.683s] [ 70%] Built target my_custom_msgs__rosidl_typesupport_cpp
[5.687s] [ 70%] Built target my_custom_msgs__rosidl_typesupport_introspection_c
[5.705s] [ 72%] [32mBuilding CXX object CMakeFiles/my_custom_msgs__rosidl_typesupport_fastrtps_c.dir/rosidl_typesupport_fastrtps_c/my_custom_msgs/action/detail/cook__type_support_c.cpp.o[0m
[5.994s] [ 74%] [32m[1mLinking CXX shared library libmy_custom_msgs__rosidl_typesupport_introspection_cpp.so[0m
[6.080s] [ 76%] [32m[1mLinking CXX shared library libmy_custom_msgs__rosidl_typesupport_fastrtps_c.so[0m
[6.080s] [ 76%] Built target my_custom_msgs__rosidl_typesupport_introspection_cpp
[6.140s] [ 78%] [32m[1mLinking CXX shared library libmy_custom_msgs__rosidl_typesupport_fastrtps_cpp.so[0m
[6.184s] [ 78%] Built target my_custom_msgs__rosidl_typesupport_fastrtps_c
[6.228s] [ 78%] Built target my_custom_msgs__rosidl_typesupport_fastrtps_cpp
[6.287s] [ 78%] Built target my_custom_msgs
[6.340s] [ 80%] [34m[1mGenerating Python code for ROS interfaces[0m
[7.070s] [ 80%] Built target my_custom_msgs__py
[7.122s] [ 81%] [32mBuilding C object CMakeFiles/my_custom_msgs__rosidl_generator_py.dir/rosidl_generator_py/my_custom_msgs/srv/_receive_order_s.c.o[0m
[7.124s] [ 83%] [32mBuilding C object CMakeFiles/my_custom_msgs__rosidl_generator_py.dir/rosidl_generator_py/my_custom_msgs/msg/_update_status_s.c.o[0m
[7.126s] [ 85%] [32mBuilding C object CMakeFiles/my_custom_msgs__rosidl_generator_py.dir/rosidl_generator_py/my_custom_msgs/msg/_order_detail_s.c.o[0m
[7.126s] [ 87%] [32mBuilding C object CMakeFiles/my_custom_msgs__rosidl_generator_py.dir/rosidl_generator_py/my_custom_msgs/action/_cook_s.c.o[0m
[7.271s] [ 89%] [32m[1mLinking C shared library rosidl_generator_py/my_custom_msgs/libmy_custom_msgs__rosidl_generator_py.so[0m
[7.339s] [ 89%] Built target my_custom_msgs__rosidl_generator_py
[7.385s] [ 90%] [32mBuilding C object CMakeFiles/my_custom_msgs__rosidl_typesupport_c__pyext.dir/rosidl_generator_py/my_custom_msgs/_my_custom_msgs_s.ep.rosidl_typesupport_c.c.o[0m
[7.385s] [ 92%] [32mBuilding C object CMakeFiles/my_custom_msgs__rosidl_typesupport_fastrtps_c__pyext.dir/rosidl_generator_py/my_custom_msgs/_my_custom_msgs_s.ep.rosidl_typesupport_fastrtps_c.c.o[0m
[7.393s] [ 94%] [32mBuilding C object CMakeFiles/my_custom_msgs__rosidl_typesupport_introspection_c__pyext.dir/rosidl_generator_py/my_custom_msgs/_my_custom_msgs_s.ep.rosidl_typesupport_introspection_c.c.o[0m
[7.491s] [ 96%] [32m[1mLinking C shared library rosidl_generator_py/my_custom_msgs/my_custom_msgs_s__rosidl_typesupport_fastrtps_c.cpython-310-x86_64-linux-gnu.so[0m
[7.496s] [ 98%] [32m[1mLinking C shared library rosidl_generator_py/my_custom_msgs/my_custom_msgs_s__rosidl_typesupport_c.cpython-310-x86_64-linux-gnu.so[0m
[7.548s] [ 98%] Built target my_custom_msgs__rosidl_typesupport_fastrtps_c__pyext
[7.549s] [100%] [32m[1mLinking C shared library rosidl_generator_py/my_custom_msgs/my_custom_msgs_s__rosidl_typesupport_introspection_c.cpython-310-x86_64-linux-gnu.so[0m
[7.566s] [100%] Built target my_custom_msgs__rosidl_typesupport_c__pyext
[7.617s] [100%] Built target my_custom_msgs__rosidl_typesupport_introspection_c__pyext
[7.639s] Invoked command in '/home/soomi/project_ws/build/my_custom_msgs' returned '0': CMAKE_PREFIX_PATH=${CMAKE_PREFIX_PATH}:/home/soomi/ros2_humble/install/rqt_bag_plugins:/home/soomi/ros2_humble/install/rqt_bag:/home/soomi/ros2_humble/install/launch_testing_examples:/home/soomi/ros2_humble/install/ros2bag:/home/soomi/ros2_humble/install/tracetools_test:/home/soomi/ros2_humble/install/tracetools_launch:/home/soomi/ros2_humble/install/topic_monitor:/home/soomi/ros2_humble/install/tf2_tools:/home/soomi/ros2_humble/install/examples_tf2_py:/home/soomi/ros2_humble/install/tf2_ros_py:/home/soomi/ros2_humble/install/sros2:/home/soomi/ros2_humble/install/rqt_topic:/home/soomi/ros2_humble/install/rqt_srv:/home/soomi/ros2_humble/install/rqt_shell:/home/soomi/ros2_humble/install/rqt_service_caller:/home/soomi/ros2_humble/install/rqt_reconfigure:/home/soomi/ros2_humble/install/rqt_py_console:/home/soomi/ros2_humble/install/rqt_publisher:/home/soomi/ros2_humble/install/rqt_plot:/home/soomi/ros2_humble/install/rqt_action:/home/soomi/ros2_humble/install/rqt_msg:/home/soomi/ros2_humble/install/rqt_console:/home/soomi/ros2_humble/install/rqt:/home/soomi/ros2_humble/install/rqt_graph:/home/soomi/ros2_humble/install/rqt_gui_py:/home/soomi/ros2_humble/install/rqt_gui:/home/soomi/ros2_humble/install/ros2trace:/home/soomi/ros2_humble/install/ros2topic:/home/soomi/ros2_humble/install/ros2test:/home/soomi/ros2_humble/install/ros2component:/home/soomi/ros2_humble/install/ros2param:/home/soomi/ros2_humble/install/ros2lifecycle:/home/soomi/ros2_humble/install/ros2service:/home/soomi/ros2_humble/install/ros2run:/home/soomi/ros2_humble/install/ros2launch:/home/soomi/ros2_humble/install/ros2pkg:/home/soomi/ros2_humble/install/ros2node:/home/soomi/ros2_humble/install/ros2multicast:/home/soomi/ros2_humble/install/ros2interface:/home/soomi/ros2_humble/install/ros2doctor:/home/soomi/ros2_humble/install/ros2action:/home/soomi/ros2_humble/install/ros2cli:/home/soomi/ros2_humble/install/quality_of_service_demo_py:/home/soomi/ros2_humble/install/lifecycle_py:/home/soomi/ros2_humble/install/launch_testing_ros:/home/soomi/ros2_humble/install/launch_ros:/home/soomi/ros2_humble/install/examples_rclpy_pointcloud_publisher:/home/soomi/ros2_humble/install/examples_rclpy_minimal_subscriber:/home/soomi/ros2_humble/install/examples_rclpy_minimal_service:/home/soomi/ros2_humble/install/examples_rclpy_minimal_publisher:/home/soomi/ros2_humble/install/examples_rclpy_minimal_client:/home/soomi/ros2_humble/install/examples_rclpy_minimal_action_server:/home/soomi/ros2_humble/install/examples_rclpy_minimal_action_client:/home/soomi/ros2_humble/install/examples_rclpy_guard_conditions:/home/soomi/ros2_humble/install/examples_rclpy_executors:/home/soomi/ros2_humble/install/demo_nodes_py:/home/soomi/ros2_humble/install/bondpy:/home/soomi/ros2_humble/install/action_tutorials_py:/home/soomi/ros2_humble/install/ament_uncrustify:/home/soomi/ros2_humble/install/tracetools_trace:/home/soomi/ros2_humble/install/tracetools_read:/home/soomi/ros2_humble/install/test_tracetools_launch:/home/soomi/ros2_humble/install/test_launch_ros:/home/soomi/ros2_humble/install/sensor_msgs_py:/home/soomi/ros2_humble/install/rpyutils:/home/soomi/ros2_humble/install/rosidl_runtime_py:/home/soomi/ros2_humble/install/rosidl_cli:/home/soomi/ros2_humble/install/launch_pytest:/home/soomi/ros2_humble/install/launch_testing:/home/soomi/ros2_humble/install/launch_yaml:/home/soomi/ros2_humble/install/launch_xml:/home/soomi/ros2_humble/install/launch:/home/soomi/ros2_humble/install/osrf_pycommon:/home/soomi/ros2_humble/install/domain_coordinator:/home/soomi/ros2_humble/install/ament_xmllint:/home/soomi/ros2_humble/install/ament_pyflakes:/home/soomi/ros2_humble/install/ament_pycodestyle:/home/soomi/ros2_humble/install/ament_pep257:/home/soomi/ros2_humble/install/ament_pclint:/home/soomi/ros2_humble/install/ament_package:/home/soomi/ros2_humble/install/ament_mypy:/home/soomi/ros2_humble/install/ament_lint_cmake:/home/soomi/ros2_humble/install/ament_flake8:/home/soomi/ros2_humble/install/ament_copyright:/home/soomi/ros2_humble/install/ament_lint:/home/soomi/ros2_humble/install/ament_index_python:/home/soomi/ros2_humble/install/ament_cpplint:/home/soomi/ros2_humble/install/ament_cppcheck:/home/soomi/ros2_humble/install/ament_clang_tidy:/home/soomi/ros2_humble/install/ament_clang_format /usr/bin/cmake --build /home/soomi/project_ws/build/my_custom_msgs -- -j12 -l12
[8.141s] Invoking command in '/home/soomi/project_ws/build/my_custom_msgs': CMAKE_PREFIX_PATH=${CMAKE_PREFIX_PATH}:/home/soomi/ros2_humble/install/rqt_bag_plugins:/home/soomi/ros2_humble/install/rqt_bag:/home/soomi/ros2_humble/install/launch_testing_examples:/home/soomi/ros2_humble/install/ros2bag:/home/soomi/ros2_humble/install/tracetools_test:/home/soomi/ros2_humble/install/tracetools_launch:/home/soomi/ros2_humble/install/topic_monitor:/home/soomi/ros2_humble/install/tf2_tools:/home/soomi/ros2_humble/install/examples_tf2_py:/home/soomi/ros2_humble/install/tf2_ros_py:/home/soomi/ros2_humble/install/sros2:/home/soomi/ros2_humble/install/rqt_topic:/home/soomi/ros2_humble/install/rqt_srv:/home/soomi/ros2_humble/install/rqt_shell:/home/soomi/ros2_humble/install/rqt_service_caller:/home/soomi/ros2_humble/install/rqt_reconfigure:/home/soomi/ros2_humble/install/rqt_py_console:/home/soomi/ros2_humble/install/rqt_publisher:/home/soomi/ros2_humble/install/rqt_plot:/home/soomi/ros2_humble/install/rqt_action:/home/soomi/ros2_humble/install/rqt_msg:/home/soomi/ros2_humble/install/rqt_console:/home/soomi/ros2_humble/install/rqt:/home/soomi/ros2_humble/install/rqt_graph:/home/soomi/ros2_humble/install/rqt_gui_py:/home/soomi/ros2_humble/install/rqt_gui:/home/soomi/ros2_humble/install/ros2trace:/home/soomi/ros2_humble/install/ros2topic:/home/soomi/ros2_humble/install/ros2test:/home/soomi/ros2_humble/install/ros2component:/home/soomi/ros2_humble/install/ros2param:/home/soomi/ros2_humble/install/ros2lifecycle:/home/soomi/ros2_humble/install/ros2service:/home/soomi/ros2_humble/install/ros2run:/home/soomi/ros2_humble/install/ros2launch:/home/soomi/ros2_humble/install/ros2pkg:/home/soomi/ros2_humble/install/ros2node:/home/soomi/ros2_humble/install/ros2multicast:/home/soomi/ros2_humble/install/ros2interface:/home/soomi/ros2_humble/install/ros2doctor:/home/soomi/ros2_humble/install/ros2action:/home/soomi/ros2_humble/install/ros2cli:/home/soomi/ros2_humble/install/quality_of_service_demo_py:/home/soomi/ros2_humble/install/lifecycle_py:/home/soomi/ros2_humble/install/launch_testing_ros:/home/soomi/ros2_humble/install/launch_ros:/home/soomi/ros2_humble/install/examples_rclpy_pointcloud_publisher:/home/soomi/ros2_humble/install/examples_rclpy_minimal_subscriber:/home/soomi/ros2_humble/install/examples_rclpy_minimal_service:/home/soomi/ros2_humble/install/examples_rclpy_minimal_publisher:/home/soomi/ros2_humble/install/examples_rclpy_minimal_client:/home/soomi/ros2_humble/install/examples_rclpy_minimal_action_server:/home/soomi/ros2_humble/install/examples_rclpy_minimal_action_client:/home/soomi/ros2_humble/install/examples_rclpy_guard_conditions:/home/soomi/ros2_humble/install/examples_rclpy_executors:/home/soomi/ros2_humble/install/demo_nodes_py:/home/soomi/ros2_humble/install/bondpy:/home/soomi/ros2_humble/install/action_tutorials_py:/home/soomi/ros2_humble/install/ament_uncrustify:/home/soomi/ros2_humble/install/tracetools_trace:/home/soomi/ros2_humble/install/tracetools_read:/home/soomi/ros2_humble/install/test_tracetools_launch:/home/soomi/ros2_humble/install/test_launch_ros:/home/soomi/ros2_humble/install/sensor_msgs_py:/home/soomi/ros2_humble/install/rpyutils:/home/soomi/ros2_humble/install/rosidl_runtime_py:/home/soomi/ros2_humble/install/rosidl_cli:/home/soomi/ros2_humble/install/launch_pytest:/home/soomi/ros2_humble/install/launch_testing:/home/soomi/ros2_humble/install/launch_yaml:/home/soomi/ros2_humble/install/launch_xml:/home/soomi/ros2_humble/install/launch:/home/soomi/ros2_humble/install/osrf_pycommon:/home/soomi/ros2_humble/install/domain_coordinator:/home/soomi/ros2_humble/install/ament_xmllint:/home/soomi/ros2_humble/install/ament_pyflakes:/home/soomi/ros2_humble/install/ament_pycodestyle:/home/soomi/ros2_humble/install/ament_pep257:/home/soomi/ros2_humble/install/ament_pclint:/home/soomi/ros2_humble/install/ament_package:/home/soomi/ros2_humble/install/ament_mypy:/home/soomi/ros2_humble/install/ament_lint_cmake:/home/soomi/ros2_humble/install/ament_flake8:/home/soomi/ros2_humble/install/ament_copyright:/home/soomi/ros2_humble/install/ament_lint:/home/soomi/ros2_humble/install/ament_index_python:/home/soomi/ros2_humble/install/ament_cpplint:/home/soomi/ros2_humble/install/ament_cppcheck:/home/soomi/ros2_humble/install/ament_clang_tidy:/home/soomi/ros2_humble/install/ament_clang_format /usr/bin/cmake --install /home/soomi/project_ws/build/my_custom_msgs
[8.156s] -- Install configuration: ""
[8.156s] -- Execute custom install script
[8.156s] -- Symlinking: /home/soomi/project_ws/install/my_custom_msgs/share/ament_index/resource_index/rosidl_interfaces/my_custom_msgs
[8.175s] -- Symlinking: /home/soomi/project_ws/install/my_custom_msgs/include/my_custom_msgs/my_custom_msgs/action/cook.h
[8.186s] -- Symlinking: /home/soomi/project_ws/install/my_custom_msgs/include/my_custom_msgs/my_custom_msgs/action/detail/cook__functions.h
[8.198s] -- Symlinking: /home/soomi/project_ws/install/my_custom_msgs/include/my_custom_msgs/my_custom_msgs/action/detail/cook__struct.h
[8.209s] -- Symlinking: /home/soomi/project_ws/install/my_custom_msgs/include/my_custom_msgs/my_custom_msgs/action/detail/cook__type_support.h
[8.226s] -- Symlinking: /home/soomi/project_ws/install/my_custom_msgs/include/my_custom_msgs/my_custom_msgs/msg/detail/order_detail__functions.h
[8.241s] -- Symlinking: /home/soomi/project_ws/install/my_custom_msgs/include/my_custom_msgs/my_custom_msgs/msg/detail/order_detail__struct.h
[8.260s] -- Symlinking: /home/soomi/project_ws/install/my_custom_msgs/include/my_custom_msgs/my_custom_msgs/msg/detail/order_detail__type_support.h
[8.273s] -- Symlinking: /home/soomi/project_ws/install/my_custom_msgs/include/my_custom_msgs/my_custom_msgs/msg/detail/update_status__functions.h
[8.290s] -- Symlinking: /home/soomi/project_ws/install/my_custom_msgs/include/my_custom_msgs/my_custom_msgs/msg/detail/update_status__struct.h
[8.303s] -- Symlinking: /home/soomi/project_ws/install/my_custom_msgs/include/my_custom_msgs/my_custom_msgs/msg/detail/update_status__type_support.h
[8.320s] -- Symlinking: /home/soomi/project_ws/install/my_custom_msgs/include/my_custom_msgs/my_custom_msgs/msg/order_detail.h
[8.339s] -- Symlinking: /home/soomi/project_ws/install/my_custom_msgs/include/my_custom_msgs/my_custom_msgs/msg/rosidl_generator_c__visibility_control.h
[8.350s] -- Symlinking: /home/soomi/project_ws/install/my_custom_msgs/include/my_custom_msgs/my_custom_msgs/msg/update_status.h
[8.370s] -- Symlinking: /home/soomi/project_ws/install/my_custom_msgs/include/my_custom_msgs/my_custom_msgs/srv/detail/receive_order__functions.h
[8.382s] -- Symlinking: /home/soomi/project_ws/install/my_custom_msgs/include/my_custom_msgs/my_custom_msgs/srv/detail/receive_order__struct.h
[8.392s] -- Symlinking: /home/soomi/project_ws/install/my_custom_msgs/include/my_custom_msgs/my_custom_msgs/srv/detail/receive_order__type_support.h
[8.403s] -- Symlinking: /home/soomi/project_ws/install/my_custom_msgs/include/my_custom_msgs/my_custom_msgs/srv/receive_order.h
[8.414s] -- Symlinking: /home/soomi/project_ws/install/my_custom_msgs/share/my_custom_msgs/environment/library_path.sh
[8.424s] -- Symlinking: /home/soomi/project_ws/install/my_custom_msgs/share/my_custom_msgs/environment/library_path.dsv
[8.436s] -- Symlinking: /home/soomi/project_ws/install/my_custom_msgs/include/my_custom_msgs/my_custom_msgs/action/detail/cook__rosidl_typesupport_introspection_c.h
[8.452s] -- Symlinking: /home/soomi/project_ws/install/my_custom_msgs/include/my_custom_msgs/my_custom_msgs/msg/detail/order_detail__rosidl_typesupport_introspection_c.h
[8.472s] -- Symlinking: /home/soomi/project_ws/install/my_custom_msgs/include/my_custom_msgs/my_custom_msgs/msg/detail/update_status__rosidl_typesupport_introspection_c.h
[8.491s] -- Symlinking: /home/soomi/project_ws/install/my_custom_msgs/include/my_custom_msgs/my_custom_msgs/msg/rosidl_typesupport_introspection_c__visibility_control.h
[8.501s] -- Symlinking: /home/soomi/project_ws/install/my_custom_msgs/include/my_custom_msgs/my_custom_msgs/srv/detail/receive_order__rosidl_typesupport_introspection_c.h
[8.512s] -- Symlinking: /home/soomi/project_ws/install/my_custom_msgs/include/my_custom_msgs/my_custom_msgs/action/detail/cook__rosidl_typesupport_fastrtps_c.h
[8.524s] -- Symlinking: /home/soomi/project_ws/install/my_custom_msgs/include/my_custom_msgs/my_custom_msgs/msg/detail/order_detail__rosidl_typesupport_fastrtps_c.h
[8.536s] -- Symlinking: /home/soomi/project_ws/install/my_custom_msgs/include/my_custom_msgs/my_custom_msgs/msg/detail/update_status__rosidl_typesupport_fastrtps_c.h
[8.547s] -- Symlinking: /home/soomi/project_ws/install/my_custom_msgs/include/my_custom_msgs/my_custom_msgs/msg/rosidl_typesupport_fastrtps_c__visibility_control.h
[8.557s] -- Symlinking: /home/soomi/project_ws/install/my_custom_msgs/include/my_custom_msgs/my_custom_msgs/srv/detail/receive_order__rosidl_typesupport_fastrtps_c.h
[8.569s] -- Symlinking: /home/soomi/project_ws/install/my_custom_msgs/include/my_custom_msgs/my_custom_msgs/action/cook.hpp
[8.580s] -- Symlinking: /home/soomi/project_ws/install/my_custom_msgs/include/my_custom_msgs/my_custom_msgs/action/detail/cook__builder.hpp
[8.592s] -- Symlinking: /home/soomi/project_ws/install/my_custom_msgs/include/my_custom_msgs/my_custom_msgs/action/detail/cook__struct.hpp
[8.604s] -- Symlinking: /home/soomi/project_ws/install/my_custom_msgs/include/my_custom_msgs/my_custom_msgs/action/detail/cook__traits.hpp
[8.616s] -- Symlinking: /home/soomi/project_ws/install/my_custom_msgs/include/my_custom_msgs/my_custom_msgs/action/detail/cook__type_support.hpp
[8.628s] -- Symlinking: /home/soomi/project_ws/install/my_custom_msgs/include/my_custom_msgs/my_custom_msgs/msg/detail/order_detail__builder.hpp
[8.639s] -- Symlinking: /home/soomi/project_ws/install/my_custom_msgs/include/my_custom_msgs/my_custom_msgs/msg/detail/order_detail__struct.hpp
[8.657s] -- Symlinking: /home/soomi/project_ws/install/my_custom_msgs/include/my_custom_msgs/my_custom_msgs/msg/detail/order_detail__traits.hpp
[8.671s] -- Symlinking: /home/soomi/project_ws/install/my_custom_msgs/include/my_custom_msgs/my_custom_msgs/msg/detail/order_detail__type_support.hpp
[8.686s] -- Symlinking: /home/soomi/project_ws/install/my_custom_msgs/include/my_custom_msgs/my_custom_msgs/msg/detail/update_status__builder.hpp
[8.706s] -- Symlinking: /home/soomi/project_ws/install/my_custom_msgs/include/my_custom_msgs/my_custom_msgs/msg/detail/update_status__struct.hpp
[8.723s] -- Symlinking: /home/soomi/project_ws/install/my_custom_msgs/include/my_custom_msgs/my_custom_msgs/msg/detail/update_status__traits.hpp
[8.736s] -- Symlinking: /home/soomi/project_ws/install/my_custom_msgs/include/my_custom_msgs/my_custom_msgs/msg/detail/update_status__type_support.hpp
[8.755s] -- Symlinking: /home/soomi/project_ws/install/my_custom_msgs/include/my_custom_msgs/my_custom_msgs/msg/order_detail.hpp
[8.772s] -- Symlinking: /home/soomi/project_ws/install/my_custom_msgs/include/my_custom_msgs/my_custom_msgs/msg/rosidl_generator_cpp__visibility_control.hpp
[8.782s] -- Symlinking: /home/soomi/project_ws/install/my_custom_msgs/include/my_custom_msgs/my_custom_msgs/msg/update_status.hpp
[8.793s] -- Symlinking: /home/soomi/project_ws/install/my_custom_msgs/include/my_custom_msgs/my_custom_msgs/srv/detail/receive_order__builder.hpp
[8.806s] -- Symlinking: /home/soomi/project_ws/install/my_custom_msgs/include/my_custom_msgs/my_custom_msgs/srv/detail/receive_order__struct.hpp
[8.818s] -- Symlinking: /home/soomi/project_ws/install/my_custom_msgs/include/my_custom_msgs/my_custom_msgs/srv/detail/receive_order__traits.hpp
[8.830s] -- Symlinking: /home/soomi/project_ws/install/my_custom_msgs/include/my_custom_msgs/my_custom_msgs/srv/detail/receive_order__type_support.hpp
[8.841s] -- Symlinking: /home/soomi/project_ws/install/my_custom_msgs/include/my_custom_msgs/my_custom_msgs/srv/receive_order.hpp
[8.853s] -- Symlinking: /home/soomi/project_ws/install/my_custom_msgs/include/my_custom_msgs/my_custom_msgs/action/detail/cook__rosidl_typesupport_introspection_cpp.hpp
[8.863s] -- Symlinking: /home/soomi/project_ws/install/my_custom_msgs/include/my_custom_msgs/my_custom_msgs/msg/detail/order_detail__rosidl_typesupport_introspection_cpp.hpp
[8.873s] -- Symlinking: /home/soomi/project_ws/install/my_custom_msgs/include/my_custom_msgs/my_custom_msgs/msg/detail/update_status__rosidl_typesupport_introspection_cpp.hpp
[8.885s] -- Symlinking: /home/soomi/project_ws/install/my_custom_msgs/include/my_custom_msgs/my_custom_msgs/srv/detail/receive_order__rosidl_typesupport_introspection_cpp.hpp
[8.896s] -- Symlinking: /home/soomi/project_ws/install/my_custom_msgs/include/my_custom_msgs/my_custom_msgs/action/detail/cook__rosidl_typesupport_fastrtps_cpp.hpp
[8.911s] -- Symlinking: /home/soomi/project_ws/install/my_custom_msgs/include/my_custom_msgs/my_custom_msgs/msg/detail/order_detail__rosidl_typesupport_fastrtps_cpp.hpp
[8.929s] -- Symlinking: /home/soomi/project_ws/install/my_custom_msgs/include/my_custom_msgs/my_custom_msgs/msg/detail/update_status__rosidl_typesupport_fastrtps_cpp.hpp
[8.947s] -- Symlinking: /home/soomi/project_ws/install/my_custom_msgs/include/my_custom_msgs/my_custom_msgs/msg/rosidl_typesupport_fastrtps_cpp__visibility_control.h
[8.961s] -- Symlinking: /home/soomi/project_ws/install/my_custom_msgs/include/my_custom_msgs/my_custom_msgs/srv/detail/receive_order__rosidl_typesupport_fastrtps_cpp.hpp
[8.973s] -- Symlinking: /home/soomi/project_ws/install/my_custom_msgs/share/my_custom_msgs/environment/pythonpath.sh
[8.983s] -- Symlinking: /home/soomi/project_ws/install/my_custom_msgs/share/my_custom_msgs/environment/pythonpath.dsv
[8.996s] -- Symlinking: /home/soomi/project_ws/install/my_custom_msgs/local/lib/python3.10/dist-packages/my_custom_msgs-0.0.0-py3.10.egg-info/PKG-INFO
[9.007s] -- Symlinking: /home/soomi/project_ws/install/my_custom_msgs/local/lib/python3.10/dist-packages/my_custom_msgs-0.0.0-py3.10.egg-info/SOURCES.txt
[9.019s] -- Symlinking: /home/soomi/project_ws/install/my_custom_msgs/local/lib/python3.10/dist-packages/my_custom_msgs-0.0.0-py3.10.egg-info/dependency_links.txt
[9.031s] -- Symlinking: /home/soomi/project_ws/install/my_custom_msgs/local/lib/python3.10/dist-packages/my_custom_msgs-0.0.0-py3.10.egg-info/top_level.txt
[9.042s] -- Symlinking: /home/soomi/project_ws/install/my_custom_msgs/local/lib/python3.10/dist-packages/my_custom_msgs/__init__.py
[9.055s] -- Symlinking: /home/soomi/project_ws/install/my_custom_msgs/local/lib/python3.10/dist-packages/my_custom_msgs/_my_custom_msgs_s.ep.rosidl_typesupport_c.c
[9.065s] -- Symlinking: /home/soomi/project_ws/install/my_custom_msgs/local/lib/python3.10/dist-packages/my_custom_msgs/_my_custom_msgs_s.ep.rosidl_typesupport_fastrtps_c.c
[9.076s] -- Symlinking: /home/soomi/project_ws/install/my_custom_msgs/local/lib/python3.10/dist-packages/my_custom_msgs/_my_custom_msgs_s.ep.rosidl_typesupport_introspection_c.c
[9.087s] -- Symlinking: /home/soomi/project_ws/install/my_custom_msgs/local/lib/python3.10/dist-packages/my_custom_msgs/action/__init__.py
[9.098s] -- Symlinking: /home/soomi/project_ws/install/my_custom_msgs/local/lib/python3.10/dist-packages/my_custom_msgs/action/_cook.py
[9.109s] -- Symlinking: /home/soomi/project_ws/install/my_custom_msgs/local/lib/python3.10/dist-packages/my_custom_msgs/action/_cook_s.c
[9.121s] -- Symlinking: /home/soomi/project_ws/install/my_custom_msgs/local/lib/python3.10/dist-packages/my_custom_msgs/libmy_custom_msgs__rosidl_generator_py.so
[9.133s] -- Symlinking: /home/soomi/project_ws/install/my_custom_msgs/local/lib/python3.10/dist-packages/my_custom_msgs/msg/__init__.py
[9.145s] -- Symlinking: /home/soomi/project_ws/install/my_custom_msgs/local/lib/python3.10/dist-packages/my_custom_msgs/msg/_order_detail.py
[9.155s] -- Symlinking: /home/soomi/project_ws/install/my_custom_msgs/local/lib/python3.10/dist-packages/my_custom_msgs/msg/_order_detail_s.c
[9.172s] -- Symlinking: /home/soomi/project_ws/install/my_custom_msgs/local/lib/python3.10/dist-packages/my_custom_msgs/msg/_update_status.py
[9.182s] -- Symlinking: /home/soomi/project_ws/install/my_custom_msgs/local/lib/python3.10/dist-packages/my_custom_msgs/msg/_update_status_s.c
[9.193s] -- Symlinking: /home/soomi/project_ws/install/my_custom_msgs/local/lib/python3.10/dist-packages/my_custom_msgs/my_custom_msgs_s__rosidl_typesupport_c.cpython-310-x86_64-linux-gnu.so
[9.205s] -- Symlinking: /home/soomi/project_ws/install/my_custom_msgs/local/lib/python3.10/dist-packages/my_custom_msgs/my_custom_msgs_s__rosidl_typesupport_fastrtps_c.cpython-310-x86_64-linux-gnu.so
[9.217s] -- Symlinking: /home/soomi/project_ws/install/my_custom_msgs/local/lib/python3.10/dist-packages/my_custom_msgs/my_custom_msgs_s__rosidl_typesupport_introspection_c.cpython-310-x86_64-linux-gnu.so
[9.229s] -- Symlinking: /home/soomi/project_ws/install/my_custom_msgs/local/lib/python3.10/dist-packages/my_custom_msgs/srv/__init__.py
[9.241s] -- Symlinking: /home/soomi/project_ws/install/my_custom_msgs/local/lib/python3.10/dist-packages/my_custom_msgs/srv/_receive_order.py
[9.253s] -- Symlinking: /home/soomi/project_ws/install/my_custom_msgs/local/lib/python3.10/dist-packages/my_custom_msgs/srv/_receive_order_s.c
[9.265s] -- Up-to-date symlink: /home/soomi/project_ws/install/my_custom_msgs/local/lib/python3.10/dist-packages/my_custom_msgs/my_custom_msgs_s__rosidl_typesupport_introspection_c.cpython-310-x86_64-linux-gnu.so
[9.265s] -- Up-to-date symlink: /home/soomi/project_ws/install/my_custom_msgs/local/lib/python3.10/dist-packages/my_custom_msgs/my_custom_msgs_s__rosidl_typesupport_fastrtps_c.cpython-310-x86_64-linux-gnu.so
[9.266s] -- Up-to-date symlink: /home/soomi/project_ws/install/my_custom_msgs/local/lib/python3.10/dist-packages/my_custom_msgs/my_custom_msgs_s__rosidl_typesupport_c.cpython-310-x86_64-linux-gnu.so
[9.266s] -- Symlinking: /home/soomi/project_ws/install/my_custom_msgs/share/my_custom_msgs/msg/UpdateStatus.idl
[9.278s] -- Symlinking: /home/soomi/project_ws/install/my_custom_msgs/share/my_custom_msgs/msg/OrderDetail.idl
[9.290s] -- Symlinking: /home/soomi/project_ws/install/my_custom_msgs/share/my_custom_msgs/srv/ReceiveOrder.idl
[9.301s] -- Symlinking: /home/soomi/project_ws/install/my_custom_msgs/share/my_custom_msgs/action/Cook.idl
[9.312s] -- Symlinking: /home/soomi/project_ws/install/my_custom_msgs/share/my_custom_msgs/msg/UpdateStatus.msg
[9.322s] -- Symlinking: /home/soomi/project_ws/install/my_custom_msgs/share/my_custom_msgs/msg/OrderDetail.msg
[9.333s] -- Symlinking: /home/soomi/project_ws/install/my_custom_msgs/share/my_custom_msgs/srv/ReceiveOrder.srv
[9.345s] -- Symlinking: /home/soomi/project_ws/install/my_custom_msgs/share/my_custom_msgs/srv/ReceiveOrder_Request.msg
[9.357s] -- Symlinking: /home/soomi/project_ws/install/my_custom_msgs/share/my_custom_msgs/srv/ReceiveOrder_Response.msg
[9.370s] -- Symlinking: /home/soomi/project_ws/install/my_custom_msgs/share/my_custom_msgs/action/Cook.action
[9.382s] -- Symlinking: /home/soomi/project_ws/install/my_custom_msgs/share/ament_index/resource_index/package_run_dependencies/my_custom_msgs
[9.393s] -- Symlinking: /home/soomi/project_ws/install/my_custom_msgs/share/ament_index/resource_index/parent_prefix_path/my_custom_msgs
[9.405s] -- Symlinking: /home/soomi/project_ws/install/my_custom_msgs/share/my_custom_msgs/environment/ament_prefix_path.sh
[9.417s] -- Symlinking: /home/soomi/project_ws/install/my_custom_msgs/share/my_custom_msgs/environment/ament_prefix_path.dsv
[9.428s] -- Symlinking: /home/soomi/project_ws/install/my_custom_msgs/share/my_custom_msgs/environment/path.sh
[9.438s] -- Symlinking: /home/soomi/project_ws/install/my_custom_msgs/share/my_custom_msgs/environment/path.dsv
[9.449s] -- Symlinking: /home/soomi/project_ws/install/my_custom_msgs/share/my_custom_msgs/local_setup.bash
[9.461s] -- Symlinking: /home/soomi/project_ws/install/my_custom_msgs/share/my_custom_msgs/local_setup.sh
[9.473s] -- Symlinking: /home/soomi/project_ws/install/my_custom_msgs/share/my_custom_msgs/local_setup.zsh
[9.485s] -- Symlinking: /home/soomi/project_ws/install/my_custom_msgs/share/my_custom_msgs/local_setup.dsv
[9.497s] -- Symlinking: /home/soomi/project_ws/install/my_custom_msgs/share/my_custom_msgs/package.dsv
[9.509s] -- Symlinking: /home/soomi/project_ws/install/my_custom_msgs/share/ament_index/resource_index/packages/my_custom_msgs
[9.521s] -- Symlinking: /home/soomi/project_ws/install/my_custom_msgs/share/my_custom_msgs/cmake/rosidl_cmake-extras.cmake
[9.533s] -- Symlinking: /home/soomi/project_ws/install/my_custom_msgs/share/my_custom_msgs/cmake/ament_cmake_export_dependencies-extras.cmake
[9.545s] -- Symlinking: /home/soomi/project_ws/install/my_custom_msgs/share/my_custom_msgs/cmake/ament_cmake_export_include_directories-extras.cmake
[9.557s] -- Symlinking: /home/soomi/project_ws/install/my_custom_msgs/share/my_custom_msgs/cmake/ament_cmake_export_libraries-extras.cmake
[9.570s] -- Symlinking: /home/soomi/project_ws/install/my_custom_msgs/share/my_custom_msgs/cmake/ament_cmake_export_targets-extras.cmake
[9.582s] -- Symlinking: /home/soomi/project_ws/install/my_custom_msgs/share/my_custom_msgs/cmake/rosidl_cmake_export_typesupport_targets-extras.cmake
[9.592s] -- Symlinking: /home/soomi/project_ws/install/my_custom_msgs/share/my_custom_msgs/cmake/rosidl_cmake_export_typesupport_libraries-extras.cmake
[9.610s] -- Symlinking: /home/soomi/project_ws/install/my_custom_msgs/share/my_custom_msgs/cmake/my_custom_msgsConfig.cmake
[9.623s] -- Symlinking: /home/soomi/project_ws/install/my_custom_msgs/share/my_custom_msgs/cmake/my_custom_msgsConfig-version.cmake
[9.634s] -- Symlinking: /home/soomi/project_ws/install/my_custom_msgs/share/my_custom_msgs/package.xml
[9.646s] -- Installing: /home/soomi/project_ws/install/my_custom_msgs/lib/libmy_custom_msgs__rosidl_generator_c.so
[9.646s] -- Set runtime path of "/home/soomi/project_ws/install/my_custom_msgs/lib/libmy_custom_msgs__rosidl_generator_c.so" to ""
[9.646s] -- Installing: /home/soomi/project_ws/install/my_custom_msgs/lib/libmy_custom_msgs__rosidl_typesupport_introspection_c.so
[9.646s] -- Set runtime path of "/home/soomi/project_ws/install/my_custom_msgs/lib/libmy_custom_msgs__rosidl_typesupport_introspection_c.so" to ""
[9.646s] -- Installing: /home/soomi/project_ws/install/my_custom_msgs/lib/libmy_custom_msgs__rosidl_typesupport_fastrtps_c.so
[9.646s] -- Set runtime path of "/home/soomi/project_ws/install/my_custom_msgs/lib/libmy_custom_msgs__rosidl_typesupport_fastrtps_c.so" to ""
[9.646s] -- Installing: /home/soomi/project_ws/install/my_custom_msgs/lib/libmy_custom_msgs__rosidl_typesupport_c.so
[9.647s] -- Set runtime path of "/home/soomi/project_ws/install/my_custom_msgs/lib/libmy_custom_msgs__rosidl_typesupport_c.so" to ""
[9.647s] -- Installing: /home/soomi/project_ws/install/my_custom_msgs/lib/libmy_custom_msgs__rosidl_typesupport_introspection_cpp.so
[9.647s] -- Set runtime path of "/home/soomi/project_ws/install/my_custom_msgs/lib/libmy_custom_msgs__rosidl_typesupport_introspection_cpp.so" to ""
[9.647s] -- Installing: /home/soomi/project_ws/install/my_custom_msgs/lib/libmy_custom_msgs__rosidl_typesupport_fastrtps_cpp.so
[9.647s] -- Set runtime path of "/home/soomi/project_ws/install/my_custom_msgs/lib/libmy_custom_msgs__rosidl_typesupport_fastrtps_cpp.so" to ""
[9.647s] -- Installing: /home/soomi/project_ws/install/my_custom_msgs/lib/libmy_custom_msgs__rosidl_typesupport_cpp.so
[9.647s] -- Set runtime path of "/home/soomi/project_ws/install/my_custom_msgs/lib/libmy_custom_msgs__rosidl_typesupport_cpp.so" to ""
[9.750s] Listing '/home/soomi/project_ws/install/my_custom_msgs/local/lib/python3.10/dist-packages/my_custom_msgs'...
[9.750s] Compiling '/home/soomi/project_ws/install/my_custom_msgs/local/lib/python3.10/dist-packages/my_custom_msgs/__init__.py'...
[9.750s] Listing '/home/soomi/project_ws/install/my_custom_msgs/local/lib/python3.10/dist-packages/my_custom_msgs/action'...
[9.750s] Compiling '/home/soomi/project_ws/install/my_custom_msgs/local/lib/python3.10/dist-packages/my_custom_msgs/action/__init__.py'...
[9.750s] Compiling '/home/soomi/project_ws/install/my_custom_msgs/local/lib/python3.10/dist-packages/my_custom_msgs/action/_cook.py'...
[9.750s] Listing '/home/soomi/project_ws/install/my_custom_msgs/local/lib/python3.10/dist-packages/my_custom_msgs/msg'...
[9.750s] Compiling '/home/soomi/project_ws/install/my_custom_msgs/local/lib/python3.10/dist-packages/my_custom_msgs/msg/__init__.py'...
[9.750s] Compiling '/home/soomi/project_ws/install/my_custom_msgs/local/lib/python3.10/dist-packages/my_custom_msgs/msg/_order_detail.py'...
[9.750s] Compiling '/home/soomi/project_ws/install/my_custom_msgs/local/lib/python3.10/dist-packages/my_custom_msgs/msg/_update_status.py'...
[9.750s] Listing '/home/soomi/project_ws/install/my_custom_msgs/local/lib/python3.10/dist-packages/my_custom_msgs/srv'...
[9.750s] Compiling '/home/soomi/project_ws/install/my_custom_msgs/local/lib/python3.10/dist-packages/my_custom_msgs/srv/__init__.py'...
[9.750s] Compiling '/home/soomi/project_ws/install/my_custom_msgs/local/lib/python3.10/dist-packages/my_custom_msgs/srv/_receive_order.py'...
[9.753s] -- Installing: /home/soomi/project_ws/install/my_custom_msgs/lib/libmy_custom_msgs__rosidl_generator_py.so
[9.753s] -- Set runtime path of "/home/soomi/project_ws/install/my_custom_msgs/lib/libmy_custom_msgs__rosidl_generator_py.so" to ""
[9.753s] -- Installing: /home/soomi/project_ws/install/my_custom_msgs/share/my_custom_msgs/cmake/export_my_custom_msgs__rosidl_generator_cExport.cmake
[9.753s] -- Installing: /home/soomi/project_ws/install/my_custom_msgs/share/my_custom_msgs/cmake/export_my_custom_msgs__rosidl_generator_cExport-noconfig.cmake
[9.753s] -- Installing: /home/soomi/project_ws/install/my_custom_msgs/share/my_custom_msgs/cmake/my_custom_msgs__rosidl_typesupport_introspection_cExport.cmake
[9.754s] -- Installing: /home/soomi/project_ws/install/my_custom_msgs/share/my_custom_msgs/cmake/my_custom_msgs__rosidl_typesupport_introspection_cExport-noconfig.cmake
[9.754s] -- Installing: /home/soomi/project_ws/install/my_custom_msgs/share/my_custom_msgs/cmake/export_my_custom_msgs__rosidl_typesupport_fastrtps_cExport.cmake
[9.754s] -- Installing: /home/soomi/project_ws/install/my_custom_msgs/share/my_custom_msgs/cmake/export_my_custom_msgs__rosidl_typesupport_fastrtps_cExport-noconfig.cmake
[9.754s] -- Installing: /home/soomi/project_ws/install/my_custom_msgs/share/my_custom_msgs/cmake/my_custom_msgs__rosidl_typesupport_cExport.cmake
[9.754s] -- Installing: /home/soomi/project_ws/install/my_custom_msgs/share/my_custom_msgs/cmake/my_custom_msgs__rosidl_typesupport_cExport-noconfig.cmake
[9.754s] -- Installing: /home/soomi/project_ws/install/my_custom_msgs/share/my_custom_msgs/cmake/export_my_custom_msgs__rosidl_generator_cppExport.cmake
[9.754s] -- Installing: /home/soomi/project_ws/install/my_custom_msgs/share/my_custom_msgs/cmake/my_custom_msgs__rosidl_typesupport_introspection_cppExport.cmake
[9.754s] -- Installing: /home/soomi/project_ws/install/my_custom_msgs/share/my_custom_msgs/cmake/my_custom_msgs__rosidl_typesupport_introspection_cppExport-noconfig.cmake
[9.754s] -- Installing: /home/soomi/project_ws/install/my_custom_msgs/share/my_custom_msgs/cmake/export_my_custom_msgs__rosidl_typesupport_fastrtps_cppExport.cmake
[9.754s] -- Installing: /home/soomi/project_ws/install/my_custom_msgs/share/my_custom_msgs/cmake/export_my_custom_msgs__rosidl_typesupport_fastrtps_cppExport-noconfig.cmake
[9.754s] -- Installing: /home/soomi/project_ws/install/my_custom_msgs/share/my_custom_msgs/cmake/my_custom_msgs__rosidl_typesupport_cppExport.cmake
[9.754s] -- Installing: /home/soomi/project_ws/install/my_custom_msgs/share/my_custom_msgs/cmake/my_custom_msgs__rosidl_typesupport_cppExport-noconfig.cmake
[9.754s] -- Installing: /home/soomi/project_ws/install/my_custom_msgs/share/my_custom_msgs/cmake/export_my_custom_msgs__rosidl_generator_pyExport.cmake
[9.754s] -- Installing: /home/soomi/project_ws/install/my_custom_msgs/share/my_custom_msgs/cmake/export_my_custom_msgs__rosidl_generator_pyExport-noconfig.cmake
[9.756s] Invoked command in '/home/soomi/project_ws/build/my_custom_msgs' returned '0': CMAKE_PREFIX_PATH=${CMAKE_PREFIX_PATH}:/home/soomi/ros2_humble/install/rqt_bag_plugins:/home/soomi/ros2_humble/install/rqt_bag:/home/soomi/ros2_humble/install/launch_testing_examples:/home/soomi/ros2_humble/install/ros2bag:/home/soomi/ros2_humble/install/tracetools_test:/home/soomi/ros2_humble/install/tracetools_launch:/home/soomi/ros2_humble/install/topic_monitor:/home/soomi/ros2_humble/install/tf2_tools:/home/soomi/ros2_humble/install/examples_tf2_py:/home/soomi/ros2_humble/install/tf2_ros_py:/home/soomi/ros2_humble/install/sros2:/home/soomi/ros2_humble/install/rqt_topic:/home/soomi/ros2_humble/install/rqt_srv:/home/soomi/ros2_humble/install/rqt_shell:/home/soomi/ros2_humble/install/rqt_service_caller:/home/soomi/ros2_humble/install/rqt_reconfigure:/home/soomi/ros2_humble/install/rqt_py_console:/home/soomi/ros2_humble/install/rqt_publisher:/home/soomi/ros2_humble/install/rqt_plot:/home/soomi/ros2_humble/install/rqt_action:/home/soomi/ros2_humble/install/rqt_msg:/home/soomi/ros2_humble/install/rqt_console:/home/soomi/ros2_humble/install/rqt:/home/soomi/ros2_humble/install/rqt_graph:/home/soomi/ros2_humble/install/rqt_gui_py:/home/soomi/ros2_humble/install/rqt_gui:/home/soomi/ros2_humble/install/ros2trace:/home/soomi/ros2_humble/install/ros2topic:/home/soomi/ros2_humble/install/ros2test:/home/soomi/ros2_humble/install/ros2component:/home/soomi/ros2_humble/install/ros2param:/home/soomi/ros2_humble/install/ros2lifecycle:/home/soomi/ros2_humble/install/ros2service:/home/soomi/ros2_humble/install/ros2run:/home/soomi/ros2_humble/install/ros2launch:/home/soomi/ros2_humble/install/ros2pkg:/home/soomi/ros2_humble/install/ros2node:/home/soomi/ros2_humble/install/ros2multicast:/home/soomi/ros2_humble/install/ros2interface:/home/soomi/ros2_humble/install/ros2doctor:/home/soomi/ros2_humble/install/ros2action:/home/soomi/ros2_humble/install/ros2cli:/home/soomi/ros2_humble/install/quality_of_service_demo_py:/home/soomi/ros2_humble/install/lifecycle_py:/home/soomi/ros2_humble/install/launch_testing_ros:/home/soomi/ros2_humble/install/launch_ros:/home/soomi/ros2_humble/install/examples_rclpy_pointcloud_publisher:/home/soomi/ros2_humble/install/examples_rclpy_minimal_subscriber:/home/soomi/ros2_humble/install/examples_rclpy_minimal_service:/home/soomi/ros2_humble/install/examples_rclpy_minimal_publisher:/home/soomi/ros2_humble/install/examples_rclpy_minimal_client:/home/soomi/ros2_humble/install/examples_rclpy_minimal_action_server:/home/soomi/ros2_humble/install/examples_rclpy_minimal_action_client:/home/soomi/ros2_humble/install/examples_rclpy_guard_conditions:/home/soomi/ros2_humble/install/examples_rclpy_executors:/home/soomi/ros2_humble/install/demo_nodes_py:/home/soomi/ros2_humble/install/bondpy:/home/soomi/ros2_humble/install/action_tutorials_py:/home/soomi/ros2_humble/install/ament_uncrustify:/home/soomi/ros2_humble/install/tracetools_trace:/home/soomi/ros2_humble/install/tracetools_read:/home/soomi/ros2_humble/install/test_tracetools_launch:/home/soomi/ros2_humble/install/test_launch_ros:/home/soomi/ros2_humble/install/sensor_msgs_py:/home/soomi/ros2_humble/install/rpyutils:/home/soomi/ros2_humble/install/rosidl_runtime_py:/home/soomi/ros2_humble/install/rosidl_cli:/home/soomi/ros2_humble/install/launch_pytest:/home/soomi/ros2_humble/install/launch_testing:/home/soomi/ros2_humble/install/launch_yaml:/home/soomi/ros2_humble/install/launch_xml:/home/soomi/ros2_humble/install/launch:/home/soomi/ros2_humble/install/osrf_pycommon:/home/soomi/ros2_humble/install/domain_coordinator:/home/soomi/ros2_humble/install/ament_xmllint:/home/soomi/ros2_humble/install/ament_pyflakes:/home/soomi/ros2_humble/install/ament_pycodestyle:/home/soomi/ros2_humble/install/ament_pep257:/home/soomi/ros2_humble/install/ament_pclint:/home/soomi/ros2_humble/install/ament_package:/home/soomi/ros2_humble/install/ament_mypy:/home/soomi/ros2_humble/install/ament_lint_cmake:/home/soomi/ros2_humble/install/ament_flake8:/home/soomi/ros2_humble/install/ament_copyright:/home/soomi/ros2_humble/install/ament_lint:/home/soomi/ros2_humble/install/ament_index_python:/home/soomi/ros2_humble/install/ament_cpplint:/home/soomi/ros2_humble/install/ament_cppcheck:/home/soomi/ros2_humble/install/ament_clang_tidy:/home/soomi/ros2_humble/install/ament_clang_format /usr/bin/cmake --install /home/soomi/project_ws/build/my_custom_msgs
