[0.527s] Invoking command in '/home/kim/project3/computer/build/dine_bot': PYTHONPATH=/home/kim/project3/computer/build/dine_bot/prefix_override:/usr/lib/python3/dist-packages/colcon_core/task/python/colcon_distutils_commands:/home/kim/project3/computer/install/dine_bot/lib/python3.10/site-packages:${PYTHONPATH} /usr/bin/python3 -W ignore:setup.py install is deprecated setup.py develop --editable --build-directory /home/kim/project3/computer/build/dine_bot/build --no-deps symlink_data
[0.634s] /home/kim/.local/lib/python3.10/site-packages/setuptools/_distutils/dist.py:261: UserWarning: Unknown distribution option: 'tests_require'
[0.634s]   warnings.warn(msg)
[0.728s] running develop
[0.728s] /home/kim/.local/lib/python3.10/site-packages/setuptools/command/develop.py:41: EasyInstallDeprecationWarning: easy_install command is deprecated.
[0.728s] !!
[0.728s] 
[0.728s]         ********************************************************************************
[0.728s]         Please avoid running ``setup.py`` and ``easy_install``.
[0.728s]         Instead, use pypa/build, pypa/installer or other
[0.728s]         standards-based tools.
[0.728s] 
[0.728s]         See https://github.com/pypa/setuptools/issues/917 for details.
[0.729s]         ********************************************************************************
[0.729s] 
[0.729s] !!
[0.729s]   easy_install.initialize_options(self)
[0.845s] running egg_info
[0.854s] writing dine_bot.egg-info/PKG-INFO
[0.854s] writing dependency_links to dine_bot.egg-info/dependency_links.txt
[0.854s] writing entry points to dine_bot.egg-info/entry_points.txt
[0.855s] writing requirements to dine_bot.egg-info/requires.txt
[0.855s] writing top-level names to dine_bot.egg-info/top_level.txt
[0.872s] reading manifest file 'dine_bot.egg-info/SOURCES.txt'
[0.873s] writing manifest file 'dine_bot.egg-info/SOURCES.txt'
[0.914s] running build_ext
[0.915s] Creating /home/kim/project3/computer/install/dine_bot/lib/python3.10/site-packages/dine-bot.egg-link (link to .)
[0.915s] Installing db_manager_node script to /home/kim/project3/computer/install/dine_bot/lib/dine_bot
[0.915s] Installing esp32_control_node script to /home/kim/project3/computer/install/dine_bot/lib/dine_bot
[0.915s] Installing monitor_plc_node script to /home/kim/project3/computer/install/dine_bot/lib/dine_bot
[0.915s] Installing mycobot_controller script to /home/kim/project3/computer/install/dine_bot/lib/dine_bot
[0.915s] Installing nav2_controller script to /home/kim/project3/computer/install/dine_bot/lib/dine_bot
[0.916s] Installing plate_distance_node script to /home/kim/project3/computer/install/dine_bot/lib/dine_bot
[0.916s] Installing suction_cup_node script to /home/kim/project3/computer/install/dine_bot/lib/dine_bot
[0.916s] Installing task_manager_node script to /home/kim/project3/computer/install/dine_bot/lib/dine_bot
[0.916s] 
[0.916s] Installed /home/kim/project3/computer/build/dine_bot
[0.916s] running symlink_data
[0.941s] Invoked command in '/home/kim/project3/computer/build/dine_bot' returned '0': PYTHONPATH=/home/kim/project3/computer/build/dine_bot/prefix_override:/usr/lib/python3/dist-packages/colcon_core/task/python/colcon_distutils_commands:/home/kim/project3/computer/install/dine_bot/lib/python3.10/site-packages:${PYTHONPATH} /usr/bin/python3 -W ignore:setup.py install is deprecated setup.py develop --editable --build-directory /home/kim/project3/computer/build/dine_bot/build --no-deps symlink_data
