[0.129s] DEBUG:colcon:Command line arguments: ['/usr/bin/colcon', 'build', '--symlink-install']
[0.129s] DEBUG:colcon:Parsed command line arguments: Namespace(log_base=None, log_level=None, verb_name='build', build_base='build', install_base='install', merge_install=False, symlink_install=True, test_result_base=None, continue_on_error=False, executor='parallel', parallel_workers=4, event_handlers=None, ignore_user_meta=False, metas=['./colcon.meta'], base_paths=['.'], packages_ignore=None, packages_ignore_regex=None, paths=None, packages_up_to=None, packages_up_to_regex=None, packages_above=None, packages_above_and_dependencies=None, packages_above_depth=None, packages_select_by_dep=None, packages_skip_by_dep=None, packages_skip_up_to=None, packages_select_build_failed=False, packages_skip_build_finished=False, packages_select_test_failures=False, packages_skip_test_passed=False, packages_select=None, packages_skip=None, packages_select_regex=None, packages_skip_regex=None, packages_start=None, packages_end=None, allow_overriding=[], cmake_args=None, cmake_target=None, cmake_target_skip_unavailable=False, cmake_clean_cache=False, cmake_clean_first=False, cmake_force_configure=False, ament_cmake_args=None, catkin_cmake_args=None, catkin_skip_building_tests=False, verb_parser=<colcon_defaults.argument_parser.defaults.DefaultArgumentsDecorator object at 0x770f8533fd30>, verb_extension=<colcon_core.verb.build.BuildVerb object at 0x770f8533f820>, main=<bound method BuildVerb.main of <colcon_core.verb.build.BuildVerb object at 0x770f8533f820>>)
[0.408s] Level 1:colcon.colcon_core.package_discovery:discover_packages(colcon_meta) check parameters
[0.408s] Level 1:colcon.colcon_core.package_discovery:discover_packages(recursive) check parameters
[0.408s] Level 1:colcon.colcon_core.package_discovery:discover_packages(ignore) check parameters
[0.408s] Level 1:colcon.colcon_core.package_discovery:discover_packages(path) check parameters
[0.408s] Level 1:colcon.colcon_core.package_discovery:discover_packages(colcon_meta) discover
[0.408s] Level 1:colcon.colcon_core.package_discovery:discover_packages(recursive) discover
[0.408s] INFO:colcon.colcon_core.package_discovery:Crawling recursively for packages in '/home/sangyeon/project3/computer'
[0.408s] Level 1:colcon.colcon_core.package_identification:_identify(.) by extensions ['ignore', 'ignore_ament_install']
[0.408s] Level 1:colcon.colcon_core.package_identification:_identify(.) by extension 'ignore'
[0.408s] Level 1:colcon.colcon_core.package_identification:_identify(.) by extension 'ignore_ament_install'
[0.408s] Level 1:colcon.colcon_core.package_identification:_identify(.) by extensions ['colcon_pkg']
[0.408s] Level 1:colcon.colcon_core.package_identification:_identify(.) by extension 'colcon_pkg'
[0.408s] Level 1:colcon.colcon_core.package_identification:_identify(.) by extensions ['colcon_meta']
[0.408s] Level 1:colcon.colcon_core.package_identification:_identify(.) by extension 'colcon_meta'
[0.408s] Level 1:colcon.colcon_core.package_identification:_identify(.) by extensions ['ros']
[0.408s] Level 1:colcon.colcon_core.package_identification:_identify(.) by extension 'ros'
[0.416s] Level 1:colcon.colcon_core.package_identification:_identify(.) by extensions ['cmake', 'python']
[0.417s] Level 1:colcon.colcon_core.package_identification:_identify(.) by extension 'cmake'
[0.417s] Level 1:colcon.colcon_core.package_identification:_identify(.) by extension 'python'
[0.417s] Level 1:colcon.colcon_core.package_identification:_identify(.) by extensions ['python_setup_py']
[0.417s] Level 1:colcon.colcon_core.package_identification:_identify(.) by extension 'python_setup_py'
[0.417s] Level 1:colcon.colcon_core.package_identification:_identify(build) by extensions ['ignore', 'ignore_ament_install']
[0.417s] Level 1:colcon.colcon_core.package_identification:_identify(build) by extension 'ignore'
[0.417s] Level 1:colcon.colcon_core.package_identification:_identify(build) ignored
[0.417s] Level 1:colcon.colcon_core.package_identification:_identify(install) by extensions ['ignore', 'ignore_ament_install']
[0.417s] Level 1:colcon.colcon_core.package_identification:_identify(install) by extension 'ignore'
[0.417s] Level 1:colcon.colcon_core.package_identification:_identify(install) ignored
[0.417s] Level 1:colcon.colcon_core.package_identification:_identify(log) by extensions ['ignore', 'ignore_ament_install']
[0.417s] Level 1:colcon.colcon_core.package_identification:_identify(log) by extension 'ignore'
[0.417s] Level 1:colcon.colcon_core.package_identification:_identify(log) ignored
[0.417s] Level 1:colcon.colcon_core.package_identification:_identify(src) by extensions ['ignore', 'ignore_ament_install']
[0.417s] Level 1:colcon.colcon_core.package_identification:_identify(src) by extension 'ignore'
[0.417s] Level 1:colcon.colcon_core.package_identification:_identify(src) by extension 'ignore_ament_install'
[0.417s] Level 1:colcon.colcon_core.package_identification:_identify(src) by extensions ['colcon_pkg']
[0.417s] Level 1:colcon.colcon_core.package_identification:_identify(src) by extension 'colcon_pkg'
[0.417s] Level 1:colcon.colcon_core.package_identification:_identify(src) by extensions ['colcon_meta']
[0.417s] Level 1:colcon.colcon_core.package_identification:_identify(src) by extension 'colcon_meta'
[0.417s] Level 1:colcon.colcon_core.package_identification:_identify(src) by extensions ['ros']
[0.417s] Level 1:colcon.colcon_core.package_identification:_identify(src) by extension 'ros'
[0.417s] Level 1:colcon.colcon_core.package_identification:_identify(src) by extensions ['cmake', 'python']
[0.417s] Level 1:colcon.colcon_core.package_identification:_identify(src) by extension 'cmake'
[0.417s] Level 1:colcon.colcon_core.package_identification:_identify(src) by extension 'python'
[0.417s] Level 1:colcon.colcon_core.package_identification:_identify(src) by extensions ['python_setup_py']
[0.417s] Level 1:colcon.colcon_core.package_identification:_identify(src) by extension 'python_setup_py'
[0.417s] Level 1:colcon.colcon_core.package_identification:_identify(src/custom_msgs) by extensions ['ignore', 'ignore_ament_install']
[0.417s] Level 1:colcon.colcon_core.package_identification:_identify(src/custom_msgs) by extension 'ignore'
[0.417s] Level 1:colcon.colcon_core.package_identification:_identify(src/custom_msgs) by extension 'ignore_ament_install'
[0.417s] Level 1:colcon.colcon_core.package_identification:_identify(src/custom_msgs) by extensions ['colcon_pkg']
[0.417s] Level 1:colcon.colcon_core.package_identification:_identify(src/custom_msgs) by extension 'colcon_pkg'
[0.418s] Level 1:colcon.colcon_core.package_identification:_identify(src/custom_msgs) by extensions ['colcon_meta']
[0.418s] Level 1:colcon.colcon_core.package_identification:_identify(src/custom_msgs) by extension 'colcon_meta'
[0.418s] Level 1:colcon.colcon_core.package_identification:_identify(src/custom_msgs) by extensions ['ros']
[0.418s] Level 1:colcon.colcon_core.package_identification:_identify(src/custom_msgs) by extension 'ros'
[0.419s] DEBUG:colcon.colcon_core.package_identification:Package 'src/custom_msgs' with type 'ros.ament_cmake' and name 'custom_msgs'
[0.419s] Level 1:colcon.colcon_core.package_identification:_identify(src/dine_bot) by extensions ['ignore', 'ignore_ament_install']
[0.419s] Level 1:colcon.colcon_core.package_identification:_identify(src/dine_bot) by extension 'ignore'
[0.419s] Level 1:colcon.colcon_core.package_identification:_identify(src/dine_bot) by extension 'ignore_ament_install'
[0.419s] Level 1:colcon.colcon_core.package_identification:_identify(src/dine_bot) by extensions ['colcon_pkg']
[0.419s] Level 1:colcon.colcon_core.package_identification:_identify(src/dine_bot) by extension 'colcon_pkg'
[0.419s] Level 1:colcon.colcon_core.package_identification:_identify(src/dine_bot) by extensions ['colcon_meta']
[0.419s] Level 1:colcon.colcon_core.package_identification:_identify(src/dine_bot) by extension 'colcon_meta'
[0.419s] Level 1:colcon.colcon_core.package_identification:_identify(src/dine_bot) by extensions ['ros']
[0.419s] Level 1:colcon.colcon_core.package_identification:_identify(src/dine_bot) by extension 'ros'
[0.420s] DEBUG:colcon.colcon_core.package_identification:Package 'src/dine_bot' with type 'ros.ament_python' and name 'dine_bot'
[0.420s] Level 1:colcon.colcon_core.package_discovery:discover_packages(recursive) using defaults
[0.420s] Level 1:colcon.colcon_core.package_discovery:discover_packages(ignore) discover
[0.420s] Level 1:colcon.colcon_core.package_discovery:discover_packages(ignore) using defaults
[0.420s] Level 1:colcon.colcon_core.package_discovery:discover_packages(path) discover
[0.420s] Level 1:colcon.colcon_core.package_discovery:discover_packages(path) using defaults
[0.448s] Level 1:colcon.colcon_core.package_discovery:discover_packages(prefix_path) check parameters
[0.448s] Level 1:colcon.colcon_core.package_discovery:discover_packages(prefix_path) discover
[0.459s] DEBUG:colcon.colcon_installed_package_information.package_discovery:Found 39 installed packages in /home/sangyeon/nav2_ws/install
[0.465s] DEBUG:colcon.colcon_installed_package_information.package_discovery:Found 349 installed packages in /home/sangyeon/ros2_humble/install
[0.467s] DEBUG:colcon.colcon_installed_package_information.package_discovery:Found 250 installed packages in /opt/ros/humble
[0.471s] Level 1:colcon.colcon_core.package_discovery:discover_packages(prefix_path) using defaults
[0.708s] Level 5:colcon.colcon_core.verb:set package 'custom_msgs' build argument 'cmake_args' from command line to 'None'
[0.708s] Level 5:colcon.colcon_core.verb:set package 'custom_msgs' build argument 'cmake_target' from command line to 'None'
[0.708s] Level 5:colcon.colcon_core.verb:set package 'custom_msgs' build argument 'cmake_target_skip_unavailable' from command line to 'False'
[0.708s] Level 5:colcon.colcon_core.verb:set package 'custom_msgs' build argument 'cmake_clean_cache' from command line to 'False'
[0.708s] Level 5:colcon.colcon_core.verb:set package 'custom_msgs' build argument 'cmake_clean_first' from command line to 'False'
[0.708s] Level 5:colcon.colcon_core.verb:set package 'custom_msgs' build argument 'cmake_force_configure' from command line to 'False'
[0.708s] Level 5:colcon.colcon_core.verb:set package 'custom_msgs' build argument 'ament_cmake_args' from command line to 'None'
[0.708s] Level 5:colcon.colcon_core.verb:set package 'custom_msgs' build argument 'catkin_cmake_args' from command line to 'None'
[0.708s] Level 5:colcon.colcon_core.verb:set package 'custom_msgs' build argument 'catkin_skip_building_tests' from command line to 'False'
[0.708s] DEBUG:colcon.colcon_core.verb:Building package 'custom_msgs' with the following arguments: {'ament_cmake_args': None, 'build_base': '/home/sangyeon/project3/computer/build/custom_msgs', 'catkin_cmake_args': None, 'catkin_skip_building_tests': False, 'cmake_args': None, 'cmake_clean_cache': False, 'cmake_clean_first': False, 'cmake_force_configure': False, 'cmake_target': None, 'cmake_target_skip_unavailable': False, 'install_base': '/home/sangyeon/project3/computer/install/custom_msgs', 'merge_install': False, 'path': '/home/sangyeon/project3/computer/src/custom_msgs', 'symlink_install': True, 'test_result_base': None}
[0.708s] Level 5:colcon.colcon_core.verb:set package 'dine_bot' build argument 'cmake_args' from command line to 'None'
[0.709s] Level 5:colcon.colcon_core.verb:set package 'dine_bot' build argument 'cmake_target' from command line to 'None'
[0.709s] Level 5:colcon.colcon_core.verb:set package 'dine_bot' build argument 'cmake_target_skip_unavailable' from command line to 'False'
[0.709s] Level 5:colcon.colcon_core.verb:set package 'dine_bot' build argument 'cmake_clean_cache' from command line to 'False'
[0.709s] Level 5:colcon.colcon_core.verb:set package 'dine_bot' build argument 'cmake_clean_first' from command line to 'False'
[0.709s] Level 5:colcon.colcon_core.verb:set package 'dine_bot' build argument 'cmake_force_configure' from command line to 'False'
[0.709s] Level 5:colcon.colcon_core.verb:set package 'dine_bot' build argument 'ament_cmake_args' from command line to 'None'
[0.709s] Level 5:colcon.colcon_core.verb:set package 'dine_bot' build argument 'catkin_cmake_args' from command line to 'None'
[0.709s] Level 5:colcon.colcon_core.verb:set package 'dine_bot' build argument 'catkin_skip_building_tests' from command line to 'False'
[0.709s] DEBUG:colcon.colcon_core.verb:Building package 'dine_bot' with the following arguments: {'ament_cmake_args': None, 'build_base': '/home/sangyeon/project3/computer/build/dine_bot', 'catkin_cmake_args': None, 'catkin_skip_building_tests': False, 'cmake_args': None, 'cmake_clean_cache': False, 'cmake_clean_first': False, 'cmake_force_configure': False, 'cmake_target': None, 'cmake_target_skip_unavailable': False, 'install_base': '/home/sangyeon/project3/computer/install/dine_bot', 'merge_install': False, 'path': '/home/sangyeon/project3/computer/src/dine_bot', 'symlink_install': True, 'test_result_base': None}
[0.709s] INFO:colcon.colcon_core.executor:Executing jobs using 'parallel' executor
[0.709s] DEBUG:colcon.colcon_parallel_executor.executor.parallel:run_until_complete
[0.710s] INFO:colcon.colcon_ros.task.ament_cmake.build:Building ROS package in '/home/sangyeon/project3/computer/src/custom_msgs' with build type 'ament_cmake'
[0.710s] INFO:colcon.colcon_cmake.task.cmake.build:Building CMake package in '/home/sangyeon/project3/computer/src/custom_msgs'
[0.713s] INFO:colcon.colcon_core.plugin_system:Skipping extension 'colcon_core.shell.bat': Not used on non-Windows systems
[0.713s] INFO:colcon.colcon_core.shell:Skip shell extension 'powershell' for command environment: Not usable outside of PowerShell
[0.713s] DEBUG:colcon.colcon_core.shell:Skip shell extension 'dsv' for command environment
[0.728s] INFO:colcon.colcon_ros.task.ament_python.build:Building ROS package in '/home/sangyeon/project3/computer/src/dine_bot' with build type 'ament_python'
[0.728s] Level 1:colcon.colcon_core.shell:create_environment_hook('dine_bot', 'ament_prefix_path')
[0.729s] INFO:colcon.colcon_core.shell:Creating environment hook '/home/sangyeon/project3/computer/install/dine_bot/share/dine_bot/hook/ament_prefix_path.ps1'
[0.729s] INFO:colcon.colcon_core.shell:Creating environment descriptor '/home/sangyeon/project3/computer/install/dine_bot/share/dine_bot/hook/ament_prefix_path.dsv'
[0.730s] INFO:colcon.colcon_core.shell:Creating environment hook '/home/sangyeon/project3/computer/install/dine_bot/share/dine_bot/hook/ament_prefix_path.sh'
[0.730s] INFO:colcon.colcon_core.shell:Skip shell extension 'powershell' for command environment: Not usable outside of PowerShell
[0.730s] DEBUG:colcon.colcon_core.shell:Skip shell extension 'dsv' for command environment
[0.753s] DEBUG:colcon.colcon_core.event_handler.log_command:Invoking command in '/home/sangyeon/project3/computer/build/custom_msgs': CMAKE_PREFIX_PATH=${CMAKE_PREFIX_PATH}:/home/sangyeon/nav2_ws/install/nav2_simple_commander:/opt/ros/humble:/home/sangyeon/ros2_humble/install/rqt_bag_plugins:/home/sangyeon/ros2_humble/install/rqt_bag:/home/sangyeon/ros2_humble/install/launch_testing_examples:/home/sangyeon/ros2_humble/install/ros2bag:/home/sangyeon/ros2_humble/install/tracetools_test:/home/sangyeon/ros2_humble/install/tracetools_launch:/home/sangyeon/ros2_humble/install/topic_monitor:/home/sangyeon/ros2_humble/install/tf2_tools:/home/sangyeon/ros2_humble/install/examples_tf2_py:/home/sangyeon/ros2_humble/install/tf2_ros_py:/home/sangyeon/ros2_humble/install/sros2:/home/sangyeon/ros2_humble/install/rqt_topic:/home/sangyeon/ros2_humble/install/rqt_srv:/home/sangyeon/ros2_humble/install/rqt_shell:/home/sangyeon/ros2_humble/install/rqt_service_caller:/home/sangyeon/ros2_humble/install/rqt_reconfigure:/home/sangyeon/ros2_humble/install/rqt_py_console:/home/sangyeon/ros2_humble/install/rqt_publisher:/home/sangyeon/ros2_humble/install/rqt_plot:/home/sangyeon/ros2_humble/install/rqt_action:/home/sangyeon/ros2_humble/install/rqt_msg:/home/sangyeon/ros2_humble/install/rqt_console:/home/sangyeon/ros2_humble/install/rqt:/home/sangyeon/ros2_humble/install/rqt_graph:/home/sangyeon/ros2_humble/install/rqt_gui_py:/home/sangyeon/ros2_humble/install/rqt_gui:/home/sangyeon/ros2_humble/install/ros2trace:/home/sangyeon/ros2_humble/install/ros2topic:/home/sangyeon/ros2_humble/install/ros2test:/home/sangyeon/ros2_humble/install/ros2component:/home/sangyeon/ros2_humble/install/ros2param:/home/sangyeon/ros2_humble/install/ros2lifecycle:/home/sangyeon/ros2_humble/install/ros2service:/home/sangyeon/ros2_humble/install/ros2run:/home/sangyeon/ros2_humble/install/ros2launch:/home/sangyeon/ros2_humble/install/ros2pkg:/home/sangyeon/ros2_humble/install/ros2node:/home/sangyeon/ros2_humble/install/ros2multicast:/home/sangyeon/ros2_humble/install/ros2interface:/home/sangyeon/ros2_humble/install/ros2doctor:/home/sangyeon/ros2_humble/install/ros2action:/home/sangyeon/ros2_humble/install/ros2cli:/home/sangyeon/ros2_humble/install/quality_of_service_demo_py:/home/sangyeon/ros2_humble/install/lifecycle_py:/home/sangyeon/ros2_humble/install/launch_testing_ros:/home/sangyeon/ros2_humble/install/launch_ros:/home/sangyeon/ros2_humble/install/examples_rclpy_pointcloud_publisher:/home/sangyeon/ros2_humble/install/examples_rclpy_minimal_subscriber:/home/sangyeon/ros2_humble/install/examples_rclpy_minimal_service:/home/sangyeon/ros2_humble/install/examples_rclpy_minimal_publisher:/home/sangyeon/ros2_humble/install/examples_rclpy_minimal_client:/home/sangyeon/ros2_humble/install/examples_rclpy_minimal_action_server:/home/sangyeon/ros2_humble/install/examples_rclpy_minimal_action_client:/home/sangyeon/ros2_humble/install/examples_rclpy_guard_conditions:/home/sangyeon/ros2_humble/install/examples_rclpy_executors:/home/sangyeon/ros2_humble/install/demo_nodes_py:/home/sangyeon/ros2_humble/install/action_tutorials_py:/home/sangyeon/ros2_humble/install/ament_uncrustify:/home/sangyeon/ros2_humble/install/tracetools_trace:/home/sangyeon/ros2_humble/install/tracetools_read:/home/sangyeon/ros2_humble/install/test_tracetools_launch:/home/sangyeon/ros2_humble/install/test_launch_ros:/home/sangyeon/ros2_humble/install/sensor_msgs_py:/home/sangyeon/ros2_humble/install/rpyutils:/home/sangyeon/ros2_humble/install/rosidl_runtime_py:/home/sangyeon/ros2_humble/install/rosidl_cli:/home/sangyeon/ros2_humble/install/launch_pytest:/home/sangyeon/ros2_humble/install/launch_testing:/home/sangyeon/ros2_humble/install/launch_yaml:/home/sangyeon/ros2_humble/install/launch_xml:/home/sangyeon/ros2_humble/install/launch:/home/sangyeon/ros2_humble/install/osrf_pycommon:/home/sangyeon/ros2_humble/install/domain_coordinator:/home/sangyeon/ros2_humble/install/ament_xmllint:/home/sangyeon/ros2_humble/install/ament_pyflakes:/home/sangyeon/ros2_humble/install/ament_pycodestyle:/home/sangyeon/ros2_humble/install/ament_pep257:/home/sangyeon/ros2_humble/install/ament_pclint:/home/sangyeon/ros2_humble/install/ament_package:/home/sangyeon/ros2_humble/install/ament_mypy:/home/sangyeon/ros2_humble/install/ament_lint_cmake:/home/sangyeon/ros2_humble/install/ament_flake8:/home/sangyeon/ros2_humble/install/ament_copyright:/home/sangyeon/ros2_humble/install/ament_lint:/home/sangyeon/ros2_humble/install/ament_index_python:/home/sangyeon/ros2_humble/install/ament_cpplint:/home/sangyeon/ros2_humble/install/ament_cppcheck:/home/sangyeon/ros2_humble/install/ament_clang_tidy:/home/sangyeon/ros2_humble/install/ament_clang_format /usr/bin/cmake /home/sangyeon/project3/computer/src/custom_msgs -DAMENT_CMAKE_SYMLINK_INSTALL=1 -DCMAKE_INSTALL_PREFIX=/home/sangyeon/project3/computer/install/custom_msgs
[1.120s] INFO:colcon.colcon_core.task.python.build:Building Python package in '/home/sangyeon/project3/computer/src/dine_bot'
[1.121s] INFO:colcon.colcon_core.shell:Skip shell extension 'powershell' for command environment: Not usable outside of PowerShell
[1.121s] DEBUG:colcon.colcon_core.shell:Skip shell extension 'dsv' for command environment
[1.606s] DEBUG:colcon.colcon_core.event_handler.log_command:Invoking command in '/home/sangyeon/project3/computer/build/dine_bot': PYTHONPATH=/home/sangyeon/project3/computer/build/dine_bot/prefix_override:/usr/lib/python3/dist-packages/colcon_core/task/python/colcon_distutils_commands:/home/sangyeon/project3/computer/install/dine_bot/lib/python3.10/site-packages:${PYTHONPATH} /usr/bin/python3 -W ignore:setup.py install is deprecated setup.py develop --editable --build-directory /home/sangyeon/project3/computer/build/dine_bot/build --no-deps symlink_data
[2.264s] Level 1:colcon.colcon_core.shell:create_environment_hook('dine_bot', 'pythonpath_develop')
[2.264s] INFO:colcon.colcon_core.shell:Creating environment hook '/home/sangyeon/project3/computer/build/dine_bot/share/dine_bot/hook/pythonpath_develop.ps1'
[2.264s] INFO:colcon.colcon_core.shell:Creating environment descriptor '/home/sangyeon/project3/computer/build/dine_bot/share/dine_bot/hook/pythonpath_develop.dsv'
[2.264s] INFO:colcon.colcon_core.shell:Creating environment hook '/home/sangyeon/project3/computer/build/dine_bot/share/dine_bot/hook/pythonpath_develop.sh'
[2.267s] DEBUG:colcon.colcon_core.event_handler.log_command:Invoked command in '/home/sangyeon/project3/computer/build/dine_bot' returned '0': PYTHONPATH=/home/sangyeon/project3/computer/build/dine_bot/prefix_override:/usr/lib/python3/dist-packages/colcon_core/task/python/colcon_distutils_commands:/home/sangyeon/project3/computer/install/dine_bot/lib/python3.10/site-packages:${PYTHONPATH} /usr/bin/python3 -W ignore:setup.py install is deprecated setup.py develop --editable --build-directory /home/sangyeon/project3/computer/build/dine_bot/build --no-deps symlink_data
[2.269s] Level 1:colcon.colcon_core.environment:checking '/home/sangyeon/project3/computer/install/dine_bot' for CMake module files
[2.270s] Level 1:colcon.colcon_core.environment:checking '/home/sangyeon/project3/computer/install/dine_bot' for CMake config files
[2.270s] Level 1:colcon.colcon_core.environment:checking '/home/sangyeon/project3/computer/install/dine_bot/lib'
[2.271s] Level 1:colcon.colcon_core.environment:checking '/home/sangyeon/project3/computer/install/dine_bot/bin'
[2.271s] Level 1:colcon.colcon_core.environment:checking '/home/sangyeon/project3/computer/install/dine_bot/lib/pkgconfig/dine_bot.pc'
[2.271s] Level 1:colcon.colcon_core.environment:checking '/home/sangyeon/project3/computer/install/dine_bot/lib/python3.10/site-packages'
[2.271s] Level 1:colcon.colcon_core.shell:create_environment_hook('dine_bot', 'pythonpath')
[2.271s] INFO:colcon.colcon_core.shell:Creating environment hook '/home/sangyeon/project3/computer/install/dine_bot/share/dine_bot/hook/pythonpath.ps1'
[2.272s] INFO:colcon.colcon_core.shell:Creating environment descriptor '/home/sangyeon/project3/computer/install/dine_bot/share/dine_bot/hook/pythonpath.dsv'
[2.272s] INFO:colcon.colcon_core.shell:Creating environment hook '/home/sangyeon/project3/computer/install/dine_bot/share/dine_bot/hook/pythonpath.sh'
[2.272s] Level 1:colcon.colcon_core.environment:checking '/home/sangyeon/project3/computer/install/dine_bot/bin'
[2.272s] Level 1:colcon.colcon_core.environment:create_environment_scripts_only(dine_bot)
[2.272s] INFO:colcon.colcon_core.shell:Creating package script '/home/sangyeon/project3/computer/install/dine_bot/share/dine_bot/package.ps1'
[2.273s] INFO:colcon.colcon_core.shell:Creating package descriptor '/home/sangyeon/project3/computer/install/dine_bot/share/dine_bot/package.dsv'
[2.273s] INFO:colcon.colcon_core.shell:Creating package script '/home/sangyeon/project3/computer/install/dine_bot/share/dine_bot/package.sh'
[2.274s] INFO:colcon.colcon_core.shell:Creating package script '/home/sangyeon/project3/computer/install/dine_bot/share/dine_bot/package.bash'
[2.274s] INFO:colcon.colcon_core.shell:Creating package script '/home/sangyeon/project3/computer/install/dine_bot/share/dine_bot/package.zsh'
[2.274s] Level 1:colcon.colcon_core.environment:create_file_with_runtime_dependencies(/home/sangyeon/project3/computer/install/dine_bot/share/colcon-core/packages/dine_bot)
[5.159s] DEBUG:colcon.colcon_core.event_handler.log_command:Invoked command in '/home/sangyeon/project3/computer/build/custom_msgs' returned '0': CMAKE_PREFIX_PATH=${CMAKE_PREFIX_PATH}:/home/sangyeon/nav2_ws/install/nav2_simple_commander:/opt/ros/humble:/home/sangyeon/ros2_humble/install/rqt_bag_plugins:/home/sangyeon/ros2_humble/install/rqt_bag:/home/sangyeon/ros2_humble/install/launch_testing_examples:/home/sangyeon/ros2_humble/install/ros2bag:/home/sangyeon/ros2_humble/install/tracetools_test:/home/sangyeon/ros2_humble/install/tracetools_launch:/home/sangyeon/ros2_humble/install/topic_monitor:/home/sangyeon/ros2_humble/install/tf2_tools:/home/sangyeon/ros2_humble/install/examples_tf2_py:/home/sangyeon/ros2_humble/install/tf2_ros_py:/home/sangyeon/ros2_humble/install/sros2:/home/sangyeon/ros2_humble/install/rqt_topic:/home/sangyeon/ros2_humble/install/rqt_srv:/home/sangyeon/ros2_humble/install/rqt_shell:/home/sangyeon/ros2_humble/install/rqt_service_caller:/home/sangyeon/ros2_humble/install/rqt_reconfigure:/home/sangyeon/ros2_humble/install/rqt_py_console:/home/sangyeon/ros2_humble/install/rqt_publisher:/home/sangyeon/ros2_humble/install/rqt_plot:/home/sangyeon/ros2_humble/install/rqt_action:/home/sangyeon/ros2_humble/install/rqt_msg:/home/sangyeon/ros2_humble/install/rqt_console:/home/sangyeon/ros2_humble/install/rqt:/home/sangyeon/ros2_humble/install/rqt_graph:/home/sangyeon/ros2_humble/install/rqt_gui_py:/home/sangyeon/ros2_humble/install/rqt_gui:/home/sangyeon/ros2_humble/install/ros2trace:/home/sangyeon/ros2_humble/install/ros2topic:/home/sangyeon/ros2_humble/install/ros2test:/home/sangyeon/ros2_humble/install/ros2component:/home/sangyeon/ros2_humble/install/ros2param:/home/sangyeon/ros2_humble/install/ros2lifecycle:/home/sangyeon/ros2_humble/install/ros2service:/home/sangyeon/ros2_humble/install/ros2run:/home/sangyeon/ros2_humble/install/ros2launch:/home/sangyeon/ros2_humble/install/ros2pkg:/home/sangyeon/ros2_humble/install/ros2node:/home/sangyeon/ros2_humble/install/ros2multicast:/home/sangyeon/ros2_humble/install/ros2interface:/home/sangyeon/ros2_humble/install/ros2doctor:/home/sangyeon/ros2_humble/install/ros2action:/home/sangyeon/ros2_humble/install/ros2cli:/home/sangyeon/ros2_humble/install/quality_of_service_demo_py:/home/sangyeon/ros2_humble/install/lifecycle_py:/home/sangyeon/ros2_humble/install/launch_testing_ros:/home/sangyeon/ros2_humble/install/launch_ros:/home/sangyeon/ros2_humble/install/examples_rclpy_pointcloud_publisher:/home/sangyeon/ros2_humble/install/examples_rclpy_minimal_subscriber:/home/sangyeon/ros2_humble/install/examples_rclpy_minimal_service:/home/sangyeon/ros2_humble/install/examples_rclpy_minimal_publisher:/home/sangyeon/ros2_humble/install/examples_rclpy_minimal_client:/home/sangyeon/ros2_humble/install/examples_rclpy_minimal_action_server:/home/sangyeon/ros2_humble/install/examples_rclpy_minimal_action_client:/home/sangyeon/ros2_humble/install/examples_rclpy_guard_conditions:/home/sangyeon/ros2_humble/install/examples_rclpy_executors:/home/sangyeon/ros2_humble/install/demo_nodes_py:/home/sangyeon/ros2_humble/install/action_tutorials_py:/home/sangyeon/ros2_humble/install/ament_uncrustify:/home/sangyeon/ros2_humble/install/tracetools_trace:/home/sangyeon/ros2_humble/install/tracetools_read:/home/sangyeon/ros2_humble/install/test_tracetools_launch:/home/sangyeon/ros2_humble/install/test_launch_ros:/home/sangyeon/ros2_humble/install/sensor_msgs_py:/home/sangyeon/ros2_humble/install/rpyutils:/home/sangyeon/ros2_humble/install/rosidl_runtime_py:/home/sangyeon/ros2_humble/install/rosidl_cli:/home/sangyeon/ros2_humble/install/launch_pytest:/home/sangyeon/ros2_humble/install/launch_testing:/home/sangyeon/ros2_humble/install/launch_yaml:/home/sangyeon/ros2_humble/install/launch_xml:/home/sangyeon/ros2_humble/install/launch:/home/sangyeon/ros2_humble/install/osrf_pycommon:/home/sangyeon/ros2_humble/install/domain_coordinator:/home/sangyeon/ros2_humble/install/ament_xmllint:/home/sangyeon/ros2_humble/install/ament_pyflakes:/home/sangyeon/ros2_humble/install/ament_pycodestyle:/home/sangyeon/ros2_humble/install/ament_pep257:/home/sangyeon/ros2_humble/install/ament_pclint:/home/sangyeon/ros2_humble/install/ament_package:/home/sangyeon/ros2_humble/install/ament_mypy:/home/sangyeon/ros2_humble/install/ament_lint_cmake:/home/sangyeon/ros2_humble/install/ament_flake8:/home/sangyeon/ros2_humble/install/ament_copyright:/home/sangyeon/ros2_humble/install/ament_lint:/home/sangyeon/ros2_humble/install/ament_index_python:/home/sangyeon/ros2_humble/install/ament_cpplint:/home/sangyeon/ros2_humble/install/ament_cppcheck:/home/sangyeon/ros2_humble/install/ament_clang_tidy:/home/sangyeon/ros2_humble/install/ament_clang_format /usr/bin/cmake /home/sangyeon/project3/computer/src/custom_msgs -DAMENT_CMAKE_SYMLINK_INSTALL=1 -DCMAKE_INSTALL_PREFIX=/home/sangyeon/project3/computer/install/custom_msgs
[5.160s] DEBUG:colcon.colcon_core.event_handler.log_command:Invoking command in '/home/sangyeon/project3/computer/build/custom_msgs': CMAKE_PREFIX_PATH=${CMAKE_PREFIX_PATH}:/home/sangyeon/nav2_ws/install/nav2_simple_commander:/opt/ros/humble:/home/sangyeon/ros2_humble/install/rqt_bag_plugins:/home/sangyeon/ros2_humble/install/rqt_bag:/home/sangyeon/ros2_humble/install/launch_testing_examples:/home/sangyeon/ros2_humble/install/ros2bag:/home/sangyeon/ros2_humble/install/tracetools_test:/home/sangyeon/ros2_humble/install/tracetools_launch:/home/sangyeon/ros2_humble/install/topic_monitor:/home/sangyeon/ros2_humble/install/tf2_tools:/home/sangyeon/ros2_humble/install/examples_tf2_py:/home/sangyeon/ros2_humble/install/tf2_ros_py:/home/sangyeon/ros2_humble/install/sros2:/home/sangyeon/ros2_humble/install/rqt_topic:/home/sangyeon/ros2_humble/install/rqt_srv:/home/sangyeon/ros2_humble/install/rqt_shell:/home/sangyeon/ros2_humble/install/rqt_service_caller:/home/sangyeon/ros2_humble/install/rqt_reconfigure:/home/sangyeon/ros2_humble/install/rqt_py_console:/home/sangyeon/ros2_humble/install/rqt_publisher:/home/sangyeon/ros2_humble/install/rqt_plot:/home/sangyeon/ros2_humble/install/rqt_action:/home/sangyeon/ros2_humble/install/rqt_msg:/home/sangyeon/ros2_humble/install/rqt_console:/home/sangyeon/ros2_humble/install/rqt:/home/sangyeon/ros2_humble/install/rqt_graph:/home/sangyeon/ros2_humble/install/rqt_gui_py:/home/sangyeon/ros2_humble/install/rqt_gui:/home/sangyeon/ros2_humble/install/ros2trace:/home/sangyeon/ros2_humble/install/ros2topic:/home/sangyeon/ros2_humble/install/ros2test:/home/sangyeon/ros2_humble/install/ros2component:/home/sangyeon/ros2_humble/install/ros2param:/home/sangyeon/ros2_humble/install/ros2lifecycle:/home/sangyeon/ros2_humble/install/ros2service:/home/sangyeon/ros2_humble/install/ros2run:/home/sangyeon/ros2_humble/install/ros2launch:/home/sangyeon/ros2_humble/install/ros2pkg:/home/sangyeon/ros2_humble/install/ros2node:/home/sangyeon/ros2_humble/install/ros2multicast:/home/sangyeon/ros2_humble/install/ros2interface:/home/sangyeon/ros2_humble/install/ros2doctor:/home/sangyeon/ros2_humble/install/ros2action:/home/sangyeon/ros2_humble/install/ros2cli:/home/sangyeon/ros2_humble/install/quality_of_service_demo_py:/home/sangyeon/ros2_humble/install/lifecycle_py:/home/sangyeon/ros2_humble/install/launch_testing_ros:/home/sangyeon/ros2_humble/install/launch_ros:/home/sangyeon/ros2_humble/install/examples_rclpy_pointcloud_publisher:/home/sangyeon/ros2_humble/install/examples_rclpy_minimal_subscriber:/home/sangyeon/ros2_humble/install/examples_rclpy_minimal_service:/home/sangyeon/ros2_humble/install/examples_rclpy_minimal_publisher:/home/sangyeon/ros2_humble/install/examples_rclpy_minimal_client:/home/sangyeon/ros2_humble/install/examples_rclpy_minimal_action_server:/home/sangyeon/ros2_humble/install/examples_rclpy_minimal_action_client:/home/sangyeon/ros2_humble/install/examples_rclpy_guard_conditions:/home/sangyeon/ros2_humble/install/examples_rclpy_executors:/home/sangyeon/ros2_humble/install/demo_nodes_py:/home/sangyeon/ros2_humble/install/action_tutorials_py:/home/sangyeon/ros2_humble/install/ament_uncrustify:/home/sangyeon/ros2_humble/install/tracetools_trace:/home/sangyeon/ros2_humble/install/tracetools_read:/home/sangyeon/ros2_humble/install/test_tracetools_launch:/home/sangyeon/ros2_humble/install/test_launch_ros:/home/sangyeon/ros2_humble/install/sensor_msgs_py:/home/sangyeon/ros2_humble/install/rpyutils:/home/sangyeon/ros2_humble/install/rosidl_runtime_py:/home/sangyeon/ros2_humble/install/rosidl_cli:/home/sangyeon/ros2_humble/install/launch_pytest:/home/sangyeon/ros2_humble/install/launch_testing:/home/sangyeon/ros2_humble/install/launch_yaml:/home/sangyeon/ros2_humble/install/launch_xml:/home/sangyeon/ros2_humble/install/launch:/home/sangyeon/ros2_humble/install/osrf_pycommon:/home/sangyeon/ros2_humble/install/domain_coordinator:/home/sangyeon/ros2_humble/install/ament_xmllint:/home/sangyeon/ros2_humble/install/ament_pyflakes:/home/sangyeon/ros2_humble/install/ament_pycodestyle:/home/sangyeon/ros2_humble/install/ament_pep257:/home/sangyeon/ros2_humble/install/ament_pclint:/home/sangyeon/ros2_humble/install/ament_package:/home/sangyeon/ros2_humble/install/ament_mypy:/home/sangyeon/ros2_humble/install/ament_lint_cmake:/home/sangyeon/ros2_humble/install/ament_flake8:/home/sangyeon/ros2_humble/install/ament_copyright:/home/sangyeon/ros2_humble/install/ament_lint:/home/sangyeon/ros2_humble/install/ament_index_python:/home/sangyeon/ros2_humble/install/ament_cpplint:/home/sangyeon/ros2_humble/install/ament_cppcheck:/home/sangyeon/ros2_humble/install/ament_clang_tidy:/home/sangyeon/ros2_humble/install/ament_clang_format /usr/bin/cmake --build /home/sangyeon/project3/computer/build/custom_msgs -- -j4 -l4
[11.964s] DEBUG:colcon.colcon_core.event_handler.log_command:Invoked command in '/home/sangyeon/project3/computer/build/custom_msgs' returned '0': CMAKE_PREFIX_PATH=${CMAKE_PREFIX_PATH}:/home/sangyeon/nav2_ws/install/nav2_simple_commander:/opt/ros/humble:/home/sangyeon/ros2_humble/install/rqt_bag_plugins:/home/sangyeon/ros2_humble/install/rqt_bag:/home/sangyeon/ros2_humble/install/launch_testing_examples:/home/sangyeon/ros2_humble/install/ros2bag:/home/sangyeon/ros2_humble/install/tracetools_test:/home/sangyeon/ros2_humble/install/tracetools_launch:/home/sangyeon/ros2_humble/install/topic_monitor:/home/sangyeon/ros2_humble/install/tf2_tools:/home/sangyeon/ros2_humble/install/examples_tf2_py:/home/sangyeon/ros2_humble/install/tf2_ros_py:/home/sangyeon/ros2_humble/install/sros2:/home/sangyeon/ros2_humble/install/rqt_topic:/home/sangyeon/ros2_humble/install/rqt_srv:/home/sangyeon/ros2_humble/install/rqt_shell:/home/sangyeon/ros2_humble/install/rqt_service_caller:/home/sangyeon/ros2_humble/install/rqt_reconfigure:/home/sangyeon/ros2_humble/install/rqt_py_console:/home/sangyeon/ros2_humble/install/rqt_publisher:/home/sangyeon/ros2_humble/install/rqt_plot:/home/sangyeon/ros2_humble/install/rqt_action:/home/sangyeon/ros2_humble/install/rqt_msg:/home/sangyeon/ros2_humble/install/rqt_console:/home/sangyeon/ros2_humble/install/rqt:/home/sangyeon/ros2_humble/install/rqt_graph:/home/sangyeon/ros2_humble/install/rqt_gui_py:/home/sangyeon/ros2_humble/install/rqt_gui:/home/sangyeon/ros2_humble/install/ros2trace:/home/sangyeon/ros2_humble/install/ros2topic:/home/sangyeon/ros2_humble/install/ros2test:/home/sangyeon/ros2_humble/install/ros2component:/home/sangyeon/ros2_humble/install/ros2param:/home/sangyeon/ros2_humble/install/ros2lifecycle:/home/sangyeon/ros2_humble/install/ros2service:/home/sangyeon/ros2_humble/install/ros2run:/home/sangyeon/ros2_humble/install/ros2launch:/home/sangyeon/ros2_humble/install/ros2pkg:/home/sangyeon/ros2_humble/install/ros2node:/home/sangyeon/ros2_humble/install/ros2multicast:/home/sangyeon/ros2_humble/install/ros2interface:/home/sangyeon/ros2_humble/install/ros2doctor:/home/sangyeon/ros2_humble/install/ros2action:/home/sangyeon/ros2_humble/install/ros2cli:/home/sangyeon/ros2_humble/install/quality_of_service_demo_py:/home/sangyeon/ros2_humble/install/lifecycle_py:/home/sangyeon/ros2_humble/install/launch_testing_ros:/home/sangyeon/ros2_humble/install/launch_ros:/home/sangyeon/ros2_humble/install/examples_rclpy_pointcloud_publisher:/home/sangyeon/ros2_humble/install/examples_rclpy_minimal_subscriber:/home/sangyeon/ros2_humble/install/examples_rclpy_minimal_service:/home/sangyeon/ros2_humble/install/examples_rclpy_minimal_publisher:/home/sangyeon/ros2_humble/install/examples_rclpy_minimal_client:/home/sangyeon/ros2_humble/install/examples_rclpy_minimal_action_server:/home/sangyeon/ros2_humble/install/examples_rclpy_minimal_action_client:/home/sangyeon/ros2_humble/install/examples_rclpy_guard_conditions:/home/sangyeon/ros2_humble/install/examples_rclpy_executors:/home/sangyeon/ros2_humble/install/demo_nodes_py:/home/sangyeon/ros2_humble/install/action_tutorials_py:/home/sangyeon/ros2_humble/install/ament_uncrustify:/home/sangyeon/ros2_humble/install/tracetools_trace:/home/sangyeon/ros2_humble/install/tracetools_read:/home/sangyeon/ros2_humble/install/test_tracetools_launch:/home/sangyeon/ros2_humble/install/test_launch_ros:/home/sangyeon/ros2_humble/install/sensor_msgs_py:/home/sangyeon/ros2_humble/install/rpyutils:/home/sangyeon/ros2_humble/install/rosidl_runtime_py:/home/sangyeon/ros2_humble/install/rosidl_cli:/home/sangyeon/ros2_humble/install/launch_pytest:/home/sangyeon/ros2_humble/install/launch_testing:/home/sangyeon/ros2_humble/install/launch_yaml:/home/sangyeon/ros2_humble/install/launch_xml:/home/sangyeon/ros2_humble/install/launch:/home/sangyeon/ros2_humble/install/osrf_pycommon:/home/sangyeon/ros2_humble/install/domain_coordinator:/home/sangyeon/ros2_humble/install/ament_xmllint:/home/sangyeon/ros2_humble/install/ament_pyflakes:/home/sangyeon/ros2_humble/install/ament_pycodestyle:/home/sangyeon/ros2_humble/install/ament_pep257:/home/sangyeon/ros2_humble/install/ament_pclint:/home/sangyeon/ros2_humble/install/ament_package:/home/sangyeon/ros2_humble/install/ament_mypy:/home/sangyeon/ros2_humble/install/ament_lint_cmake:/home/sangyeon/ros2_humble/install/ament_flake8:/home/sangyeon/ros2_humble/install/ament_copyright:/home/sangyeon/ros2_humble/install/ament_lint:/home/sangyeon/ros2_humble/install/ament_index_python:/home/sangyeon/ros2_humble/install/ament_cpplint:/home/sangyeon/ros2_humble/install/ament_cppcheck:/home/sangyeon/ros2_humble/install/ament_clang_tidy:/home/sangyeon/ros2_humble/install/ament_clang_format /usr/bin/cmake --build /home/sangyeon/project3/computer/build/custom_msgs -- -j4 -l4
[12.392s] DEBUG:colcon.colcon_core.event_handler.log_command:Invoking command in '/home/sangyeon/project3/computer/build/custom_msgs': CMAKE_PREFIX_PATH=${CMAKE_PREFIX_PATH}:/home/sangyeon/nav2_ws/install/nav2_simple_commander:/opt/ros/humble:/home/sangyeon/ros2_humble/install/rqt_bag_plugins:/home/sangyeon/ros2_humble/install/rqt_bag:/home/sangyeon/ros2_humble/install/launch_testing_examples:/home/sangyeon/ros2_humble/install/ros2bag:/home/sangyeon/ros2_humble/install/tracetools_test:/home/sangyeon/ros2_humble/install/tracetools_launch:/home/sangyeon/ros2_humble/install/topic_monitor:/home/sangyeon/ros2_humble/install/tf2_tools:/home/sangyeon/ros2_humble/install/examples_tf2_py:/home/sangyeon/ros2_humble/install/tf2_ros_py:/home/sangyeon/ros2_humble/install/sros2:/home/sangyeon/ros2_humble/install/rqt_topic:/home/sangyeon/ros2_humble/install/rqt_srv:/home/sangyeon/ros2_humble/install/rqt_shell:/home/sangyeon/ros2_humble/install/rqt_service_caller:/home/sangyeon/ros2_humble/install/rqt_reconfigure:/home/sangyeon/ros2_humble/install/rqt_py_console:/home/sangyeon/ros2_humble/install/rqt_publisher:/home/sangyeon/ros2_humble/install/rqt_plot:/home/sangyeon/ros2_humble/install/rqt_action:/home/sangyeon/ros2_humble/install/rqt_msg:/home/sangyeon/ros2_humble/install/rqt_console:/home/sangyeon/ros2_humble/install/rqt:/home/sangyeon/ros2_humble/install/rqt_graph:/home/sangyeon/ros2_humble/install/rqt_gui_py:/home/sangyeon/ros2_humble/install/rqt_gui:/home/sangyeon/ros2_humble/install/ros2trace:/home/sangyeon/ros2_humble/install/ros2topic:/home/sangyeon/ros2_humble/install/ros2test:/home/sangyeon/ros2_humble/install/ros2component:/home/sangyeon/ros2_humble/install/ros2param:/home/sangyeon/ros2_humble/install/ros2lifecycle:/home/sangyeon/ros2_humble/install/ros2service:/home/sangyeon/ros2_humble/install/ros2run:/home/sangyeon/ros2_humble/install/ros2launch:/home/sangyeon/ros2_humble/install/ros2pkg:/home/sangyeon/ros2_humble/install/ros2node:/home/sangyeon/ros2_humble/install/ros2multicast:/home/sangyeon/ros2_humble/install/ros2interface:/home/sangyeon/ros2_humble/install/ros2doctor:/home/sangyeon/ros2_humble/install/ros2action:/home/sangyeon/ros2_humble/install/ros2cli:/home/sangyeon/ros2_humble/install/quality_of_service_demo_py:/home/sangyeon/ros2_humble/install/lifecycle_py:/home/sangyeon/ros2_humble/install/launch_testing_ros:/home/sangyeon/ros2_humble/install/launch_ros:/home/sangyeon/ros2_humble/install/examples_rclpy_pointcloud_publisher:/home/sangyeon/ros2_humble/install/examples_rclpy_minimal_subscriber:/home/sangyeon/ros2_humble/install/examples_rclpy_minimal_service:/home/sangyeon/ros2_humble/install/examples_rclpy_minimal_publisher:/home/sangyeon/ros2_humble/install/examples_rclpy_minimal_client:/home/sangyeon/ros2_humble/install/examples_rclpy_minimal_action_server:/home/sangyeon/ros2_humble/install/examples_rclpy_minimal_action_client:/home/sangyeon/ros2_humble/install/examples_rclpy_guard_conditions:/home/sangyeon/ros2_humble/install/examples_rclpy_executors:/home/sangyeon/ros2_humble/install/demo_nodes_py:/home/sangyeon/ros2_humble/install/action_tutorials_py:/home/sangyeon/ros2_humble/install/ament_uncrustify:/home/sangyeon/ros2_humble/install/tracetools_trace:/home/sangyeon/ros2_humble/install/tracetools_read:/home/sangyeon/ros2_humble/install/test_tracetools_launch:/home/sangyeon/ros2_humble/install/test_launch_ros:/home/sangyeon/ros2_humble/install/sensor_msgs_py:/home/sangyeon/ros2_humble/install/rpyutils:/home/sangyeon/ros2_humble/install/rosidl_runtime_py:/home/sangyeon/ros2_humble/install/rosidl_cli:/home/sangyeon/ros2_humble/install/launch_pytest:/home/sangyeon/ros2_humble/install/launch_testing:/home/sangyeon/ros2_humble/install/launch_yaml:/home/sangyeon/ros2_humble/install/launch_xml:/home/sangyeon/ros2_humble/install/launch:/home/sangyeon/ros2_humble/install/osrf_pycommon:/home/sangyeon/ros2_humble/install/domain_coordinator:/home/sangyeon/ros2_humble/install/ament_xmllint:/home/sangyeon/ros2_humble/install/ament_pyflakes:/home/sangyeon/ros2_humble/install/ament_pycodestyle:/home/sangyeon/ros2_humble/install/ament_pep257:/home/sangyeon/ros2_humble/install/ament_pclint:/home/sangyeon/ros2_humble/install/ament_package:/home/sangyeon/ros2_humble/install/ament_mypy:/home/sangyeon/ros2_humble/install/ament_lint_cmake:/home/sangyeon/ros2_humble/install/ament_flake8:/home/sangyeon/ros2_humble/install/ament_copyright:/home/sangyeon/ros2_humble/install/ament_lint:/home/sangyeon/ros2_humble/install/ament_index_python:/home/sangyeon/ros2_humble/install/ament_cpplint:/home/sangyeon/ros2_humble/install/ament_cppcheck:/home/sangyeon/ros2_humble/install/ament_clang_tidy:/home/sangyeon/ros2_humble/install/ament_clang_format /usr/bin/cmake --install /home/sangyeon/project3/computer/build/custom_msgs
[14.281s] Level 1:colcon.colcon_core.environment:create_environment_scripts_only(custom_msgs)
[14.281s] Level 1:colcon.colcon_core.environment:checking '/home/sangyeon/project3/computer/install/custom_msgs' for CMake module files
[14.281s] Level 1:colcon.colcon_core.environment:checking '/home/sangyeon/project3/computer/install/custom_msgs' for CMake config files
[14.282s] Level 1:colcon.colcon_core.shell:create_environment_hook('custom_msgs', 'cmake_prefix_path')
[14.282s] INFO:colcon.colcon_core.shell:Creating environment hook '/home/sangyeon/project3/computer/install/custom_msgs/share/custom_msgs/hook/cmake_prefix_path.ps1'
[14.282s] INFO:colcon.colcon_core.shell:Creating environment descriptor '/home/sangyeon/project3/computer/install/custom_msgs/share/custom_msgs/hook/cmake_prefix_path.dsv'
[14.283s] INFO:colcon.colcon_core.shell:Creating environment hook '/home/sangyeon/project3/computer/install/custom_msgs/share/custom_msgs/hook/cmake_prefix_path.sh'
[14.283s] Level 1:colcon.colcon_core.environment:checking '/home/sangyeon/project3/computer/install/custom_msgs/lib'
[14.283s] Level 1:colcon.colcon_core.shell:create_environment_hook('custom_msgs', 'ld_library_path_lib')
[14.283s] INFO:colcon.colcon_core.shell:Creating environment hook '/home/sangyeon/project3/computer/install/custom_msgs/share/custom_msgs/hook/ld_library_path_lib.ps1'
[14.283s] DEBUG:colcon.colcon_core.event_handler.log_command:Invoked command in '/home/sangyeon/project3/computer/build/custom_msgs' returned '0': CMAKE_PREFIX_PATH=${CMAKE_PREFIX_PATH}:/home/sangyeon/nav2_ws/install/nav2_simple_commander:/opt/ros/humble:/home/sangyeon/ros2_humble/install/rqt_bag_plugins:/home/sangyeon/ros2_humble/install/rqt_bag:/home/sangyeon/ros2_humble/install/launch_testing_examples:/home/sangyeon/ros2_humble/install/ros2bag:/home/sangyeon/ros2_humble/install/tracetools_test:/home/sangyeon/ros2_humble/install/tracetools_launch:/home/sangyeon/ros2_humble/install/topic_monitor:/home/sangyeon/ros2_humble/install/tf2_tools:/home/sangyeon/ros2_humble/install/examples_tf2_py:/home/sangyeon/ros2_humble/install/tf2_ros_py:/home/sangyeon/ros2_humble/install/sros2:/home/sangyeon/ros2_humble/install/rqt_topic:/home/sangyeon/ros2_humble/install/rqt_srv:/home/sangyeon/ros2_humble/install/rqt_shell:/home/sangyeon/ros2_humble/install/rqt_service_caller:/home/sangyeon/ros2_humble/install/rqt_reconfigure:/home/sangyeon/ros2_humble/install/rqt_py_console:/home/sangyeon/ros2_humble/install/rqt_publisher:/home/sangyeon/ros2_humble/install/rqt_plot:/home/sangyeon/ros2_humble/install/rqt_action:/home/sangyeon/ros2_humble/install/rqt_msg:/home/sangyeon/ros2_humble/install/rqt_console:/home/sangyeon/ros2_humble/install/rqt:/home/sangyeon/ros2_humble/install/rqt_graph:/home/sangyeon/ros2_humble/install/rqt_gui_py:/home/sangyeon/ros2_humble/install/rqt_gui:/home/sangyeon/ros2_humble/install/ros2trace:/home/sangyeon/ros2_humble/install/ros2topic:/home/sangyeon/ros2_humble/install/ros2test:/home/sangyeon/ros2_humble/install/ros2component:/home/sangyeon/ros2_humble/install/ros2param:/home/sangyeon/ros2_humble/install/ros2lifecycle:/home/sangyeon/ros2_humble/install/ros2service:/home/sangyeon/ros2_humble/install/ros2run:/home/sangyeon/ros2_humble/install/ros2launch:/home/sangyeon/ros2_humble/install/ros2pkg:/home/sangyeon/ros2_humble/install/ros2node:/home/sangyeon/ros2_humble/install/ros2multicast:/home/sangyeon/ros2_humble/install/ros2interface:/home/sangyeon/ros2_humble/install/ros2doctor:/home/sangyeon/ros2_humble/install/ros2action:/home/sangyeon/ros2_humble/install/ros2cli:/home/sangyeon/ros2_humble/install/quality_of_service_demo_py:/home/sangyeon/ros2_humble/install/lifecycle_py:/home/sangyeon/ros2_humble/install/launch_testing_ros:/home/sangyeon/ros2_humble/install/launch_ros:/home/sangyeon/ros2_humble/install/examples_rclpy_pointcloud_publisher:/home/sangyeon/ros2_humble/install/examples_rclpy_minimal_subscriber:/home/sangyeon/ros2_humble/install/examples_rclpy_minimal_service:/home/sangyeon/ros2_humble/install/examples_rclpy_minimal_publisher:/home/sangyeon/ros2_humble/install/examples_rclpy_minimal_client:/home/sangyeon/ros2_humble/install/examples_rclpy_minimal_action_server:/home/sangyeon/ros2_humble/install/examples_rclpy_minimal_action_client:/home/sangyeon/ros2_humble/install/examples_rclpy_guard_conditions:/home/sangyeon/ros2_humble/install/examples_rclpy_executors:/home/sangyeon/ros2_humble/install/demo_nodes_py:/home/sangyeon/ros2_humble/install/action_tutorials_py:/home/sangyeon/ros2_humble/install/ament_uncrustify:/home/sangyeon/ros2_humble/install/tracetools_trace:/home/sangyeon/ros2_humble/install/tracetools_read:/home/sangyeon/ros2_humble/install/test_tracetools_launch:/home/sangyeon/ros2_humble/install/test_launch_ros:/home/sangyeon/ros2_humble/install/sensor_msgs_py:/home/sangyeon/ros2_humble/install/rpyutils:/home/sangyeon/ros2_humble/install/rosidl_runtime_py:/home/sangyeon/ros2_humble/install/rosidl_cli:/home/sangyeon/ros2_humble/install/launch_pytest:/home/sangyeon/ros2_humble/install/launch_testing:/home/sangyeon/ros2_humble/install/launch_yaml:/home/sangyeon/ros2_humble/install/launch_xml:/home/sangyeon/ros2_humble/install/launch:/home/sangyeon/ros2_humble/install/osrf_pycommon:/home/sangyeon/ros2_humble/install/domain_coordinator:/home/sangyeon/ros2_humble/install/ament_xmllint:/home/sangyeon/ros2_humble/install/ament_pyflakes:/home/sangyeon/ros2_humble/install/ament_pycodestyle:/home/sangyeon/ros2_humble/install/ament_pep257:/home/sangyeon/ros2_humble/install/ament_pclint:/home/sangyeon/ros2_humble/install/ament_package:/home/sangyeon/ros2_humble/install/ament_mypy:/home/sangyeon/ros2_humble/install/ament_lint_cmake:/home/sangyeon/ros2_humble/install/ament_flake8:/home/sangyeon/ros2_humble/install/ament_copyright:/home/sangyeon/ros2_humble/install/ament_lint:/home/sangyeon/ros2_humble/install/ament_index_python:/home/sangyeon/ros2_humble/install/ament_cpplint:/home/sangyeon/ros2_humble/install/ament_cppcheck:/home/sangyeon/ros2_humble/install/ament_clang_tidy:/home/sangyeon/ros2_humble/install/ament_clang_format /usr/bin/cmake --install /home/sangyeon/project3/computer/build/custom_msgs
[14.284s] INFO:colcon.colcon_core.shell:Creating environment descriptor '/home/sangyeon/project3/computer/install/custom_msgs/share/custom_msgs/hook/ld_library_path_lib.dsv'
[14.284s] INFO:colcon.colcon_core.shell:Creating environment hook '/home/sangyeon/project3/computer/install/custom_msgs/share/custom_msgs/hook/ld_library_path_lib.sh'
[14.284s] Level 1:colcon.colcon_core.environment:checking '/home/sangyeon/project3/computer/install/custom_msgs/bin'
[14.284s] Level 1:colcon.colcon_core.environment:checking '/home/sangyeon/project3/computer/install/custom_msgs/lib/pkgconfig/custom_msgs.pc'
[14.284s] Level 1:colcon.colcon_core.environment:checking '/home/sangyeon/project3/computer/install/custom_msgs/lib/python3.10/site-packages'
[14.285s] Level 1:colcon.colcon_core.environment:checking '/home/sangyeon/project3/computer/install/custom_msgs/bin'
[14.285s] INFO:colcon.colcon_core.shell:Creating package script '/home/sangyeon/project3/computer/install/custom_msgs/share/custom_msgs/package.ps1'
[14.285s] INFO:colcon.colcon_core.shell:Creating package descriptor '/home/sangyeon/project3/computer/install/custom_msgs/share/custom_msgs/package.dsv'
[14.285s] INFO:colcon.colcon_core.shell:Creating package script '/home/sangyeon/project3/computer/install/custom_msgs/share/custom_msgs/package.sh'
[14.285s] INFO:colcon.colcon_core.shell:Creating package script '/home/sangyeon/project3/computer/install/custom_msgs/share/custom_msgs/package.bash'
[14.286s] INFO:colcon.colcon_core.shell:Creating package script '/home/sangyeon/project3/computer/install/custom_msgs/share/custom_msgs/package.zsh'
[14.286s] Level 1:colcon.colcon_core.environment:create_file_with_runtime_dependencies(/home/sangyeon/project3/computer/install/custom_msgs/share/colcon-core/packages/custom_msgs)
[14.670s] Level 1:colcon.colcon_core.environment:create_environment_scripts_only(custom_msgs)
[14.670s] Level 1:colcon.colcon_core.environment:checking '/home/sangyeon/project3/computer/install/custom_msgs' for CMake module files
[14.671s] Level 1:colcon.colcon_core.environment:checking '/home/sangyeon/project3/computer/install/custom_msgs' for CMake config files
[14.671s] Level 1:colcon.colcon_core.shell:create_environment_hook('custom_msgs', 'cmake_prefix_path')
[14.671s] INFO:colcon.colcon_core.shell:Creating environment hook '/home/sangyeon/project3/computer/install/custom_msgs/share/custom_msgs/hook/cmake_prefix_path.ps1'
[14.672s] INFO:colcon.colcon_core.shell:Creating environment descriptor '/home/sangyeon/project3/computer/install/custom_msgs/share/custom_msgs/hook/cmake_prefix_path.dsv'
[14.672s] INFO:colcon.colcon_core.shell:Creating environment hook '/home/sangyeon/project3/computer/install/custom_msgs/share/custom_msgs/hook/cmake_prefix_path.sh'
[14.673s] Level 1:colcon.colcon_core.environment:checking '/home/sangyeon/project3/computer/install/custom_msgs/lib'
[14.673s] Level 1:colcon.colcon_core.shell:create_environment_hook('custom_msgs', 'ld_library_path_lib')
[14.673s] INFO:colcon.colcon_core.shell:Creating environment hook '/home/sangyeon/project3/computer/install/custom_msgs/share/custom_msgs/hook/ld_library_path_lib.ps1'
[14.673s] INFO:colcon.colcon_core.shell:Creating environment descriptor '/home/sangyeon/project3/computer/install/custom_msgs/share/custom_msgs/hook/ld_library_path_lib.dsv'
[14.673s] INFO:colcon.colcon_core.shell:Creating environment hook '/home/sangyeon/project3/computer/install/custom_msgs/share/custom_msgs/hook/ld_library_path_lib.sh'
[14.674s] Level 1:colcon.colcon_core.environment:checking '/home/sangyeon/project3/computer/install/custom_msgs/bin'
[14.674s] Level 1:colcon.colcon_core.environment:checking '/home/sangyeon/project3/computer/install/custom_msgs/lib/pkgconfig/custom_msgs.pc'
[14.674s] Level 1:colcon.colcon_core.environment:checking '/home/sangyeon/project3/computer/install/custom_msgs/lib/python3.10/site-packages'
[14.674s] Level 1:colcon.colcon_core.environment:checking '/home/sangyeon/project3/computer/install/custom_msgs/bin'
[14.674s] INFO:colcon.colcon_core.shell:Creating package script '/home/sangyeon/project3/computer/install/custom_msgs/share/custom_msgs/package.ps1'
[14.674s] INFO:colcon.colcon_core.shell:Creating package descriptor '/home/sangyeon/project3/computer/install/custom_msgs/share/custom_msgs/package.dsv'
[14.675s] INFO:colcon.colcon_core.shell:Creating package script '/home/sangyeon/project3/computer/install/custom_msgs/share/custom_msgs/package.sh'
[14.675s] INFO:colcon.colcon_core.shell:Creating package script '/home/sangyeon/project3/computer/install/custom_msgs/share/custom_msgs/package.bash'
[14.675s] INFO:colcon.colcon_core.shell:Creating package script '/home/sangyeon/project3/computer/install/custom_msgs/share/custom_msgs/package.zsh'
[14.675s] Level 1:colcon.colcon_core.environment:create_file_with_runtime_dependencies(/home/sangyeon/project3/computer/install/custom_msgs/share/colcon-core/packages/custom_msgs)
[14.676s] DEBUG:colcon.colcon_parallel_executor.executor.parallel:closing loop
[14.676s] DEBUG:colcon.colcon_parallel_executor.executor.parallel:loop closed
[14.676s] DEBUG:colcon.colcon_parallel_executor.executor.parallel:run_until_complete finished with '0'
[14.676s] DEBUG:colcon.colcon_core.event_reactor:joining thread
[14.684s] INFO:colcon.colcon_core.plugin_system:Skipping extension 'colcon_notification.desktop_notification.terminal_notifier': Not used on non-Darwin systems
[14.684s] INFO:colcon.colcon_core.plugin_system:Skipping extension 'colcon_notification.desktop_notification.win32': Not used on non-Windows systems
[14.684s] INFO:colcon.colcon_notification.desktop_notification:Sending desktop notification using 'notify2'
[14.697s] DEBUG:colcon.colcon_core.event_reactor:joined thread
[14.698s] INFO:colcon.colcon_core.shell:Creating prefix script '/home/sangyeon/project3/computer/install/local_setup.ps1'
[14.698s] INFO:colcon.colcon_core.shell:Creating prefix util module '/home/sangyeon/project3/computer/install/_local_setup_util_ps1.py'
[14.699s] INFO:colcon.colcon_core.shell:Creating prefix chain script '/home/sangyeon/project3/computer/install/setup.ps1'
[14.706s] INFO:colcon.colcon_core.shell:Creating prefix script '/home/sangyeon/project3/computer/install/local_setup.sh'
[14.707s] INFO:colcon.colcon_core.shell:Creating prefix util module '/home/sangyeon/project3/computer/install/_local_setup_util_sh.py'
[14.707s] INFO:colcon.colcon_core.shell:Creating prefix chain script '/home/sangyeon/project3/computer/install/setup.sh'
[14.713s] INFO:colcon.colcon_core.shell:Creating prefix script '/home/sangyeon/project3/computer/install/local_setup.bash'
[14.714s] INFO:colcon.colcon_core.shell:Creating prefix chain script '/home/sangyeon/project3/computer/install/setup.bash'
[14.721s] INFO:colcon.colcon_core.shell:Creating prefix script '/home/sangyeon/project3/computer/install/local_setup.zsh'
[14.722s] INFO:colcon.colcon_core.shell:Creating prefix chain script '/home/sangyeon/project3/computer/install/setup.zsh'
