[0.075s] DEBUG:colcon:Command line arguments: ['/usr/bin/colcon', 'build', '--symlink-install']
[0.075s] DEBUG:colcon:Parsed command line arguments: Namespace(log_base=None, log_level=None, verb_name='build', build_base='build', install_base='install', merge_install=False, symlink_install=True, test_result_base=None, continue_on_error=False, executor='parallel', parallel_workers=12, event_handlers=None, ignore_user_meta=False, metas=['./colcon.meta'], base_paths=['.'], packages_ignore=None, packages_ignore_regex=None, paths=None, packages_up_to=None, packages_up_to_regex=None, packages_above=None, packages_above_and_dependencies=None, packages_above_depth=None, packages_select_by_dep=None, packages_skip_by_dep=None, packages_skip_up_to=None, packages_select_build_failed=False, packages_skip_build_finished=False, packages_select_test_failures=False, packages_skip_test_passed=False, packages_select=None, packages_skip=None, packages_select_regex=None, packages_skip_regex=None, packages_start=None, packages_end=None, allow_overriding=[], cmake_args=None, cmake_target=None, cmake_target_skip_unavailable=False, cmake_clean_cache=False, cmake_clean_first=False, cmake_force_configure=False, ament_cmake_args=None, catkin_cmake_args=None, catkin_skip_building_tests=False, verb_parser=<colcon_defaults.argument_parser.defaults.DefaultArgumentsDecorator object at 0x7427e4932230>, verb_extension=<colcon_core.verb.build.BuildVerb object at 0x7427e4931c60>, main=<bound method BuildVerb.main of <colcon_core.verb.build.BuildVerb object at 0x7427e4931c60>>)
[0.108s] Level 1:colcon.colcon_core.package_discovery:discover_packages(colcon_meta) check parameters
[0.108s] Level 1:colcon.colcon_core.package_discovery:discover_packages(recursive) check parameters
[0.108s] Level 1:colcon.colcon_core.package_discovery:discover_packages(ignore) check parameters
[0.108s] Level 1:colcon.colcon_core.package_discovery:discover_packages(path) check parameters
[0.108s] Level 1:colcon.colcon_core.package_discovery:discover_packages(colcon_meta) discover
[0.108s] Level 1:colcon.colcon_core.package_discovery:discover_packages(recursive) discover
[0.108s] INFO:colcon.colcon_core.package_discovery:Crawling recursively for packages in '/home/kim/project3/computer'
[0.108s] Level 1:colcon.colcon_core.package_identification:_identify(.) by extensions ['ignore', 'ignore_ament_install']
[0.108s] Level 1:colcon.colcon_core.package_identification:_identify(.) by extension 'ignore'
[0.108s] Level 1:colcon.colcon_core.package_identification:_identify(.) by extension 'ignore_ament_install'
[0.108s] Level 1:colcon.colcon_core.package_identification:_identify(.) by extensions ['colcon_pkg']
[0.108s] Level 1:colcon.colcon_core.package_identification:_identify(.) by extension 'colcon_pkg'
[0.108s] Level 1:colcon.colcon_core.package_identification:_identify(.) by extensions ['colcon_meta']
[0.108s] Level 1:colcon.colcon_core.package_identification:_identify(.) by extension 'colcon_meta'
[0.108s] Level 1:colcon.colcon_core.package_identification:_identify(.) by extensions ['ros']
[0.108s] Level 1:colcon.colcon_core.package_identification:_identify(.) by extension 'ros'
[0.119s] Level 1:colcon.colcon_core.package_identification:_identify(.) by extensions ['cmake', 'python']
[0.119s] Level 1:colcon.colcon_core.package_identification:_identify(.) by extension 'cmake'
[0.119s] Level 1:colcon.colcon_core.package_identification:_identify(.) by extension 'python'
[0.119s] Level 1:colcon.colcon_core.package_identification:_identify(.) by extensions ['python_setup_py']
[0.119s] Level 1:colcon.colcon_core.package_identification:_identify(.) by extension 'python_setup_py'
[0.119s] Level 1:colcon.colcon_core.package_identification:_identify(build) by extensions ['ignore', 'ignore_ament_install']
[0.119s] Level 1:colcon.colcon_core.package_identification:_identify(build) by extension 'ignore'
[0.119s] Level 1:colcon.colcon_core.package_identification:_identify(build) ignored
[0.119s] Level 1:colcon.colcon_core.package_identification:_identify(install) by extensions ['ignore', 'ignore_ament_install']
[0.119s] Level 1:colcon.colcon_core.package_identification:_identify(install) by extension 'ignore'
[0.119s] Level 1:colcon.colcon_core.package_identification:_identify(install) ignored
[0.119s] Level 1:colcon.colcon_core.package_identification:_identify(log) by extensions ['ignore', 'ignore_ament_install']
[0.119s] Level 1:colcon.colcon_core.package_identification:_identify(log) by extension 'ignore'
[0.119s] Level 1:colcon.colcon_core.package_identification:_identify(log) ignored
[0.119s] Level 1:colcon.colcon_core.package_identification:_identify(src) by extensions ['ignore', 'ignore_ament_install']
[0.119s] Level 1:colcon.colcon_core.package_identification:_identify(src) by extension 'ignore'
[0.119s] Level 1:colcon.colcon_core.package_identification:_identify(src) by extension 'ignore_ament_install'
[0.119s] Level 1:colcon.colcon_core.package_identification:_identify(src) by extensions ['colcon_pkg']
[0.119s] Level 1:colcon.colcon_core.package_identification:_identify(src) by extension 'colcon_pkg'
[0.119s] Level 1:colcon.colcon_core.package_identification:_identify(src) by extensions ['colcon_meta']
[0.119s] Level 1:colcon.colcon_core.package_identification:_identify(src) by extension 'colcon_meta'
[0.119s] Level 1:colcon.colcon_core.package_identification:_identify(src) by extensions ['ros']
[0.119s] Level 1:colcon.colcon_core.package_identification:_identify(src) by extension 'ros'
[0.119s] Level 1:colcon.colcon_core.package_identification:_identify(src) by extensions ['cmake', 'python']
[0.120s] Level 1:colcon.colcon_core.package_identification:_identify(src) by extension 'cmake'
[0.120s] Level 1:colcon.colcon_core.package_identification:_identify(src) by extension 'python'
[0.120s] Level 1:colcon.colcon_core.package_identification:_identify(src) by extensions ['python_setup_py']
[0.120s] Level 1:colcon.colcon_core.package_identification:_identify(src) by extension 'python_setup_py'
[0.120s] Level 1:colcon.colcon_core.package_identification:_identify(src/custom_msgs) by extensions ['ignore', 'ignore_ament_install']
[0.120s] Level 1:colcon.colcon_core.package_identification:_identify(src/custom_msgs) by extension 'ignore'
[0.120s] Level 1:colcon.colcon_core.package_identification:_identify(src/custom_msgs) by extension 'ignore_ament_install'
[0.120s] Level 1:colcon.colcon_core.package_identification:_identify(src/custom_msgs) by extensions ['colcon_pkg']
[0.120s] Level 1:colcon.colcon_core.package_identification:_identify(src/custom_msgs) by extension 'colcon_pkg'
[0.120s] Level 1:colcon.colcon_core.package_identification:_identify(src/custom_msgs) by extensions ['colcon_meta']
[0.120s] Level 1:colcon.colcon_core.package_identification:_identify(src/custom_msgs) by extension 'colcon_meta'
[0.120s] Level 1:colcon.colcon_core.package_identification:_identify(src/custom_msgs) by extensions ['ros']
[0.120s] Level 1:colcon.colcon_core.package_identification:_identify(src/custom_msgs) by extension 'ros'
[0.122s] DEBUG:colcon.colcon_core.package_identification:Package 'src/custom_msgs' with type 'ros.ament_cmake' and name 'custom_msgs'
[0.122s] Level 1:colcon.colcon_core.package_identification:_identify(src/dine_bot) by extensions ['ignore', 'ignore_ament_install']
[0.122s] Level 1:colcon.colcon_core.package_identification:_identify(src/dine_bot) by extension 'ignore'
[0.122s] Level 1:colcon.colcon_core.package_identification:_identify(src/dine_bot) by extension 'ignore_ament_install'
[0.122s] Level 1:colcon.colcon_core.package_identification:_identify(src/dine_bot) by extensions ['colcon_pkg']
[0.122s] Level 1:colcon.colcon_core.package_identification:_identify(src/dine_bot) by extension 'colcon_pkg'
[0.122s] Level 1:colcon.colcon_core.package_identification:_identify(src/dine_bot) by extensions ['colcon_meta']
[0.122s] Level 1:colcon.colcon_core.package_identification:_identify(src/dine_bot) by extension 'colcon_meta'
[0.122s] Level 1:colcon.colcon_core.package_identification:_identify(src/dine_bot) by extensions ['ros']
[0.122s] Level 1:colcon.colcon_core.package_identification:_identify(src/dine_bot) by extension 'ros'
[0.123s] DEBUG:colcon.colcon_core.package_identification:Package 'src/dine_bot' with type 'ros.ament_python' and name 'dine_bot'
[0.123s] Level 1:colcon.colcon_core.package_discovery:discover_packages(recursive) using defaults
[0.123s] Level 1:colcon.colcon_core.package_discovery:discover_packages(ignore) discover
[0.123s] Level 1:colcon.colcon_core.package_discovery:discover_packages(ignore) using defaults
[0.123s] Level 1:colcon.colcon_core.package_discovery:discover_packages(path) discover
[0.123s] Level 1:colcon.colcon_core.package_discovery:discover_packages(path) using defaults
[0.139s] Level 1:colcon.colcon_core.package_discovery:discover_packages(prefix_path) check parameters
[0.139s] Level 1:colcon.colcon_core.package_discovery:discover_packages(prefix_path) discover
[0.140s] WARNING:colcon.colcon_ros.prefix_path.ament:The path '/home/kim/project3/computer/install/dine_bot' in the environment variable AMENT_PREFIX_PATH doesn't exist
[0.140s] WARNING:colcon.colcon_ros.prefix_path.ament:The path '/home/kim/project3/computer/install/custom_msgs' in the environment variable AMENT_PREFIX_PATH doesn't exist
[0.141s] WARNING:colcon.colcon_ros.prefix_path.catkin:The path '/home/kim/project3/computer/install/custom_msgs' in the environment variable CMAKE_PREFIX_PATH doesn't exist
[0.141s] DEBUG:colcon.colcon_installed_package_information.package_discovery:Found 0 installed packages in /home/kim/project3/computer/install
[0.142s] DEBUG:colcon.colcon_installed_package_information.package_discovery:Found 42 installed packages in /home/kim/ws_moveit/install
[0.143s] DEBUG:colcon.colcon_installed_package_information.package_discovery:Found 388 installed packages in /opt/ros/humble
[0.145s] Level 1:colcon.colcon_core.package_discovery:discover_packages(prefix_path) using defaults
[0.206s] Level 5:colcon.colcon_core.verb:set package 'custom_msgs' build argument 'cmake_args' from command line to 'None'
[0.206s] Level 5:colcon.colcon_core.verb:set package 'custom_msgs' build argument 'cmake_target' from command line to 'None'
[0.206s] Level 5:colcon.colcon_core.verb:set package 'custom_msgs' build argument 'cmake_target_skip_unavailable' from command line to 'False'
[0.206s] Level 5:colcon.colcon_core.verb:set package 'custom_msgs' build argument 'cmake_clean_cache' from command line to 'False'
[0.206s] Level 5:colcon.colcon_core.verb:set package 'custom_msgs' build argument 'cmake_clean_first' from command line to 'False'
[0.206s] Level 5:colcon.colcon_core.verb:set package 'custom_msgs' build argument 'cmake_force_configure' from command line to 'False'
[0.206s] Level 5:colcon.colcon_core.verb:set package 'custom_msgs' build argument 'ament_cmake_args' from command line to 'None'
[0.206s] Level 5:colcon.colcon_core.verb:set package 'custom_msgs' build argument 'catkin_cmake_args' from command line to 'None'
[0.206s] Level 5:colcon.colcon_core.verb:set package 'custom_msgs' build argument 'catkin_skip_building_tests' from command line to 'False'
[0.206s] DEBUG:colcon.colcon_core.verb:Building package 'custom_msgs' with the following arguments: {'ament_cmake_args': None, 'build_base': '/home/kim/project3/computer/build/custom_msgs', 'catkin_cmake_args': None, 'catkin_skip_building_tests': False, 'cmake_args': None, 'cmake_clean_cache': False, 'cmake_clean_first': False, 'cmake_force_configure': False, 'cmake_target': None, 'cmake_target_skip_unavailable': False, 'install_base': '/home/kim/project3/computer/install/custom_msgs', 'merge_install': False, 'path': '/home/kim/project3/computer/src/custom_msgs', 'symlink_install': True, 'test_result_base': None}
[0.206s] Level 5:colcon.colcon_core.verb:set package 'dine_bot' build argument 'cmake_args' from command line to 'None'
[0.206s] Level 5:colcon.colcon_core.verb:set package 'dine_bot' build argument 'cmake_target' from command line to 'None'
[0.206s] Level 5:colcon.colcon_core.verb:set package 'dine_bot' build argument 'cmake_target_skip_unavailable' from command line to 'False'
[0.206s] Level 5:colcon.colcon_core.verb:set package 'dine_bot' build argument 'cmake_clean_cache' from command line to 'False'
[0.206s] Level 5:colcon.colcon_core.verb:set package 'dine_bot' build argument 'cmake_clean_first' from command line to 'False'
[0.206s] Level 5:colcon.colcon_core.verb:set package 'dine_bot' build argument 'cmake_force_configure' from command line to 'False'
[0.206s] Level 5:colcon.colcon_core.verb:set package 'dine_bot' build argument 'ament_cmake_args' from command line to 'None'
[0.206s] Level 5:colcon.colcon_core.verb:set package 'dine_bot' build argument 'catkin_cmake_args' from command line to 'None'
[0.206s] Level 5:colcon.colcon_core.verb:set package 'dine_bot' build argument 'catkin_skip_building_tests' from command line to 'False'
[0.206s] DEBUG:colcon.colcon_core.verb:Building package 'dine_bot' with the following arguments: {'ament_cmake_args': None, 'build_base': '/home/kim/project3/computer/build/dine_bot', 'catkin_cmake_args': None, 'catkin_skip_building_tests': False, 'cmake_args': None, 'cmake_clean_cache': False, 'cmake_clean_first': False, 'cmake_force_configure': False, 'cmake_target': None, 'cmake_target_skip_unavailable': False, 'install_base': '/home/kim/project3/computer/install/dine_bot', 'merge_install': False, 'path': '/home/kim/project3/computer/src/dine_bot', 'symlink_install': True, 'test_result_base': None}
[0.206s] INFO:colcon.colcon_core.executor:Executing jobs using 'parallel' executor
[0.207s] DEBUG:colcon.colcon_parallel_executor.executor.parallel:run_until_complete
[0.207s] INFO:colcon.colcon_ros.task.ament_cmake.build:Building ROS package in '/home/kim/project3/computer/src/custom_msgs' with build type 'ament_cmake'
[0.207s] INFO:colcon.colcon_cmake.task.cmake.build:Building CMake package in '/home/kim/project3/computer/src/custom_msgs'
[0.210s] INFO:colcon.colcon_core.plugin_system:Skipping extension 'colcon_core.shell.bat': Not used on non-Windows systems
[0.210s] INFO:colcon.colcon_core.shell:Skip shell extension 'powershell' for command environment: Not usable outside of PowerShell
[0.210s] DEBUG:colcon.colcon_core.shell:Skip shell extension 'dsv' for command environment
[0.214s] INFO:colcon.colcon_ros.task.ament_python.build:Building ROS package in '/home/kim/project3/computer/src/dine_bot' with build type 'ament_python'
[0.214s] Level 1:colcon.colcon_core.shell:create_environment_hook('dine_bot', 'ament_prefix_path')
[0.214s] INFO:colcon.colcon_core.shell:Creating environment hook '/home/kim/project3/computer/install/dine_bot/share/dine_bot/hook/ament_prefix_path.ps1'
[0.215s] INFO:colcon.colcon_core.shell:Creating environment descriptor '/home/kim/project3/computer/install/dine_bot/share/dine_bot/hook/ament_prefix_path.dsv'
[0.215s] INFO:colcon.colcon_core.shell:Creating environment hook '/home/kim/project3/computer/install/dine_bot/share/dine_bot/hook/ament_prefix_path.sh'
[0.216s] INFO:colcon.colcon_core.shell:Skip shell extension 'powershell' for command environment: Not usable outside of PowerShell
[0.216s] DEBUG:colcon.colcon_core.shell:Skip shell extension 'dsv' for command environment
[0.223s] DEBUG:colcon.colcon_core.event_handler.log_command:Invoking command in '/home/kim/project3/computer/build/custom_msgs': CMAKE_PREFIX_PATH=${CMAKE_PREFIX_PATH}:/home/kim/project3/computer/install/dine_bot:/home/kim/ws_moveit/install/mycobot_description:/home/kim/ws_moveit/install/moveit_configs_utils /usr/bin/cmake /home/kim/project3/computer/src/custom_msgs -DAMENT_CMAKE_SYMLINK_INSTALL=1 -DCMAKE_INSTALL_PREFIX=/home/kim/project3/computer/install/custom_msgs
[0.360s] INFO:colcon.colcon_core.task.python.build:Building Python package in '/home/kim/project3/computer/src/dine_bot'
[0.360s] INFO:colcon.colcon_core.shell:Skip shell extension 'powershell' for command environment: Not usable outside of PowerShell
[0.360s] DEBUG:colcon.colcon_core.shell:Skip shell extension 'dsv' for command environment
[0.861s] DEBUG:colcon.colcon_core.event_handler.log_command:Invoking command in '/home/kim/project3/computer/build/dine_bot': PYTHONPATH=/home/kim/project3/computer/build/dine_bot/prefix_override:/usr/lib/python3/dist-packages/colcon_core/task/python/colcon_distutils_commands:/home/kim/project3/computer/install/dine_bot/lib/python3.10/site-packages:${PYTHONPATH} /usr/bin/python3 -W ignore:setup.py install is deprecated setup.py develop --editable --build-directory /home/kim/project3/computer/build/dine_bot/build --no-deps symlink_data
[1.264s] Level 1:colcon.colcon_core.shell:create_environment_hook('dine_bot', 'pythonpath_develop')
[1.264s] INFO:colcon.colcon_core.shell:Creating environment hook '/home/kim/project3/computer/build/dine_bot/share/dine_bot/hook/pythonpath_develop.ps1'
[1.265s] DEBUG:colcon.colcon_core.event_handler.log_command:Invoked command in '/home/kim/project3/computer/build/dine_bot' returned '0': PYTHONPATH=/home/kim/project3/computer/build/dine_bot/prefix_override:/usr/lib/python3/dist-packages/colcon_core/task/python/colcon_distutils_commands:/home/kim/project3/computer/install/dine_bot/lib/python3.10/site-packages:${PYTHONPATH} /usr/bin/python3 -W ignore:setup.py install is deprecated setup.py develop --editable --build-directory /home/kim/project3/computer/build/dine_bot/build --no-deps symlink_data
[1.265s] INFO:colcon.colcon_core.shell:Creating environment descriptor '/home/kim/project3/computer/build/dine_bot/share/dine_bot/hook/pythonpath_develop.dsv'
[1.265s] INFO:colcon.colcon_core.shell:Creating environment hook '/home/kim/project3/computer/build/dine_bot/share/dine_bot/hook/pythonpath_develop.sh'
[1.268s] Level 1:colcon.colcon_core.environment:checking '/home/kim/project3/computer/install/dine_bot' for CMake module files
[1.269s] Level 1:colcon.colcon_core.environment:checking '/home/kim/project3/computer/install/dine_bot' for CMake config files
[1.269s] Level 1:colcon.colcon_core.environment:checking '/home/kim/project3/computer/install/dine_bot/lib'
[1.269s] Level 1:colcon.colcon_core.environment:checking '/home/kim/project3/computer/install/dine_bot/bin'
[1.269s] Level 1:colcon.colcon_core.environment:checking '/home/kim/project3/computer/install/dine_bot/lib/pkgconfig/dine_bot.pc'
[1.269s] Level 1:colcon.colcon_core.environment:checking '/home/kim/project3/computer/install/dine_bot/lib/python3.10/site-packages'
[1.269s] Level 1:colcon.colcon_core.shell:create_environment_hook('dine_bot', 'pythonpath')
[1.270s] INFO:colcon.colcon_core.shell:Creating environment hook '/home/kim/project3/computer/install/dine_bot/share/dine_bot/hook/pythonpath.ps1'
[1.270s] INFO:colcon.colcon_core.shell:Creating environment descriptor '/home/kim/project3/computer/install/dine_bot/share/dine_bot/hook/pythonpath.dsv'
[1.270s] INFO:colcon.colcon_core.shell:Creating environment hook '/home/kim/project3/computer/install/dine_bot/share/dine_bot/hook/pythonpath.sh'
[1.270s] Level 1:colcon.colcon_core.environment:checking '/home/kim/project3/computer/install/dine_bot/bin'
[1.270s] Level 1:colcon.colcon_core.environment:create_environment_scripts_only(dine_bot)
[1.271s] INFO:colcon.colcon_core.shell:Creating package script '/home/kim/project3/computer/install/dine_bot/share/dine_bot/package.ps1'
[1.271s] INFO:colcon.colcon_core.shell:Creating package descriptor '/home/kim/project3/computer/install/dine_bot/share/dine_bot/package.dsv'
[1.272s] INFO:colcon.colcon_core.shell:Creating package script '/home/kim/project3/computer/install/dine_bot/share/dine_bot/package.sh'
[1.272s] INFO:colcon.colcon_core.shell:Creating package script '/home/kim/project3/computer/install/dine_bot/share/dine_bot/package.bash'
[1.273s] INFO:colcon.colcon_core.shell:Creating package script '/home/kim/project3/computer/install/dine_bot/share/dine_bot/package.zsh'
[1.273s] Level 1:colcon.colcon_core.environment:create_file_with_runtime_dependencies(/home/kim/project3/computer/install/dine_bot/share/colcon-core/packages/dine_bot)
[2.013s] DEBUG:colcon.colcon_core.event_handler.log_command:Invoked command in '/home/kim/project3/computer/build/custom_msgs' returned '0': CMAKE_PREFIX_PATH=${CMAKE_PREFIX_PATH}:/home/kim/project3/computer/install/dine_bot:/home/kim/ws_moveit/install/mycobot_description:/home/kim/ws_moveit/install/moveit_configs_utils /usr/bin/cmake /home/kim/project3/computer/src/custom_msgs -DAMENT_CMAKE_SYMLINK_INSTALL=1 -DCMAKE_INSTALL_PREFIX=/home/kim/project3/computer/install/custom_msgs
[2.014s] DEBUG:colcon.colcon_core.event_handler.log_command:Invoking command in '/home/kim/project3/computer/build/custom_msgs': CMAKE_PREFIX_PATH=${CMAKE_PREFIX_PATH}:/home/kim/project3/computer/install/dine_bot:/home/kim/ws_moveit/install/mycobot_description:/home/kim/ws_moveit/install/moveit_configs_utils /usr/bin/cmake --build /home/kim/project3/computer/build/custom_msgs -- -j12 -l12
[5.832s] DEBUG:colcon.colcon_core.event_handler.log_command:Invoked command in '/home/kim/project3/computer/build/custom_msgs' returned '0': CMAKE_PREFIX_PATH=${CMAKE_PREFIX_PATH}:/home/kim/project3/computer/install/dine_bot:/home/kim/ws_moveit/install/mycobot_description:/home/kim/ws_moveit/install/moveit_configs_utils /usr/bin/cmake --build /home/kim/project3/computer/build/custom_msgs -- -j12 -l12
[6.086s] DEBUG:colcon.colcon_core.event_handler.log_command:Invoking command in '/home/kim/project3/computer/build/custom_msgs': CMAKE_PREFIX_PATH=${CMAKE_PREFIX_PATH}:/home/kim/project3/computer/install/dine_bot:/home/kim/ws_moveit/install/mycobot_description:/home/kim/ws_moveit/install/moveit_configs_utils /usr/bin/cmake --install /home/kim/project3/computer/build/custom_msgs
[7.474s] Level 1:colcon.colcon_core.environment:create_environment_scripts_only(custom_msgs)
[7.474s] Level 1:colcon.colcon_core.environment:checking '/home/kim/project3/computer/install/custom_msgs' for CMake module files
[7.474s] DEBUG:colcon.colcon_core.event_handler.log_command:Invoked command in '/home/kim/project3/computer/build/custom_msgs' returned '0': CMAKE_PREFIX_PATH=${CMAKE_PREFIX_PATH}:/home/kim/project3/computer/install/dine_bot:/home/kim/ws_moveit/install/mycobot_description:/home/kim/ws_moveit/install/moveit_configs_utils /usr/bin/cmake --install /home/kim/project3/computer/build/custom_msgs
[7.474s] Level 1:colcon.colcon_core.environment:checking '/home/kim/project3/computer/install/custom_msgs' for CMake config files
[7.475s] Level 1:colcon.colcon_core.shell:create_environment_hook('custom_msgs', 'cmake_prefix_path')
[7.475s] INFO:colcon.colcon_core.shell:Creating environment hook '/home/kim/project3/computer/install/custom_msgs/share/custom_msgs/hook/cmake_prefix_path.ps1'
[7.475s] INFO:colcon.colcon_core.shell:Creating environment descriptor '/home/kim/project3/computer/install/custom_msgs/share/custom_msgs/hook/cmake_prefix_path.dsv'
[7.475s] INFO:colcon.colcon_core.shell:Creating environment hook '/home/kim/project3/computer/install/custom_msgs/share/custom_msgs/hook/cmake_prefix_path.sh'
[7.476s] Level 1:colcon.colcon_core.environment:checking '/home/kim/project3/computer/install/custom_msgs/lib'
[7.476s] Level 1:colcon.colcon_core.shell:create_environment_hook('custom_msgs', 'ld_library_path_lib')
[7.476s] INFO:colcon.colcon_core.shell:Creating environment hook '/home/kim/project3/computer/install/custom_msgs/share/custom_msgs/hook/ld_library_path_lib.ps1'
[7.476s] INFO:colcon.colcon_core.shell:Creating environment descriptor '/home/kim/project3/computer/install/custom_msgs/share/custom_msgs/hook/ld_library_path_lib.dsv'
[7.476s] INFO:colcon.colcon_core.shell:Creating environment hook '/home/kim/project3/computer/install/custom_msgs/share/custom_msgs/hook/ld_library_path_lib.sh'
[7.476s] Level 1:colcon.colcon_core.environment:checking '/home/kim/project3/computer/install/custom_msgs/bin'
[7.476s] Level 1:colcon.colcon_core.environment:checking '/home/kim/project3/computer/install/custom_msgs/lib/pkgconfig/custom_msgs.pc'
[7.476s] Level 1:colcon.colcon_core.environment:checking '/home/kim/project3/computer/install/custom_msgs/lib/python3.10/site-packages'
[7.477s] Level 1:colcon.colcon_core.environment:checking '/home/kim/project3/computer/install/custom_msgs/bin'
[7.477s] INFO:colcon.colcon_core.shell:Creating package script '/home/kim/project3/computer/install/custom_msgs/share/custom_msgs/package.ps1'
[7.477s] INFO:colcon.colcon_core.shell:Creating package descriptor '/home/kim/project3/computer/install/custom_msgs/share/custom_msgs/package.dsv'
[7.477s] INFO:colcon.colcon_core.shell:Creating package script '/home/kim/project3/computer/install/custom_msgs/share/custom_msgs/package.sh'
[7.477s] INFO:colcon.colcon_core.shell:Creating package script '/home/kim/project3/computer/install/custom_msgs/share/custom_msgs/package.bash'
[7.478s] INFO:colcon.colcon_core.shell:Creating package script '/home/kim/project3/computer/install/custom_msgs/share/custom_msgs/package.zsh'
[7.478s] Level 1:colcon.colcon_core.environment:create_file_with_runtime_dependencies(/home/kim/project3/computer/install/custom_msgs/share/colcon-core/packages/custom_msgs)
[7.692s] Level 1:colcon.colcon_core.environment:create_environment_scripts_only(custom_msgs)
[7.692s] Level 1:colcon.colcon_core.environment:checking '/home/kim/project3/computer/install/custom_msgs' for CMake module files
[7.692s] Level 1:colcon.colcon_core.environment:checking '/home/kim/project3/computer/install/custom_msgs' for CMake config files
[7.692s] Level 1:colcon.colcon_core.shell:create_environment_hook('custom_msgs', 'cmake_prefix_path')
[7.693s] INFO:colcon.colcon_core.shell:Creating environment hook '/home/kim/project3/computer/install/custom_msgs/share/custom_msgs/hook/cmake_prefix_path.ps1'
[7.693s] INFO:colcon.colcon_core.shell:Creating environment descriptor '/home/kim/project3/computer/install/custom_msgs/share/custom_msgs/hook/cmake_prefix_path.dsv'
[7.693s] INFO:colcon.colcon_core.shell:Creating environment hook '/home/kim/project3/computer/install/custom_msgs/share/custom_msgs/hook/cmake_prefix_path.sh'
[7.693s] Level 1:colcon.colcon_core.environment:checking '/home/kim/project3/computer/install/custom_msgs/lib'
[7.693s] Level 1:colcon.colcon_core.shell:create_environment_hook('custom_msgs', 'ld_library_path_lib')
[7.694s] INFO:colcon.colcon_core.shell:Creating environment hook '/home/kim/project3/computer/install/custom_msgs/share/custom_msgs/hook/ld_library_path_lib.ps1'
[7.694s] INFO:colcon.colcon_core.shell:Creating environment descriptor '/home/kim/project3/computer/install/custom_msgs/share/custom_msgs/hook/ld_library_path_lib.dsv'
[7.694s] INFO:colcon.colcon_core.shell:Creating environment hook '/home/kim/project3/computer/install/custom_msgs/share/custom_msgs/hook/ld_library_path_lib.sh'
[7.694s] Level 1:colcon.colcon_core.environment:checking '/home/kim/project3/computer/install/custom_msgs/bin'
[7.694s] Level 1:colcon.colcon_core.environment:checking '/home/kim/project3/computer/install/custom_msgs/lib/pkgconfig/custom_msgs.pc'
[7.694s] Level 1:colcon.colcon_core.environment:checking '/home/kim/project3/computer/install/custom_msgs/lib/python3.10/site-packages'
[7.695s] Level 1:colcon.colcon_core.environment:checking '/home/kim/project3/computer/install/custom_msgs/bin'
[7.695s] INFO:colcon.colcon_core.shell:Creating package script '/home/kim/project3/computer/install/custom_msgs/share/custom_msgs/package.ps1'
[7.695s] INFO:colcon.colcon_core.shell:Creating package descriptor '/home/kim/project3/computer/install/custom_msgs/share/custom_msgs/package.dsv'
[7.695s] INFO:colcon.colcon_core.shell:Creating package script '/home/kim/project3/computer/install/custom_msgs/share/custom_msgs/package.sh'
[7.695s] INFO:colcon.colcon_core.shell:Creating package script '/home/kim/project3/computer/install/custom_msgs/share/custom_msgs/package.bash'
[7.696s] INFO:colcon.colcon_core.shell:Creating package script '/home/kim/project3/computer/install/custom_msgs/share/custom_msgs/package.zsh'
[7.696s] Level 1:colcon.colcon_core.environment:create_file_with_runtime_dependencies(/home/kim/project3/computer/install/custom_msgs/share/colcon-core/packages/custom_msgs)
[7.696s] DEBUG:colcon.colcon_parallel_executor.executor.parallel:closing loop
[7.696s] DEBUG:colcon.colcon_parallel_executor.executor.parallel:loop closed
[7.696s] DEBUG:colcon.colcon_parallel_executor.executor.parallel:run_until_complete finished with '0'
[7.696s] DEBUG:colcon.colcon_core.event_reactor:joining thread
[7.708s] INFO:colcon.colcon_core.plugin_system:Skipping extension 'colcon_notification.desktop_notification.terminal_notifier': Not used on non-Darwin systems
[7.708s] INFO:colcon.colcon_core.plugin_system:Skipping extension 'colcon_notification.desktop_notification.win32': Not used on non-Windows systems
[7.708s] INFO:colcon.colcon_notification.desktop_notification:Sending desktop notification using 'notify2'
[7.739s] DEBUG:colcon.colcon_core.event_reactor:joined thread
[7.739s] INFO:colcon.colcon_core.shell:Creating prefix script '/home/kim/project3/computer/install/local_setup.ps1'
[7.741s] INFO:colcon.colcon_core.shell:Creating prefix util module '/home/kim/project3/computer/install/_local_setup_util_ps1.py'
[7.742s] INFO:colcon.colcon_core.shell:Creating prefix chain script '/home/kim/project3/computer/install/setup.ps1'
[7.744s] INFO:colcon.colcon_core.shell:Creating prefix script '/home/kim/project3/computer/install/local_setup.sh'
[7.745s] INFO:colcon.colcon_core.shell:Creating prefix util module '/home/kim/project3/computer/install/_local_setup_util_sh.py'
[7.745s] INFO:colcon.colcon_core.shell:Creating prefix chain script '/home/kim/project3/computer/install/setup.sh'
[7.747s] INFO:colcon.colcon_core.shell:Creating prefix script '/home/kim/project3/computer/install/local_setup.bash'
[7.748s] INFO:colcon.colcon_core.shell:Creating prefix chain script '/home/kim/project3/computer/install/setup.bash'
[7.749s] INFO:colcon.colcon_core.shell:Creating prefix script '/home/kim/project3/computer/install/local_setup.zsh'
[7.749s] INFO:colcon.colcon_core.shell:Creating prefix chain script '/home/kim/project3/computer/install/setup.zsh'
