[0.181s] DEBUG:colcon:Command line arguments: ['/usr/bin/colcon', 'build', '--symlink-install']
[0.181s] DEBUG:colcon:Parsed command line arguments: Namespace(log_base=None, log_level=None, verb_name='build', build_base='build', install_base='install', merge_install=False, symlink_install=True, test_result_base=None, continue_on_error=False, executor='parallel', parallel_workers=12, event_handlers=None, ignore_user_meta=False, metas=['./colcon.meta'], base_paths=['.'], packages_ignore=None, packages_ignore_regex=None, paths=None, packages_up_to=None, packages_up_to_regex=None, packages_above=None, packages_above_and_dependencies=None, packages_above_depth=None, packages_select_by_dep=None, packages_skip_by_dep=None, packages_skip_up_to=None, packages_select_build_failed=False, packages_skip_build_finished=False, packages_select_test_failures=False, packages_skip_test_passed=False, packages_select=None, packages_skip=None, packages_select_regex=None, packages_skip_regex=None, packages_start=None, packages_end=None, allow_overriding=[], cmake_args=None, cmake_target=None, cmake_target_skip_unavailable=False, cmake_clean_cache=False, cmake_clean_first=False, cmake_force_configure=False, ament_cmake_args=None, catkin_cmake_args=None, catkin_skip_building_tests=False, mixin_files=None, mixin=None, verb_parser=<colcon_mixin.mixin.mixin_argument.MixinArgumentDecorator object at 0x75516f07ab30>, verb_extension=<colcon_core.verb.build.BuildVerb object at 0x75516f07a530>, main=<bound method BuildVerb.main of <colcon_core.verb.build.BuildVerb object at 0x75516f07a530>>, mixin_verb=('build',))
[0.407s] Level 1:colcon.colcon_core.package_discovery:discover_packages(colcon_meta) check parameters
[0.407s] Level 1:colcon.colcon_core.package_discovery:discover_packages(recursive) check parameters
[0.407s] Level 1:colcon.colcon_core.package_discovery:discover_packages(ignore) check parameters
[0.407s] Level 1:colcon.colcon_core.package_discovery:discover_packages(path) check parameters
[0.407s] Level 1:colcon.colcon_core.package_discovery:discover_packages(colcon_meta) discover
[0.407s] Level 1:colcon.colcon_core.package_discovery:discover_packages(recursive) discover
[0.407s] INFO:colcon.colcon_core.package_discovery:Crawling recursively for packages in '/home/soomi/yori'
[0.407s] Level 1:colcon.colcon_core.package_identification:_identify(.) by extensions ['ignore', 'ignore_ament_install']
[0.407s] Level 1:colcon.colcon_core.package_identification:_identify(.) by extension 'ignore'
[0.407s] Level 1:colcon.colcon_core.package_identification:_identify(.) by extension 'ignore_ament_install'
[0.407s] Level 1:colcon.colcon_core.package_identification:_identify(.) by extensions ['colcon_pkg']
[0.407s] Level 1:colcon.colcon_core.package_identification:_identify(.) by extension 'colcon_pkg'
[0.407s] Level 1:colcon.colcon_core.package_identification:_identify(.) by extensions ['colcon_meta']
[0.407s] Level 1:colcon.colcon_core.package_identification:_identify(.) by extension 'colcon_meta'
[0.407s] Level 1:colcon.colcon_core.package_identification:_identify(.) by extensions ['ros']
[0.407s] Level 1:colcon.colcon_core.package_identification:_identify(.) by extension 'ros'
[0.418s] Level 1:colcon.colcon_core.package_identification:_identify(.) by extensions ['cmake', 'python']
[0.418s] Level 1:colcon.colcon_core.package_identification:_identify(.) by extension 'cmake'
[0.418s] Level 1:colcon.colcon_core.package_identification:_identify(.) by extension 'python'
[0.418s] Level 1:colcon.colcon_core.package_identification:_identify(.) by extensions ['python_setup_py']
[0.418s] Level 1:colcon.colcon_core.package_identification:_identify(.) by extension 'python_setup_py'
[0.418s] Level 1:colcon.colcon_core.package_identification:_identify(build) by extensions ['ignore', 'ignore_ament_install']
[0.418s] Level 1:colcon.colcon_core.package_identification:_identify(build) by extension 'ignore'
[0.418s] Level 1:colcon.colcon_core.package_identification:_identify(build) ignored
[0.419s] Level 1:colcon.colcon_core.package_identification:_identify(install) by extensions ['ignore', 'ignore_ament_install']
[0.419s] Level 1:colcon.colcon_core.package_identification:_identify(install) by extension 'ignore'
[0.419s] Level 1:colcon.colcon_core.package_identification:_identify(install) ignored
[0.419s] Level 1:colcon.colcon_core.package_identification:_identify(log) by extensions ['ignore', 'ignore_ament_install']
[0.419s] Level 1:colcon.colcon_core.package_identification:_identify(log) by extension 'ignore'
[0.419s] Level 1:colcon.colcon_core.package_identification:_identify(log) ignored
[0.419s] Level 1:colcon.colcon_core.package_identification:_identify(src) by extensions ['ignore', 'ignore_ament_install']
[0.419s] Level 1:colcon.colcon_core.package_identification:_identify(src) by extension 'ignore'
[0.419s] Level 1:colcon.colcon_core.package_identification:_identify(src) by extension 'ignore_ament_install'
[0.419s] Level 1:colcon.colcon_core.package_identification:_identify(src) by extensions ['colcon_pkg']
[0.419s] Level 1:colcon.colcon_core.package_identification:_identify(src) by extension 'colcon_pkg'
[0.419s] Level 1:colcon.colcon_core.package_identification:_identify(src) by extensions ['colcon_meta']
[0.419s] Level 1:colcon.colcon_core.package_identification:_identify(src) by extension 'colcon_meta'
[0.419s] Level 1:colcon.colcon_core.package_identification:_identify(src) by extensions ['ros']
[0.419s] Level 1:colcon.colcon_core.package_identification:_identify(src) by extension 'ros'
[0.419s] Level 1:colcon.colcon_core.package_identification:_identify(src) by extensions ['cmake', 'python']
[0.419s] Level 1:colcon.colcon_core.package_identification:_identify(src) by extension 'cmake'
[0.419s] Level 1:colcon.colcon_core.package_identification:_identify(src) by extension 'python'
[0.419s] Level 1:colcon.colcon_core.package_identification:_identify(src) by extensions ['python_setup_py']
[0.419s] Level 1:colcon.colcon_core.package_identification:_identify(src) by extension 'python_setup_py'
[0.419s] Level 1:colcon.colcon_core.package_identification:_identify(src/my_custom_msgs) by extensions ['ignore', 'ignore_ament_install']
[0.419s] Level 1:colcon.colcon_core.package_identification:_identify(src/my_custom_msgs) by extension 'ignore'
[0.419s] Level 1:colcon.colcon_core.package_identification:_identify(src/my_custom_msgs) by extension 'ignore_ament_install'
[0.419s] Level 1:colcon.colcon_core.package_identification:_identify(src/my_custom_msgs) by extensions ['colcon_pkg']
[0.419s] Level 1:colcon.colcon_core.package_identification:_identify(src/my_custom_msgs) by extension 'colcon_pkg'
[0.419s] Level 1:colcon.colcon_core.package_identification:_identify(src/my_custom_msgs) by extensions ['colcon_meta']
[0.419s] Level 1:colcon.colcon_core.package_identification:_identify(src/my_custom_msgs) by extension 'colcon_meta'
[0.419s] Level 1:colcon.colcon_core.package_identification:_identify(src/my_custom_msgs) by extensions ['ros']
[0.419s] Level 1:colcon.colcon_core.package_identification:_identify(src/my_custom_msgs) by extension 'ros'
[0.421s] DEBUG:colcon.colcon_core.package_identification:Package 'src/my_custom_msgs' with type 'ros.ament_cmake' and name 'my_custom_msgs'
[0.421s] Level 1:colcon.colcon_core.package_identification:_identify(src/yori) by extensions ['ignore', 'ignore_ament_install']
[0.421s] Level 1:colcon.colcon_core.package_identification:_identify(src/yori) by extension 'ignore'
[0.421s] Level 1:colcon.colcon_core.package_identification:_identify(src/yori) by extension 'ignore_ament_install'
[0.421s] Level 1:colcon.colcon_core.package_identification:_identify(src/yori) by extensions ['colcon_pkg']
[0.421s] Level 1:colcon.colcon_core.package_identification:_identify(src/yori) by extension 'colcon_pkg'
[0.421s] Level 1:colcon.colcon_core.package_identification:_identify(src/yori) by extensions ['colcon_meta']
[0.421s] Level 1:colcon.colcon_core.package_identification:_identify(src/yori) by extension 'colcon_meta'
[0.421s] Level 1:colcon.colcon_core.package_identification:_identify(src/yori) by extensions ['ros']
[0.421s] Level 1:colcon.colcon_core.package_identification:_identify(src/yori) by extension 'ros'
[0.423s] DEBUG:colcon.colcon_core.package_identification:Package 'src/yori' with type 'ros.ament_python' and name 'yori'
[0.423s] Level 1:colcon.colcon_core.package_discovery:discover_packages(recursive) using defaults
[0.423s] Level 1:colcon.colcon_core.package_discovery:discover_packages(ignore) discover
[0.423s] Level 1:colcon.colcon_core.package_discovery:discover_packages(ignore) using defaults
[0.423s] Level 1:colcon.colcon_core.package_discovery:discover_packages(path) discover
[0.423s] Level 1:colcon.colcon_core.package_discovery:discover_packages(path) using defaults
[0.457s] Level 1:colcon.colcon_core.package_discovery:discover_packages(prefix_path) check parameters
[0.458s] Level 1:colcon.colcon_core.package_discovery:discover_packages(prefix_path) discover
[0.475s] DEBUG:colcon.colcon_installed_package_information.package_discovery:Found 373 installed packages in /home/soomi/ros2_humble/install
[0.476s] Level 1:colcon.colcon_core.package_discovery:discover_packages(prefix_path) using defaults
[0.769s] Level 5:colcon.colcon_core.verb:set package 'my_custom_msgs' build argument 'cmake_args' from command line to 'None'
[0.769s] Level 5:colcon.colcon_core.verb:set package 'my_custom_msgs' build argument 'cmake_target' from command line to 'None'
[0.769s] Level 5:colcon.colcon_core.verb:set package 'my_custom_msgs' build argument 'cmake_target_skip_unavailable' from command line to 'False'
[0.769s] Level 5:colcon.colcon_core.verb:set package 'my_custom_msgs' build argument 'cmake_clean_cache' from command line to 'False'
[0.769s] Level 5:colcon.colcon_core.verb:set package 'my_custom_msgs' build argument 'cmake_clean_first' from command line to 'False'
[0.769s] Level 5:colcon.colcon_core.verb:set package 'my_custom_msgs' build argument 'cmake_force_configure' from command line to 'False'
[0.769s] Level 5:colcon.colcon_core.verb:set package 'my_custom_msgs' build argument 'ament_cmake_args' from command line to 'None'
[0.769s] Level 5:colcon.colcon_core.verb:set package 'my_custom_msgs' build argument 'catkin_cmake_args' from command line to 'None'
[0.769s] Level 5:colcon.colcon_core.verb:set package 'my_custom_msgs' build argument 'catkin_skip_building_tests' from command line to 'False'
[0.769s] DEBUG:colcon.colcon_core.verb:Building package 'my_custom_msgs' with the following arguments: {'ament_cmake_args': None, 'build_base': '/home/soomi/yori/build/my_custom_msgs', 'catkin_cmake_args': None, 'catkin_skip_building_tests': False, 'cmake_args': None, 'cmake_clean_cache': False, 'cmake_clean_first': False, 'cmake_force_configure': False, 'cmake_target': None, 'cmake_target_skip_unavailable': False, 'install_base': '/home/soomi/yori/install/my_custom_msgs', 'merge_install': False, 'path': '/home/soomi/yori/src/my_custom_msgs', 'symlink_install': True, 'test_result_base': None}
[0.769s] Level 5:colcon.colcon_core.verb:set package 'yori' build argument 'cmake_args' from command line to 'None'
[0.770s] Level 5:colcon.colcon_core.verb:set package 'yori' build argument 'cmake_target' from command line to 'None'
[0.770s] Level 5:colcon.colcon_core.verb:set package 'yori' build argument 'cmake_target_skip_unavailable' from command line to 'False'
[0.770s] Level 5:colcon.colcon_core.verb:set package 'yori' build argument 'cmake_clean_cache' from command line to 'False'
[0.770s] Level 5:colcon.colcon_core.verb:set package 'yori' build argument 'cmake_clean_first' from command line to 'False'
[0.770s] Level 5:colcon.colcon_core.verb:set package 'yori' build argument 'cmake_force_configure' from command line to 'False'
[0.770s] Level 5:colcon.colcon_core.verb:set package 'yori' build argument 'ament_cmake_args' from command line to 'None'
[0.770s] Level 5:colcon.colcon_core.verb:set package 'yori' build argument 'catkin_cmake_args' from command line to 'None'
[0.770s] Level 5:colcon.colcon_core.verb:set package 'yori' build argument 'catkin_skip_building_tests' from command line to 'False'
[0.770s] DEBUG:colcon.colcon_core.verb:Building package 'yori' with the following arguments: {'ament_cmake_args': None, 'build_base': '/home/soomi/yori/build/yori', 'catkin_cmake_args': None, 'catkin_skip_building_tests': False, 'cmake_args': None, 'cmake_clean_cache': False, 'cmake_clean_first': False, 'cmake_force_configure': False, 'cmake_target': None, 'cmake_target_skip_unavailable': False, 'install_base': '/home/soomi/yori/install/yori', 'merge_install': False, 'path': '/home/soomi/yori/src/yori', 'symlink_install': True, 'test_result_base': None}
[0.770s] INFO:colcon.colcon_core.executor:Executing jobs using 'parallel' executor
[0.771s] DEBUG:colcon.colcon_parallel_executor.executor.parallel:run_until_complete
[0.771s] INFO:colcon.colcon_ros.task.ament_cmake.build:Building ROS package in '/home/soomi/yori/src/my_custom_msgs' with build type 'ament_cmake'
[0.771s] INFO:colcon.colcon_cmake.task.cmake.build:Building CMake package in '/home/soomi/yori/src/my_custom_msgs'
[0.776s] INFO:colcon.colcon_core.plugin_system:Skipping extension 'colcon_core.shell.bat': Not used on non-Windows systems
[0.777s] INFO:colcon.colcon_core.shell:Skip shell extension 'powershell' for command environment: Not usable outside of PowerShell
[0.777s] DEBUG:colcon.colcon_core.shell:Skip shell extension 'dsv' for command environment
[0.818s] DEBUG:colcon.colcon_core.event_handler.log_command:Invoking command in '/home/soomi/yori/build/my_custom_msgs': CMAKE_PREFIX_PATH=${CMAKE_PREFIX_PATH}:/home/soomi/ros2_humble/install/rqt_bag_plugins:/home/soomi/ros2_humble/install/rqt_bag:/home/soomi/ros2_humble/install/launch_testing_examples:/home/soomi/ros2_humble/install/ros2bag:/home/soomi/ros2_humble/install/tracetools_test:/home/soomi/ros2_humble/install/tracetools_launch:/home/soomi/ros2_humble/install/topic_monitor:/home/soomi/ros2_humble/install/tf2_tools:/home/soomi/ros2_humble/install/examples_tf2_py:/home/soomi/ros2_humble/install/tf2_ros_py:/home/soomi/ros2_humble/install/sros2:/home/soomi/ros2_humble/install/rqt_topic:/home/soomi/ros2_humble/install/rqt_srv:/home/soomi/ros2_humble/install/rqt_shell:/home/soomi/ros2_humble/install/rqt_service_caller:/home/soomi/ros2_humble/install/rqt_reconfigure:/home/soomi/ros2_humble/install/rqt_py_console:/home/soomi/ros2_humble/install/rqt_publisher:/home/soomi/ros2_humble/install/rqt_plot:/home/soomi/ros2_humble/install/rqt_action:/home/soomi/ros2_humble/install/rqt_msg:/home/soomi/ros2_humble/install/rqt_console:/home/soomi/ros2_humble/install/rqt:/home/soomi/ros2_humble/install/rqt_graph:/home/soomi/ros2_humble/install/rqt_gui_py:/home/soomi/ros2_humble/install/rqt_gui:/home/soomi/ros2_humble/install/ros2trace:/home/soomi/ros2_humble/install/ros2topic:/home/soomi/ros2_humble/install/ros2test:/home/soomi/ros2_humble/install/ros2component:/home/soomi/ros2_humble/install/ros2param:/home/soomi/ros2_humble/install/ros2lifecycle:/home/soomi/ros2_humble/install/ros2service:/home/soomi/ros2_humble/install/ros2run:/home/soomi/ros2_humble/install/ros2launch:/home/soomi/ros2_humble/install/ros2pkg:/home/soomi/ros2_humble/install/ros2node:/home/soomi/ros2_humble/install/ros2multicast:/home/soomi/ros2_humble/install/ros2interface:/home/soomi/ros2_humble/install/ros2doctor:/home/soomi/ros2_humble/install/ros2action:/home/soomi/ros2_humble/install/ros2cli:/home/soomi/ros2_humble/install/quality_of_service_demo_py:/home/soomi/ros2_humble/install/lifecycle_py:/home/soomi/ros2_humble/install/launch_testing_ros:/home/soomi/ros2_humble/install/launch_ros:/home/soomi/ros2_humble/install/examples_rclpy_pointcloud_publisher:/home/soomi/ros2_humble/install/examples_rclpy_minimal_subscriber:/home/soomi/ros2_humble/install/examples_rclpy_minimal_service:/home/soomi/ros2_humble/install/examples_rclpy_minimal_publisher:/home/soomi/ros2_humble/install/examples_rclpy_minimal_client:/home/soomi/ros2_humble/install/examples_rclpy_minimal_action_server:/home/soomi/ros2_humble/install/examples_rclpy_minimal_action_client:/home/soomi/ros2_humble/install/examples_rclpy_guard_conditions:/home/soomi/ros2_humble/install/examples_rclpy_executors:/home/soomi/ros2_humble/install/demo_nodes_py:/home/soomi/ros2_humble/install/bondpy:/home/soomi/ros2_humble/install/action_tutorials_py:/home/soomi/ros2_humble/install/ament_uncrustify:/home/soomi/ros2_humble/install/tracetools_trace:/home/soomi/ros2_humble/install/tracetools_read:/home/soomi/ros2_humble/install/test_tracetools_launch:/home/soomi/ros2_humble/install/test_launch_ros:/home/soomi/ros2_humble/install/sensor_msgs_py:/home/soomi/ros2_humble/install/rpyutils:/home/soomi/ros2_humble/install/rosidl_runtime_py:/home/soomi/ros2_humble/install/rosidl_cli:/home/soomi/ros2_humble/install/launch_pytest:/home/soomi/ros2_humble/install/launch_testing:/home/soomi/ros2_humble/install/launch_yaml:/home/soomi/ros2_humble/install/launch_xml:/home/soomi/ros2_humble/install/launch:/home/soomi/ros2_humble/install/osrf_pycommon:/home/soomi/ros2_humble/install/domain_coordinator:/home/soomi/ros2_humble/install/ament_xmllint:/home/soomi/ros2_humble/install/ament_pyflakes:/home/soomi/ros2_humble/install/ament_pycodestyle:/home/soomi/ros2_humble/install/ament_pep257:/home/soomi/ros2_humble/install/ament_pclint:/home/soomi/ros2_humble/install/ament_package:/home/soomi/ros2_humble/install/ament_mypy:/home/soomi/ros2_humble/install/ament_lint_cmake:/home/soomi/ros2_humble/install/ament_flake8:/home/soomi/ros2_humble/install/ament_copyright:/home/soomi/ros2_humble/install/ament_lint:/home/soomi/ros2_humble/install/ament_index_python:/home/soomi/ros2_humble/install/ament_cpplint:/home/soomi/ros2_humble/install/ament_cppcheck:/home/soomi/ros2_humble/install/ament_clang_tidy:/home/soomi/ros2_humble/install/ament_clang_format /usr/bin/cmake --build /home/soomi/yori/build/my_custom_msgs -- -j12 -l12
[1.560s] DEBUG:colcon.colcon_core.event_handler.log_command:Invoked command in '/home/soomi/yori/build/my_custom_msgs' returned '0': CMAKE_PREFIX_PATH=${CMAKE_PREFIX_PATH}:/home/soomi/ros2_humble/install/rqt_bag_plugins:/home/soomi/ros2_humble/install/rqt_bag:/home/soomi/ros2_humble/install/launch_testing_examples:/home/soomi/ros2_humble/install/ros2bag:/home/soomi/ros2_humble/install/tracetools_test:/home/soomi/ros2_humble/install/tracetools_launch:/home/soomi/ros2_humble/install/topic_monitor:/home/soomi/ros2_humble/install/tf2_tools:/home/soomi/ros2_humble/install/examples_tf2_py:/home/soomi/ros2_humble/install/tf2_ros_py:/home/soomi/ros2_humble/install/sros2:/home/soomi/ros2_humble/install/rqt_topic:/home/soomi/ros2_humble/install/rqt_srv:/home/soomi/ros2_humble/install/rqt_shell:/home/soomi/ros2_humble/install/rqt_service_caller:/home/soomi/ros2_humble/install/rqt_reconfigure:/home/soomi/ros2_humble/install/rqt_py_console:/home/soomi/ros2_humble/install/rqt_publisher:/home/soomi/ros2_humble/install/rqt_plot:/home/soomi/ros2_humble/install/rqt_action:/home/soomi/ros2_humble/install/rqt_msg:/home/soomi/ros2_humble/install/rqt_console:/home/soomi/ros2_humble/install/rqt:/home/soomi/ros2_humble/install/rqt_graph:/home/soomi/ros2_humble/install/rqt_gui_py:/home/soomi/ros2_humble/install/rqt_gui:/home/soomi/ros2_humble/install/ros2trace:/home/soomi/ros2_humble/install/ros2topic:/home/soomi/ros2_humble/install/ros2test:/home/soomi/ros2_humble/install/ros2component:/home/soomi/ros2_humble/install/ros2param:/home/soomi/ros2_humble/install/ros2lifecycle:/home/soomi/ros2_humble/install/ros2service:/home/soomi/ros2_humble/install/ros2run:/home/soomi/ros2_humble/install/ros2launch:/home/soomi/ros2_humble/install/ros2pkg:/home/soomi/ros2_humble/install/ros2node:/home/soomi/ros2_humble/install/ros2multicast:/home/soomi/ros2_humble/install/ros2interface:/home/soomi/ros2_humble/install/ros2doctor:/home/soomi/ros2_humble/install/ros2action:/home/soomi/ros2_humble/install/ros2cli:/home/soomi/ros2_humble/install/quality_of_service_demo_py:/home/soomi/ros2_humble/install/lifecycle_py:/home/soomi/ros2_humble/install/launch_testing_ros:/home/soomi/ros2_humble/install/launch_ros:/home/soomi/ros2_humble/install/examples_rclpy_pointcloud_publisher:/home/soomi/ros2_humble/install/examples_rclpy_minimal_subscriber:/home/soomi/ros2_humble/install/examples_rclpy_minimal_service:/home/soomi/ros2_humble/install/examples_rclpy_minimal_publisher:/home/soomi/ros2_humble/install/examples_rclpy_minimal_client:/home/soomi/ros2_humble/install/examples_rclpy_minimal_action_server:/home/soomi/ros2_humble/install/examples_rclpy_minimal_action_client:/home/soomi/ros2_humble/install/examples_rclpy_guard_conditions:/home/soomi/ros2_humble/install/examples_rclpy_executors:/home/soomi/ros2_humble/install/demo_nodes_py:/home/soomi/ros2_humble/install/bondpy:/home/soomi/ros2_humble/install/action_tutorials_py:/home/soomi/ros2_humble/install/ament_uncrustify:/home/soomi/ros2_humble/install/tracetools_trace:/home/soomi/ros2_humble/install/tracetools_read:/home/soomi/ros2_humble/install/test_tracetools_launch:/home/soomi/ros2_humble/install/test_launch_ros:/home/soomi/ros2_humble/install/sensor_msgs_py:/home/soomi/ros2_humble/install/rpyutils:/home/soomi/ros2_humble/install/rosidl_runtime_py:/home/soomi/ros2_humble/install/rosidl_cli:/home/soomi/ros2_humble/install/launch_pytest:/home/soomi/ros2_humble/install/launch_testing:/home/soomi/ros2_humble/install/launch_yaml:/home/soomi/ros2_humble/install/launch_xml:/home/soomi/ros2_humble/install/launch:/home/soomi/ros2_humble/install/osrf_pycommon:/home/soomi/ros2_humble/install/domain_coordinator:/home/soomi/ros2_humble/install/ament_xmllint:/home/soomi/ros2_humble/install/ament_pyflakes:/home/soomi/ros2_humble/install/ament_pycodestyle:/home/soomi/ros2_humble/install/ament_pep257:/home/soomi/ros2_humble/install/ament_pclint:/home/soomi/ros2_humble/install/ament_package:/home/soomi/ros2_humble/install/ament_mypy:/home/soomi/ros2_humble/install/ament_lint_cmake:/home/soomi/ros2_humble/install/ament_flake8:/home/soomi/ros2_humble/install/ament_copyright:/home/soomi/ros2_humble/install/ament_lint:/home/soomi/ros2_humble/install/ament_index_python:/home/soomi/ros2_humble/install/ament_cpplint:/home/soomi/ros2_humble/install/ament_cppcheck:/home/soomi/ros2_humble/install/ament_clang_tidy:/home/soomi/ros2_humble/install/ament_clang_format /usr/bin/cmake --build /home/soomi/yori/build/my_custom_msgs -- -j12 -l12
[2.101s] DEBUG:colcon.colcon_core.event_handler.log_command:Invoking command in '/home/soomi/yori/build/my_custom_msgs': CMAKE_PREFIX_PATH=${CMAKE_PREFIX_PATH}:/home/soomi/ros2_humble/install/rqt_bag_plugins:/home/soomi/ros2_humble/install/rqt_bag:/home/soomi/ros2_humble/install/launch_testing_examples:/home/soomi/ros2_humble/install/ros2bag:/home/soomi/ros2_humble/install/tracetools_test:/home/soomi/ros2_humble/install/tracetools_launch:/home/soomi/ros2_humble/install/topic_monitor:/home/soomi/ros2_humble/install/tf2_tools:/home/soomi/ros2_humble/install/examples_tf2_py:/home/soomi/ros2_humble/install/tf2_ros_py:/home/soomi/ros2_humble/install/sros2:/home/soomi/ros2_humble/install/rqt_topic:/home/soomi/ros2_humble/install/rqt_srv:/home/soomi/ros2_humble/install/rqt_shell:/home/soomi/ros2_humble/install/rqt_service_caller:/home/soomi/ros2_humble/install/rqt_reconfigure:/home/soomi/ros2_humble/install/rqt_py_console:/home/soomi/ros2_humble/install/rqt_publisher:/home/soomi/ros2_humble/install/rqt_plot:/home/soomi/ros2_humble/install/rqt_action:/home/soomi/ros2_humble/install/rqt_msg:/home/soomi/ros2_humble/install/rqt_console:/home/soomi/ros2_humble/install/rqt:/home/soomi/ros2_humble/install/rqt_graph:/home/soomi/ros2_humble/install/rqt_gui_py:/home/soomi/ros2_humble/install/rqt_gui:/home/soomi/ros2_humble/install/ros2trace:/home/soomi/ros2_humble/install/ros2topic:/home/soomi/ros2_humble/install/ros2test:/home/soomi/ros2_humble/install/ros2component:/home/soomi/ros2_humble/install/ros2param:/home/soomi/ros2_humble/install/ros2lifecycle:/home/soomi/ros2_humble/install/ros2service:/home/soomi/ros2_humble/install/ros2run:/home/soomi/ros2_humble/install/ros2launch:/home/soomi/ros2_humble/install/ros2pkg:/home/soomi/ros2_humble/install/ros2node:/home/soomi/ros2_humble/install/ros2multicast:/home/soomi/ros2_humble/install/ros2interface:/home/soomi/ros2_humble/install/ros2doctor:/home/soomi/ros2_humble/install/ros2action:/home/soomi/ros2_humble/install/ros2cli:/home/soomi/ros2_humble/install/quality_of_service_demo_py:/home/soomi/ros2_humble/install/lifecycle_py:/home/soomi/ros2_humble/install/launch_testing_ros:/home/soomi/ros2_humble/install/launch_ros:/home/soomi/ros2_humble/install/examples_rclpy_pointcloud_publisher:/home/soomi/ros2_humble/install/examples_rclpy_minimal_subscriber:/home/soomi/ros2_humble/install/examples_rclpy_minimal_service:/home/soomi/ros2_humble/install/examples_rclpy_minimal_publisher:/home/soomi/ros2_humble/install/examples_rclpy_minimal_client:/home/soomi/ros2_humble/install/examples_rclpy_minimal_action_server:/home/soomi/ros2_humble/install/examples_rclpy_minimal_action_client:/home/soomi/ros2_humble/install/examples_rclpy_guard_conditions:/home/soomi/ros2_humble/install/examples_rclpy_executors:/home/soomi/ros2_humble/install/demo_nodes_py:/home/soomi/ros2_humble/install/bondpy:/home/soomi/ros2_humble/install/action_tutorials_py:/home/soomi/ros2_humble/install/ament_uncrustify:/home/soomi/ros2_humble/install/tracetools_trace:/home/soomi/ros2_humble/install/tracetools_read:/home/soomi/ros2_humble/install/test_tracetools_launch:/home/soomi/ros2_humble/install/test_launch_ros:/home/soomi/ros2_humble/install/sensor_msgs_py:/home/soomi/ros2_humble/install/rpyutils:/home/soomi/ros2_humble/install/rosidl_runtime_py:/home/soomi/ros2_humble/install/rosidl_cli:/home/soomi/ros2_humble/install/launch_pytest:/home/soomi/ros2_humble/install/launch_testing:/home/soomi/ros2_humble/install/launch_yaml:/home/soomi/ros2_humble/install/launch_xml:/home/soomi/ros2_humble/install/launch:/home/soomi/ros2_humble/install/osrf_pycommon:/home/soomi/ros2_humble/install/domain_coordinator:/home/soomi/ros2_humble/install/ament_xmllint:/home/soomi/ros2_humble/install/ament_pyflakes:/home/soomi/ros2_humble/install/ament_pycodestyle:/home/soomi/ros2_humble/install/ament_pep257:/home/soomi/ros2_humble/install/ament_pclint:/home/soomi/ros2_humble/install/ament_package:/home/soomi/ros2_humble/install/ament_mypy:/home/soomi/ros2_humble/install/ament_lint_cmake:/home/soomi/ros2_humble/install/ament_flake8:/home/soomi/ros2_humble/install/ament_copyright:/home/soomi/ros2_humble/install/ament_lint:/home/soomi/ros2_humble/install/ament_index_python:/home/soomi/ros2_humble/install/ament_cpplint:/home/soomi/ros2_humble/install/ament_cppcheck:/home/soomi/ros2_humble/install/ament_clang_tidy:/home/soomi/ros2_humble/install/ament_clang_format /usr/bin/cmake --install /home/soomi/yori/build/my_custom_msgs
[2.277s] Level 1:colcon.colcon_core.environment:create_environment_scripts_only(my_custom_msgs)
[2.278s] DEBUG:colcon.colcon_core.event_handler.log_command:Invoked command in '/home/soomi/yori/build/my_custom_msgs' returned '0': CMAKE_PREFIX_PATH=${CMAKE_PREFIX_PATH}:/home/soomi/ros2_humble/install/rqt_bag_plugins:/home/soomi/ros2_humble/install/rqt_bag:/home/soomi/ros2_humble/install/launch_testing_examples:/home/soomi/ros2_humble/install/ros2bag:/home/soomi/ros2_humble/install/tracetools_test:/home/soomi/ros2_humble/install/tracetools_launch:/home/soomi/ros2_humble/install/topic_monitor:/home/soomi/ros2_humble/install/tf2_tools:/home/soomi/ros2_humble/install/examples_tf2_py:/home/soomi/ros2_humble/install/tf2_ros_py:/home/soomi/ros2_humble/install/sros2:/home/soomi/ros2_humble/install/rqt_topic:/home/soomi/ros2_humble/install/rqt_srv:/home/soomi/ros2_humble/install/rqt_shell:/home/soomi/ros2_humble/install/rqt_service_caller:/home/soomi/ros2_humble/install/rqt_reconfigure:/home/soomi/ros2_humble/install/rqt_py_console:/home/soomi/ros2_humble/install/rqt_publisher:/home/soomi/ros2_humble/install/rqt_plot:/home/soomi/ros2_humble/install/rqt_action:/home/soomi/ros2_humble/install/rqt_msg:/home/soomi/ros2_humble/install/rqt_console:/home/soomi/ros2_humble/install/rqt:/home/soomi/ros2_humble/install/rqt_graph:/home/soomi/ros2_humble/install/rqt_gui_py:/home/soomi/ros2_humble/install/rqt_gui:/home/soomi/ros2_humble/install/ros2trace:/home/soomi/ros2_humble/install/ros2topic:/home/soomi/ros2_humble/install/ros2test:/home/soomi/ros2_humble/install/ros2component:/home/soomi/ros2_humble/install/ros2param:/home/soomi/ros2_humble/install/ros2lifecycle:/home/soomi/ros2_humble/install/ros2service:/home/soomi/ros2_humble/install/ros2run:/home/soomi/ros2_humble/install/ros2launch:/home/soomi/ros2_humble/install/ros2pkg:/home/soomi/ros2_humble/install/ros2node:/home/soomi/ros2_humble/install/ros2multicast:/home/soomi/ros2_humble/install/ros2interface:/home/soomi/ros2_humble/install/ros2doctor:/home/soomi/ros2_humble/install/ros2action:/home/soomi/ros2_humble/install/ros2cli:/home/soomi/ros2_humble/install/quality_of_service_demo_py:/home/soomi/ros2_humble/install/lifecycle_py:/home/soomi/ros2_humble/install/launch_testing_ros:/home/soomi/ros2_humble/install/launch_ros:/home/soomi/ros2_humble/install/examples_rclpy_pointcloud_publisher:/home/soomi/ros2_humble/install/examples_rclpy_minimal_subscriber:/home/soomi/ros2_humble/install/examples_rclpy_minimal_service:/home/soomi/ros2_humble/install/examples_rclpy_minimal_publisher:/home/soomi/ros2_humble/install/examples_rclpy_minimal_client:/home/soomi/ros2_humble/install/examples_rclpy_minimal_action_server:/home/soomi/ros2_humble/install/examples_rclpy_minimal_action_client:/home/soomi/ros2_humble/install/examples_rclpy_guard_conditions:/home/soomi/ros2_humble/install/examples_rclpy_executors:/home/soomi/ros2_humble/install/demo_nodes_py:/home/soomi/ros2_humble/install/bondpy:/home/soomi/ros2_humble/install/action_tutorials_py:/home/soomi/ros2_humble/install/ament_uncrustify:/home/soomi/ros2_humble/install/tracetools_trace:/home/soomi/ros2_humble/install/tracetools_read:/home/soomi/ros2_humble/install/test_tracetools_launch:/home/soomi/ros2_humble/install/test_launch_ros:/home/soomi/ros2_humble/install/sensor_msgs_py:/home/soomi/ros2_humble/install/rpyutils:/home/soomi/ros2_humble/install/rosidl_runtime_py:/home/soomi/ros2_humble/install/rosidl_cli:/home/soomi/ros2_humble/install/launch_pytest:/home/soomi/ros2_humble/install/launch_testing:/home/soomi/ros2_humble/install/launch_yaml:/home/soomi/ros2_humble/install/launch_xml:/home/soomi/ros2_humble/install/launch:/home/soomi/ros2_humble/install/osrf_pycommon:/home/soomi/ros2_humble/install/domain_coordinator:/home/soomi/ros2_humble/install/ament_xmllint:/home/soomi/ros2_humble/install/ament_pyflakes:/home/soomi/ros2_humble/install/ament_pycodestyle:/home/soomi/ros2_humble/install/ament_pep257:/home/soomi/ros2_humble/install/ament_pclint:/home/soomi/ros2_humble/install/ament_package:/home/soomi/ros2_humble/install/ament_mypy:/home/soomi/ros2_humble/install/ament_lint_cmake:/home/soomi/ros2_humble/install/ament_flake8:/home/soomi/ros2_humble/install/ament_copyright:/home/soomi/ros2_humble/install/ament_lint:/home/soomi/ros2_humble/install/ament_index_python:/home/soomi/ros2_humble/install/ament_cpplint:/home/soomi/ros2_humble/install/ament_cppcheck:/home/soomi/ros2_humble/install/ament_clang_tidy:/home/soomi/ros2_humble/install/ament_clang_format /usr/bin/cmake --install /home/soomi/yori/build/my_custom_msgs
[2.283s] Level 1:colcon.colcon_core.environment:checking '/home/soomi/yori/install/my_custom_msgs' for CMake module files
[2.284s] Level 1:colcon.colcon_core.environment:checking '/home/soomi/yori/install/my_custom_msgs' for CMake config files
[2.285s] Level 1:colcon.colcon_core.shell:create_environment_hook('my_custom_msgs', 'cmake_prefix_path')
[2.285s] INFO:colcon.colcon_core.shell:Creating environment hook '/home/soomi/yori/install/my_custom_msgs/share/my_custom_msgs/hook/cmake_prefix_path.ps1'
[2.285s] INFO:colcon.colcon_core.shell:Creating environment descriptor '/home/soomi/yori/install/my_custom_msgs/share/my_custom_msgs/hook/cmake_prefix_path.dsv'
[2.286s] INFO:colcon.colcon_core.shell:Creating environment hook '/home/soomi/yori/install/my_custom_msgs/share/my_custom_msgs/hook/cmake_prefix_path.sh'
[2.286s] Level 1:colcon.colcon_core.environment:checking '/home/soomi/yori/install/my_custom_msgs/lib'
[2.287s] Level 1:colcon.colcon_core.shell:create_environment_hook('my_custom_msgs', 'ld_library_path_lib')
[2.287s] INFO:colcon.colcon_core.shell:Creating environment hook '/home/soomi/yori/install/my_custom_msgs/share/my_custom_msgs/hook/ld_library_path_lib.ps1'
[2.287s] INFO:colcon.colcon_core.shell:Creating environment descriptor '/home/soomi/yori/install/my_custom_msgs/share/my_custom_msgs/hook/ld_library_path_lib.dsv'
[2.287s] INFO:colcon.colcon_core.shell:Creating environment hook '/home/soomi/yori/install/my_custom_msgs/share/my_custom_msgs/hook/ld_library_path_lib.sh'
[2.288s] Level 1:colcon.colcon_core.environment:checking '/home/soomi/yori/install/my_custom_msgs/bin'
[2.288s] Level 1:colcon.colcon_core.environment:checking '/home/soomi/yori/install/my_custom_msgs/lib/pkgconfig/my_custom_msgs.pc'
[2.290s] Level 1:colcon.colcon_core.environment:checking '/home/soomi/yori/install/my_custom_msgs/lib/python3.10/site-packages'
[2.290s] Level 1:colcon.colcon_core.environment:checking '/home/soomi/yori/install/my_custom_msgs/bin'
[2.290s] INFO:colcon.colcon_core.shell:Creating package script '/home/soomi/yori/install/my_custom_msgs/share/my_custom_msgs/package.ps1'
[2.291s] INFO:colcon.colcon_core.shell:Creating package descriptor '/home/soomi/yori/install/my_custom_msgs/share/my_custom_msgs/package.dsv'
[2.291s] INFO:colcon.colcon_core.shell:Creating package script '/home/soomi/yori/install/my_custom_msgs/share/my_custom_msgs/package.sh'
[2.292s] INFO:colcon.colcon_core.shell:Creating package script '/home/soomi/yori/install/my_custom_msgs/share/my_custom_msgs/package.bash'
[2.293s] INFO:colcon.colcon_core.shell:Creating package script '/home/soomi/yori/install/my_custom_msgs/share/my_custom_msgs/package.zsh'
[2.293s] Level 1:colcon.colcon_core.environment:create_file_with_runtime_dependencies(/home/soomi/yori/install/my_custom_msgs/share/colcon-core/packages/my_custom_msgs)
[2.821s] Level 1:colcon.colcon_core.environment:create_environment_scripts_only(my_custom_msgs)
[2.822s] Level 1:colcon.colcon_core.environment:checking '/home/soomi/yori/install/my_custom_msgs' for CMake module files
[2.822s] Level 1:colcon.colcon_core.environment:checking '/home/soomi/yori/install/my_custom_msgs' for CMake config files
[2.823s] Level 1:colcon.colcon_core.shell:create_environment_hook('my_custom_msgs', 'cmake_prefix_path')
[2.823s] INFO:colcon.colcon_core.shell:Creating environment hook '/home/soomi/yori/install/my_custom_msgs/share/my_custom_msgs/hook/cmake_prefix_path.ps1'
[2.823s] INFO:colcon.colcon_core.shell:Creating environment descriptor '/home/soomi/yori/install/my_custom_msgs/share/my_custom_msgs/hook/cmake_prefix_path.dsv'
[2.824s] INFO:colcon.colcon_core.shell:Creating environment hook '/home/soomi/yori/install/my_custom_msgs/share/my_custom_msgs/hook/cmake_prefix_path.sh'
[2.824s] Level 1:colcon.colcon_core.environment:checking '/home/soomi/yori/install/my_custom_msgs/lib'
[2.824s] Level 1:colcon.colcon_core.shell:create_environment_hook('my_custom_msgs', 'ld_library_path_lib')
[2.825s] INFO:colcon.colcon_core.shell:Creating environment hook '/home/soomi/yori/install/my_custom_msgs/share/my_custom_msgs/hook/ld_library_path_lib.ps1'
[2.825s] INFO:colcon.colcon_core.shell:Creating environment descriptor '/home/soomi/yori/install/my_custom_msgs/share/my_custom_msgs/hook/ld_library_path_lib.dsv'
[2.825s] INFO:colcon.colcon_core.shell:Creating environment hook '/home/soomi/yori/install/my_custom_msgs/share/my_custom_msgs/hook/ld_library_path_lib.sh'
[2.826s] Level 1:colcon.colcon_core.environment:checking '/home/soomi/yori/install/my_custom_msgs/bin'
[2.826s] Level 1:colcon.colcon_core.environment:checking '/home/soomi/yori/install/my_custom_msgs/lib/pkgconfig/my_custom_msgs.pc'
[2.826s] Level 1:colcon.colcon_core.environment:checking '/home/soomi/yori/install/my_custom_msgs/lib/python3.10/site-packages'
[2.826s] Level 1:colcon.colcon_core.environment:checking '/home/soomi/yori/install/my_custom_msgs/bin'
[2.827s] INFO:colcon.colcon_core.shell:Creating package script '/home/soomi/yori/install/my_custom_msgs/share/my_custom_msgs/package.ps1'
[2.827s] INFO:colcon.colcon_core.shell:Creating package descriptor '/home/soomi/yori/install/my_custom_msgs/share/my_custom_msgs/package.dsv'
[2.828s] INFO:colcon.colcon_core.shell:Creating package script '/home/soomi/yori/install/my_custom_msgs/share/my_custom_msgs/package.sh'
[2.828s] INFO:colcon.colcon_core.shell:Creating package script '/home/soomi/yori/install/my_custom_msgs/share/my_custom_msgs/package.bash'
[2.829s] INFO:colcon.colcon_core.shell:Creating package script '/home/soomi/yori/install/my_custom_msgs/share/my_custom_msgs/package.zsh'
[2.829s] Level 1:colcon.colcon_core.environment:create_file_with_runtime_dependencies(/home/soomi/yori/install/my_custom_msgs/share/colcon-core/packages/my_custom_msgs)
[2.829s] INFO:colcon.colcon_ros.task.ament_python.build:Building ROS package in '/home/soomi/yori/src/yori' with build type 'ament_python'
[2.830s] Level 1:colcon.colcon_core.shell:create_environment_hook('yori', 'ament_prefix_path')
[2.830s] INFO:colcon.colcon_core.shell:Creating environment hook '/home/soomi/yori/install/yori/share/yori/hook/ament_prefix_path.ps1'
[2.831s] INFO:colcon.colcon_core.shell:Creating environment descriptor '/home/soomi/yori/install/yori/share/yori/hook/ament_prefix_path.dsv'
[2.831s] INFO:colcon.colcon_core.shell:Creating environment hook '/home/soomi/yori/install/yori/share/yori/hook/ament_prefix_path.sh'
[2.832s] INFO:colcon.colcon_core.shell:Skip shell extension 'powershell' for command environment: Not usable outside of PowerShell
[2.832s] DEBUG:colcon.colcon_core.shell:Skip shell extension 'dsv' for command environment
[3.259s] INFO:colcon.colcon_core.task.python.build:Building Python package in '/home/soomi/yori/src/yori'
[3.259s] INFO:colcon.colcon_core.shell:Skip shell extension 'powershell' for command environment: Not usable outside of PowerShell
[3.259s] DEBUG:colcon.colcon_core.shell:Skip shell extension 'dsv' for command environment
[3.834s] DEBUG:colcon.colcon_core.event_handler.log_command:Invoking command in '/home/soomi/yori/build/yori': AMENT_PREFIX_PATH=/home/soomi/yori/install/my_custom_msgs:${AMENT_PREFIX_PATH} CMAKE_PREFIX_PATH=/home/soomi/yori/install/my_custom_msgs:${CMAKE_PREFIX_PATH} LD_LIBRARY_PATH=/home/soomi/yori/install/my_custom_msgs/lib:${LD_LIBRARY_PATH} PYTHONPATH=/home/soomi/yori/build/yori/prefix_override:/usr/lib/python3/dist-packages/colcon_core/task/python/colcon_distutils_commands:/home/soomi/yori/install/yori/lib/python3.10/site-packages:/home/soomi/yori/install/my_custom_msgs/local/lib/python3.10/dist-packages:${PYTHONPATH} /usr/bin/python3 -W ignore:setup.py install is deprecated setup.py develop --editable --build-directory /home/soomi/yori/build/yori/build --no-deps symlink_data
[4.453s] Level 1:colcon.colcon_core.shell:create_environment_hook('yori', 'pythonpath_develop')
[4.453s] INFO:colcon.colcon_core.shell:Creating environment hook '/home/soomi/yori/build/yori/share/yori/hook/pythonpath_develop.ps1'
[4.455s] DEBUG:colcon.colcon_core.event_handler.log_command:Invoked command in '/home/soomi/yori/build/yori' returned '0': AMENT_PREFIX_PATH=/home/soomi/yori/install/my_custom_msgs:${AMENT_PREFIX_PATH} CMAKE_PREFIX_PATH=/home/soomi/yori/install/my_custom_msgs:${CMAKE_PREFIX_PATH} LD_LIBRARY_PATH=/home/soomi/yori/install/my_custom_msgs/lib:${LD_LIBRARY_PATH} PYTHONPATH=/home/soomi/yori/build/yori/prefix_override:/usr/lib/python3/dist-packages/colcon_core/task/python/colcon_distutils_commands:/home/soomi/yori/install/yori/lib/python3.10/site-packages:/home/soomi/yori/install/my_custom_msgs/local/lib/python3.10/dist-packages:${PYTHONPATH} /usr/bin/python3 -W ignore:setup.py install is deprecated setup.py develop --editable --build-directory /home/soomi/yori/build/yori/build --no-deps symlink_data
[4.455s] INFO:colcon.colcon_core.shell:Creating environment descriptor '/home/soomi/yori/build/yori/share/yori/hook/pythonpath_develop.dsv'
[4.455s] INFO:colcon.colcon_core.shell:Creating environment hook '/home/soomi/yori/build/yori/share/yori/hook/pythonpath_develop.sh'
[4.456s] Level 1:colcon.colcon_core.environment:checking '/home/soomi/yori/install/yori' for CMake module files
[4.456s] Level 1:colcon.colcon_core.environment:checking '/home/soomi/yori/install/yori' for CMake config files
[4.456s] Level 1:colcon.colcon_core.environment:checking '/home/soomi/yori/install/yori/lib'
[4.456s] Level 1:colcon.colcon_core.environment:checking '/home/soomi/yori/install/yori/bin'
[4.456s] Level 1:colcon.colcon_core.environment:checking '/home/soomi/yori/install/yori/lib/pkgconfig/yori.pc'
[4.457s] Level 1:colcon.colcon_core.environment:checking '/home/soomi/yori/install/yori/lib/python3.10/site-packages'
[4.457s] Level 1:colcon.colcon_core.shell:create_environment_hook('yori', 'pythonpath')
[4.457s] INFO:colcon.colcon_core.shell:Creating environment hook '/home/soomi/yori/install/yori/share/yori/hook/pythonpath.ps1'
[4.457s] INFO:colcon.colcon_core.shell:Creating environment descriptor '/home/soomi/yori/install/yori/share/yori/hook/pythonpath.dsv'
[4.457s] INFO:colcon.colcon_core.shell:Creating environment hook '/home/soomi/yori/install/yori/share/yori/hook/pythonpath.sh'
[4.458s] Level 1:colcon.colcon_core.environment:checking '/home/soomi/yori/install/yori/bin'
[4.458s] Level 1:colcon.colcon_core.environment:create_environment_scripts_only(yori)
[4.458s] INFO:colcon.colcon_core.shell:Creating package script '/home/soomi/yori/install/yori/share/yori/package.ps1'
[4.459s] INFO:colcon.colcon_core.shell:Creating package descriptor '/home/soomi/yori/install/yori/share/yori/package.dsv'
[4.459s] INFO:colcon.colcon_core.shell:Creating package script '/home/soomi/yori/install/yori/share/yori/package.sh'
[4.459s] INFO:colcon.colcon_core.shell:Creating package script '/home/soomi/yori/install/yori/share/yori/package.bash'
[4.459s] INFO:colcon.colcon_core.shell:Creating package script '/home/soomi/yori/install/yori/share/yori/package.zsh'
[4.460s] Level 1:colcon.colcon_core.environment:create_file_with_runtime_dependencies(/home/soomi/yori/install/yori/share/colcon-core/packages/yori)
[4.460s] DEBUG:colcon.colcon_parallel_executor.executor.parallel:closing loop
[4.460s] DEBUG:colcon.colcon_parallel_executor.executor.parallel:loop closed
[4.461s] DEBUG:colcon.colcon_parallel_executor.executor.parallel:run_until_complete finished with '0'
[4.461s] DEBUG:colcon.colcon_core.event_reactor:joining thread
[4.473s] INFO:colcon.colcon_core.plugin_system:Skipping extension 'colcon_notification.desktop_notification.terminal_notifier': Not used on non-Darwin systems
[4.473s] INFO:colcon.colcon_core.plugin_system:Skipping extension 'colcon_notification.desktop_notification.win32': Not used on non-Windows systems
[4.474s] INFO:colcon.colcon_notification.desktop_notification:Sending desktop notification using 'notify2'
[4.496s] DEBUG:colcon.colcon_core.event_reactor:joined thread
[4.497s] INFO:colcon.colcon_core.shell:Creating prefix script '/home/soomi/yori/install/local_setup.ps1'
[4.498s] INFO:colcon.colcon_core.shell:Creating prefix util module '/home/soomi/yori/install/_local_setup_util_ps1.py'
[4.500s] INFO:colcon.colcon_core.shell:Creating prefix chain script '/home/soomi/yori/install/setup.ps1'
[4.513s] INFO:colcon.colcon_core.shell:Creating prefix script '/home/soomi/yori/install/local_setup.sh'
[4.514s] INFO:colcon.colcon_core.shell:Creating prefix util module '/home/soomi/yori/install/_local_setup_util_sh.py'
[4.515s] INFO:colcon.colcon_core.shell:Creating prefix chain script '/home/soomi/yori/install/setup.sh'
[4.522s] INFO:colcon.colcon_core.shell:Creating prefix script '/home/soomi/yori/install/local_setup.bash'
[4.522s] INFO:colcon.colcon_core.shell:Creating prefix chain script '/home/soomi/yori/install/setup.bash'
[4.534s] INFO:colcon.colcon_core.shell:Creating prefix script '/home/soomi/yori/install/local_setup.zsh'
[4.534s] INFO:colcon.colcon_core.shell:Creating prefix chain script '/home/soomi/yori/install/setup.zsh'
