/home/kim/project3/computer/install/dine_bot/lib/python3.10/site-packages/dine_bot/suction_cup_node.py
/home/kim/project3/computer/install/dine_bot/lib/python3.10/site-packages/dine_bot/esp32_control_node.py
/home/kim/project3/computer/install/dine_bot/lib/python3.10/site-packages/dine_bot/monitor_plc_node.py
/home/kim/project3/computer/install/dine_bot/lib/python3.10/site-packages/dine_bot/mycobot_controller.py
/home/kim/project3/computer/install/dine_bot/lib/python3.10/site-packages/dine_bot/db_manager.py
/home/kim/project3/computer/install/dine_bot/lib/python3.10/site-packages/dine_bot/nav2_controller.py
/home/kim/project3/computer/install/dine_bot/lib/python3.10/site-packages/dine_bot/line_tracer.py
/home/kim/project3/computer/install/dine_bot/lib/python3.10/site-packages/dine_bot/__init__.py
/home/kim/project3/computer/install/dine_bot/lib/python3.10/site-packages/dine_bot/task_manager.py
/home/kim/project3/computer/install/dine_bot/lib/python3.10/site-packages/dine_bot/__pycache__/suction_cup_node.cpython-310.pyc
/home/kim/project3/computer/install/dine_bot/lib/python3.10/site-packages/dine_bot/__pycache__/esp32_control_node.cpython-310.pyc
/home/kim/project3/computer/install/dine_bot/lib/python3.10/site-packages/dine_bot/__pycache__/monitor_plc_node.cpython-310.pyc
/home/kim/project3/computer/install/dine_bot/lib/python3.10/site-packages/dine_bot/__pycache__/mycobot_controller.cpython-310.pyc
/home/kim/project3/computer/install/dine_bot/lib/python3.10/site-packages/dine_bot/__pycache__/db_manager.cpython-310.pyc
/home/kim/project3/computer/install/dine_bot/lib/python3.10/site-packages/dine_bot/__pycache__/nav2_controller.cpython-310.pyc
/home/kim/project3/computer/install/dine_bot/lib/python3.10/site-packages/dine_bot/__pycache__/line_tracer.cpython-310.pyc
/home/kim/project3/computer/install/dine_bot/lib/python3.10/site-packages/dine_bot/__pycache__/__init__.cpython-310.pyc
/home/kim/project3/computer/install/dine_bot/lib/python3.10/site-packages/dine_bot/__pycache__/task_manager.cpython-310.pyc
/home/kim/project3/computer/install/dine_bot/share/ament_index/resource_index/packages/dine_bot
/home/kim/project3/computer/install/dine_bot/share/dine_bot/package.xml
/home/kim/project3/computer/install/dine_bot/share/dine_bot/launch/bringup_launch.py
/home/kim/project3/computer/install/dine_bot/share/dine_bot/rviz/nav2_default_view.rviz
/home/kim/project3/computer/install/dine_bot/share/dine_bot/urdf/myAGV.urdf
/home/kim/project3/computer/install/dine_bot/share/dine_bot/params/nav2_params.yaml
/home/kim/project3/computer/install/dine_bot/share/dine_bot/maps/map.pgm
/home/kim/project3/computer/install/dine_bot/share/dine_bot/maps/map.yaml
/home/kim/project3/computer/install/dine_bot/lib/python3.10/site-packages/dine_bot-0.0.0-py3.10.egg-info/requires.txt
/home/kim/project3/computer/install/dine_bot/lib/python3.10/site-packages/dine_bot-0.0.0-py3.10.egg-info/top_level.txt
/home/kim/project3/computer/install/dine_bot/lib/python3.10/site-packages/dine_bot-0.0.0-py3.10.egg-info/entry_points.txt
/home/kim/project3/computer/install/dine_bot/lib/python3.10/site-packages/dine_bot-0.0.0-py3.10.egg-info/SOURCES.txt
/home/kim/project3/computer/install/dine_bot/lib/python3.10/site-packages/dine_bot-0.0.0-py3.10.egg-info/PKG-INFO
/home/kim/project3/computer/install/dine_bot/lib/python3.10/site-packages/dine_bot-0.0.0-py3.10.egg-info/zip-safe
/home/kim/project3/computer/install/dine_bot/lib/python3.10/site-packages/dine_bot-0.0.0-py3.10.egg-info/dependency_links.txt
/home/kim/project3/computer/install/dine_bot/lib/dine_bot/db_manager_node
/home/kim/project3/computer/install/dine_bot/lib/dine_bot/esp32_control_node
/home/kim/project3/computer/install/dine_bot/lib/dine_bot/line_tracer
/home/kim/project3/computer/install/dine_bot/lib/dine_bot/monitor_plc_node
/home/kim/project3/computer/install/dine_bot/lib/dine_bot/mycobot_controller
/home/kim/project3/computer/install/dine_bot/lib/dine_bot/nav2_controller
/home/kim/project3/computer/install/dine_bot/lib/dine_bot/robot_control_node
/home/kim/project3/computer/install/dine_bot/lib/dine_bot/suction_cup_node
/home/kim/project3/computer/install/dine_bot/lib/dine_bot/task_manager_node
