running develop
running egg_info
creating dine_bot.egg-info
writing dine_bot.egg-info/PKG-INFO
writing dependency_links to dine_bot.egg-info/dependency_links.txt
writing entry points to dine_bot.egg-info/entry_points.txt
writing requirements to dine_bot.egg-info/requires.txt
writing top-level names to dine_bot.egg-info/top_level.txt
writing manifest file 'dine_bot.egg-info/SOURCES.txt'
reading manifest file 'dine_bot.egg-info/SOURCES.txt'
writing manifest file 'dine_bot.egg-info/SOURCES.txt'
running build_ext
Creating /home/kim/project3/computer/install/dine_bot/lib/python3.10/site-packages/dine-bot.egg-link (link to .)
Installing db_manager_node script to /home/kim/project3/computer/install/dine_bot/lib/dine_bot
Installing esp32_control_node script to /home/kim/project3/computer/install/dine_bot/lib/dine_bot
Installing monitor_plc_node script to /home/kim/project3/computer/install/dine_bot/lib/dine_bot
Installing mycobot_controller script to /home/kim/project3/computer/install/dine_bot/lib/dine_bot
Installing nav2_controller script to /home/kim/project3/computer/install/dine_bot/lib/dine_bot
Installing plate_distance_node script to /home/kim/project3/computer/install/dine_bot/lib/dine_bot
Installing suction_cup_node script to /home/kim/project3/computer/install/dine_bot/lib/dine_bot
Installing task_manager_node script to /home/kim/project3/computer/install/dine_bot/lib/dine_bot

Installed /home/kim/project3/computer/build/dine_bot
running symlink_data
creating /home/kim/project3/computer/install/dine_bot/share/ament_index/resource_index/packages
symbolically linking /home/kim/project3/computer/build/dine_bot/resource/dine_bot -> /home/kim/project3/computer/install/dine_bot/share/ament_index/resource_index/packages
symbolically linking /home/kim/project3/computer/build/dine_bot/package.xml -> /home/kim/project3/computer/install/dine_bot/share/dine_bot
creating /home/kim/project3/computer/install/dine_bot/share/dine_bot/launch
symbolically linking /home/kim/project3/computer/build/dine_bot/launch/cook_launch.py -> /home/kim/project3/computer/install/dine_bot/share/dine_bot/launch
symbolically linking /home/kim/project3/computer/build/dine_bot/launch/bringup_launch.py -> /home/kim/project3/computer/install/dine_bot/share/dine_bot/launch
creating /home/kim/project3/computer/install/dine_bot/share/dine_bot/rviz
symbolically linking /home/kim/project3/computer/build/dine_bot/rviz/nav2_default_view.rviz -> /home/kim/project3/computer/install/dine_bot/share/dine_bot/rviz
creating /home/kim/project3/computer/install/dine_bot/share/dine_bot/urdf
symbolically linking /home/kim/project3/computer/build/dine_bot/urdf/myAGV.urdf -> /home/kim/project3/computer/install/dine_bot/share/dine_bot/urdf
creating /home/kim/project3/computer/install/dine_bot/share/dine_bot/params
symbolically linking /home/kim/project3/computer/build/dine_bot/params/nav2_params.yaml -> /home/kim/project3/computer/install/dine_bot/share/dine_bot/params
creating /home/kim/project3/computer/install/dine_bot/share/dine_bot/maps
symbolically linking /home/kim/project3/computer/build/dine_bot/maps/map.pgm -> /home/kim/project3/computer/install/dine_bot/share/dine_bot/maps
symbolically linking /home/kim/project3/computer/build/dine_bot/maps/map.yaml -> /home/kim/project3/computer/install/dine_bot/share/dine_bot/maps
creating /home/kim/project3/computer/install/dine_bot/share/dine_bot/models
symbolically linking /home/kim/project3/computer/build/dine_bot/models/best.pt -> /home/kim/project3/computer/install/dine_bot/share/dine_bot/models
