[0.037s] Invoking command in '/home/sangyeon/project3/computer/build/custom_msgs': CMAKE_PREFIX_PATH=${CMAKE_PREFIX_PATH}:/home/sangyeon/ros2_humble/install/rqt_bag_plugins:/home/sangyeon/ros2_humble/install/rqt_bag:/home/sangyeon/ros2_humble/install/launch_testing_examples:/home/sangyeon/ros2_humble/install/ros2bag:/home/sangyeon/ros2_humble/install/tracetools_test:/home/sangyeon/ros2_humble/install/tracetools_launch:/home/sangyeon/ros2_humble/install/topic_monitor:/home/sangyeon/ros2_humble/install/tf2_tools:/home/sangyeon/ros2_humble/install/examples_tf2_py:/home/sangyeon/ros2_humble/install/tf2_ros_py:/home/sangyeon/ros2_humble/install/sros2:/home/sangyeon/ros2_humble/install/rqt_topic:/home/sangyeon/ros2_humble/install/rqt_srv:/home/sangyeon/ros2_humble/install/rqt_shell:/home/sangyeon/ros2_humble/install/rqt_service_caller:/home/sangyeon/ros2_humble/install/rqt_reconfigure:/home/sangyeon/ros2_humble/install/rqt_py_console:/home/sangyeon/ros2_humble/install/rqt_publisher:/home/sangyeon/ros2_humble/install/rqt_plot:/home/sangyeon/ros2_humble/install/rqt_action:/home/sangyeon/ros2_humble/install/rqt_msg:/home/sangyeon/ros2_humble/install/rqt_console:/home/sangyeon/ros2_humble/install/rqt:/home/sangyeon/ros2_humble/install/rqt_graph:/home/sangyeon/ros2_humble/install/rqt_gui_py:/home/sangyeon/ros2_humble/install/rqt_gui:/home/sangyeon/ros2_humble/install/ros2trace:/home/sangyeon/ros2_humble/install/ros2topic:/home/sangyeon/ros2_humble/install/ros2test:/home/sangyeon/ros2_humble/install/ros2component:/home/sangyeon/ros2_humble/install/ros2param:/home/sangyeon/ros2_humble/install/ros2lifecycle:/home/sangyeon/ros2_humble/install/ros2service:/home/sangyeon/ros2_humble/install/ros2run:/home/sangyeon/ros2_humble/install/ros2launch:/home/sangyeon/ros2_humble/install/ros2pkg:/home/sangyeon/ros2_humble/install/ros2node:/home/sangyeon/ros2_humble/install/ros2multicast:/home/sangyeon/ros2_humble/install/ros2interface:/home/sangyeon/ros2_humble/install/ros2doctor:/home/sangyeon/ros2_humble/install/ros2action:/home/sangyeon/ros2_humble/install/ros2cli:/home/sangyeon/ros2_humble/install/quality_of_service_demo_py:/home/sangyeon/ros2_humble/install/lifecycle_py:/home/sangyeon/ros2_humble/install/launch_testing_ros:/home/sangyeon/ros2_humble/install/launch_ros:/home/sangyeon/ros2_humble/install/examples_rclpy_pointcloud_publisher:/home/sangyeon/ros2_humble/install/examples_rclpy_minimal_subscriber:/home/sangyeon/ros2_humble/install/examples_rclpy_minimal_service:/home/sangyeon/ros2_humble/install/examples_rclpy_minimal_publisher:/home/sangyeon/ros2_humble/install/examples_rclpy_minimal_client:/home/sangyeon/ros2_humble/install/examples_rclpy_minimal_action_server:/home/sangyeon/ros2_humble/install/examples_rclpy_minimal_action_client:/home/sangyeon/ros2_humble/install/examples_rclpy_guard_conditions:/home/sangyeon/ros2_humble/install/examples_rclpy_executors:/home/sangyeon/ros2_humble/install/demo_nodes_py:/home/sangyeon/ros2_humble/install/action_tutorials_py:/home/sangyeon/ros2_humble/install/ament_uncrustify:/home/sangyeon/ros2_humble/install/tracetools_trace:/home/sangyeon/ros2_humble/install/tracetools_read:/home/sangyeon/ros2_humble/install/test_tracetools_launch:/home/sangyeon/ros2_humble/install/test_launch_ros:/home/sangyeon/ros2_humble/install/sensor_msgs_py:/home/sangyeon/ros2_humble/install/rpyutils:/home/sangyeon/ros2_humble/install/rosidl_runtime_py:/home/sangyeon/ros2_humble/install/rosidl_cli:/home/sangyeon/ros2_humble/install/launch_pytest:/home/sangyeon/ros2_humble/install/launch_testing:/home/sangyeon/ros2_humble/install/launch_yaml:/home/sangyeon/ros2_humble/install/launch_xml:/home/sangyeon/ros2_humble/install/launch:/home/sangyeon/ros2_humble/install/osrf_pycommon:/home/sangyeon/ros2_humble/install/domain_coordinator:/home/sangyeon/ros2_humble/install/ament_xmllint:/home/sangyeon/ros2_humble/install/ament_pyflakes:/home/sangyeon/ros2_humble/install/ament_pycodestyle:/home/sangyeon/ros2_humble/install/ament_pep257:/home/sangyeon/ros2_humble/install/ament_pclint:/home/sangyeon/ros2_humble/install/ament_package:/home/sangyeon/ros2_humble/install/ament_mypy:/home/sangyeon/ros2_humble/install/ament_lint_cmake:/home/sangyeon/ros2_humble/install/ament_flake8:/home/sangyeon/ros2_humble/install/ament_copyright:/home/sangyeon/ros2_humble/install/ament_lint:/home/sangyeon/ros2_humble/install/ament_index_python:/home/sangyeon/ros2_humble/install/ament_cpplint:/home/sangyeon/ros2_humble/install/ament_cppcheck:/home/sangyeon/ros2_humble/install/ament_clang_tidy:/home/sangyeon/ros2_humble/install/ament_clang_format /usr/bin/cmake /home/sangyeon/project3/computer/src/custom_msgs -DAMENT_CMAKE_SYMLINK_INSTALL=1 -DCMAKE_INSTALL_PREFIX=/home/sangyeon/project3/computer/install/custom_msgs
[0.115s] -- The C compiler identification is GNU 11.4.0
[0.173s] -- The CXX compiler identification is GNU 11.4.0
[0.180s] -- Detecting C compiler ABI info
[0.263s] -- Detecting C compiler ABI info - done
[0.267s] -- Check for working C compiler: /usr/bin/cc - skipped
[0.267s] -- Detecting C compile features
[0.267s] -- Detecting C compile features - done
[0.269s] -- Detecting CXX compiler ABI info
[0.366s] -- Detecting CXX compiler ABI info - done
[0.372s] -- Check for working CXX compiler: /usr/bin/c++ - skipped
[0.372s] -- Detecting CXX compile features
[0.373s] -- Detecting CXX compile features - done
[0.383s] -- Found ament_cmake: 1.3.10 (/home/sangyeon/ros2_humble/install/ament_cmake/share/ament_cmake/cmake)
[0.716s] -- Found Python3: /usr/bin/python3 (found version "3.10.12") found components: Interpreter 
[0.843s] -- Override CMake install command with custom implementation using symlinks instead of copying resources
[1.013s] -- Found rosidl_default_generators: 1.2.0 (/home/sangyeon/ros2_humble/install/rosidl_default_generators/share/rosidl_default_generators/cmake)
[1.095s] -- Using all available rosidl_typesupport_c: rosidl_typesupport_introspection_c;rosidl_typesupport_fastrtps_c
[1.122s] -- Found rosidl_adapter: 3.1.5 (/home/sangyeon/ros2_humble/install/rosidl_adapter/share/rosidl_adapter/cmake)
[1.241s] -- Using all available rosidl_typesupport_cpp: rosidl_typesupport_introspection_cpp;rosidl_typesupport_fastrtps_cpp
[1.316s] -- Found std_msgs: 4.2.4 (/home/sangyeon/ros2_humble/install/std_msgs/share/std_msgs/cmake)
[1.987s] -- Found ament_cmake_ros: 0.10.0 (/home/sangyeon/ros2_humble/install/ament_cmake_ros/share/ament_cmake_ros/cmake)
[2.281s] -- Using all available rosidl_typesupport_c: rosidl_typesupport_introspection_c;rosidl_typesupport_fastrtps_c
[2.750s] -- Using all available rosidl_typesupport_cpp: rosidl_typesupport_introspection_cpp;rosidl_typesupport_fastrtps_cpp
[2.799s] -- Found PythonInterp: /usr/bin/python3 (found suitable version "3.10.12", minimum required is "3.6") 
[2.808s] -- Found python_cmake_module: 0.10.0 (/home/sangyeon/ros2_humble/install/python_cmake_module/share/python_cmake_module/cmake)
[2.874s] -- Found PythonLibs: /usr/lib/x86_64-linux-gnu/libpython3.10.so (found suitable version "3.10.12", minimum required is "3.5") 
[2.874s] -- Using PYTHON_EXECUTABLE: /usr/bin/python3
[2.874s] -- Using PYTHON_INCLUDE_DIRS: /usr/include/python3.10
[2.874s] -- Using PYTHON_LIBRARIES: /usr/lib/x86_64-linux-gnu/libpython3.10.so
[2.918s] -- Found PythonExtra: .so  
[3.284s] -- Found ament_lint_auto: 0.12.11 (/home/sangyeon/ros2_humble/install/ament_lint_auto/share/ament_lint_auto/cmake)
[3.351s] -- Added test 'lint_cmake' to check CMake code style
[3.354s] -- Added test 'xmllint' to check XML markup files
[3.362s] -- Configuring done
[3.390s] -- Generating done
[3.393s] -- Build files have been written to: /home/sangyeon/project3/computer/build/custom_msgs
[3.400s] Invoked command in '/home/sangyeon/project3/computer/build/custom_msgs' returned '0': CMAKE_PREFIX_PATH=${CMAKE_PREFIX_PATH}:/home/sangyeon/ros2_humble/install/rqt_bag_plugins:/home/sangyeon/ros2_humble/install/rqt_bag:/home/sangyeon/ros2_humble/install/launch_testing_examples:/home/sangyeon/ros2_humble/install/ros2bag:/home/sangyeon/ros2_humble/install/tracetools_test:/home/sangyeon/ros2_humble/install/tracetools_launch:/home/sangyeon/ros2_humble/install/topic_monitor:/home/sangyeon/ros2_humble/install/tf2_tools:/home/sangyeon/ros2_humble/install/examples_tf2_py:/home/sangyeon/ros2_humble/install/tf2_ros_py:/home/sangyeon/ros2_humble/install/sros2:/home/sangyeon/ros2_humble/install/rqt_topic:/home/sangyeon/ros2_humble/install/rqt_srv:/home/sangyeon/ros2_humble/install/rqt_shell:/home/sangyeon/ros2_humble/install/rqt_service_caller:/home/sangyeon/ros2_humble/install/rqt_reconfigure:/home/sangyeon/ros2_humble/install/rqt_py_console:/home/sangyeon/ros2_humble/install/rqt_publisher:/home/sangyeon/ros2_humble/install/rqt_plot:/home/sangyeon/ros2_humble/install/rqt_action:/home/sangyeon/ros2_humble/install/rqt_msg:/home/sangyeon/ros2_humble/install/rqt_console:/home/sangyeon/ros2_humble/install/rqt:/home/sangyeon/ros2_humble/install/rqt_graph:/home/sangyeon/ros2_humble/install/rqt_gui_py:/home/sangyeon/ros2_humble/install/rqt_gui:/home/sangyeon/ros2_humble/install/ros2trace:/home/sangyeon/ros2_humble/install/ros2topic:/home/sangyeon/ros2_humble/install/ros2test:/home/sangyeon/ros2_humble/install/ros2component:/home/sangyeon/ros2_humble/install/ros2param:/home/sangyeon/ros2_humble/install/ros2lifecycle:/home/sangyeon/ros2_humble/install/ros2service:/home/sangyeon/ros2_humble/install/ros2run:/home/sangyeon/ros2_humble/install/ros2launch:/home/sangyeon/ros2_humble/install/ros2pkg:/home/sangyeon/ros2_humble/install/ros2node:/home/sangyeon/ros2_humble/install/ros2multicast:/home/sangyeon/ros2_humble/install/ros2interface:/home/sangyeon/ros2_humble/install/ros2doctor:/home/sangyeon/ros2_humble/install/ros2action:/home/sangyeon/ros2_humble/install/ros2cli:/home/sangyeon/ros2_humble/install/quality_of_service_demo_py:/home/sangyeon/ros2_humble/install/lifecycle_py:/home/sangyeon/ros2_humble/install/launch_testing_ros:/home/sangyeon/ros2_humble/install/launch_ros:/home/sangyeon/ros2_humble/install/examples_rclpy_pointcloud_publisher:/home/sangyeon/ros2_humble/install/examples_rclpy_minimal_subscriber:/home/sangyeon/ros2_humble/install/examples_rclpy_minimal_service:/home/sangyeon/ros2_humble/install/examples_rclpy_minimal_publisher:/home/sangyeon/ros2_humble/install/examples_rclpy_minimal_client:/home/sangyeon/ros2_humble/install/examples_rclpy_minimal_action_server:/home/sangyeon/ros2_humble/install/examples_rclpy_minimal_action_client:/home/sangyeon/ros2_humble/install/examples_rclpy_guard_conditions:/home/sangyeon/ros2_humble/install/examples_rclpy_executors:/home/sangyeon/ros2_humble/install/demo_nodes_py:/home/sangyeon/ros2_humble/install/action_tutorials_py:/home/sangyeon/ros2_humble/install/ament_uncrustify:/home/sangyeon/ros2_humble/install/tracetools_trace:/home/sangyeon/ros2_humble/install/tracetools_read:/home/sangyeon/ros2_humble/install/test_tracetools_launch:/home/sangyeon/ros2_humble/install/test_launch_ros:/home/sangyeon/ros2_humble/install/sensor_msgs_py:/home/sangyeon/ros2_humble/install/rpyutils:/home/sangyeon/ros2_humble/install/rosidl_runtime_py:/home/sangyeon/ros2_humble/install/rosidl_cli:/home/sangyeon/ros2_humble/install/launch_pytest:/home/sangyeon/ros2_humble/install/launch_testing:/home/sangyeon/ros2_humble/install/launch_yaml:/home/sangyeon/ros2_humble/install/launch_xml:/home/sangyeon/ros2_humble/install/launch:/home/sangyeon/ros2_humble/install/osrf_pycommon:/home/sangyeon/ros2_humble/install/domain_coordinator:/home/sangyeon/ros2_humble/install/ament_xmllint:/home/sangyeon/ros2_humble/install/ament_pyflakes:/home/sangyeon/ros2_humble/install/ament_pycodestyle:/home/sangyeon/ros2_humble/install/ament_pep257:/home/sangyeon/ros2_humble/install/ament_pclint:/home/sangyeon/ros2_humble/install/ament_package:/home/sangyeon/ros2_humble/install/ament_mypy:/home/sangyeon/ros2_humble/install/ament_lint_cmake:/home/sangyeon/ros2_humble/install/ament_flake8:/home/sangyeon/ros2_humble/install/ament_copyright:/home/sangyeon/ros2_humble/install/ament_lint:/home/sangyeon/ros2_humble/install/ament_index_python:/home/sangyeon/ros2_humble/install/ament_cpplint:/home/sangyeon/ros2_humble/install/ament_cppcheck:/home/sangyeon/ros2_humble/install/ament_clang_tidy:/home/sangyeon/ros2_humble/install/ament_clang_format /usr/bin/cmake /home/sangyeon/project3/computer/src/custom_msgs -DAMENT_CMAKE_SYMLINK_INSTALL=1 -DCMAKE_INSTALL_PREFIX=/home/sangyeon/project3/computer/install/custom_msgs
[3.402s] Invoking command in '/home/sangyeon/project3/computer/build/custom_msgs': CMAKE_PREFIX_PATH=${CMAKE_PREFIX_PATH}:/home/sangyeon/ros2_humble/install/rqt_bag_plugins:/home/sangyeon/ros2_humble/install/rqt_bag:/home/sangyeon/ros2_humble/install/launch_testing_examples:/home/sangyeon/ros2_humble/install/ros2bag:/home/sangyeon/ros2_humble/install/tracetools_test:/home/sangyeon/ros2_humble/install/tracetools_launch:/home/sangyeon/ros2_humble/install/topic_monitor:/home/sangyeon/ros2_humble/install/tf2_tools:/home/sangyeon/ros2_humble/install/examples_tf2_py:/home/sangyeon/ros2_humble/install/tf2_ros_py:/home/sangyeon/ros2_humble/install/sros2:/home/sangyeon/ros2_humble/install/rqt_topic:/home/sangyeon/ros2_humble/install/rqt_srv:/home/sangyeon/ros2_humble/install/rqt_shell:/home/sangyeon/ros2_humble/install/rqt_service_caller:/home/sangyeon/ros2_humble/install/rqt_reconfigure:/home/sangyeon/ros2_humble/install/rqt_py_console:/home/sangyeon/ros2_humble/install/rqt_publisher:/home/sangyeon/ros2_humble/install/rqt_plot:/home/sangyeon/ros2_humble/install/rqt_action:/home/sangyeon/ros2_humble/install/rqt_msg:/home/sangyeon/ros2_humble/install/rqt_console:/home/sangyeon/ros2_humble/install/rqt:/home/sangyeon/ros2_humble/install/rqt_graph:/home/sangyeon/ros2_humble/install/rqt_gui_py:/home/sangyeon/ros2_humble/install/rqt_gui:/home/sangyeon/ros2_humble/install/ros2trace:/home/sangyeon/ros2_humble/install/ros2topic:/home/sangyeon/ros2_humble/install/ros2test:/home/sangyeon/ros2_humble/install/ros2component:/home/sangyeon/ros2_humble/install/ros2param:/home/sangyeon/ros2_humble/install/ros2lifecycle:/home/sangyeon/ros2_humble/install/ros2service:/home/sangyeon/ros2_humble/install/ros2run:/home/sangyeon/ros2_humble/install/ros2launch:/home/sangyeon/ros2_humble/install/ros2pkg:/home/sangyeon/ros2_humble/install/ros2node:/home/sangyeon/ros2_humble/install/ros2multicast:/home/sangyeon/ros2_humble/install/ros2interface:/home/sangyeon/ros2_humble/install/ros2doctor:/home/sangyeon/ros2_humble/install/ros2action:/home/sangyeon/ros2_humble/install/ros2cli:/home/sangyeon/ros2_humble/install/quality_of_service_demo_py:/home/sangyeon/ros2_humble/install/lifecycle_py:/home/sangyeon/ros2_humble/install/launch_testing_ros:/home/sangyeon/ros2_humble/install/launch_ros:/home/sangyeon/ros2_humble/install/examples_rclpy_pointcloud_publisher:/home/sangyeon/ros2_humble/install/examples_rclpy_minimal_subscriber:/home/sangyeon/ros2_humble/install/examples_rclpy_minimal_service:/home/sangyeon/ros2_humble/install/examples_rclpy_minimal_publisher:/home/sangyeon/ros2_humble/install/examples_rclpy_minimal_client:/home/sangyeon/ros2_humble/install/examples_rclpy_minimal_action_server:/home/sangyeon/ros2_humble/install/examples_rclpy_minimal_action_client:/home/sangyeon/ros2_humble/install/examples_rclpy_guard_conditions:/home/sangyeon/ros2_humble/install/examples_rclpy_executors:/home/sangyeon/ros2_humble/install/demo_nodes_py:/home/sangyeon/ros2_humble/install/action_tutorials_py:/home/sangyeon/ros2_humble/install/ament_uncrustify:/home/sangyeon/ros2_humble/install/tracetools_trace:/home/sangyeon/ros2_humble/install/tracetools_read:/home/sangyeon/ros2_humble/install/test_tracetools_launch:/home/sangyeon/ros2_humble/install/test_launch_ros:/home/sangyeon/ros2_humble/install/sensor_msgs_py:/home/sangyeon/ros2_humble/install/rpyutils:/home/sangyeon/ros2_humble/install/rosidl_runtime_py:/home/sangyeon/ros2_humble/install/rosidl_cli:/home/sangyeon/ros2_humble/install/launch_pytest:/home/sangyeon/ros2_humble/install/launch_testing:/home/sangyeon/ros2_humble/install/launch_yaml:/home/sangyeon/ros2_humble/install/launch_xml:/home/sangyeon/ros2_humble/install/launch:/home/sangyeon/ros2_humble/install/osrf_pycommon:/home/sangyeon/ros2_humble/install/domain_coordinator:/home/sangyeon/ros2_humble/install/ament_xmllint:/home/sangyeon/ros2_humble/install/ament_pyflakes:/home/sangyeon/ros2_humble/install/ament_pycodestyle:/home/sangyeon/ros2_humble/install/ament_pep257:/home/sangyeon/ros2_humble/install/ament_pclint:/home/sangyeon/ros2_humble/install/ament_package:/home/sangyeon/ros2_humble/install/ament_mypy:/home/sangyeon/ros2_humble/install/ament_lint_cmake:/home/sangyeon/ros2_humble/install/ament_flake8:/home/sangyeon/ros2_humble/install/ament_copyright:/home/sangyeon/ros2_humble/install/ament_lint:/home/sangyeon/ros2_humble/install/ament_index_python:/home/sangyeon/ros2_humble/install/ament_cpplint:/home/sangyeon/ros2_humble/install/ament_cppcheck:/home/sangyeon/ros2_humble/install/ament_clang_tidy:/home/sangyeon/ros2_humble/install/ament_clang_format /usr/bin/cmake --build /home/sangyeon/project3/computer/build/custom_msgs -- -j4 -l4
[3.458s] [  1%] [34m[1mGenerating C code for ROS interfaces[0m
[3.486s] [  3%] [34m[1mGenerating C++ code for ROS interfaces[0m
[3.495s] [  3%] Built target ament_cmake_python_symlink_custom_msgs
[3.841s] running egg_info
[3.841s] creating custom_msgs.egg-info
[3.841s] writing custom_msgs.egg-info/PKG-INFO
[3.842s] writing dependency_links to custom_msgs.egg-info/dependency_links.txt
[3.842s] writing top-level names to custom_msgs.egg-info/top_level.txt
[3.845s] writing manifest file 'custom_msgs.egg-info/SOURCES.txt'
[3.848s] reading manifest file 'custom_msgs.egg-info/SOURCES.txt'
[3.848s] writing manifest file 'custom_msgs.egg-info/SOURCES.txt'
[3.899s] [  3%] Built target ament_cmake_python_build_custom_msgs_egg
[4.321s] [  4%] [32mBuilding C object CMakeFiles/custom_msgs__rosidl_generator_c.dir/rosidl_generator_c/custom_msgs/msg/detail/update_status__functions.c.o[0m
[4.339s] [  6%] [32mBuilding C object CMakeFiles/custom_msgs__rosidl_generator_c.dir/rosidl_generator_c/custom_msgs/msg/detail/order_detail__functions.c.o[0m
[4.353s] [  7%] [32mBuilding C object CMakeFiles/custom_msgs__rosidl_generator_c.dir/rosidl_generator_c/custom_msgs/srv/detail/receive_order__functions.c.o[0m
[4.354s] [  7%] Built target custom_msgs__cpp
[4.380s] [  9%] [32mBuilding C object CMakeFiles/custom_msgs__rosidl_generator_c.dir/rosidl_generator_c/custom_msgs/action/detail/cook__functions.c.o[0m
[4.380s] [ 11%] [34m[1mGenerating C++ introspection for ROS interfaces[0m
[4.400s] [ 12%] [32mBuilding C object CMakeFiles/custom_msgs__rosidl_generator_c.dir/rosidl_generator_c/custom_msgs/action/detail/serve__functions.c.o[0m
[4.429s] [ 14%] [34m[1mGenerating C++ type support for eProsima Fast-RTPS[0m
[4.503s] [ 15%] [34m[1mGenerating C++ type support dispatch for ROS interfaces[0m
[4.524s] [ 17%] [32m[1mLinking C shared library libcustom_msgs__rosidl_generator_c.so[0m
[4.596s] [ 17%] Built target custom_msgs__rosidl_generator_c
[4.622s] [ 19%] [34m[1mGenerating C introspection for ROS interfaces[0m
[5.076s] [ 20%] [32mBuilding CXX object CMakeFiles/custom_msgs__rosidl_typesupport_cpp.dir/rosidl_typesupport_cpp/custom_msgs/msg/update_status__type_support.cpp.o[0m
[5.191s] [ 22%] [32mBuilding CXX object CMakeFiles/custom_msgs__rosidl_typesupport_introspection_cpp.dir/rosidl_typesupport_introspection_cpp/custom_msgs/msg/detail/update_status__type_support.cpp.o[0m
[5.293s] [ 23%] [32mBuilding CXX object CMakeFiles/custom_msgs__rosidl_typesupport_fastrtps_cpp.dir/rosidl_typesupport_fastrtps_cpp/custom_msgs/msg/detail/dds_fastrtps/update_status__type_support.cpp.o[0m
[5.310s] [ 25%] [32mBuilding CXX object CMakeFiles/custom_msgs__rosidl_typesupport_cpp.dir/rosidl_typesupport_cpp/custom_msgs/msg/order_detail__type_support.cpp.o[0m
[5.408s] [ 26%] [32mBuilding C object CMakeFiles/custom_msgs__rosidl_typesupport_introspection_c.dir/rosidl_typesupport_introspection_c/custom_msgs/msg/detail/update_status__type_support.c.o[0m
[5.444s] [ 28%] [32mBuilding C object CMakeFiles/custom_msgs__rosidl_typesupport_introspection_c.dir/rosidl_typesupport_introspection_c/custom_msgs/msg/detail/order_detail__type_support.c.o[0m
[5.478s] [ 30%] [32mBuilding C object CMakeFiles/custom_msgs__rosidl_typesupport_introspection_c.dir/rosidl_typesupport_introspection_c/custom_msgs/srv/detail/receive_order__type_support.c.o[0m
[5.510s] [ 31%] [32mBuilding CXX object CMakeFiles/custom_msgs__rosidl_typesupport_introspection_cpp.dir/rosidl_typesupport_introspection_cpp/custom_msgs/msg/detail/order_detail__type_support.cpp.o[0m
[5.521s] [ 33%] [32mBuilding C object CMakeFiles/custom_msgs__rosidl_typesupport_introspection_c.dir/rosidl_typesupport_introspection_c/custom_msgs/action/detail/cook__type_support.c.o[0m
[5.579s] [ 34%] [32mBuilding CXX object CMakeFiles/custom_msgs__rosidl_typesupport_cpp.dir/rosidl_typesupport_cpp/custom_msgs/srv/receive_order__type_support.cpp.o[0m
[5.589s] [ 36%] [32mBuilding C object CMakeFiles/custom_msgs__rosidl_typesupport_introspection_c.dir/rosidl_typesupport_introspection_c/custom_msgs/action/detail/serve__type_support.c.o[0m
[5.641s] [ 38%] [32m[1mLinking C shared library libcustom_msgs__rosidl_typesupport_introspection_c.so[0m
[5.695s] [ 39%] [32mBuilding CXX object CMakeFiles/custom_msgs__rosidl_typesupport_fastrtps_cpp.dir/rosidl_typesupport_fastrtps_cpp/custom_msgs/msg/detail/dds_fastrtps/order_detail__type_support.cpp.o[0m
[5.700s] [ 39%] Built target custom_msgs__rosidl_typesupport_introspection_c
[5.715s] [ 41%] [32mBuilding CXX object CMakeFiles/custom_msgs__rosidl_typesupport_fastrtps_cpp.dir/rosidl_typesupport_fastrtps_cpp/custom_msgs/srv/detail/dds_fastrtps/receive_order__type_support.cpp.o[0m
[5.868s] [ 42%] [32mBuilding CXX object CMakeFiles/custom_msgs__rosidl_typesupport_cpp.dir/rosidl_typesupport_cpp/custom_msgs/action/cook__type_support.cpp.o[0m
[5.889s] [ 44%] [32mBuilding CXX object CMakeFiles/custom_msgs__rosidl_typesupport_introspection_cpp.dir/rosidl_typesupport_introspection_cpp/custom_msgs/srv/detail/receive_order__type_support.cpp.o[0m
[6.072s] [ 46%] [34m[1mGenerating C type support for eProsima Fast-RTPS[0m
[6.112s] [ 47%] [32mBuilding CXX object CMakeFiles/custom_msgs__rosidl_typesupport_fastrtps_cpp.dir/rosidl_typesupport_fastrtps_cpp/custom_msgs/action/detail/dds_fastrtps/cook__type_support.cpp.o[0m
[6.303s] [ 49%] [32mBuilding CXX object CMakeFiles/custom_msgs__rosidl_typesupport_introspection_cpp.dir/rosidl_typesupport_introspection_cpp/custom_msgs/action/detail/cook__type_support.cpp.o[0m
[6.408s] [ 50%] [32mBuilding CXX object CMakeFiles/custom_msgs__rosidl_typesupport_cpp.dir/rosidl_typesupport_cpp/custom_msgs/action/serve__type_support.cpp.o[0m
[6.612s] [ 52%] [32mBuilding CXX object CMakeFiles/custom_msgs__rosidl_typesupport_fastrtps_cpp.dir/rosidl_typesupport_fastrtps_cpp/custom_msgs/action/detail/dds_fastrtps/serve__type_support.cpp.o[0m
[6.863s] [ 53%] [32m[1mLinking CXX shared library libcustom_msgs__rosidl_typesupport_cpp.so[0m
[6.865s] [ 55%] [32mBuilding CXX object CMakeFiles/custom_msgs__rosidl_typesupport_fastrtps_c.dir/rosidl_typesupport_fastrtps_c/custom_msgs/msg/detail/update_status__type_support_c.cpp.o[0m
[6.886s] [ 57%] [32mBuilding CXX object CMakeFiles/custom_msgs__rosidl_typesupport_introspection_cpp.dir/rosidl_typesupport_introspection_cpp/custom_msgs/action/detail/serve__type_support.cpp.o[0m
[6.917s] [ 57%] Built target custom_msgs__rosidl_typesupport_cpp
[6.933s] [ 58%] [34m[1mGenerating C type support dispatch for ROS interfaces[0m
[7.168s] [ 60%] [32mBuilding CXX object CMakeFiles/custom_msgs__rosidl_typesupport_fastrtps_c.dir/rosidl_typesupport_fastrtps_c/custom_msgs/msg/detail/order_detail__type_support_c.cpp.o[0m
[7.173s] [ 61%] [32m[1mLinking CXX shared library libcustom_msgs__rosidl_typesupport_fastrtps_cpp.so[0m
[7.274s] [ 61%] Built target custom_msgs__rosidl_typesupport_fastrtps_cpp
[7.287s] [ 63%] [32mBuilding CXX object CMakeFiles/custom_msgs__rosidl_typesupport_fastrtps_c.dir/rosidl_typesupport_fastrtps_c/custom_msgs/srv/detail/receive_order__type_support_c.cpp.o[0m
[7.492s] [ 65%] [32mBuilding CXX object CMakeFiles/custom_msgs__rosidl_typesupport_c.dir/rosidl_typesupport_c/custom_msgs/msg/update_status__type_support.cpp.o[0m
[7.497s] [ 66%] [32mBuilding CXX object CMakeFiles/custom_msgs__rosidl_typesupport_fastrtps_c.dir/rosidl_typesupport_fastrtps_c/custom_msgs/action/detail/cook__type_support_c.cpp.o[0m
[7.504s] [ 68%] [32m[1mLinking CXX shared library libcustom_msgs__rosidl_typesupport_introspection_cpp.so[0m
[7.529s] [ 69%] [32mBuilding CXX object CMakeFiles/custom_msgs__rosidl_typesupport_c.dir/rosidl_typesupport_c/custom_msgs/msg/order_detail__type_support.cpp.o[0m
[7.580s] [ 71%] [32mBuilding CXX object CMakeFiles/custom_msgs__rosidl_typesupport_c.dir/rosidl_typesupport_c/custom_msgs/srv/receive_order__type_support.cpp.o[0m
[7.590s] [ 71%] Built target custom_msgs__rosidl_typesupport_introspection_cpp
[7.597s] [ 73%] [32mBuilding CXX object CMakeFiles/custom_msgs__rosidl_typesupport_fastrtps_c.dir/rosidl_typesupport_fastrtps_c/custom_msgs/action/detail/serve__type_support_c.cpp.o[0m
[7.613s] [ 74%] [32mBuilding CXX object CMakeFiles/custom_msgs__rosidl_typesupport_c.dir/rosidl_typesupport_c/custom_msgs/action/cook__type_support.cpp.o[0m
[7.635s] [ 76%] [32mBuilding CXX object CMakeFiles/custom_msgs__rosidl_typesupport_c.dir/rosidl_typesupport_c/custom_msgs/action/serve__type_support.cpp.o[0m
[7.727s] [ 77%] [32m[1mLinking CXX shared library libcustom_msgs__rosidl_typesupport_c.so[0m
[7.803s] [ 77%] Built target custom_msgs__rosidl_typesupport_c
[7.932s] [ 79%] [32m[1mLinking CXX shared library libcustom_msgs__rosidl_typesupport_fastrtps_c.so[0m
[7.999s] [ 79%] Built target custom_msgs__rosidl_typesupport_fastrtps_c
[8.030s] [ 79%] Built target custom_msgs
[8.060s] [ 80%] [34m[1mGenerating Python code for ROS interfaces[0m
[8.991s] [ 80%] Built target custom_msgs__py
[9.020s] [ 82%] [32mBuilding C object CMakeFiles/custom_msgs__rosidl_generator_py.dir/rosidl_generator_py/custom_msgs/msg/_order_detail_s.c.o[0m
[9.023s] [ 84%] [32mBuilding C object CMakeFiles/custom_msgs__rosidl_generator_py.dir/rosidl_generator_py/custom_msgs/msg/_update_status_s.c.o[0m
[9.031s] [ 85%] [32mBuilding C object CMakeFiles/custom_msgs__rosidl_generator_py.dir/rosidl_generator_py/custom_msgs/action/_cook_s.c.o[0m
[9.033s] [ 87%] [32mBuilding C object CMakeFiles/custom_msgs__rosidl_generator_py.dir/rosidl_generator_py/custom_msgs/srv/_receive_order_s.c.o[0m
[9.115s] [ 88%] [32mBuilding C object CMakeFiles/custom_msgs__rosidl_generator_py.dir/rosidl_generator_py/custom_msgs/action/_serve_s.c.o[0m
[9.224s] [ 90%] [32m[1mLinking C shared library rosidl_generator_py/custom_msgs/libcustom_msgs__rosidl_generator_py.so[0m
[9.272s] [ 90%] Built target custom_msgs__rosidl_generator_py
[9.311s] [ 92%] [32mBuilding C object CMakeFiles/custom_msgs__rosidl_typesupport_c__pyext.dir/rosidl_generator_py/custom_msgs/_custom_msgs_s.ep.rosidl_typesupport_c.c.o[0m
[9.311s] [ 93%] [32mBuilding C object CMakeFiles/custom_msgs__rosidl_typesupport_introspection_c__pyext.dir/rosidl_generator_py/custom_msgs/_custom_msgs_s.ep.rosidl_typesupport_introspection_c.c.o[0m
[9.314s] [ 95%] [32mBuilding C object CMakeFiles/custom_msgs__rosidl_typesupport_fastrtps_c__pyext.dir/rosidl_generator_py/custom_msgs/_custom_msgs_s.ep.rosidl_typesupport_fastrtps_c.c.o[0m
[9.423s] [ 96%] [32m[1mLinking C shared library rosidl_generator_py/custom_msgs/custom_msgs_s__rosidl_typesupport_introspection_c.cpython-310-x86_64-linux-gnu.so[0m
[9.439s] [ 98%] [32m[1mLinking C shared library rosidl_generator_py/custom_msgs/custom_msgs_s__rosidl_typesupport_fastrtps_c.cpython-310-x86_64-linux-gnu.so[0m
[9.477s] [100%] [32m[1mLinking C shared library rosidl_generator_py/custom_msgs/custom_msgs_s__rosidl_typesupport_c.cpython-310-x86_64-linux-gnu.so[0m
[9.486s] [100%] Built target custom_msgs__rosidl_typesupport_introspection_c__pyext
[9.490s] [100%] Built target custom_msgs__rosidl_typesupport_fastrtps_c__pyext
[9.523s] [100%] Built target custom_msgs__rosidl_typesupport_c__pyext
[9.535s] Invoked command in '/home/sangyeon/project3/computer/build/custom_msgs' returned '0': CMAKE_PREFIX_PATH=${CMAKE_PREFIX_PATH}:/home/sangyeon/ros2_humble/install/rqt_bag_plugins:/home/sangyeon/ros2_humble/install/rqt_bag:/home/sangyeon/ros2_humble/install/launch_testing_examples:/home/sangyeon/ros2_humble/install/ros2bag:/home/sangyeon/ros2_humble/install/tracetools_test:/home/sangyeon/ros2_humble/install/tracetools_launch:/home/sangyeon/ros2_humble/install/topic_monitor:/home/sangyeon/ros2_humble/install/tf2_tools:/home/sangyeon/ros2_humble/install/examples_tf2_py:/home/sangyeon/ros2_humble/install/tf2_ros_py:/home/sangyeon/ros2_humble/install/sros2:/home/sangyeon/ros2_humble/install/rqt_topic:/home/sangyeon/ros2_humble/install/rqt_srv:/home/sangyeon/ros2_humble/install/rqt_shell:/home/sangyeon/ros2_humble/install/rqt_service_caller:/home/sangyeon/ros2_humble/install/rqt_reconfigure:/home/sangyeon/ros2_humble/install/rqt_py_console:/home/sangyeon/ros2_humble/install/rqt_publisher:/home/sangyeon/ros2_humble/install/rqt_plot:/home/sangyeon/ros2_humble/install/rqt_action:/home/sangyeon/ros2_humble/install/rqt_msg:/home/sangyeon/ros2_humble/install/rqt_console:/home/sangyeon/ros2_humble/install/rqt:/home/sangyeon/ros2_humble/install/rqt_graph:/home/sangyeon/ros2_humble/install/rqt_gui_py:/home/sangyeon/ros2_humble/install/rqt_gui:/home/sangyeon/ros2_humble/install/ros2trace:/home/sangyeon/ros2_humble/install/ros2topic:/home/sangyeon/ros2_humble/install/ros2test:/home/sangyeon/ros2_humble/install/ros2component:/home/sangyeon/ros2_humble/install/ros2param:/home/sangyeon/ros2_humble/install/ros2lifecycle:/home/sangyeon/ros2_humble/install/ros2service:/home/sangyeon/ros2_humble/install/ros2run:/home/sangyeon/ros2_humble/install/ros2launch:/home/sangyeon/ros2_humble/install/ros2pkg:/home/sangyeon/ros2_humble/install/ros2node:/home/sangyeon/ros2_humble/install/ros2multicast:/home/sangyeon/ros2_humble/install/ros2interface:/home/sangyeon/ros2_humble/install/ros2doctor:/home/sangyeon/ros2_humble/install/ros2action:/home/sangyeon/ros2_humble/install/ros2cli:/home/sangyeon/ros2_humble/install/quality_of_service_demo_py:/home/sangyeon/ros2_humble/install/lifecycle_py:/home/sangyeon/ros2_humble/install/launch_testing_ros:/home/sangyeon/ros2_humble/install/launch_ros:/home/sangyeon/ros2_humble/install/examples_rclpy_pointcloud_publisher:/home/sangyeon/ros2_humble/install/examples_rclpy_minimal_subscriber:/home/sangyeon/ros2_humble/install/examples_rclpy_minimal_service:/home/sangyeon/ros2_humble/install/examples_rclpy_minimal_publisher:/home/sangyeon/ros2_humble/install/examples_rclpy_minimal_client:/home/sangyeon/ros2_humble/install/examples_rclpy_minimal_action_server:/home/sangyeon/ros2_humble/install/examples_rclpy_minimal_action_client:/home/sangyeon/ros2_humble/install/examples_rclpy_guard_conditions:/home/sangyeon/ros2_humble/install/examples_rclpy_executors:/home/sangyeon/ros2_humble/install/demo_nodes_py:/home/sangyeon/ros2_humble/install/action_tutorials_py:/home/sangyeon/ros2_humble/install/ament_uncrustify:/home/sangyeon/ros2_humble/install/tracetools_trace:/home/sangyeon/ros2_humble/install/tracetools_read:/home/sangyeon/ros2_humble/install/test_tracetools_launch:/home/sangyeon/ros2_humble/install/test_launch_ros:/home/sangyeon/ros2_humble/install/sensor_msgs_py:/home/sangyeon/ros2_humble/install/rpyutils:/home/sangyeon/ros2_humble/install/rosidl_runtime_py:/home/sangyeon/ros2_humble/install/rosidl_cli:/home/sangyeon/ros2_humble/install/launch_pytest:/home/sangyeon/ros2_humble/install/launch_testing:/home/sangyeon/ros2_humble/install/launch_yaml:/home/sangyeon/ros2_humble/install/launch_xml:/home/sangyeon/ros2_humble/install/launch:/home/sangyeon/ros2_humble/install/osrf_pycommon:/home/sangyeon/ros2_humble/install/domain_coordinator:/home/sangyeon/ros2_humble/install/ament_xmllint:/home/sangyeon/ros2_humble/install/ament_pyflakes:/home/sangyeon/ros2_humble/install/ament_pycodestyle:/home/sangyeon/ros2_humble/install/ament_pep257:/home/sangyeon/ros2_humble/install/ament_pclint:/home/sangyeon/ros2_humble/install/ament_package:/home/sangyeon/ros2_humble/install/ament_mypy:/home/sangyeon/ros2_humble/install/ament_lint_cmake:/home/sangyeon/ros2_humble/install/ament_flake8:/home/sangyeon/ros2_humble/install/ament_copyright:/home/sangyeon/ros2_humble/install/ament_lint:/home/sangyeon/ros2_humble/install/ament_index_python:/home/sangyeon/ros2_humble/install/ament_cpplint:/home/sangyeon/ros2_humble/install/ament_cppcheck:/home/sangyeon/ros2_humble/install/ament_clang_tidy:/home/sangyeon/ros2_humble/install/ament_clang_format /usr/bin/cmake --build /home/sangyeon/project3/computer/build/custom_msgs -- -j4 -l4
[9.860s] Invoking command in '/home/sangyeon/project3/computer/build/custom_msgs': CMAKE_PREFIX_PATH=${CMAKE_PREFIX_PATH}:/home/sangyeon/ros2_humble/install/rqt_bag_plugins:/home/sangyeon/ros2_humble/install/rqt_bag:/home/sangyeon/ros2_humble/install/launch_testing_examples:/home/sangyeon/ros2_humble/install/ros2bag:/home/sangyeon/ros2_humble/install/tracetools_test:/home/sangyeon/ros2_humble/install/tracetools_launch:/home/sangyeon/ros2_humble/install/topic_monitor:/home/sangyeon/ros2_humble/install/tf2_tools:/home/sangyeon/ros2_humble/install/examples_tf2_py:/home/sangyeon/ros2_humble/install/tf2_ros_py:/home/sangyeon/ros2_humble/install/sros2:/home/sangyeon/ros2_humble/install/rqt_topic:/home/sangyeon/ros2_humble/install/rqt_srv:/home/sangyeon/ros2_humble/install/rqt_shell:/home/sangyeon/ros2_humble/install/rqt_service_caller:/home/sangyeon/ros2_humble/install/rqt_reconfigure:/home/sangyeon/ros2_humble/install/rqt_py_console:/home/sangyeon/ros2_humble/install/rqt_publisher:/home/sangyeon/ros2_humble/install/rqt_plot:/home/sangyeon/ros2_humble/install/rqt_action:/home/sangyeon/ros2_humble/install/rqt_msg:/home/sangyeon/ros2_humble/install/rqt_console:/home/sangyeon/ros2_humble/install/rqt:/home/sangyeon/ros2_humble/install/rqt_graph:/home/sangyeon/ros2_humble/install/rqt_gui_py:/home/sangyeon/ros2_humble/install/rqt_gui:/home/sangyeon/ros2_humble/install/ros2trace:/home/sangyeon/ros2_humble/install/ros2topic:/home/sangyeon/ros2_humble/install/ros2test:/home/sangyeon/ros2_humble/install/ros2component:/home/sangyeon/ros2_humble/install/ros2param:/home/sangyeon/ros2_humble/install/ros2lifecycle:/home/sangyeon/ros2_humble/install/ros2service:/home/sangyeon/ros2_humble/install/ros2run:/home/sangyeon/ros2_humble/install/ros2launch:/home/sangyeon/ros2_humble/install/ros2pkg:/home/sangyeon/ros2_humble/install/ros2node:/home/sangyeon/ros2_humble/install/ros2multicast:/home/sangyeon/ros2_humble/install/ros2interface:/home/sangyeon/ros2_humble/install/ros2doctor:/home/sangyeon/ros2_humble/install/ros2action:/home/sangyeon/ros2_humble/install/ros2cli:/home/sangyeon/ros2_humble/install/quality_of_service_demo_py:/home/sangyeon/ros2_humble/install/lifecycle_py:/home/sangyeon/ros2_humble/install/launch_testing_ros:/home/sangyeon/ros2_humble/install/launch_ros:/home/sangyeon/ros2_humble/install/examples_rclpy_pointcloud_publisher:/home/sangyeon/ros2_humble/install/examples_rclpy_minimal_subscriber:/home/sangyeon/ros2_humble/install/examples_rclpy_minimal_service:/home/sangyeon/ros2_humble/install/examples_rclpy_minimal_publisher:/home/sangyeon/ros2_humble/install/examples_rclpy_minimal_client:/home/sangyeon/ros2_humble/install/examples_rclpy_minimal_action_server:/home/sangyeon/ros2_humble/install/examples_rclpy_minimal_action_client:/home/sangyeon/ros2_humble/install/examples_rclpy_guard_conditions:/home/sangyeon/ros2_humble/install/examples_rclpy_executors:/home/sangyeon/ros2_humble/install/demo_nodes_py:/home/sangyeon/ros2_humble/install/action_tutorials_py:/home/sangyeon/ros2_humble/install/ament_uncrustify:/home/sangyeon/ros2_humble/install/tracetools_trace:/home/sangyeon/ros2_humble/install/tracetools_read:/home/sangyeon/ros2_humble/install/test_tracetools_launch:/home/sangyeon/ros2_humble/install/test_launch_ros:/home/sangyeon/ros2_humble/install/sensor_msgs_py:/home/sangyeon/ros2_humble/install/rpyutils:/home/sangyeon/ros2_humble/install/rosidl_runtime_py:/home/sangyeon/ros2_humble/install/rosidl_cli:/home/sangyeon/ros2_humble/install/launch_pytest:/home/sangyeon/ros2_humble/install/launch_testing:/home/sangyeon/ros2_humble/install/launch_yaml:/home/sangyeon/ros2_humble/install/launch_xml:/home/sangyeon/ros2_humble/install/launch:/home/sangyeon/ros2_humble/install/osrf_pycommon:/home/sangyeon/ros2_humble/install/domain_coordinator:/home/sangyeon/ros2_humble/install/ament_xmllint:/home/sangyeon/ros2_humble/install/ament_pyflakes:/home/sangyeon/ros2_humble/install/ament_pycodestyle:/home/sangyeon/ros2_humble/install/ament_pep257:/home/sangyeon/ros2_humble/install/ament_pclint:/home/sangyeon/ros2_humble/install/ament_package:/home/sangyeon/ros2_humble/install/ament_mypy:/home/sangyeon/ros2_humble/install/ament_lint_cmake:/home/sangyeon/ros2_humble/install/ament_flake8:/home/sangyeon/ros2_humble/install/ament_copyright:/home/sangyeon/ros2_humble/install/ament_lint:/home/sangyeon/ros2_humble/install/ament_index_python:/home/sangyeon/ros2_humble/install/ament_cpplint:/home/sangyeon/ros2_humble/install/ament_cppcheck:/home/sangyeon/ros2_humble/install/ament_clang_tidy:/home/sangyeon/ros2_humble/install/ament_clang_format /usr/bin/cmake --install /home/sangyeon/project3/computer/build/custom_msgs
[9.870s] -- Install configuration: ""
[9.870s] -- Execute custom install script
[9.871s] -- Symlinking: /home/sangyeon/project3/computer/install/custom_msgs/share/ament_index/resource_index/rosidl_interfaces/custom_msgs
[9.882s] -- Symlinking: /home/sangyeon/project3/computer/install/custom_msgs/include/custom_msgs/custom_msgs/action/cook.h
[9.893s] -- Symlinking: /home/sangyeon/project3/computer/install/custom_msgs/include/custom_msgs/custom_msgs/action/detail/cook__functions.h
[9.903s] -- Symlinking: /home/sangyeon/project3/computer/install/custom_msgs/include/custom_msgs/custom_msgs/action/detail/cook__struct.h
[9.913s] -- Symlinking: /home/sangyeon/project3/computer/install/custom_msgs/include/custom_msgs/custom_msgs/action/detail/cook__type_support.h
[9.926s] -- Symlinking: /home/sangyeon/project3/computer/install/custom_msgs/include/custom_msgs/custom_msgs/action/detail/serve__functions.h
[9.939s] -- Symlinking: /home/sangyeon/project3/computer/install/custom_msgs/include/custom_msgs/custom_msgs/action/detail/serve__struct.h
[9.954s] -- Symlinking: /home/sangyeon/project3/computer/install/custom_msgs/include/custom_msgs/custom_msgs/action/detail/serve__type_support.h
[9.965s] -- Symlinking: /home/sangyeon/project3/computer/install/custom_msgs/include/custom_msgs/custom_msgs/action/serve.h
[9.975s] -- Symlinking: /home/sangyeon/project3/computer/install/custom_msgs/include/custom_msgs/custom_msgs/msg/detail/order_detail__functions.h
[9.986s] -- Symlinking: /home/sangyeon/project3/computer/install/custom_msgs/include/custom_msgs/custom_msgs/msg/detail/order_detail__struct.h
[9.998s] -- Symlinking: /home/sangyeon/project3/computer/install/custom_msgs/include/custom_msgs/custom_msgs/msg/detail/order_detail__type_support.h
[10.008s] -- Symlinking: /home/sangyeon/project3/computer/install/custom_msgs/include/custom_msgs/custom_msgs/msg/detail/update_status__functions.h
[10.021s] -- Symlinking: /home/sangyeon/project3/computer/install/custom_msgs/include/custom_msgs/custom_msgs/msg/detail/update_status__struct.h
[10.033s] -- Symlinking: /home/sangyeon/project3/computer/install/custom_msgs/include/custom_msgs/custom_msgs/msg/detail/update_status__type_support.h
[10.044s] -- Symlinking: /home/sangyeon/project3/computer/install/custom_msgs/include/custom_msgs/custom_msgs/msg/order_detail.h
[10.056s] -- Symlinking: /home/sangyeon/project3/computer/install/custom_msgs/include/custom_msgs/custom_msgs/msg/rosidl_generator_c__visibility_control.h
[10.068s] -- Symlinking: /home/sangyeon/project3/computer/install/custom_msgs/include/custom_msgs/custom_msgs/msg/update_status.h
[10.078s] -- Symlinking: /home/sangyeon/project3/computer/install/custom_msgs/include/custom_msgs/custom_msgs/srv/detail/receive_order__functions.h
[10.089s] -- Symlinking: /home/sangyeon/project3/computer/install/custom_msgs/include/custom_msgs/custom_msgs/srv/detail/receive_order__struct.h
[10.100s] -- Symlinking: /home/sangyeon/project3/computer/install/custom_msgs/include/custom_msgs/custom_msgs/srv/detail/receive_order__type_support.h
[10.120s] -- Symlinking: /home/sangyeon/project3/computer/install/custom_msgs/include/custom_msgs/custom_msgs/srv/receive_order.h
[10.133s] -- Symlinking: /home/sangyeon/project3/computer/install/custom_msgs/share/custom_msgs/environment/library_path.sh
[10.144s] -- Symlinking: /home/sangyeon/project3/computer/install/custom_msgs/share/custom_msgs/environment/library_path.dsv
[10.156s] -- Symlinking: /home/sangyeon/project3/computer/install/custom_msgs/include/custom_msgs/custom_msgs/action/detail/cook__rosidl_typesupport_introspection_c.h
[10.167s] -- Symlinking: /home/sangyeon/project3/computer/install/custom_msgs/include/custom_msgs/custom_msgs/action/detail/serve__rosidl_typesupport_introspection_c.h
[10.178s] -- Symlinking: /home/sangyeon/project3/computer/install/custom_msgs/include/custom_msgs/custom_msgs/msg/detail/order_detail__rosidl_typesupport_introspection_c.h
[10.189s] -- Symlinking: /home/sangyeon/project3/computer/install/custom_msgs/include/custom_msgs/custom_msgs/msg/detail/update_status__rosidl_typesupport_introspection_c.h
[10.200s] -- Symlinking: /home/sangyeon/project3/computer/install/custom_msgs/include/custom_msgs/custom_msgs/msg/rosidl_typesupport_introspection_c__visibility_control.h
[10.211s] -- Symlinking: /home/sangyeon/project3/computer/install/custom_msgs/include/custom_msgs/custom_msgs/srv/detail/receive_order__rosidl_typesupport_introspection_c.h
[10.222s] -- Symlinking: /home/sangyeon/project3/computer/install/custom_msgs/include/custom_msgs/custom_msgs/action/detail/cook__rosidl_typesupport_fastrtps_c.h
[10.234s] -- Symlinking: /home/sangyeon/project3/computer/install/custom_msgs/include/custom_msgs/custom_msgs/action/detail/serve__rosidl_typesupport_fastrtps_c.h
[10.245s] -- Symlinking: /home/sangyeon/project3/computer/install/custom_msgs/include/custom_msgs/custom_msgs/msg/detail/order_detail__rosidl_typesupport_fastrtps_c.h
[10.256s] -- Symlinking: /home/sangyeon/project3/computer/install/custom_msgs/include/custom_msgs/custom_msgs/msg/detail/update_status__rosidl_typesupport_fastrtps_c.h
[10.266s] -- Symlinking: /home/sangyeon/project3/computer/install/custom_msgs/include/custom_msgs/custom_msgs/msg/rosidl_typesupport_fastrtps_c__visibility_control.h
[10.277s] -- Symlinking: /home/sangyeon/project3/computer/install/custom_msgs/include/custom_msgs/custom_msgs/srv/detail/receive_order__rosidl_typesupport_fastrtps_c.h
[10.288s] -- Symlinking: /home/sangyeon/project3/computer/install/custom_msgs/include/custom_msgs/custom_msgs/action/cook.hpp
[10.299s] -- Symlinking: /home/sangyeon/project3/computer/install/custom_msgs/include/custom_msgs/custom_msgs/action/detail/cook__builder.hpp
[10.310s] -- Symlinking: /home/sangyeon/project3/computer/install/custom_msgs/include/custom_msgs/custom_msgs/action/detail/cook__struct.hpp
[10.324s] -- Symlinking: /home/sangyeon/project3/computer/install/custom_msgs/include/custom_msgs/custom_msgs/action/detail/cook__traits.hpp
[10.333s] -- Symlinking: /home/sangyeon/project3/computer/install/custom_msgs/include/custom_msgs/custom_msgs/action/detail/cook__type_support.hpp
[10.344s] -- Symlinking: /home/sangyeon/project3/computer/install/custom_msgs/include/custom_msgs/custom_msgs/action/detail/serve__builder.hpp
[10.358s] -- Symlinking: /home/sangyeon/project3/computer/install/custom_msgs/include/custom_msgs/custom_msgs/action/detail/serve__struct.hpp
[10.370s] -- Symlinking: /home/sangyeon/project3/computer/install/custom_msgs/include/custom_msgs/custom_msgs/action/detail/serve__traits.hpp
[10.381s] -- Symlinking: /home/sangyeon/project3/computer/install/custom_msgs/include/custom_msgs/custom_msgs/action/detail/serve__type_support.hpp
[10.391s] -- Symlinking: /home/sangyeon/project3/computer/install/custom_msgs/include/custom_msgs/custom_msgs/action/serve.hpp
[10.402s] -- Symlinking: /home/sangyeon/project3/computer/install/custom_msgs/include/custom_msgs/custom_msgs/msg/detail/order_detail__builder.hpp
[10.412s] -- Symlinking: /home/sangyeon/project3/computer/install/custom_msgs/include/custom_msgs/custom_msgs/msg/detail/order_detail__struct.hpp
[10.424s] -- Symlinking: /home/sangyeon/project3/computer/install/custom_msgs/include/custom_msgs/custom_msgs/msg/detail/order_detail__traits.hpp
[10.436s] -- Symlinking: /home/sangyeon/project3/computer/install/custom_msgs/include/custom_msgs/custom_msgs/msg/detail/order_detail__type_support.hpp
[10.447s] -- Symlinking: /home/sangyeon/project3/computer/install/custom_msgs/include/custom_msgs/custom_msgs/msg/detail/update_status__builder.hpp
[10.459s] -- Symlinking: /home/sangyeon/project3/computer/install/custom_msgs/include/custom_msgs/custom_msgs/msg/detail/update_status__struct.hpp
[10.469s] -- Symlinking: /home/sangyeon/project3/computer/install/custom_msgs/include/custom_msgs/custom_msgs/msg/detail/update_status__traits.hpp
[10.480s] -- Symlinking: /home/sangyeon/project3/computer/install/custom_msgs/include/custom_msgs/custom_msgs/msg/detail/update_status__type_support.hpp
[10.491s] -- Symlinking: /home/sangyeon/project3/computer/install/custom_msgs/include/custom_msgs/custom_msgs/msg/order_detail.hpp
[10.501s] -- Symlinking: /home/sangyeon/project3/computer/install/custom_msgs/include/custom_msgs/custom_msgs/msg/rosidl_generator_cpp__visibility_control.hpp
[10.512s] -- Symlinking: /home/sangyeon/project3/computer/install/custom_msgs/include/custom_msgs/custom_msgs/msg/update_status.hpp
[10.524s] -- Symlinking: /home/sangyeon/project3/computer/install/custom_msgs/include/custom_msgs/custom_msgs/srv/detail/receive_order__builder.hpp
[10.538s] -- Symlinking: /home/sangyeon/project3/computer/install/custom_msgs/include/custom_msgs/custom_msgs/srv/detail/receive_order__struct.hpp
[10.549s] -- Symlinking: /home/sangyeon/project3/computer/install/custom_msgs/include/custom_msgs/custom_msgs/srv/detail/receive_order__traits.hpp
[10.559s] -- Symlinking: /home/sangyeon/project3/computer/install/custom_msgs/include/custom_msgs/custom_msgs/srv/detail/receive_order__type_support.hpp
[10.570s] -- Symlinking: /home/sangyeon/project3/computer/install/custom_msgs/include/custom_msgs/custom_msgs/srv/receive_order.hpp
[10.580s] -- Symlinking: /home/sangyeon/project3/computer/install/custom_msgs/include/custom_msgs/custom_msgs/action/detail/cook__rosidl_typesupport_introspection_cpp.hpp
[10.591s] -- Symlinking: /home/sangyeon/project3/computer/install/custom_msgs/include/custom_msgs/custom_msgs/action/detail/serve__rosidl_typesupport_introspection_cpp.hpp
[10.602s] -- Symlinking: /home/sangyeon/project3/computer/install/custom_msgs/include/custom_msgs/custom_msgs/msg/detail/order_detail__rosidl_typesupport_introspection_cpp.hpp
[10.613s] -- Symlinking: /home/sangyeon/project3/computer/install/custom_msgs/include/custom_msgs/custom_msgs/msg/detail/update_status__rosidl_typesupport_introspection_cpp.hpp
[10.624s] -- Symlinking: /home/sangyeon/project3/computer/install/custom_msgs/include/custom_msgs/custom_msgs/srv/detail/receive_order__rosidl_typesupport_introspection_cpp.hpp
[10.637s] -- Symlinking: /home/sangyeon/project3/computer/install/custom_msgs/include/custom_msgs/custom_msgs/action/detail/cook__rosidl_typesupport_fastrtps_cpp.hpp
[10.649s] -- Symlinking: /home/sangyeon/project3/computer/install/custom_msgs/include/custom_msgs/custom_msgs/action/detail/serve__rosidl_typesupport_fastrtps_cpp.hpp
[10.660s] -- Symlinking: /home/sangyeon/project3/computer/install/custom_msgs/include/custom_msgs/custom_msgs/msg/detail/order_detail__rosidl_typesupport_fastrtps_cpp.hpp
[10.693s] -- Symlinking: /home/sangyeon/project3/computer/install/custom_msgs/include/custom_msgs/custom_msgs/msg/detail/update_status__rosidl_typesupport_fastrtps_cpp.hpp
[10.704s] -- Symlinking: /home/sangyeon/project3/computer/install/custom_msgs/include/custom_msgs/custom_msgs/msg/rosidl_typesupport_fastrtps_cpp__visibility_control.h
[10.715s] -- Symlinking: /home/sangyeon/project3/computer/install/custom_msgs/include/custom_msgs/custom_msgs/srv/detail/receive_order__rosidl_typesupport_fastrtps_cpp.hpp
[10.726s] -- Symlinking: /home/sangyeon/project3/computer/install/custom_msgs/share/custom_msgs/environment/pythonpath.sh
[10.741s] -- Symlinking: /home/sangyeon/project3/computer/install/custom_msgs/share/custom_msgs/environment/pythonpath.dsv
[10.753s] -- Symlinking: /home/sangyeon/project3/computer/install/custom_msgs/local/lib/python3.10/dist-packages/custom_msgs-0.0.0-py3.10.egg-info/PKG-INFO
[10.764s] -- Symlinking: /home/sangyeon/project3/computer/install/custom_msgs/local/lib/python3.10/dist-packages/custom_msgs-0.0.0-py3.10.egg-info/SOURCES.txt
[10.774s] -- Symlinking: /home/sangyeon/project3/computer/install/custom_msgs/local/lib/python3.10/dist-packages/custom_msgs-0.0.0-py3.10.egg-info/dependency_links.txt
[10.786s] -- Symlinking: /home/sangyeon/project3/computer/install/custom_msgs/local/lib/python3.10/dist-packages/custom_msgs-0.0.0-py3.10.egg-info/top_level.txt
[10.797s] -- Symlinking: /home/sangyeon/project3/computer/install/custom_msgs/local/lib/python3.10/dist-packages/custom_msgs/__init__.py
[10.808s] -- Symlinking: /home/sangyeon/project3/computer/install/custom_msgs/local/lib/python3.10/dist-packages/custom_msgs/_custom_msgs_s.ep.rosidl_typesupport_c.c
[10.819s] -- Symlinking: /home/sangyeon/project3/computer/install/custom_msgs/local/lib/python3.10/dist-packages/custom_msgs/_custom_msgs_s.ep.rosidl_typesupport_fastrtps_c.c
[10.831s] -- Symlinking: /home/sangyeon/project3/computer/install/custom_msgs/local/lib/python3.10/dist-packages/custom_msgs/_custom_msgs_s.ep.rosidl_typesupport_introspection_c.c
[10.845s] -- Symlinking: /home/sangyeon/project3/computer/install/custom_msgs/local/lib/python3.10/dist-packages/custom_msgs/action/__init__.py
[10.857s] -- Symlinking: /home/sangyeon/project3/computer/install/custom_msgs/local/lib/python3.10/dist-packages/custom_msgs/action/_cook.py
[10.867s] -- Symlinking: /home/sangyeon/project3/computer/install/custom_msgs/local/lib/python3.10/dist-packages/custom_msgs/action/_cook_s.c
[10.877s] -- Symlinking: /home/sangyeon/project3/computer/install/custom_msgs/local/lib/python3.10/dist-packages/custom_msgs/action/_serve.py
[10.889s] -- Symlinking: /home/sangyeon/project3/computer/install/custom_msgs/local/lib/python3.10/dist-packages/custom_msgs/action/_serve_s.c
[10.899s] -- Symlinking: /home/sangyeon/project3/computer/install/custom_msgs/local/lib/python3.10/dist-packages/custom_msgs/custom_msgs_s__rosidl_typesupport_c.cpython-310-x86_64-linux-gnu.so
[10.910s] -- Symlinking: /home/sangyeon/project3/computer/install/custom_msgs/local/lib/python3.10/dist-packages/custom_msgs/custom_msgs_s__rosidl_typesupport_fastrtps_c.cpython-310-x86_64-linux-gnu.so
[10.920s] -- Symlinking: /home/sangyeon/project3/computer/install/custom_msgs/local/lib/python3.10/dist-packages/custom_msgs/custom_msgs_s__rosidl_typesupport_introspection_c.cpython-310-x86_64-linux-gnu.so
[10.933s] -- Symlinking: /home/sangyeon/project3/computer/install/custom_msgs/local/lib/python3.10/dist-packages/custom_msgs/libcustom_msgs__rosidl_generator_py.so
[10.945s] -- Symlinking: /home/sangyeon/project3/computer/install/custom_msgs/local/lib/python3.10/dist-packages/custom_msgs/msg/__init__.py
[10.962s] -- Symlinking: /home/sangyeon/project3/computer/install/custom_msgs/local/lib/python3.10/dist-packages/custom_msgs/msg/_order_detail.py
[10.974s] -- Symlinking: /home/sangyeon/project3/computer/install/custom_msgs/local/lib/python3.10/dist-packages/custom_msgs/msg/_order_detail_s.c
[10.986s] -- Symlinking: /home/sangyeon/project3/computer/install/custom_msgs/local/lib/python3.10/dist-packages/custom_msgs/msg/_update_status.py
[10.996s] -- Symlinking: /home/sangyeon/project3/computer/install/custom_msgs/local/lib/python3.10/dist-packages/custom_msgs/msg/_update_status_s.c
[11.007s] -- Symlinking: /home/sangyeon/project3/computer/install/custom_msgs/local/lib/python3.10/dist-packages/custom_msgs/srv/__init__.py
[11.017s] -- Symlinking: /home/sangyeon/project3/computer/install/custom_msgs/local/lib/python3.10/dist-packages/custom_msgs/srv/_receive_order.py
[11.029s] -- Symlinking: /home/sangyeon/project3/computer/install/custom_msgs/local/lib/python3.10/dist-packages/custom_msgs/srv/_receive_order_s.c
[11.041s] -- Up-to-date symlink: /home/sangyeon/project3/computer/install/custom_msgs/local/lib/python3.10/dist-packages/custom_msgs/custom_msgs_s__rosidl_typesupport_introspection_c.cpython-310-x86_64-linux-gnu.so
[11.041s] -- Up-to-date symlink: /home/sangyeon/project3/computer/install/custom_msgs/local/lib/python3.10/dist-packages/custom_msgs/custom_msgs_s__rosidl_typesupport_fastrtps_c.cpython-310-x86_64-linux-gnu.so
[11.041s] -- Up-to-date symlink: /home/sangyeon/project3/computer/install/custom_msgs/local/lib/python3.10/dist-packages/custom_msgs/custom_msgs_s__rosidl_typesupport_c.cpython-310-x86_64-linux-gnu.so
[11.042s] -- Symlinking: /home/sangyeon/project3/computer/install/custom_msgs/share/custom_msgs/msg/UpdateStatus.idl
[11.054s] -- Symlinking: /home/sangyeon/project3/computer/install/custom_msgs/share/custom_msgs/msg/OrderDetail.idl
[11.066s] -- Symlinking: /home/sangyeon/project3/computer/install/custom_msgs/share/custom_msgs/srv/ReceiveOrder.idl
[11.080s] -- Symlinking: /home/sangyeon/project3/computer/install/custom_msgs/share/custom_msgs/action/Cook.idl
[11.091s] -- Symlinking: /home/sangyeon/project3/computer/install/custom_msgs/share/custom_msgs/action/Serve.idl
[11.101s] -- Symlinking: /home/sangyeon/project3/computer/install/custom_msgs/share/custom_msgs/msg/UpdateStatus.msg
[11.113s] -- Symlinking: /home/sangyeon/project3/computer/install/custom_msgs/share/custom_msgs/msg/OrderDetail.msg
[11.123s] -- Symlinking: /home/sangyeon/project3/computer/install/custom_msgs/share/custom_msgs/srv/ReceiveOrder.srv
[11.135s] -- Symlinking: /home/sangyeon/project3/computer/install/custom_msgs/share/custom_msgs/srv/ReceiveOrder_Request.msg
[11.146s] -- Symlinking: /home/sangyeon/project3/computer/install/custom_msgs/share/custom_msgs/srv/ReceiveOrder_Response.msg
[11.158s] -- Symlinking: /home/sangyeon/project3/computer/install/custom_msgs/share/custom_msgs/action/Cook.action
[11.169s] -- Symlinking: /home/sangyeon/project3/computer/install/custom_msgs/share/custom_msgs/action/Serve.action
[11.180s] -- Symlinking: /home/sangyeon/project3/computer/install/custom_msgs/share/ament_index/resource_index/package_run_dependencies/custom_msgs
[11.190s] -- Symlinking: /home/sangyeon/project3/computer/install/custom_msgs/share/ament_index/resource_index/parent_prefix_path/custom_msgs
[11.201s] -- Symlinking: /home/sangyeon/project3/computer/install/custom_msgs/share/custom_msgs/environment/ament_prefix_path.sh
[11.212s] -- Symlinking: /home/sangyeon/project3/computer/install/custom_msgs/share/custom_msgs/environment/ament_prefix_path.dsv
[11.222s] -- Symlinking: /home/sangyeon/project3/computer/install/custom_msgs/share/custom_msgs/environment/path.sh
[11.234s] -- Symlinking: /home/sangyeon/project3/computer/install/custom_msgs/share/custom_msgs/environment/path.dsv
[11.246s] -- Symlinking: /home/sangyeon/project3/computer/install/custom_msgs/share/custom_msgs/local_setup.bash
[11.258s] -- Symlinking: /home/sangyeon/project3/computer/install/custom_msgs/share/custom_msgs/local_setup.sh
[11.269s] -- Symlinking: /home/sangyeon/project3/computer/install/custom_msgs/share/custom_msgs/local_setup.zsh
[11.279s] -- Symlinking: /home/sangyeon/project3/computer/install/custom_msgs/share/custom_msgs/local_setup.dsv
[11.290s] -- Symlinking: /home/sangyeon/project3/computer/install/custom_msgs/share/custom_msgs/package.dsv
[11.301s] -- Symlinking: /home/sangyeon/project3/computer/install/custom_msgs/share/ament_index/resource_index/packages/custom_msgs
[11.311s] -- Symlinking: /home/sangyeon/project3/computer/install/custom_msgs/share/custom_msgs/cmake/rosidl_cmake-extras.cmake
[11.322s] -- Symlinking: /home/sangyeon/project3/computer/install/custom_msgs/share/custom_msgs/cmake/ament_cmake_export_dependencies-extras.cmake
[11.335s] -- Symlinking: /home/sangyeon/project3/computer/install/custom_msgs/share/custom_msgs/cmake/ament_cmake_export_include_directories-extras.cmake
[11.347s] -- Symlinking: /home/sangyeon/project3/computer/install/custom_msgs/share/custom_msgs/cmake/ament_cmake_export_libraries-extras.cmake
[11.358s] -- Symlinking: /home/sangyeon/project3/computer/install/custom_msgs/share/custom_msgs/cmake/ament_cmake_export_targets-extras.cmake
[11.369s] -- Symlinking: /home/sangyeon/project3/computer/install/custom_msgs/share/custom_msgs/cmake/rosidl_cmake_export_typesupport_targets-extras.cmake
[11.380s] -- Symlinking: /home/sangyeon/project3/computer/install/custom_msgs/share/custom_msgs/cmake/rosidl_cmake_export_typesupport_libraries-extras.cmake
[11.390s] -- Symlinking: /home/sangyeon/project3/computer/install/custom_msgs/share/custom_msgs/cmake/custom_msgsConfig.cmake
[11.401s] -- Symlinking: /home/sangyeon/project3/computer/install/custom_msgs/share/custom_msgs/cmake/custom_msgsConfig-version.cmake
[11.412s] -- Symlinking: /home/sangyeon/project3/computer/install/custom_msgs/share/custom_msgs/package.xml
[11.425s] -- Installing: /home/sangyeon/project3/computer/install/custom_msgs/lib/libcustom_msgs__rosidl_generator_c.so
[11.425s] -- Set runtime path of "/home/sangyeon/project3/computer/install/custom_msgs/lib/libcustom_msgs__rosidl_generator_c.so" to ""
[11.426s] -- Installing: /home/sangyeon/project3/computer/install/custom_msgs/lib/libcustom_msgs__rosidl_typesupport_introspection_c.so
[11.426s] -- Set runtime path of "/home/sangyeon/project3/computer/install/custom_msgs/lib/libcustom_msgs__rosidl_typesupport_introspection_c.so" to ""
[11.426s] -- Installing: /home/sangyeon/project3/computer/install/custom_msgs/lib/libcustom_msgs__rosidl_typesupport_fastrtps_c.so
[11.426s] -- Set runtime path of "/home/sangyeon/project3/computer/install/custom_msgs/lib/libcustom_msgs__rosidl_typesupport_fastrtps_c.so" to ""
[11.426s] -- Installing: /home/sangyeon/project3/computer/install/custom_msgs/lib/libcustom_msgs__rosidl_typesupport_c.so
[11.426s] -- Set runtime path of "/home/sangyeon/project3/computer/install/custom_msgs/lib/libcustom_msgs__rosidl_typesupport_c.so" to ""
[11.426s] -- Installing: /home/sangyeon/project3/computer/install/custom_msgs/lib/libcustom_msgs__rosidl_typesupport_introspection_cpp.so
[11.426s] -- Set runtime path of "/home/sangyeon/project3/computer/install/custom_msgs/lib/libcustom_msgs__rosidl_typesupport_introspection_cpp.so" to ""
[11.426s] -- Installing: /home/sangyeon/project3/computer/install/custom_msgs/lib/libcustom_msgs__rosidl_typesupport_fastrtps_cpp.so
[11.426s] -- Set runtime path of "/home/sangyeon/project3/computer/install/custom_msgs/lib/libcustom_msgs__rosidl_typesupport_fastrtps_cpp.so" to ""
[11.426s] -- Installing: /home/sangyeon/project3/computer/install/custom_msgs/lib/libcustom_msgs__rosidl_typesupport_cpp.so
[11.426s] -- Set runtime path of "/home/sangyeon/project3/computer/install/custom_msgs/lib/libcustom_msgs__rosidl_typesupport_cpp.so" to ""
[11.520s] Listing '/home/sangyeon/project3/computer/install/custom_msgs/local/lib/python3.10/dist-packages/custom_msgs'...
[11.520s] Compiling '/home/sangyeon/project3/computer/install/custom_msgs/local/lib/python3.10/dist-packages/custom_msgs/__init__.py'...
[11.520s] Listing '/home/sangyeon/project3/computer/install/custom_msgs/local/lib/python3.10/dist-packages/custom_msgs/action'...
[11.520s] Compiling '/home/sangyeon/project3/computer/install/custom_msgs/local/lib/python3.10/dist-packages/custom_msgs/action/__init__.py'...
[11.520s] Compiling '/home/sangyeon/project3/computer/install/custom_msgs/local/lib/python3.10/dist-packages/custom_msgs/action/_cook.py'...
[11.520s] Compiling '/home/sangyeon/project3/computer/install/custom_msgs/local/lib/python3.10/dist-packages/custom_msgs/action/_serve.py'...
[11.520s] Listing '/home/sangyeon/project3/computer/install/custom_msgs/local/lib/python3.10/dist-packages/custom_msgs/msg'...
[11.521s] Compiling '/home/sangyeon/project3/computer/install/custom_msgs/local/lib/python3.10/dist-packages/custom_msgs/msg/__init__.py'...
[11.521s] Compiling '/home/sangyeon/project3/computer/install/custom_msgs/local/lib/python3.10/dist-packages/custom_msgs/msg/_order_detail.py'...
[11.521s] Compiling '/home/sangyeon/project3/computer/install/custom_msgs/local/lib/python3.10/dist-packages/custom_msgs/msg/_update_status.py'...
[11.521s] Listing '/home/sangyeon/project3/computer/install/custom_msgs/local/lib/python3.10/dist-packages/custom_msgs/srv'...
[11.521s] Compiling '/home/sangyeon/project3/computer/install/custom_msgs/local/lib/python3.10/dist-packages/custom_msgs/srv/__init__.py'...
[11.521s] Compiling '/home/sangyeon/project3/computer/install/custom_msgs/local/lib/python3.10/dist-packages/custom_msgs/srv/_receive_order.py'...
[11.526s] -- Installing: /home/sangyeon/project3/computer/install/custom_msgs/lib/libcustom_msgs__rosidl_generator_py.so
[11.526s] -- Set runtime path of "/home/sangyeon/project3/computer/install/custom_msgs/lib/libcustom_msgs__rosidl_generator_py.so" to ""
[11.526s] -- Installing: /home/sangyeon/project3/computer/install/custom_msgs/share/custom_msgs/cmake/export_custom_msgs__rosidl_generator_cExport.cmake
[11.526s] -- Installing: /home/sangyeon/project3/computer/install/custom_msgs/share/custom_msgs/cmake/export_custom_msgs__rosidl_generator_cExport-noconfig.cmake
[11.526s] -- Installing: /home/sangyeon/project3/computer/install/custom_msgs/share/custom_msgs/cmake/custom_msgs__rosidl_typesupport_introspection_cExport.cmake
[11.526s] -- Installing: /home/sangyeon/project3/computer/install/custom_msgs/share/custom_msgs/cmake/custom_msgs__rosidl_typesupport_introspection_cExport-noconfig.cmake
[11.526s] -- Installing: /home/sangyeon/project3/computer/install/custom_msgs/share/custom_msgs/cmake/export_custom_msgs__rosidl_typesupport_fastrtps_cExport.cmake
[11.526s] -- Installing: /home/sangyeon/project3/computer/install/custom_msgs/share/custom_msgs/cmake/export_custom_msgs__rosidl_typesupport_fastrtps_cExport-noconfig.cmake
[11.526s] -- Installing: /home/sangyeon/project3/computer/install/custom_msgs/share/custom_msgs/cmake/custom_msgs__rosidl_typesupport_cExport.cmake
[11.526s] -- Installing: /home/sangyeon/project3/computer/install/custom_msgs/share/custom_msgs/cmake/custom_msgs__rosidl_typesupport_cExport-noconfig.cmake
[11.526s] -- Installing: /home/sangyeon/project3/computer/install/custom_msgs/share/custom_msgs/cmake/export_custom_msgs__rosidl_generator_cppExport.cmake
[11.526s] -- Installing: /home/sangyeon/project3/computer/install/custom_msgs/share/custom_msgs/cmake/custom_msgs__rosidl_typesupport_introspection_cppExport.cmake
[11.527s] -- Installing: /home/sangyeon/project3/computer/install/custom_msgs/share/custom_msgs/cmake/custom_msgs__rosidl_typesupport_introspection_cppExport-noconfig.cmake
[11.527s] -- Installing: /home/sangyeon/project3/computer/install/custom_msgs/share/custom_msgs/cmake/export_custom_msgs__rosidl_typesupport_fastrtps_cppExport.cmake
[11.527s] -- Installing: /home/sangyeon/project3/computer/install/custom_msgs/share/custom_msgs/cmake/export_custom_msgs__rosidl_typesupport_fastrtps_cppExport-noconfig.cmake
[11.527s] -- Installing: /home/sangyeon/project3/computer/install/custom_msgs/share/custom_msgs/cmake/custom_msgs__rosidl_typesupport_cppExport.cmake
[11.527s] -- Installing: /home/sangyeon/project3/computer/install/custom_msgs/share/custom_msgs/cmake/custom_msgs__rosidl_typesupport_cppExport-noconfig.cmake
[11.527s] -- Installing: /home/sangyeon/project3/computer/install/custom_msgs/share/custom_msgs/cmake/export_custom_msgs__rosidl_generator_pyExport.cmake
[11.527s] -- Installing: /home/sangyeon/project3/computer/install/custom_msgs/share/custom_msgs/cmake/export_custom_msgs__rosidl_generator_pyExport-noconfig.cmake
[11.528s] Invoked command in '/home/sangyeon/project3/computer/build/custom_msgs' returned '0': CMAKE_PREFIX_PATH=${CMAKE_PREFIX_PATH}:/home/sangyeon/ros2_humble/install/rqt_bag_plugins:/home/sangyeon/ros2_humble/install/rqt_bag:/home/sangyeon/ros2_humble/install/launch_testing_examples:/home/sangyeon/ros2_humble/install/ros2bag:/home/sangyeon/ros2_humble/install/tracetools_test:/home/sangyeon/ros2_humble/install/tracetools_launch:/home/sangyeon/ros2_humble/install/topic_monitor:/home/sangyeon/ros2_humble/install/tf2_tools:/home/sangyeon/ros2_humble/install/examples_tf2_py:/home/sangyeon/ros2_humble/install/tf2_ros_py:/home/sangyeon/ros2_humble/install/sros2:/home/sangyeon/ros2_humble/install/rqt_topic:/home/sangyeon/ros2_humble/install/rqt_srv:/home/sangyeon/ros2_humble/install/rqt_shell:/home/sangyeon/ros2_humble/install/rqt_service_caller:/home/sangyeon/ros2_humble/install/rqt_reconfigure:/home/sangyeon/ros2_humble/install/rqt_py_console:/home/sangyeon/ros2_humble/install/rqt_publisher:/home/sangyeon/ros2_humble/install/rqt_plot:/home/sangyeon/ros2_humble/install/rqt_action:/home/sangyeon/ros2_humble/install/rqt_msg:/home/sangyeon/ros2_humble/install/rqt_console:/home/sangyeon/ros2_humble/install/rqt:/home/sangyeon/ros2_humble/install/rqt_graph:/home/sangyeon/ros2_humble/install/rqt_gui_py:/home/sangyeon/ros2_humble/install/rqt_gui:/home/sangyeon/ros2_humble/install/ros2trace:/home/sangyeon/ros2_humble/install/ros2topic:/home/sangyeon/ros2_humble/install/ros2test:/home/sangyeon/ros2_humble/install/ros2component:/home/sangyeon/ros2_humble/install/ros2param:/home/sangyeon/ros2_humble/install/ros2lifecycle:/home/sangyeon/ros2_humble/install/ros2service:/home/sangyeon/ros2_humble/install/ros2run:/home/sangyeon/ros2_humble/install/ros2launch:/home/sangyeon/ros2_humble/install/ros2pkg:/home/sangyeon/ros2_humble/install/ros2node:/home/sangyeon/ros2_humble/install/ros2multicast:/home/sangyeon/ros2_humble/install/ros2interface:/home/sangyeon/ros2_humble/install/ros2doctor:/home/sangyeon/ros2_humble/install/ros2action:/home/sangyeon/ros2_humble/install/ros2cli:/home/sangyeon/ros2_humble/install/quality_of_service_demo_py:/home/sangyeon/ros2_humble/install/lifecycle_py:/home/sangyeon/ros2_humble/install/launch_testing_ros:/home/sangyeon/ros2_humble/install/launch_ros:/home/sangyeon/ros2_humble/install/examples_rclpy_pointcloud_publisher:/home/sangyeon/ros2_humble/install/examples_rclpy_minimal_subscriber:/home/sangyeon/ros2_humble/install/examples_rclpy_minimal_service:/home/sangyeon/ros2_humble/install/examples_rclpy_minimal_publisher:/home/sangyeon/ros2_humble/install/examples_rclpy_minimal_client:/home/sangyeon/ros2_humble/install/examples_rclpy_minimal_action_server:/home/sangyeon/ros2_humble/install/examples_rclpy_minimal_action_client:/home/sangyeon/ros2_humble/install/examples_rclpy_guard_conditions:/home/sangyeon/ros2_humble/install/examples_rclpy_executors:/home/sangyeon/ros2_humble/install/demo_nodes_py:/home/sangyeon/ros2_humble/install/action_tutorials_py:/home/sangyeon/ros2_humble/install/ament_uncrustify:/home/sangyeon/ros2_humble/install/tracetools_trace:/home/sangyeon/ros2_humble/install/tracetools_read:/home/sangyeon/ros2_humble/install/test_tracetools_launch:/home/sangyeon/ros2_humble/install/test_launch_ros:/home/sangyeon/ros2_humble/install/sensor_msgs_py:/home/sangyeon/ros2_humble/install/rpyutils:/home/sangyeon/ros2_humble/install/rosidl_runtime_py:/home/sangyeon/ros2_humble/install/rosidl_cli:/home/sangyeon/ros2_humble/install/launch_pytest:/home/sangyeon/ros2_humble/install/launch_testing:/home/sangyeon/ros2_humble/install/launch_yaml:/home/sangyeon/ros2_humble/install/launch_xml:/home/sangyeon/ros2_humble/install/launch:/home/sangyeon/ros2_humble/install/osrf_pycommon:/home/sangyeon/ros2_humble/install/domain_coordinator:/home/sangyeon/ros2_humble/install/ament_xmllint:/home/sangyeon/ros2_humble/install/ament_pyflakes:/home/sangyeon/ros2_humble/install/ament_pycodestyle:/home/sangyeon/ros2_humble/install/ament_pep257:/home/sangyeon/ros2_humble/install/ament_pclint:/home/sangyeon/ros2_humble/install/ament_package:/home/sangyeon/ros2_humble/install/ament_mypy:/home/sangyeon/ros2_humble/install/ament_lint_cmake:/home/sangyeon/ros2_humble/install/ament_flake8:/home/sangyeon/ros2_humble/install/ament_copyright:/home/sangyeon/ros2_humble/install/ament_lint:/home/sangyeon/ros2_humble/install/ament_index_python:/home/sangyeon/ros2_humble/install/ament_cpplint:/home/sangyeon/ros2_humble/install/ament_cppcheck:/home/sangyeon/ros2_humble/install/ament_clang_tidy:/home/sangyeon/ros2_humble/install/ament_clang_format /usr/bin/cmake --install /home/sangyeon/project3/computer/build/custom_msgs
