[0.033s] Invoking command in '/home/soomi/project3/computer/build/custom_msgs': CMAKE_PREFIX_PATH=${CMAKE_PREFIX_PATH}:/home/soomi/ros2_humble/install/rqt_bag_plugins:/home/soomi/ros2_humble/install/rqt_bag:/home/soomi/ros2_humble/install/launch_testing_examples:/home/soomi/ros2_humble/install/ros2bag:/home/soomi/ros2_humble/install/tracetools_test:/home/soomi/ros2_humble/install/tracetools_launch:/home/soomi/ros2_humble/install/topic_monitor:/home/soomi/ros2_humble/install/tf2_tools:/home/soomi/ros2_humble/install/examples_tf2_py:/home/soomi/ros2_humble/install/tf2_ros_py:/home/soomi/ros2_humble/install/sros2:/home/soomi/ros2_humble/install/rqt_topic:/home/soomi/ros2_humble/install/rqt_srv:/home/soomi/ros2_humble/install/rqt_shell:/home/soomi/ros2_humble/install/rqt_service_caller:/home/soomi/ros2_humble/install/rqt_reconfigure:/home/soomi/ros2_humble/install/rqt_py_console:/home/soomi/ros2_humble/install/rqt_publisher:/home/soomi/ros2_humble/install/rqt_plot:/home/soomi/ros2_humble/install/rqt_action:/home/soomi/ros2_humble/install/rqt_msg:/home/soomi/ros2_humble/install/rqt_console:/home/soomi/ros2_humble/install/rqt:/home/soomi/ros2_humble/install/rqt_graph:/home/soomi/ros2_humble/install/rqt_gui_py:/home/soomi/ros2_humble/install/rqt_gui:/home/soomi/ros2_humble/install/ros2trace:/home/soomi/ros2_humble/install/ros2topic:/home/soomi/ros2_humble/install/ros2test:/home/soomi/ros2_humble/install/ros2component:/home/soomi/ros2_humble/install/ros2param:/home/soomi/ros2_humble/install/ros2lifecycle:/home/soomi/ros2_humble/install/ros2service:/home/soomi/ros2_humble/install/ros2run:/home/soomi/ros2_humble/install/ros2launch:/home/soomi/ros2_humble/install/ros2pkg:/home/soomi/ros2_humble/install/ros2node:/home/soomi/ros2_humble/install/ros2multicast:/home/soomi/ros2_humble/install/ros2interface:/home/soomi/ros2_humble/install/ros2doctor:/home/soomi/ros2_humble/install/ros2action:/home/soomi/ros2_humble/install/ros2cli:/home/soomi/ros2_humble/install/quality_of_service_demo_py:/home/soomi/ros2_humble/install/lifecycle_py:/home/soomi/ros2_humble/install/launch_testing_ros:/home/soomi/ros2_humble/install/launch_ros:/home/soomi/ros2_humble/install/examples_rclpy_pointcloud_publisher:/home/soomi/ros2_humble/install/examples_rclpy_minimal_subscriber:/home/soomi/ros2_humble/install/examples_rclpy_minimal_service:/home/soomi/ros2_humble/install/examples_rclpy_minimal_publisher:/home/soomi/ros2_humble/install/examples_rclpy_minimal_client:/home/soomi/ros2_humble/install/examples_rclpy_minimal_action_server:/home/soomi/ros2_humble/install/examples_rclpy_minimal_action_client:/home/soomi/ros2_humble/install/examples_rclpy_guard_conditions:/home/soomi/ros2_humble/install/examples_rclpy_executors:/home/soomi/ros2_humble/install/demo_nodes_py:/home/soomi/ros2_humble/install/bondpy:/home/soomi/ros2_humble/install/action_tutorials_py:/home/soomi/ros2_humble/install/ament_uncrustify:/home/soomi/ros2_humble/install/tracetools_trace:/home/soomi/ros2_humble/install/tracetools_read:/home/soomi/ros2_humble/install/test_tracetools_launch:/home/soomi/ros2_humble/install/test_launch_ros:/home/soomi/ros2_humble/install/sensor_msgs_py:/home/soomi/ros2_humble/install/rpyutils:/home/soomi/ros2_humble/install/rosidl_runtime_py:/home/soomi/ros2_humble/install/rosidl_cli:/home/soomi/ros2_humble/install/launch_pytest:/home/soomi/ros2_humble/install/launch_testing:/home/soomi/ros2_humble/install/launch_yaml:/home/soomi/ros2_humble/install/launch_xml:/home/soomi/ros2_humble/install/launch:/home/soomi/ros2_humble/install/osrf_pycommon:/home/soomi/ros2_humble/install/domain_coordinator:/home/soomi/ros2_humble/install/ament_xmllint:/home/soomi/ros2_humble/install/ament_pyflakes:/home/soomi/ros2_humble/install/ament_pycodestyle:/home/soomi/ros2_humble/install/ament_pep257:/home/soomi/ros2_humble/install/ament_pclint:/home/soomi/ros2_humble/install/ament_package:/home/soomi/ros2_humble/install/ament_mypy:/home/soomi/ros2_humble/install/ament_lint_cmake:/home/soomi/ros2_humble/install/ament_flake8:/home/soomi/ros2_humble/install/ament_copyright:/home/soomi/ros2_humble/install/ament_lint:/home/soomi/ros2_humble/install/ament_index_python:/home/soomi/ros2_humble/install/ament_cpplint:/home/soomi/ros2_humble/install/ament_cppcheck:/home/soomi/ros2_humble/install/ament_clang_tidy:/home/soomi/ros2_humble/install/ament_clang_format /usr/bin/cmake /home/soomi/project3/computer/src/custom_msgs -DAMENT_CMAKE_SYMLINK_INSTALL=1 -DCMAKE_INSTALL_PREFIX=/home/soomi/project3/computer/install/custom_msgs
[0.151s] -- The C compiler identification is GNU 11.4.0
[0.223s] -- The CXX compiler identification is GNU 11.4.0
[0.234s] -- Detecting C compiler ABI info
[0.375s] -- Detecting C compiler ABI info - done
[0.383s] -- Check for working C compiler: /usr/bin/cc - skipped
[0.383s] -- Detecting C compile features
[0.384s] -- Detecting C compile features - done
[0.388s] -- Detecting CXX compiler ABI info
[0.528s] -- Detecting CXX compiler ABI info - done
[0.541s] -- Check for working CXX compiler: /usr/bin/c++ - skipped
[0.541s] -- Detecting CXX compile features
[0.542s] -- Detecting CXX compile features - done
[0.562s] -- Found ament_cmake: 1.3.10 (/home/soomi/ros2_humble/install/ament_cmake/share/ament_cmake/cmake)
[1.142s] -- Found Python3: /usr/bin/python3 (found version "3.10.12") found components: Interpreter 
[1.310s] -- Override CMake install command with custom implementation using symlinks instead of copying resources
[1.515s] -- Found rosidl_default_generators: 1.2.0 (/home/soomi/ros2_humble/install/rosidl_default_generators/share/rosidl_default_generators/cmake)
[1.634s] -- Using all available rosidl_typesupport_c: rosidl_typesupport_introspection_c;rosidl_typesupport_fastrtps_c
[1.667s] -- Found rosidl_adapter: 3.1.5 (/home/soomi/ros2_humble/install/rosidl_adapter/share/rosidl_adapter/cmake)
[1.824s] -- Using all available rosidl_typesupport_cpp: rosidl_typesupport_introspection_cpp;rosidl_typesupport_fastrtps_cpp
[1.908s] -- Found std_msgs: 4.2.4 (/home/soomi/ros2_humble/install/std_msgs/share/std_msgs/cmake)
[2.885s] -- Found ament_cmake_ros: 0.10.0 (/home/soomi/ros2_humble/install/ament_cmake_ros/share/ament_cmake_ros/cmake)
[3.296s] -- Using all available rosidl_typesupport_c: rosidl_typesupport_introspection_c;rosidl_typesupport_fastrtps_c
[4.003s] -- Using all available rosidl_typesupport_cpp: rosidl_typesupport_introspection_cpp;rosidl_typesupport_fastrtps_cpp
[4.071s] -- Found PythonInterp: /usr/bin/python3 (found suitable version "3.10.12", minimum required is "3.6") 
[4.081s] -- Found python_cmake_module: 0.10.0 (/home/soomi/ros2_humble/install/python_cmake_module/share/python_cmake_module/cmake)
[4.158s] -- Found PythonLibs: /usr/lib/x86_64-linux-gnu/libpython3.10.so (found suitable version "3.10.12", minimum required is "3.5") 
[4.158s] -- Using PYTHON_EXECUTABLE: /usr/bin/python3
[4.158s] -- Using PYTHON_INCLUDE_DIRS: /usr/include/python3.10
[4.158s] -- Using PYTHON_LIBRARIES: /usr/lib/x86_64-linux-gnu/libpython3.10.so
[4.223s] -- Found PythonExtra: .so  
[4.714s] -- Found ament_lint_auto: 0.12.11 (/home/soomi/ros2_humble/install/ament_lint_auto/share/ament_lint_auto/cmake)
[4.797s] -- Added test 'lint_cmake' to check CMake code style
[4.801s] -- Added test 'xmllint' to check XML markup files
[4.810s] -- Configuring done
[4.845s] -- Generating done
[4.847s] -- Build files have been written to: /home/soomi/project3/computer/build/custom_msgs
[4.856s] Invoked command in '/home/soomi/project3/computer/build/custom_msgs' returned '0': CMAKE_PREFIX_PATH=${CMAKE_PREFIX_PATH}:/home/soomi/ros2_humble/install/rqt_bag_plugins:/home/soomi/ros2_humble/install/rqt_bag:/home/soomi/ros2_humble/install/launch_testing_examples:/home/soomi/ros2_humble/install/ros2bag:/home/soomi/ros2_humble/install/tracetools_test:/home/soomi/ros2_humble/install/tracetools_launch:/home/soomi/ros2_humble/install/topic_monitor:/home/soomi/ros2_humble/install/tf2_tools:/home/soomi/ros2_humble/install/examples_tf2_py:/home/soomi/ros2_humble/install/tf2_ros_py:/home/soomi/ros2_humble/install/sros2:/home/soomi/ros2_humble/install/rqt_topic:/home/soomi/ros2_humble/install/rqt_srv:/home/soomi/ros2_humble/install/rqt_shell:/home/soomi/ros2_humble/install/rqt_service_caller:/home/soomi/ros2_humble/install/rqt_reconfigure:/home/soomi/ros2_humble/install/rqt_py_console:/home/soomi/ros2_humble/install/rqt_publisher:/home/soomi/ros2_humble/install/rqt_plot:/home/soomi/ros2_humble/install/rqt_action:/home/soomi/ros2_humble/install/rqt_msg:/home/soomi/ros2_humble/install/rqt_console:/home/soomi/ros2_humble/install/rqt:/home/soomi/ros2_humble/install/rqt_graph:/home/soomi/ros2_humble/install/rqt_gui_py:/home/soomi/ros2_humble/install/rqt_gui:/home/soomi/ros2_humble/install/ros2trace:/home/soomi/ros2_humble/install/ros2topic:/home/soomi/ros2_humble/install/ros2test:/home/soomi/ros2_humble/install/ros2component:/home/soomi/ros2_humble/install/ros2param:/home/soomi/ros2_humble/install/ros2lifecycle:/home/soomi/ros2_humble/install/ros2service:/home/soomi/ros2_humble/install/ros2run:/home/soomi/ros2_humble/install/ros2launch:/home/soomi/ros2_humble/install/ros2pkg:/home/soomi/ros2_humble/install/ros2node:/home/soomi/ros2_humble/install/ros2multicast:/home/soomi/ros2_humble/install/ros2interface:/home/soomi/ros2_humble/install/ros2doctor:/home/soomi/ros2_humble/install/ros2action:/home/soomi/ros2_humble/install/ros2cli:/home/soomi/ros2_humble/install/quality_of_service_demo_py:/home/soomi/ros2_humble/install/lifecycle_py:/home/soomi/ros2_humble/install/launch_testing_ros:/home/soomi/ros2_humble/install/launch_ros:/home/soomi/ros2_humble/install/examples_rclpy_pointcloud_publisher:/home/soomi/ros2_humble/install/examples_rclpy_minimal_subscriber:/home/soomi/ros2_humble/install/examples_rclpy_minimal_service:/home/soomi/ros2_humble/install/examples_rclpy_minimal_publisher:/home/soomi/ros2_humble/install/examples_rclpy_minimal_client:/home/soomi/ros2_humble/install/examples_rclpy_minimal_action_server:/home/soomi/ros2_humble/install/examples_rclpy_minimal_action_client:/home/soomi/ros2_humble/install/examples_rclpy_guard_conditions:/home/soomi/ros2_humble/install/examples_rclpy_executors:/home/soomi/ros2_humble/install/demo_nodes_py:/home/soomi/ros2_humble/install/bondpy:/home/soomi/ros2_humble/install/action_tutorials_py:/home/soomi/ros2_humble/install/ament_uncrustify:/home/soomi/ros2_humble/install/tracetools_trace:/home/soomi/ros2_humble/install/tracetools_read:/home/soomi/ros2_humble/install/test_tracetools_launch:/home/soomi/ros2_humble/install/test_launch_ros:/home/soomi/ros2_humble/install/sensor_msgs_py:/home/soomi/ros2_humble/install/rpyutils:/home/soomi/ros2_humble/install/rosidl_runtime_py:/home/soomi/ros2_humble/install/rosidl_cli:/home/soomi/ros2_humble/install/launch_pytest:/home/soomi/ros2_humble/install/launch_testing:/home/soomi/ros2_humble/install/launch_yaml:/home/soomi/ros2_humble/install/launch_xml:/home/soomi/ros2_humble/install/launch:/home/soomi/ros2_humble/install/osrf_pycommon:/home/soomi/ros2_humble/install/domain_coordinator:/home/soomi/ros2_humble/install/ament_xmllint:/home/soomi/ros2_humble/install/ament_pyflakes:/home/soomi/ros2_humble/install/ament_pycodestyle:/home/soomi/ros2_humble/install/ament_pep257:/home/soomi/ros2_humble/install/ament_pclint:/home/soomi/ros2_humble/install/ament_package:/home/soomi/ros2_humble/install/ament_mypy:/home/soomi/ros2_humble/install/ament_lint_cmake:/home/soomi/ros2_humble/install/ament_flake8:/home/soomi/ros2_humble/install/ament_copyright:/home/soomi/ros2_humble/install/ament_lint:/home/soomi/ros2_humble/install/ament_index_python:/home/soomi/ros2_humble/install/ament_cpplint:/home/soomi/ros2_humble/install/ament_cppcheck:/home/soomi/ros2_humble/install/ament_clang_tidy:/home/soomi/ros2_humble/install/ament_clang_format /usr/bin/cmake /home/soomi/project3/computer/src/custom_msgs -DAMENT_CMAKE_SYMLINK_INSTALL=1 -DCMAKE_INSTALL_PREFIX=/home/soomi/project3/computer/install/custom_msgs
[4.858s] Invoking command in '/home/soomi/project3/computer/build/custom_msgs': CMAKE_PREFIX_PATH=${CMAKE_PREFIX_PATH}:/home/soomi/ros2_humble/install/rqt_bag_plugins:/home/soomi/ros2_humble/install/rqt_bag:/home/soomi/ros2_humble/install/launch_testing_examples:/home/soomi/ros2_humble/install/ros2bag:/home/soomi/ros2_humble/install/tracetools_test:/home/soomi/ros2_humble/install/tracetools_launch:/home/soomi/ros2_humble/install/topic_monitor:/home/soomi/ros2_humble/install/tf2_tools:/home/soomi/ros2_humble/install/examples_tf2_py:/home/soomi/ros2_humble/install/tf2_ros_py:/home/soomi/ros2_humble/install/sros2:/home/soomi/ros2_humble/install/rqt_topic:/home/soomi/ros2_humble/install/rqt_srv:/home/soomi/ros2_humble/install/rqt_shell:/home/soomi/ros2_humble/install/rqt_service_caller:/home/soomi/ros2_humble/install/rqt_reconfigure:/home/soomi/ros2_humble/install/rqt_py_console:/home/soomi/ros2_humble/install/rqt_publisher:/home/soomi/ros2_humble/install/rqt_plot:/home/soomi/ros2_humble/install/rqt_action:/home/soomi/ros2_humble/install/rqt_msg:/home/soomi/ros2_humble/install/rqt_console:/home/soomi/ros2_humble/install/rqt:/home/soomi/ros2_humble/install/rqt_graph:/home/soomi/ros2_humble/install/rqt_gui_py:/home/soomi/ros2_humble/install/rqt_gui:/home/soomi/ros2_humble/install/ros2trace:/home/soomi/ros2_humble/install/ros2topic:/home/soomi/ros2_humble/install/ros2test:/home/soomi/ros2_humble/install/ros2component:/home/soomi/ros2_humble/install/ros2param:/home/soomi/ros2_humble/install/ros2lifecycle:/home/soomi/ros2_humble/install/ros2service:/home/soomi/ros2_humble/install/ros2run:/home/soomi/ros2_humble/install/ros2launch:/home/soomi/ros2_humble/install/ros2pkg:/home/soomi/ros2_humble/install/ros2node:/home/soomi/ros2_humble/install/ros2multicast:/home/soomi/ros2_humble/install/ros2interface:/home/soomi/ros2_humble/install/ros2doctor:/home/soomi/ros2_humble/install/ros2action:/home/soomi/ros2_humble/install/ros2cli:/home/soomi/ros2_humble/install/quality_of_service_demo_py:/home/soomi/ros2_humble/install/lifecycle_py:/home/soomi/ros2_humble/install/launch_testing_ros:/home/soomi/ros2_humble/install/launch_ros:/home/soomi/ros2_humble/install/examples_rclpy_pointcloud_publisher:/home/soomi/ros2_humble/install/examples_rclpy_minimal_subscriber:/home/soomi/ros2_humble/install/examples_rclpy_minimal_service:/home/soomi/ros2_humble/install/examples_rclpy_minimal_publisher:/home/soomi/ros2_humble/install/examples_rclpy_minimal_client:/home/soomi/ros2_humble/install/examples_rclpy_minimal_action_server:/home/soomi/ros2_humble/install/examples_rclpy_minimal_action_client:/home/soomi/ros2_humble/install/examples_rclpy_guard_conditions:/home/soomi/ros2_humble/install/examples_rclpy_executors:/home/soomi/ros2_humble/install/demo_nodes_py:/home/soomi/ros2_humble/install/bondpy:/home/soomi/ros2_humble/install/action_tutorials_py:/home/soomi/ros2_humble/install/ament_uncrustify:/home/soomi/ros2_humble/install/tracetools_trace:/home/soomi/ros2_humble/install/tracetools_read:/home/soomi/ros2_humble/install/test_tracetools_launch:/home/soomi/ros2_humble/install/test_launch_ros:/home/soomi/ros2_humble/install/sensor_msgs_py:/home/soomi/ros2_humble/install/rpyutils:/home/soomi/ros2_humble/install/rosidl_runtime_py:/home/soomi/ros2_humble/install/rosidl_cli:/home/soomi/ros2_humble/install/launch_pytest:/home/soomi/ros2_humble/install/launch_testing:/home/soomi/ros2_humble/install/launch_yaml:/home/soomi/ros2_humble/install/launch_xml:/home/soomi/ros2_humble/install/launch:/home/soomi/ros2_humble/install/osrf_pycommon:/home/soomi/ros2_humble/install/domain_coordinator:/home/soomi/ros2_humble/install/ament_xmllint:/home/soomi/ros2_humble/install/ament_pyflakes:/home/soomi/ros2_humble/install/ament_pycodestyle:/home/soomi/ros2_humble/install/ament_pep257:/home/soomi/ros2_humble/install/ament_pclint:/home/soomi/ros2_humble/install/ament_package:/home/soomi/ros2_humble/install/ament_mypy:/home/soomi/ros2_humble/install/ament_lint_cmake:/home/soomi/ros2_humble/install/ament_flake8:/home/soomi/ros2_humble/install/ament_copyright:/home/soomi/ros2_humble/install/ament_lint:/home/soomi/ros2_humble/install/ament_index_python:/home/soomi/ros2_humble/install/ament_cpplint:/home/soomi/ros2_humble/install/ament_cppcheck:/home/soomi/ros2_humble/install/ament_clang_tidy:/home/soomi/ros2_humble/install/ament_clang_format /usr/bin/cmake --build /home/soomi/project3/computer/build/custom_msgs -- -j12 -l12
[4.961s] [  1%] [34m[1mGenerating C code for ROS interfaces[0m
[4.985s] [  3%] [34m[1mGenerating C++ code for ROS interfaces[0m
[5.011s] [  3%] Built target ament_cmake_python_symlink_custom_msgs
[5.568s] running egg_info
[5.569s] creating custom_msgs.egg-info
[5.569s] writing custom_msgs.egg-info/PKG-INFO
[5.570s] writing dependency_links to custom_msgs.egg-info/dependency_links.txt
[5.570s] writing top-level names to custom_msgs.egg-info/top_level.txt
[5.576s] writing manifest file 'custom_msgs.egg-info/SOURCES.txt'
[5.578s] reading manifest file 'custom_msgs.egg-info/SOURCES.txt'
[5.578s] writing manifest file 'custom_msgs.egg-info/SOURCES.txt'
[5.622s] [  3%] Built target ament_cmake_python_build_custom_msgs_egg
[5.997s] [  3%] Built target custom_msgs__cpp
[6.030s] [  4%] [34m[1mGenerating C++ introspection for ROS interfaces[0m
[6.050s] [  6%] [34m[1mGenerating C++ type support dispatch for ROS interfaces[0m
[6.050s] [  7%] [34m[1mGenerating C++ type support for eProsima Fast-RTPS[0m
[6.386s] [  9%] [32mBuilding C object CMakeFiles/custom_msgs__rosidl_generator_c.dir/rosidl_generator_c/custom_msgs/srv/detail/receive_order__functions.c.o[0m
[6.387s] [ 11%] [32mBuilding C object CMakeFiles/custom_msgs__rosidl_generator_c.dir/rosidl_generator_c/custom_msgs/action/detail/serve__functions.c.o[0m
[6.404s] [ 15%] [32mBuilding C object CMakeFiles/custom_msgs__rosidl_generator_c.dir/rosidl_generator_c/custom_msgs/msg/detail/order_detail__functions.c.o[0m
[6.405s] [ 15%] [32mBuilding C object CMakeFiles/custom_msgs__rosidl_generator_c.dir/rosidl_generator_c/custom_msgs/msg/detail/update_status__functions.c.o[0m
[6.405s] [ 15%] [32mBuilding C object CMakeFiles/custom_msgs__rosidl_generator_c.dir/rosidl_generator_c/custom_msgs/action/detail/cook__functions.c.o[0m
[6.640s] [ 17%] [32m[1mLinking C shared library libcustom_msgs__rosidl_generator_c.so[0m
[6.760s] [ 17%] Built target custom_msgs__rosidl_generator_c
[6.805s] [ 22%] [34m[1mGenerating C type support for eProsima Fast-RTPS[0m
[6.806s] [ 22%] [34m[1mGenerating C type support dispatch for ROS interfaces[0m
[6.806s] [ 22%] [34m[1mGenerating C introspection for ROS interfaces[0m
[7.095s] [ 23%] [32mBuilding CXX object CMakeFiles/custom_msgs__rosidl_typesupport_introspection_cpp.dir/rosidl_typesupport_introspection_cpp/custom_msgs/action/detail/serve__type_support.cpp.o[0m
[7.107s] [ 28%] [32mBuilding CXX object CMakeFiles/custom_msgs__rosidl_typesupport_introspection_cpp.dir/rosidl_typesupport_introspection_cpp/custom_msgs/msg/detail/order_detail__type_support.cpp.o[0m
[7.107s] [ 28%] [32mBuilding CXX object CMakeFiles/custom_msgs__rosidl_typesupport_introspection_cpp.dir/rosidl_typesupport_introspection_cpp/custom_msgs/action/detail/cook__type_support.cpp.o[0m
[7.107s] [ 28%] [32mBuilding CXX object CMakeFiles/custom_msgs__rosidl_typesupport_introspection_cpp.dir/rosidl_typesupport_introspection_cpp/custom_msgs/msg/detail/update_status__type_support.cpp.o[0m
[7.107s] [ 30%] [32mBuilding CXX object CMakeFiles/custom_msgs__rosidl_typesupport_introspection_cpp.dir/rosidl_typesupport_introspection_cpp/custom_msgs/srv/detail/receive_order__type_support.cpp.o[0m
[7.474s] [ 31%] [32mBuilding CXX object CMakeFiles/custom_msgs__rosidl_typesupport_cpp.dir/rosidl_typesupport_cpp/custom_msgs/srv/receive_order__type_support.cpp.o[0m
[7.474s] [ 33%] [32mBuilding CXX object CMakeFiles/custom_msgs__rosidl_typesupport_cpp.dir/rosidl_typesupport_cpp/custom_msgs/msg/update_status__type_support.cpp.o[0m
[7.478s] [ 34%] [32mBuilding CXX object CMakeFiles/custom_msgs__rosidl_typesupport_cpp.dir/rosidl_typesupport_cpp/custom_msgs/msg/order_detail__type_support.cpp.o[0m
[7.529s] [ 36%] [32mBuilding CXX object CMakeFiles/custom_msgs__rosidl_typesupport_fastrtps_cpp.dir/rosidl_typesupport_fastrtps_cpp/custom_msgs/msg/detail/dds_fastrtps/update_status__type_support.cpp.o[0m
[8.142s] [ 38%] [32mBuilding CXX object CMakeFiles/custom_msgs__rosidl_typesupport_fastrtps_cpp.dir/rosidl_typesupport_fastrtps_cpp/custom_msgs/msg/detail/dds_fastrtps/order_detail__type_support.cpp.o[0m
[8.152s] [ 39%] [32mBuilding CXX object CMakeFiles/custom_msgs__rosidl_typesupport_fastrtps_cpp.dir/rosidl_typesupport_fastrtps_cpp/custom_msgs/srv/detail/dds_fastrtps/receive_order__type_support.cpp.o[0m
[8.237s] [ 41%] [32mBuilding CXX object CMakeFiles/custom_msgs__rosidl_typesupport_fastrtps_cpp.dir/rosidl_typesupport_fastrtps_cpp/custom_msgs/action/detail/dds_fastrtps/cook__type_support.cpp.o[0m
[8.287s] [ 42%] [32mBuilding CXX object CMakeFiles/custom_msgs__rosidl_typesupport_fastrtps_cpp.dir/rosidl_typesupport_fastrtps_cpp/custom_msgs/action/detail/dds_fastrtps/serve__type_support.cpp.o[0m
[8.304s] [ 44%] [32mBuilding CXX object CMakeFiles/custom_msgs__rosidl_typesupport_cpp.dir/rosidl_typesupport_cpp/custom_msgs/action/cook__type_support.cpp.o[0m
[8.362s] [ 46%] [32mBuilding CXX object CMakeFiles/custom_msgs__rosidl_typesupport_cpp.dir/rosidl_typesupport_cpp/custom_msgs/action/serve__type_support.cpp.o[0m
[8.583s] [ 49%] [32mBuilding CXX object CMakeFiles/custom_msgs__rosidl_typesupport_c.dir/rosidl_typesupport_c/custom_msgs/msg/update_status__type_support.cpp.o[0m
[8.584s] [ 49%] [32mBuilding CXX object CMakeFiles/custom_msgs__rosidl_typesupport_c.dir/rosidl_typesupport_c/custom_msgs/msg/order_detail__type_support.cpp.o[0m
[8.698s] [ 50%] [32mBuilding CXX object CMakeFiles/custom_msgs__rosidl_typesupport_c.dir/rosidl_typesupport_c/custom_msgs/srv/receive_order__type_support.cpp.o[0m
[8.732s] [ 52%] [32mBuilding CXX object CMakeFiles/custom_msgs__rosidl_typesupport_c.dir/rosidl_typesupport_c/custom_msgs/action/cook__type_support.cpp.o[0m
[8.851s] [ 53%] [32mBuilding CXX object CMakeFiles/custom_msgs__rosidl_typesupport_c.dir/rosidl_typesupport_c/custom_msgs/action/serve__type_support.cpp.o[0m
[8.901s] [ 55%] [32m[1mLinking CXX shared library libcustom_msgs__rosidl_typesupport_introspection_cpp.so[0m
[8.953s] [ 57%] [32mBuilding CXX object CMakeFiles/custom_msgs__rosidl_typesupport_fastrtps_c.dir/rosidl_typesupport_fastrtps_c/custom_msgs/msg/detail/order_detail__type_support_c.cpp.o[0m
[8.962s] [ 58%] [32mBuilding CXX object CMakeFiles/custom_msgs__rosidl_typesupport_fastrtps_c.dir/rosidl_typesupport_fastrtps_c/custom_msgs/msg/detail/update_status__type_support_c.cpp.o[0m
[8.978s] [ 60%] [32mBuilding CXX object CMakeFiles/custom_msgs__rosidl_typesupport_fastrtps_c.dir/rosidl_typesupport_fastrtps_c/custom_msgs/srv/detail/receive_order__type_support_c.cpp.o[0m
[9.008s] [ 61%] [32m[1mLinking CXX shared library libcustom_msgs__rosidl_typesupport_c.so[0m
[9.193s] [ 63%] [32mBuilding C object CMakeFiles/custom_msgs__rosidl_typesupport_introspection_c.dir/rosidl_typesupport_introspection_c/custom_msgs/msg/detail/update_status__type_support.c.o[0m
[9.198s] [ 63%] Built target custom_msgs__rosidl_typesupport_c
[9.213s] [ 63%] Built target custom_msgs__rosidl_typesupport_introspection_cpp
[9.248s] [ 65%] [32mBuilding C object CMakeFiles/custom_msgs__rosidl_typesupport_introspection_c.dir/rosidl_typesupport_introspection_c/custom_msgs/msg/detail/order_detail__type_support.c.o[0m
[9.269s] [ 66%] [32mBuilding C object CMakeFiles/custom_msgs__rosidl_typesupport_introspection_c.dir/rosidl_typesupport_introspection_c/custom_msgs/srv/detail/receive_order__type_support.c.o[0m
[9.341s] [ 68%] [32mBuilding CXX object CMakeFiles/custom_msgs__rosidl_typesupport_fastrtps_c.dir/rosidl_typesupport_fastrtps_c/custom_msgs/action/detail/cook__type_support_c.cpp.o[0m
[9.353s] [ 69%] [32mBuilding CXX object CMakeFiles/custom_msgs__rosidl_typesupport_fastrtps_c.dir/rosidl_typesupport_fastrtps_c/custom_msgs/action/detail/serve__type_support_c.cpp.o[0m
[9.382s] [ 71%] [32mBuilding C object CMakeFiles/custom_msgs__rosidl_typesupport_introspection_c.dir/rosidl_typesupport_introspection_c/custom_msgs/action/detail/cook__type_support.c.o[0m
[9.444s] [ 73%] [32mBuilding C object CMakeFiles/custom_msgs__rosidl_typesupport_introspection_c.dir/rosidl_typesupport_introspection_c/custom_msgs/action/detail/serve__type_support.c.o[0m
[9.594s] [ 74%] [32m[1mLinking C shared library libcustom_msgs__rosidl_typesupport_introspection_c.so[0m
[9.671s] [ 74%] Built target custom_msgs__rosidl_typesupport_introspection_c
[9.728s] [ 76%] [32m[1mLinking CXX shared library libcustom_msgs__rosidl_typesupport_cpp.so[0m
[9.847s] [ 76%] Built target custom_msgs__rosidl_typesupport_cpp
[9.853s] [ 77%] [32m[1mLinking CXX shared library libcustom_msgs__rosidl_typesupport_fastrtps_cpp.so[0m
[10.071s] [ 77%] Built target custom_msgs__rosidl_typesupport_fastrtps_cpp
[10.107s] [ 79%] [32m[1mLinking CXX shared library libcustom_msgs__rosidl_typesupport_fastrtps_c.so[0m
[10.216s] [ 79%] Built target custom_msgs__rosidl_typesupport_fastrtps_c
[10.273s] [ 79%] Built target custom_msgs
[10.328s] [ 80%] [34m[1mGenerating Python code for ROS interfaces[0m
[11.452s] [ 80%] Built target custom_msgs__py
[11.513s] [ 82%] [32mBuilding C object CMakeFiles/custom_msgs__rosidl_generator_py.dir/rosidl_generator_py/custom_msgs/action/_cook_s.c.o[0m
[11.522s] [ 84%] [32mBuilding C object CMakeFiles/custom_msgs__rosidl_generator_py.dir/rosidl_generator_py/custom_msgs/msg/_update_status_s.c.o[0m
[11.524s] [ 85%] [32mBuilding C object CMakeFiles/custom_msgs__rosidl_generator_py.dir/rosidl_generator_py/custom_msgs/msg/_order_detail_s.c.o[0m
[11.525s] [ 88%] [32mBuilding C object CMakeFiles/custom_msgs__rosidl_generator_py.dir/rosidl_generator_py/custom_msgs/srv/_receive_order_s.c.o[0m
[11.526s] [ 88%] [32mBuilding C object CMakeFiles/custom_msgs__rosidl_generator_py.dir/rosidl_generator_py/custom_msgs/action/_serve_s.c.o[0m
[11.764s] [ 90%] [32m[1mLinking C shared library rosidl_generator_py/custom_msgs/libcustom_msgs__rosidl_generator_py.so[0m
[11.840s] [ 90%] Built target custom_msgs__rosidl_generator_py
[11.912s] [ 92%] [32mBuilding C object CMakeFiles/custom_msgs__rosidl_typesupport_c__pyext.dir/rosidl_generator_py/custom_msgs/_custom_msgs_s.ep.rosidl_typesupport_c.c.o[0m
[11.917s] [ 93%] [32mBuilding C object CMakeFiles/custom_msgs__rosidl_typesupport_introspection_c__pyext.dir/rosidl_generator_py/custom_msgs/_custom_msgs_s.ep.rosidl_typesupport_introspection_c.c.o[0m
[11.924s] [ 95%] [32mBuilding C object CMakeFiles/custom_msgs__rosidl_typesupport_fastrtps_c__pyext.dir/rosidl_generator_py/custom_msgs/_custom_msgs_s.ep.rosidl_typesupport_fastrtps_c.c.o[0m
[12.106s] [ 96%] [32m[1mLinking C shared library rosidl_generator_py/custom_msgs/custom_msgs_s__rosidl_typesupport_fastrtps_c.cpython-310-x86_64-linux-gnu.so[0m
[12.116s] [ 98%] [32m[1mLinking C shared library rosidl_generator_py/custom_msgs/custom_msgs_s__rosidl_typesupport_c.cpython-310-x86_64-linux-gnu.so[0m
[12.177s] [100%] [32m[1mLinking C shared library rosidl_generator_py/custom_msgs/custom_msgs_s__rosidl_typesupport_introspection_c.cpython-310-x86_64-linux-gnu.so[0m
[12.212s] [100%] Built target custom_msgs__rosidl_typesupport_fastrtps_c__pyext
[12.217s] [100%] Built target custom_msgs__rosidl_typesupport_c__pyext
[12.260s] [100%] Built target custom_msgs__rosidl_typesupport_introspection_c__pyext
[12.289s] Invoked command in '/home/soomi/project3/computer/build/custom_msgs' returned '0': CMAKE_PREFIX_PATH=${CMAKE_PREFIX_PATH}:/home/soomi/ros2_humble/install/rqt_bag_plugins:/home/soomi/ros2_humble/install/rqt_bag:/home/soomi/ros2_humble/install/launch_testing_examples:/home/soomi/ros2_humble/install/ros2bag:/home/soomi/ros2_humble/install/tracetools_test:/home/soomi/ros2_humble/install/tracetools_launch:/home/soomi/ros2_humble/install/topic_monitor:/home/soomi/ros2_humble/install/tf2_tools:/home/soomi/ros2_humble/install/examples_tf2_py:/home/soomi/ros2_humble/install/tf2_ros_py:/home/soomi/ros2_humble/install/sros2:/home/soomi/ros2_humble/install/rqt_topic:/home/soomi/ros2_humble/install/rqt_srv:/home/soomi/ros2_humble/install/rqt_shell:/home/soomi/ros2_humble/install/rqt_service_caller:/home/soomi/ros2_humble/install/rqt_reconfigure:/home/soomi/ros2_humble/install/rqt_py_console:/home/soomi/ros2_humble/install/rqt_publisher:/home/soomi/ros2_humble/install/rqt_plot:/home/soomi/ros2_humble/install/rqt_action:/home/soomi/ros2_humble/install/rqt_msg:/home/soomi/ros2_humble/install/rqt_console:/home/soomi/ros2_humble/install/rqt:/home/soomi/ros2_humble/install/rqt_graph:/home/soomi/ros2_humble/install/rqt_gui_py:/home/soomi/ros2_humble/install/rqt_gui:/home/soomi/ros2_humble/install/ros2trace:/home/soomi/ros2_humble/install/ros2topic:/home/soomi/ros2_humble/install/ros2test:/home/soomi/ros2_humble/install/ros2component:/home/soomi/ros2_humble/install/ros2param:/home/soomi/ros2_humble/install/ros2lifecycle:/home/soomi/ros2_humble/install/ros2service:/home/soomi/ros2_humble/install/ros2run:/home/soomi/ros2_humble/install/ros2launch:/home/soomi/ros2_humble/install/ros2pkg:/home/soomi/ros2_humble/install/ros2node:/home/soomi/ros2_humble/install/ros2multicast:/home/soomi/ros2_humble/install/ros2interface:/home/soomi/ros2_humble/install/ros2doctor:/home/soomi/ros2_humble/install/ros2action:/home/soomi/ros2_humble/install/ros2cli:/home/soomi/ros2_humble/install/quality_of_service_demo_py:/home/soomi/ros2_humble/install/lifecycle_py:/home/soomi/ros2_humble/install/launch_testing_ros:/home/soomi/ros2_humble/install/launch_ros:/home/soomi/ros2_humble/install/examples_rclpy_pointcloud_publisher:/home/soomi/ros2_humble/install/examples_rclpy_minimal_subscriber:/home/soomi/ros2_humble/install/examples_rclpy_minimal_service:/home/soomi/ros2_humble/install/examples_rclpy_minimal_publisher:/home/soomi/ros2_humble/install/examples_rclpy_minimal_client:/home/soomi/ros2_humble/install/examples_rclpy_minimal_action_server:/home/soomi/ros2_humble/install/examples_rclpy_minimal_action_client:/home/soomi/ros2_humble/install/examples_rclpy_guard_conditions:/home/soomi/ros2_humble/install/examples_rclpy_executors:/home/soomi/ros2_humble/install/demo_nodes_py:/home/soomi/ros2_humble/install/bondpy:/home/soomi/ros2_humble/install/action_tutorials_py:/home/soomi/ros2_humble/install/ament_uncrustify:/home/soomi/ros2_humble/install/tracetools_trace:/home/soomi/ros2_humble/install/tracetools_read:/home/soomi/ros2_humble/install/test_tracetools_launch:/home/soomi/ros2_humble/install/test_launch_ros:/home/soomi/ros2_humble/install/sensor_msgs_py:/home/soomi/ros2_humble/install/rpyutils:/home/soomi/ros2_humble/install/rosidl_runtime_py:/home/soomi/ros2_humble/install/rosidl_cli:/home/soomi/ros2_humble/install/launch_pytest:/home/soomi/ros2_humble/install/launch_testing:/home/soomi/ros2_humble/install/launch_yaml:/home/soomi/ros2_humble/install/launch_xml:/home/soomi/ros2_humble/install/launch:/home/soomi/ros2_humble/install/osrf_pycommon:/home/soomi/ros2_humble/install/domain_coordinator:/home/soomi/ros2_humble/install/ament_xmllint:/home/soomi/ros2_humble/install/ament_pyflakes:/home/soomi/ros2_humble/install/ament_pycodestyle:/home/soomi/ros2_humble/install/ament_pep257:/home/soomi/ros2_humble/install/ament_pclint:/home/soomi/ros2_humble/install/ament_package:/home/soomi/ros2_humble/install/ament_mypy:/home/soomi/ros2_humble/install/ament_lint_cmake:/home/soomi/ros2_humble/install/ament_flake8:/home/soomi/ros2_humble/install/ament_copyright:/home/soomi/ros2_humble/install/ament_lint:/home/soomi/ros2_humble/install/ament_index_python:/home/soomi/ros2_humble/install/ament_cpplint:/home/soomi/ros2_humble/install/ament_cppcheck:/home/soomi/ros2_humble/install/ament_clang_tidy:/home/soomi/ros2_humble/install/ament_clang_format /usr/bin/cmake --build /home/soomi/project3/computer/build/custom_msgs -- -j12 -l12
[12.953s] Invoking command in '/home/soomi/project3/computer/build/custom_msgs': CMAKE_PREFIX_PATH=${CMAKE_PREFIX_PATH}:/home/soomi/ros2_humble/install/rqt_bag_plugins:/home/soomi/ros2_humble/install/rqt_bag:/home/soomi/ros2_humble/install/launch_testing_examples:/home/soomi/ros2_humble/install/ros2bag:/home/soomi/ros2_humble/install/tracetools_test:/home/soomi/ros2_humble/install/tracetools_launch:/home/soomi/ros2_humble/install/topic_monitor:/home/soomi/ros2_humble/install/tf2_tools:/home/soomi/ros2_humble/install/examples_tf2_py:/home/soomi/ros2_humble/install/tf2_ros_py:/home/soomi/ros2_humble/install/sros2:/home/soomi/ros2_humble/install/rqt_topic:/home/soomi/ros2_humble/install/rqt_srv:/home/soomi/ros2_humble/install/rqt_shell:/home/soomi/ros2_humble/install/rqt_service_caller:/home/soomi/ros2_humble/install/rqt_reconfigure:/home/soomi/ros2_humble/install/rqt_py_console:/home/soomi/ros2_humble/install/rqt_publisher:/home/soomi/ros2_humble/install/rqt_plot:/home/soomi/ros2_humble/install/rqt_action:/home/soomi/ros2_humble/install/rqt_msg:/home/soomi/ros2_humble/install/rqt_console:/home/soomi/ros2_humble/install/rqt:/home/soomi/ros2_humble/install/rqt_graph:/home/soomi/ros2_humble/install/rqt_gui_py:/home/soomi/ros2_humble/install/rqt_gui:/home/soomi/ros2_humble/install/ros2trace:/home/soomi/ros2_humble/install/ros2topic:/home/soomi/ros2_humble/install/ros2test:/home/soomi/ros2_humble/install/ros2component:/home/soomi/ros2_humble/install/ros2param:/home/soomi/ros2_humble/install/ros2lifecycle:/home/soomi/ros2_humble/install/ros2service:/home/soomi/ros2_humble/install/ros2run:/home/soomi/ros2_humble/install/ros2launch:/home/soomi/ros2_humble/install/ros2pkg:/home/soomi/ros2_humble/install/ros2node:/home/soomi/ros2_humble/install/ros2multicast:/home/soomi/ros2_humble/install/ros2interface:/home/soomi/ros2_humble/install/ros2doctor:/home/soomi/ros2_humble/install/ros2action:/home/soomi/ros2_humble/install/ros2cli:/home/soomi/ros2_humble/install/quality_of_service_demo_py:/home/soomi/ros2_humble/install/lifecycle_py:/home/soomi/ros2_humble/install/launch_testing_ros:/home/soomi/ros2_humble/install/launch_ros:/home/soomi/ros2_humble/install/examples_rclpy_pointcloud_publisher:/home/soomi/ros2_humble/install/examples_rclpy_minimal_subscriber:/home/soomi/ros2_humble/install/examples_rclpy_minimal_service:/home/soomi/ros2_humble/install/examples_rclpy_minimal_publisher:/home/soomi/ros2_humble/install/examples_rclpy_minimal_client:/home/soomi/ros2_humble/install/examples_rclpy_minimal_action_server:/home/soomi/ros2_humble/install/examples_rclpy_minimal_action_client:/home/soomi/ros2_humble/install/examples_rclpy_guard_conditions:/home/soomi/ros2_humble/install/examples_rclpy_executors:/home/soomi/ros2_humble/install/demo_nodes_py:/home/soomi/ros2_humble/install/bondpy:/home/soomi/ros2_humble/install/action_tutorials_py:/home/soomi/ros2_humble/install/ament_uncrustify:/home/soomi/ros2_humble/install/tracetools_trace:/home/soomi/ros2_humble/install/tracetools_read:/home/soomi/ros2_humble/install/test_tracetools_launch:/home/soomi/ros2_humble/install/test_launch_ros:/home/soomi/ros2_humble/install/sensor_msgs_py:/home/soomi/ros2_humble/install/rpyutils:/home/soomi/ros2_humble/install/rosidl_runtime_py:/home/soomi/ros2_humble/install/rosidl_cli:/home/soomi/ros2_humble/install/launch_pytest:/home/soomi/ros2_humble/install/launch_testing:/home/soomi/ros2_humble/install/launch_yaml:/home/soomi/ros2_humble/install/launch_xml:/home/soomi/ros2_humble/install/launch:/home/soomi/ros2_humble/install/osrf_pycommon:/home/soomi/ros2_humble/install/domain_coordinator:/home/soomi/ros2_humble/install/ament_xmllint:/home/soomi/ros2_humble/install/ament_pyflakes:/home/soomi/ros2_humble/install/ament_pycodestyle:/home/soomi/ros2_humble/install/ament_pep257:/home/soomi/ros2_humble/install/ament_pclint:/home/soomi/ros2_humble/install/ament_package:/home/soomi/ros2_humble/install/ament_mypy:/home/soomi/ros2_humble/install/ament_lint_cmake:/home/soomi/ros2_humble/install/ament_flake8:/home/soomi/ros2_humble/install/ament_copyright:/home/soomi/ros2_humble/install/ament_lint:/home/soomi/ros2_humble/install/ament_index_python:/home/soomi/ros2_humble/install/ament_cpplint:/home/soomi/ros2_humble/install/ament_cppcheck:/home/soomi/ros2_humble/install/ament_clang_tidy:/home/soomi/ros2_humble/install/ament_clang_format /usr/bin/cmake --install /home/soomi/project3/computer/build/custom_msgs
[12.972s] -- Install configuration: ""
[12.973s] -- Execute custom install script
[12.973s] -- Symlinking: /home/soomi/project3/computer/install/custom_msgs/share/ament_index/resource_index/rosidl_interfaces/custom_msgs
[12.990s] -- Symlinking: /home/soomi/project3/computer/install/custom_msgs/include/custom_msgs/custom_msgs/action/cook.h
[13.011s] -- Symlinking: /home/soomi/project3/computer/install/custom_msgs/include/custom_msgs/custom_msgs/action/detail/cook__functions.h
[13.026s] -- Symlinking: /home/soomi/project3/computer/install/custom_msgs/include/custom_msgs/custom_msgs/action/detail/cook__struct.h
[13.044s] -- Symlinking: /home/soomi/project3/computer/install/custom_msgs/include/custom_msgs/custom_msgs/action/detail/cook__type_support.h
[13.058s] -- Symlinking: /home/soomi/project3/computer/install/custom_msgs/include/custom_msgs/custom_msgs/action/detail/serve__functions.h
[13.075s] -- Symlinking: /home/soomi/project3/computer/install/custom_msgs/include/custom_msgs/custom_msgs/action/detail/serve__struct.h
[13.096s] -- Symlinking: /home/soomi/project3/computer/install/custom_msgs/include/custom_msgs/custom_msgs/action/detail/serve__type_support.h
[13.109s] -- Symlinking: /home/soomi/project3/computer/install/custom_msgs/include/custom_msgs/custom_msgs/action/serve.h
[13.129s] -- Symlinking: /home/soomi/project3/computer/install/custom_msgs/include/custom_msgs/custom_msgs/msg/detail/order_detail__functions.h
[13.144s] -- Symlinking: /home/soomi/project3/computer/install/custom_msgs/include/custom_msgs/custom_msgs/msg/detail/order_detail__struct.h
[13.163s] -- Symlinking: /home/soomi/project3/computer/install/custom_msgs/include/custom_msgs/custom_msgs/msg/detail/order_detail__type_support.h
[13.180s] -- Symlinking: /home/soomi/project3/computer/install/custom_msgs/include/custom_msgs/custom_msgs/msg/detail/update_status__functions.h
[13.198s] -- Symlinking: /home/soomi/project3/computer/install/custom_msgs/include/custom_msgs/custom_msgs/msg/detail/update_status__struct.h
[13.218s] -- Symlinking: /home/soomi/project3/computer/install/custom_msgs/include/custom_msgs/custom_msgs/msg/detail/update_status__type_support.h
[13.232s] -- Symlinking: /home/soomi/project3/computer/install/custom_msgs/include/custom_msgs/custom_msgs/msg/order_detail.h
[13.252s] -- Symlinking: /home/soomi/project3/computer/install/custom_msgs/include/custom_msgs/custom_msgs/msg/rosidl_generator_c__visibility_control.h
[13.270s] -- Symlinking: /home/soomi/project3/computer/install/custom_msgs/include/custom_msgs/custom_msgs/msg/update_status.h
[13.291s] -- Symlinking: /home/soomi/project3/computer/install/custom_msgs/include/custom_msgs/custom_msgs/srv/detail/receive_order__functions.h
[13.312s] -- Symlinking: /home/soomi/project3/computer/install/custom_msgs/include/custom_msgs/custom_msgs/srv/detail/receive_order__struct.h
[13.330s] -- Symlinking: /home/soomi/project3/computer/install/custom_msgs/include/custom_msgs/custom_msgs/srv/detail/receive_order__type_support.h
[13.344s] -- Symlinking: /home/soomi/project3/computer/install/custom_msgs/include/custom_msgs/custom_msgs/srv/receive_order.h
[13.363s] -- Symlinking: /home/soomi/project3/computer/install/custom_msgs/share/custom_msgs/environment/library_path.sh
[13.384s] -- Symlinking: /home/soomi/project3/computer/install/custom_msgs/share/custom_msgs/environment/library_path.dsv
[13.400s] -- Symlinking: /home/soomi/project3/computer/install/custom_msgs/include/custom_msgs/custom_msgs/action/detail/cook__rosidl_typesupport_introspection_c.h
[13.421s] -- Symlinking: /home/soomi/project3/computer/install/custom_msgs/include/custom_msgs/custom_msgs/action/detail/serve__rosidl_typesupport_introspection_c.h
[13.437s] -- Symlinking: /home/soomi/project3/computer/install/custom_msgs/include/custom_msgs/custom_msgs/msg/detail/order_detail__rosidl_typesupport_introspection_c.h
[13.451s] -- Symlinking: /home/soomi/project3/computer/install/custom_msgs/include/custom_msgs/custom_msgs/msg/detail/update_status__rosidl_typesupport_introspection_c.h
[13.466s] -- Symlinking: /home/soomi/project3/computer/install/custom_msgs/include/custom_msgs/custom_msgs/msg/rosidl_typesupport_introspection_c__visibility_control.h
[13.489s] -- Symlinking: /home/soomi/project3/computer/install/custom_msgs/include/custom_msgs/custom_msgs/srv/detail/receive_order__rosidl_typesupport_introspection_c.h
[13.506s] -- Symlinking: /home/soomi/project3/computer/install/custom_msgs/include/custom_msgs/custom_msgs/action/detail/cook__rosidl_typesupport_fastrtps_c.h
[13.527s] -- Symlinking: /home/soomi/project3/computer/install/custom_msgs/include/custom_msgs/custom_msgs/action/detail/serve__rosidl_typesupport_fastrtps_c.h
[13.541s] -- Symlinking: /home/soomi/project3/computer/install/custom_msgs/include/custom_msgs/custom_msgs/msg/detail/order_detail__rosidl_typesupport_fastrtps_c.h
[13.561s] -- Symlinking: /home/soomi/project3/computer/install/custom_msgs/include/custom_msgs/custom_msgs/msg/detail/update_status__rosidl_typesupport_fastrtps_c.h
[13.578s] -- Symlinking: /home/soomi/project3/computer/install/custom_msgs/include/custom_msgs/custom_msgs/msg/rosidl_typesupport_fastrtps_c__visibility_control.h
[13.598s] -- Symlinking: /home/soomi/project3/computer/install/custom_msgs/include/custom_msgs/custom_msgs/srv/detail/receive_order__rosidl_typesupport_fastrtps_c.h
[13.619s] -- Symlinking: /home/soomi/project3/computer/install/custom_msgs/include/custom_msgs/custom_msgs/action/cook.hpp
[13.635s] -- Symlinking: /home/soomi/project3/computer/install/custom_msgs/include/custom_msgs/custom_msgs/action/detail/cook__builder.hpp
[13.655s] -- Symlinking: /home/soomi/project3/computer/install/custom_msgs/include/custom_msgs/custom_msgs/action/detail/cook__struct.hpp
[13.670s] -- Symlinking: /home/soomi/project3/computer/install/custom_msgs/include/custom_msgs/custom_msgs/action/detail/cook__traits.hpp
[13.685s] -- Symlinking: /home/soomi/project3/computer/install/custom_msgs/include/custom_msgs/custom_msgs/action/detail/cook__type_support.hpp
[13.700s] -- Symlinking: /home/soomi/project3/computer/install/custom_msgs/include/custom_msgs/custom_msgs/action/detail/serve__builder.hpp
[13.721s] -- Symlinking: /home/soomi/project3/computer/install/custom_msgs/include/custom_msgs/custom_msgs/action/detail/serve__struct.hpp
[13.734s] -- Symlinking: /home/soomi/project3/computer/install/custom_msgs/include/custom_msgs/custom_msgs/action/detail/serve__traits.hpp
[13.747s] -- Symlinking: /home/soomi/project3/computer/install/custom_msgs/include/custom_msgs/custom_msgs/action/detail/serve__type_support.hpp
[13.766s] -- Symlinking: /home/soomi/project3/computer/install/custom_msgs/include/custom_msgs/custom_msgs/action/serve.hpp
[13.784s] -- Symlinking: /home/soomi/project3/computer/install/custom_msgs/include/custom_msgs/custom_msgs/msg/detail/order_detail__builder.hpp
[13.806s] -- Symlinking: /home/soomi/project3/computer/install/custom_msgs/include/custom_msgs/custom_msgs/msg/detail/order_detail__struct.hpp
[13.822s] -- Symlinking: /home/soomi/project3/computer/install/custom_msgs/include/custom_msgs/custom_msgs/msg/detail/order_detail__traits.hpp
[13.837s] -- Symlinking: /home/soomi/project3/computer/install/custom_msgs/include/custom_msgs/custom_msgs/msg/detail/order_detail__type_support.hpp
[13.850s] -- Symlinking: /home/soomi/project3/computer/install/custom_msgs/include/custom_msgs/custom_msgs/msg/detail/update_status__builder.hpp
[13.869s] -- Symlinking: /home/soomi/project3/computer/install/custom_msgs/include/custom_msgs/custom_msgs/msg/detail/update_status__struct.hpp
[13.884s] -- Symlinking: /home/soomi/project3/computer/install/custom_msgs/include/custom_msgs/custom_msgs/msg/detail/update_status__traits.hpp
[13.906s] -- Symlinking: /home/soomi/project3/computer/install/custom_msgs/include/custom_msgs/custom_msgs/msg/detail/update_status__type_support.hpp
[13.923s] -- Symlinking: /home/soomi/project3/computer/install/custom_msgs/include/custom_msgs/custom_msgs/msg/order_detail.hpp
[13.942s] -- Symlinking: /home/soomi/project3/computer/install/custom_msgs/include/custom_msgs/custom_msgs/msg/rosidl_generator_cpp__visibility_control.hpp
[13.959s] -- Symlinking: /home/soomi/project3/computer/install/custom_msgs/include/custom_msgs/custom_msgs/msg/update_status.hpp
[13.979s] -- Symlinking: /home/soomi/project3/computer/install/custom_msgs/include/custom_msgs/custom_msgs/srv/detail/receive_order__builder.hpp
[13.995s] -- Symlinking: /home/soomi/project3/computer/install/custom_msgs/include/custom_msgs/custom_msgs/srv/detail/receive_order__struct.hpp
[14.015s] -- Symlinking: /home/soomi/project3/computer/install/custom_msgs/include/custom_msgs/custom_msgs/srv/detail/receive_order__traits.hpp
[14.033s] -- Symlinking: /home/soomi/project3/computer/install/custom_msgs/include/custom_msgs/custom_msgs/srv/detail/receive_order__type_support.hpp
[14.048s] -- Symlinking: /home/soomi/project3/computer/install/custom_msgs/include/custom_msgs/custom_msgs/srv/receive_order.hpp
[14.070s] -- Symlinking: /home/soomi/project3/computer/install/custom_msgs/include/custom_msgs/custom_msgs/action/detail/cook__rosidl_typesupport_introspection_cpp.hpp
[14.084s] -- Symlinking: /home/soomi/project3/computer/install/custom_msgs/include/custom_msgs/custom_msgs/action/detail/serve__rosidl_typesupport_introspection_cpp.hpp
[14.103s] -- Symlinking: /home/soomi/project3/computer/install/custom_msgs/include/custom_msgs/custom_msgs/msg/detail/order_detail__rosidl_typesupport_introspection_cpp.hpp
[14.120s] -- Symlinking: /home/soomi/project3/computer/install/custom_msgs/include/custom_msgs/custom_msgs/msg/detail/update_status__rosidl_typesupport_introspection_cpp.hpp
[14.140s] -- Symlinking: /home/soomi/project3/computer/install/custom_msgs/include/custom_msgs/custom_msgs/srv/detail/receive_order__rosidl_typesupport_introspection_cpp.hpp
[14.159s] -- Symlinking: /home/soomi/project3/computer/install/custom_msgs/include/custom_msgs/custom_msgs/action/detail/cook__rosidl_typesupport_fastrtps_cpp.hpp
[14.182s] -- Symlinking: /home/soomi/project3/computer/install/custom_msgs/include/custom_msgs/custom_msgs/action/detail/serve__rosidl_typesupport_fastrtps_cpp.hpp
[14.198s] -- Symlinking: /home/soomi/project3/computer/install/custom_msgs/include/custom_msgs/custom_msgs/msg/detail/order_detail__rosidl_typesupport_fastrtps_cpp.hpp
[14.227s] -- Symlinking: /home/soomi/project3/computer/install/custom_msgs/include/custom_msgs/custom_msgs/msg/detail/update_status__rosidl_typesupport_fastrtps_cpp.hpp
[14.258s] -- Symlinking: /home/soomi/project3/computer/install/custom_msgs/include/custom_msgs/custom_msgs/msg/rosidl_typesupport_fastrtps_cpp__visibility_control.h
[14.290s] -- Symlinking: /home/soomi/project3/computer/install/custom_msgs/include/custom_msgs/custom_msgs/srv/detail/receive_order__rosidl_typesupport_fastrtps_cpp.hpp
[14.319s] -- Symlinking: /home/soomi/project3/computer/install/custom_msgs/share/custom_msgs/environment/pythonpath.sh
[14.338s] -- Symlinking: /home/soomi/project3/computer/install/custom_msgs/share/custom_msgs/environment/pythonpath.dsv
[14.352s] -- Symlinking: /home/soomi/project3/computer/install/custom_msgs/local/lib/python3.10/dist-packages/custom_msgs-0.0.0-py3.10.egg-info/PKG-INFO
[14.373s] -- Symlinking: /home/soomi/project3/computer/install/custom_msgs/local/lib/python3.10/dist-packages/custom_msgs-0.0.0-py3.10.egg-info/SOURCES.txt
[14.390s] -- Symlinking: /home/soomi/project3/computer/install/custom_msgs/local/lib/python3.10/dist-packages/custom_msgs-0.0.0-py3.10.egg-info/dependency_links.txt
[14.412s] -- Symlinking: /home/soomi/project3/computer/install/custom_msgs/local/lib/python3.10/dist-packages/custom_msgs-0.0.0-py3.10.egg-info/top_level.txt
[14.431s] -- Symlinking: /home/soomi/project3/computer/install/custom_msgs/local/lib/python3.10/dist-packages/custom_msgs/__init__.py
[14.447s] -- Symlinking: /home/soomi/project3/computer/install/custom_msgs/local/lib/python3.10/dist-packages/custom_msgs/_custom_msgs_s.ep.rosidl_typesupport_c.c
[14.459s] -- Symlinking: /home/soomi/project3/computer/install/custom_msgs/local/lib/python3.10/dist-packages/custom_msgs/_custom_msgs_s.ep.rosidl_typesupport_fastrtps_c.c
[14.479s] -- Symlinking: /home/soomi/project3/computer/install/custom_msgs/local/lib/python3.10/dist-packages/custom_msgs/_custom_msgs_s.ep.rosidl_typesupport_introspection_c.c
[14.496s] -- Symlinking: /home/soomi/project3/computer/install/custom_msgs/local/lib/python3.10/dist-packages/custom_msgs/action/__init__.py
[14.518s] -- Symlinking: /home/soomi/project3/computer/install/custom_msgs/local/lib/python3.10/dist-packages/custom_msgs/action/_cook.py
[14.533s] -- Symlinking: /home/soomi/project3/computer/install/custom_msgs/local/lib/python3.10/dist-packages/custom_msgs/action/_cook_s.c
[14.553s] -- Symlinking: /home/soomi/project3/computer/install/custom_msgs/local/lib/python3.10/dist-packages/custom_msgs/action/_serve.py
[14.570s] -- Symlinking: /home/soomi/project3/computer/install/custom_msgs/local/lib/python3.10/dist-packages/custom_msgs/action/_serve_s.c
[14.590s] -- Symlinking: /home/soomi/project3/computer/install/custom_msgs/local/lib/python3.10/dist-packages/custom_msgs/custom_msgs_s__rosidl_typesupport_c.cpython-310-x86_64-linux-gnu.so
[14.608s] -- Symlinking: /home/soomi/project3/computer/install/custom_msgs/local/lib/python3.10/dist-packages/custom_msgs/custom_msgs_s__rosidl_typesupport_fastrtps_c.cpython-310-x86_64-linux-gnu.so
[14.629s] -- Symlinking: /home/soomi/project3/computer/install/custom_msgs/local/lib/python3.10/dist-packages/custom_msgs/custom_msgs_s__rosidl_typesupport_introspection_c.cpython-310-x86_64-linux-gnu.so
[14.647s] -- Symlinking: /home/soomi/project3/computer/install/custom_msgs/local/lib/python3.10/dist-packages/custom_msgs/libcustom_msgs__rosidl_generator_py.so
[14.663s] -- Symlinking: /home/soomi/project3/computer/install/custom_msgs/local/lib/python3.10/dist-packages/custom_msgs/msg/__init__.py
[14.685s] -- Symlinking: /home/soomi/project3/computer/install/custom_msgs/local/lib/python3.10/dist-packages/custom_msgs/msg/_order_detail.py
[14.705s] -- Symlinking: /home/soomi/project3/computer/install/custom_msgs/local/lib/python3.10/dist-packages/custom_msgs/msg/_order_detail_s.c
[14.720s] -- Symlinking: /home/soomi/project3/computer/install/custom_msgs/local/lib/python3.10/dist-packages/custom_msgs/msg/_update_status.py
[14.738s] -- Symlinking: /home/soomi/project3/computer/install/custom_msgs/local/lib/python3.10/dist-packages/custom_msgs/msg/_update_status_s.c
[14.752s] -- Symlinking: /home/soomi/project3/computer/install/custom_msgs/local/lib/python3.10/dist-packages/custom_msgs/srv/__init__.py
[14.771s] -- Symlinking: /home/soomi/project3/computer/install/custom_msgs/local/lib/python3.10/dist-packages/custom_msgs/srv/_receive_order.py
[14.787s] -- Symlinking: /home/soomi/project3/computer/install/custom_msgs/local/lib/python3.10/dist-packages/custom_msgs/srv/_receive_order_s.c
[14.812s] -- Up-to-date symlink: /home/soomi/project3/computer/install/custom_msgs/local/lib/python3.10/dist-packages/custom_msgs/custom_msgs_s__rosidl_typesupport_introspection_c.cpython-310-x86_64-linux-gnu.so
[14.812s] -- Up-to-date symlink: /home/soomi/project3/computer/install/custom_msgs/local/lib/python3.10/dist-packages/custom_msgs/custom_msgs_s__rosidl_typesupport_fastrtps_c.cpython-310-x86_64-linux-gnu.so
[14.813s] -- Up-to-date symlink: /home/soomi/project3/computer/install/custom_msgs/local/lib/python3.10/dist-packages/custom_msgs/custom_msgs_s__rosidl_typesupport_c.cpython-310-x86_64-linux-gnu.so
[14.813s] -- Symlinking: /home/soomi/project3/computer/install/custom_msgs/share/custom_msgs/msg/UpdateStatus.idl
[14.835s] -- Symlinking: /home/soomi/project3/computer/install/custom_msgs/share/custom_msgs/msg/OrderDetail.idl
[14.851s] -- Symlinking: /home/soomi/project3/computer/install/custom_msgs/share/custom_msgs/srv/ReceiveOrder.idl
[14.870s] -- Symlinking: /home/soomi/project3/computer/install/custom_msgs/share/custom_msgs/action/Cook.idl
[14.891s] -- Symlinking: /home/soomi/project3/computer/install/custom_msgs/share/custom_msgs/action/Serve.idl
[14.911s] -- Symlinking: /home/soomi/project3/computer/install/custom_msgs/share/custom_msgs/msg/UpdateStatus.msg
[14.931s] -- Symlinking: /home/soomi/project3/computer/install/custom_msgs/share/custom_msgs/msg/OrderDetail.msg
[14.945s] -- Symlinking: /home/soomi/project3/computer/install/custom_msgs/share/custom_msgs/srv/ReceiveOrder.srv
[14.962s] -- Symlinking: /home/soomi/project3/computer/install/custom_msgs/share/custom_msgs/srv/ReceiveOrder_Request.msg
[14.984s] -- Symlinking: /home/soomi/project3/computer/install/custom_msgs/share/custom_msgs/srv/ReceiveOrder_Response.msg
[15.007s] -- Symlinking: /home/soomi/project3/computer/install/custom_msgs/share/custom_msgs/action/Cook.action
[15.024s] -- Symlinking: /home/soomi/project3/computer/install/custom_msgs/share/custom_msgs/action/Serve.action
[15.044s] -- Symlinking: /home/soomi/project3/computer/install/custom_msgs/share/ament_index/resource_index/package_run_dependencies/custom_msgs
[15.059s] -- Symlinking: /home/soomi/project3/computer/install/custom_msgs/share/ament_index/resource_index/parent_prefix_path/custom_msgs
[15.079s] -- Symlinking: /home/soomi/project3/computer/install/custom_msgs/share/custom_msgs/environment/ament_prefix_path.sh
[15.098s] -- Symlinking: /home/soomi/project3/computer/install/custom_msgs/share/custom_msgs/environment/ament_prefix_path.dsv
[15.117s] -- Symlinking: /home/soomi/project3/computer/install/custom_msgs/share/custom_msgs/environment/path.sh
[15.136s] -- Symlinking: /home/soomi/project3/computer/install/custom_msgs/share/custom_msgs/environment/path.dsv
[15.153s] -- Symlinking: /home/soomi/project3/computer/install/custom_msgs/share/custom_msgs/local_setup.bash
[15.173s] -- Symlinking: /home/soomi/project3/computer/install/custom_msgs/share/custom_msgs/local_setup.sh
[15.190s] -- Symlinking: /home/soomi/project3/computer/install/custom_msgs/share/custom_msgs/local_setup.zsh
[15.213s] -- Symlinking: /home/soomi/project3/computer/install/custom_msgs/share/custom_msgs/local_setup.dsv
[15.231s] -- Symlinking: /home/soomi/project3/computer/install/custom_msgs/share/custom_msgs/package.dsv
[15.251s] -- Symlinking: /home/soomi/project3/computer/install/custom_msgs/share/ament_index/resource_index/packages/custom_msgs
[15.267s] -- Symlinking: /home/soomi/project3/computer/install/custom_msgs/share/custom_msgs/cmake/rosidl_cmake-extras.cmake
[15.287s] -- Symlinking: /home/soomi/project3/computer/install/custom_msgs/share/custom_msgs/cmake/ament_cmake_export_dependencies-extras.cmake
[15.306s] -- Symlinking: /home/soomi/project3/computer/install/custom_msgs/share/custom_msgs/cmake/ament_cmake_export_include_directories-extras.cmake
[15.329s] -- Symlinking: /home/soomi/project3/computer/install/custom_msgs/share/custom_msgs/cmake/ament_cmake_export_libraries-extras.cmake
[15.343s] -- Symlinking: /home/soomi/project3/computer/install/custom_msgs/share/custom_msgs/cmake/ament_cmake_export_targets-extras.cmake
[15.363s] -- Symlinking: /home/soomi/project3/computer/install/custom_msgs/share/custom_msgs/cmake/rosidl_cmake_export_typesupport_targets-extras.cmake
[15.377s] -- Symlinking: /home/soomi/project3/computer/install/custom_msgs/share/custom_msgs/cmake/rosidl_cmake_export_typesupport_libraries-extras.cmake
[15.393s] -- Symlinking: /home/soomi/project3/computer/install/custom_msgs/share/custom_msgs/cmake/custom_msgsConfig.cmake
[15.415s] -- Symlinking: /home/soomi/project3/computer/install/custom_msgs/share/custom_msgs/cmake/custom_msgsConfig-version.cmake
[15.435s] -- Symlinking: /home/soomi/project3/computer/install/custom_msgs/share/custom_msgs/package.xml
[15.457s] -- Installing: /home/soomi/project3/computer/install/custom_msgs/lib/libcustom_msgs__rosidl_generator_c.so
[15.457s] -- Set runtime path of "/home/soomi/project3/computer/install/custom_msgs/lib/libcustom_msgs__rosidl_generator_c.so" to ""
[15.457s] -- Installing: /home/soomi/project3/computer/install/custom_msgs/lib/libcustom_msgs__rosidl_typesupport_introspection_c.so
[15.457s] -- Set runtime path of "/home/soomi/project3/computer/install/custom_msgs/lib/libcustom_msgs__rosidl_typesupport_introspection_c.so" to ""
[15.458s] -- Installing: /home/soomi/project3/computer/install/custom_msgs/lib/libcustom_msgs__rosidl_typesupport_fastrtps_c.so
[15.458s] -- Set runtime path of "/home/soomi/project3/computer/install/custom_msgs/lib/libcustom_msgs__rosidl_typesupport_fastrtps_c.so" to ""
[15.458s] -- Installing: /home/soomi/project3/computer/install/custom_msgs/lib/libcustom_msgs__rosidl_typesupport_c.so
[15.458s] -- Set runtime path of "/home/soomi/project3/computer/install/custom_msgs/lib/libcustom_msgs__rosidl_typesupport_c.so" to ""
[15.458s] -- Installing: /home/soomi/project3/computer/install/custom_msgs/lib/libcustom_msgs__rosidl_typesupport_introspection_cpp.so
[15.458s] -- Set runtime path of "/home/soomi/project3/computer/install/custom_msgs/lib/libcustom_msgs__rosidl_typesupport_introspection_cpp.so" to ""
[15.458s] -- Installing: /home/soomi/project3/computer/install/custom_msgs/lib/libcustom_msgs__rosidl_typesupport_fastrtps_cpp.so
[15.459s] -- Set runtime path of "/home/soomi/project3/computer/install/custom_msgs/lib/libcustom_msgs__rosidl_typesupport_fastrtps_cpp.so" to ""
[15.459s] -- Installing: /home/soomi/project3/computer/install/custom_msgs/lib/libcustom_msgs__rosidl_typesupport_cpp.so
[15.459s] -- Set runtime path of "/home/soomi/project3/computer/install/custom_msgs/lib/libcustom_msgs__rosidl_typesupport_cpp.so" to ""
[15.583s] Listing '/home/soomi/project3/computer/install/custom_msgs/local/lib/python3.10/dist-packages/custom_msgs'...
[15.583s] Compiling '/home/soomi/project3/computer/install/custom_msgs/local/lib/python3.10/dist-packages/custom_msgs/__init__.py'...
[15.583s] Listing '/home/soomi/project3/computer/install/custom_msgs/local/lib/python3.10/dist-packages/custom_msgs/action'...
[15.583s] Compiling '/home/soomi/project3/computer/install/custom_msgs/local/lib/python3.10/dist-packages/custom_msgs/action/__init__.py'...
[15.583s] Compiling '/home/soomi/project3/computer/install/custom_msgs/local/lib/python3.10/dist-packages/custom_msgs/action/_cook.py'...
[15.583s] Compiling '/home/soomi/project3/computer/install/custom_msgs/local/lib/python3.10/dist-packages/custom_msgs/action/_serve.py'...
[15.583s] Listing '/home/soomi/project3/computer/install/custom_msgs/local/lib/python3.10/dist-packages/custom_msgs/msg'...
[15.583s] Compiling '/home/soomi/project3/computer/install/custom_msgs/local/lib/python3.10/dist-packages/custom_msgs/msg/__init__.py'...
[15.583s] Compiling '/home/soomi/project3/computer/install/custom_msgs/local/lib/python3.10/dist-packages/custom_msgs/msg/_order_detail.py'...
[15.583s] Compiling '/home/soomi/project3/computer/install/custom_msgs/local/lib/python3.10/dist-packages/custom_msgs/msg/_update_status.py'...
[15.583s] Listing '/home/soomi/project3/computer/install/custom_msgs/local/lib/python3.10/dist-packages/custom_msgs/srv'...
[15.583s] Compiling '/home/soomi/project3/computer/install/custom_msgs/local/lib/python3.10/dist-packages/custom_msgs/srv/__init__.py'...
[15.583s] Compiling '/home/soomi/project3/computer/install/custom_msgs/local/lib/python3.10/dist-packages/custom_msgs/srv/_receive_order.py'...
[15.587s] -- Installing: /home/soomi/project3/computer/install/custom_msgs/lib/libcustom_msgs__rosidl_generator_py.so
[15.587s] -- Set runtime path of "/home/soomi/project3/computer/install/custom_msgs/lib/libcustom_msgs__rosidl_generator_py.so" to ""
[15.587s] -- Installing: /home/soomi/project3/computer/install/custom_msgs/share/custom_msgs/cmake/export_custom_msgs__rosidl_generator_cExport.cmake
[15.588s] -- Installing: /home/soomi/project3/computer/install/custom_msgs/share/custom_msgs/cmake/export_custom_msgs__rosidl_generator_cExport-noconfig.cmake
[15.588s] -- Installing: /home/soomi/project3/computer/install/custom_msgs/share/custom_msgs/cmake/custom_msgs__rosidl_typesupport_introspection_cExport.cmake
[15.588s] -- Installing: /home/soomi/project3/computer/install/custom_msgs/share/custom_msgs/cmake/custom_msgs__rosidl_typesupport_introspection_cExport-noconfig.cmake
[15.588s] -- Installing: /home/soomi/project3/computer/install/custom_msgs/share/custom_msgs/cmake/export_custom_msgs__rosidl_typesupport_fastrtps_cExport.cmake
[15.588s] -- Installing: /home/soomi/project3/computer/install/custom_msgs/share/custom_msgs/cmake/export_custom_msgs__rosidl_typesupport_fastrtps_cExport-noconfig.cmake
[15.588s] -- Installing: /home/soomi/project3/computer/install/custom_msgs/share/custom_msgs/cmake/custom_msgs__rosidl_typesupport_cExport.cmake
[15.588s] -- Installing: /home/soomi/project3/computer/install/custom_msgs/share/custom_msgs/cmake/custom_msgs__rosidl_typesupport_cExport-noconfig.cmake
[15.589s] -- Installing: /home/soomi/project3/computer/install/custom_msgs/share/custom_msgs/cmake/export_custom_msgs__rosidl_generator_cppExport.cmake
[15.589s] -- Installing: /home/soomi/project3/computer/install/custom_msgs/share/custom_msgs/cmake/custom_msgs__rosidl_typesupport_introspection_cppExport.cmake
[15.589s] -- Installing: /home/soomi/project3/computer/install/custom_msgs/share/custom_msgs/cmake/custom_msgs__rosidl_typesupport_introspection_cppExport-noconfig.cmake
[15.589s] -- Installing: /home/soomi/project3/computer/install/custom_msgs/share/custom_msgs/cmake/export_custom_msgs__rosidl_typesupport_fastrtps_cppExport.cmake
[15.589s] -- Installing: /home/soomi/project3/computer/install/custom_msgs/share/custom_msgs/cmake/export_custom_msgs__rosidl_typesupport_fastrtps_cppExport-noconfig.cmake
[15.589s] -- Installing: /home/soomi/project3/computer/install/custom_msgs/share/custom_msgs/cmake/custom_msgs__rosidl_typesupport_cppExport.cmake
[15.589s] -- Installing: /home/soomi/project3/computer/install/custom_msgs/share/custom_msgs/cmake/custom_msgs__rosidl_typesupport_cppExport-noconfig.cmake
[15.589s] -- Installing: /home/soomi/project3/computer/install/custom_msgs/share/custom_msgs/cmake/export_custom_msgs__rosidl_generator_pyExport.cmake
[15.589s] -- Installing: /home/soomi/project3/computer/install/custom_msgs/share/custom_msgs/cmake/export_custom_msgs__rosidl_generator_pyExport-noconfig.cmake
[15.591s] Invoked command in '/home/soomi/project3/computer/build/custom_msgs' returned '0': CMAKE_PREFIX_PATH=${CMAKE_PREFIX_PATH}:/home/soomi/ros2_humble/install/rqt_bag_plugins:/home/soomi/ros2_humble/install/rqt_bag:/home/soomi/ros2_humble/install/launch_testing_examples:/home/soomi/ros2_humble/install/ros2bag:/home/soomi/ros2_humble/install/tracetools_test:/home/soomi/ros2_humble/install/tracetools_launch:/home/soomi/ros2_humble/install/topic_monitor:/home/soomi/ros2_humble/install/tf2_tools:/home/soomi/ros2_humble/install/examples_tf2_py:/home/soomi/ros2_humble/install/tf2_ros_py:/home/soomi/ros2_humble/install/sros2:/home/soomi/ros2_humble/install/rqt_topic:/home/soomi/ros2_humble/install/rqt_srv:/home/soomi/ros2_humble/install/rqt_shell:/home/soomi/ros2_humble/install/rqt_service_caller:/home/soomi/ros2_humble/install/rqt_reconfigure:/home/soomi/ros2_humble/install/rqt_py_console:/home/soomi/ros2_humble/install/rqt_publisher:/home/soomi/ros2_humble/install/rqt_plot:/home/soomi/ros2_humble/install/rqt_action:/home/soomi/ros2_humble/install/rqt_msg:/home/soomi/ros2_humble/install/rqt_console:/home/soomi/ros2_humble/install/rqt:/home/soomi/ros2_humble/install/rqt_graph:/home/soomi/ros2_humble/install/rqt_gui_py:/home/soomi/ros2_humble/install/rqt_gui:/home/soomi/ros2_humble/install/ros2trace:/home/soomi/ros2_humble/install/ros2topic:/home/soomi/ros2_humble/install/ros2test:/home/soomi/ros2_humble/install/ros2component:/home/soomi/ros2_humble/install/ros2param:/home/soomi/ros2_humble/install/ros2lifecycle:/home/soomi/ros2_humble/install/ros2service:/home/soomi/ros2_humble/install/ros2run:/home/soomi/ros2_humble/install/ros2launch:/home/soomi/ros2_humble/install/ros2pkg:/home/soomi/ros2_humble/install/ros2node:/home/soomi/ros2_humble/install/ros2multicast:/home/soomi/ros2_humble/install/ros2interface:/home/soomi/ros2_humble/install/ros2doctor:/home/soomi/ros2_humble/install/ros2action:/home/soomi/ros2_humble/install/ros2cli:/home/soomi/ros2_humble/install/quality_of_service_demo_py:/home/soomi/ros2_humble/install/lifecycle_py:/home/soomi/ros2_humble/install/launch_testing_ros:/home/soomi/ros2_humble/install/launch_ros:/home/soomi/ros2_humble/install/examples_rclpy_pointcloud_publisher:/home/soomi/ros2_humble/install/examples_rclpy_minimal_subscriber:/home/soomi/ros2_humble/install/examples_rclpy_minimal_service:/home/soomi/ros2_humble/install/examples_rclpy_minimal_publisher:/home/soomi/ros2_humble/install/examples_rclpy_minimal_client:/home/soomi/ros2_humble/install/examples_rclpy_minimal_action_server:/home/soomi/ros2_humble/install/examples_rclpy_minimal_action_client:/home/soomi/ros2_humble/install/examples_rclpy_guard_conditions:/home/soomi/ros2_humble/install/examples_rclpy_executors:/home/soomi/ros2_humble/install/demo_nodes_py:/home/soomi/ros2_humble/install/bondpy:/home/soomi/ros2_humble/install/action_tutorials_py:/home/soomi/ros2_humble/install/ament_uncrustify:/home/soomi/ros2_humble/install/tracetools_trace:/home/soomi/ros2_humble/install/tracetools_read:/home/soomi/ros2_humble/install/test_tracetools_launch:/home/soomi/ros2_humble/install/test_launch_ros:/home/soomi/ros2_humble/install/sensor_msgs_py:/home/soomi/ros2_humble/install/rpyutils:/home/soomi/ros2_humble/install/rosidl_runtime_py:/home/soomi/ros2_humble/install/rosidl_cli:/home/soomi/ros2_humble/install/launch_pytest:/home/soomi/ros2_humble/install/launch_testing:/home/soomi/ros2_humble/install/launch_yaml:/home/soomi/ros2_humble/install/launch_xml:/home/soomi/ros2_humble/install/launch:/home/soomi/ros2_humble/install/osrf_pycommon:/home/soomi/ros2_humble/install/domain_coordinator:/home/soomi/ros2_humble/install/ament_xmllint:/home/soomi/ros2_humble/install/ament_pyflakes:/home/soomi/ros2_humble/install/ament_pycodestyle:/home/soomi/ros2_humble/install/ament_pep257:/home/soomi/ros2_humble/install/ament_pclint:/home/soomi/ros2_humble/install/ament_package:/home/soomi/ros2_humble/install/ament_mypy:/home/soomi/ros2_humble/install/ament_lint_cmake:/home/soomi/ros2_humble/install/ament_flake8:/home/soomi/ros2_humble/install/ament_copyright:/home/soomi/ros2_humble/install/ament_lint:/home/soomi/ros2_humble/install/ament_index_python:/home/soomi/ros2_humble/install/ament_cpplint:/home/soomi/ros2_humble/install/ament_cppcheck:/home/soomi/ros2_humble/install/ament_clang_tidy:/home/soomi/ros2_humble/install/ament_clang_format /usr/bin/cmake --install /home/soomi/project3/computer/build/custom_msgs
