-- The C compiler identification is GNU 11.4.0
-- The CXX compiler identification is GNU 11.4.0
-- Detecting C compiler ABI info
-- Detecting C compiler ABI info - done
-- Check for working C compiler: /usr/bin/cc - skipped
-- Detecting C compile features
-- Detecting C compile features - done
-- Detecting CXX compiler ABI info
-- Detecting CXX compiler ABI info - done
-- Check for working CXX compiler: /usr/bin/c++ - skipped
-- Detecting CXX compile features
-- Detecting CXX compile features - done
-- Found ament_cmake: 1.3.10 (/home/soomi/ros2_humble/install/ament_cmake/share/ament_cmake/cmake)
-- Found Python3: /usr/bin/python3 (found version "3.10.12") found components: Interpreter 
-- Override CMake install command with custom implementation using symlinks instead of copying resources
-- Found rosidl_default_generators: 1.2.0 (/home/soomi/ros2_humble/install/rosidl_default_generators/share/rosidl_default_generators/cmake)
-- Using all available rosidl_typesupport_c: rosidl_typesupport_introspection_c;rosidl_typesupport_fastrtps_c
-- Found rosidl_adapter: 3.1.5 (/home/soomi/ros2_humble/install/rosidl_adapter/share/rosidl_adapter/cmake)
-- Using all available rosidl_typesupport_cpp: rosidl_typesupport_introspection_cpp;rosidl_typesupport_fastrtps_cpp
-- Found std_msgs: 4.2.4 (/home/soomi/ros2_humble/install/std_msgs/share/std_msgs/cmake)
-- Found ament_cmake_ros: 0.10.0 (/home/soomi/ros2_humble/install/ament_cmake_ros/share/ament_cmake_ros/cmake)
-- Using all available rosidl_typesupport_c: rosidl_typesupport_introspection_c;rosidl_typesupport_fastrtps_c
-- Using all available rosidl_typesupport_cpp: rosidl_typesupport_introspection_cpp;rosidl_typesupport_fastrtps_cpp
-- Found PythonInterp: /usr/bin/python3 (found suitable version "3.10.12", minimum required is "3.6") 
-- Found python_cmake_module: 0.10.0 (/home/soomi/ros2_humble/install/python_cmake_module/share/python_cmake_module/cmake)
-- Found PythonLibs: /usr/lib/x86_64-linux-gnu/libpython3.10.so (found suitable version "3.10.12", minimum required is "3.5") 
-- Using PYTHON_EXECUTABLE: /usr/bin/python3
-- Using PYTHON_INCLUDE_DIRS: /usr/include/python3.10
-- Using PYTHON_LIBRARIES: /usr/lib/x86_64-linux-gnu/libpython3.10.so
-- Found PythonExtra: .so  
-- Found ament_lint_auto: 0.12.11 (/home/soomi/ros2_humble/install/ament_lint_auto/share/ament_lint_auto/cmake)
-- Added test 'lint_cmake' to check CMake code style
-- Added test 'xmllint' to check XML markup files
-- Configuring done
-- Generating done
-- Build files have been written to: /home/soomi/yori/build/my_custom_msgs
[  1%] [34m[1mGenerating C code for ROS interfaces[0m
[  3%] [34m[1mGenerating C++ code for ROS interfaces[0m
[  3%] Built target ament_cmake_python_symlink_my_custom_msgs
running egg_info
creating my_custom_msgs.egg-info
writing my_custom_msgs.egg-info/PKG-INFO
writing dependency_links to my_custom_msgs.egg-info/dependency_links.txt
writing top-level names to my_custom_msgs.egg-info/top_level.txt
writing manifest file 'my_custom_msgs.egg-info/SOURCES.txt'
reading manifest file 'my_custom_msgs.egg-info/SOURCES.txt'
writing manifest file 'my_custom_msgs.egg-info/SOURCES.txt'
[  3%] Built target ament_cmake_python_build_my_custom_msgs_egg
[  5%] [32mBuilding C object CMakeFiles/my_custom_msgs__rosidl_generator_c.dir/rosidl_generator_c/my_custom_msgs/msg/detail/update_status__functions.c.o[0m
[  7%] [32mBuilding C object CMakeFiles/my_custom_msgs__rosidl_generator_c.dir/rosidl_generator_c/my_custom_msgs/action/detail/cook__functions.c.o[0m
[ 10%] [32mBuilding C object CMakeFiles/my_custom_msgs__rosidl_generator_c.dir/rosidl_generator_c/my_custom_msgs/srv/detail/receive_order__functions.c.o[0m
[ 10%] [32mBuilding C object CMakeFiles/my_custom_msgs__rosidl_generator_c.dir/rosidl_generator_c/my_custom_msgs/msg/detail/order_detail__functions.c.o[0m
[ 12%] [32m[1mLinking C shared library libmy_custom_msgs__rosidl_generator_c.so[0m
[ 12%] Built target my_custom_msgs__rosidl_generator_c
[ 14%] [34m[1mGenerating C type support dispatch for ROS interfaces[0m
[ 16%] [34m[1mGenerating C type support for eProsima Fast-RTPS[0m
[ 18%] [34m[1mGenerating C introspection for ROS interfaces[0m
[ 18%] Built target my_custom_msgs__cpp
[ 23%] [34m[1mGenerating C++ type support for eProsima Fast-RTPS[0m
[ 23%] [34m[1mGenerating C++ introspection for ROS interfaces[0m
[ 23%] [34m[1mGenerating C++ type support dispatch for ROS interfaces[0m
[ 30%] [32mBuilding CXX object CMakeFiles/my_custom_msgs__rosidl_typesupport_c.dir/rosidl_typesupport_c/my_custom_msgs/srv/receive_order__type_support.cpp.o[0m
[ 30%] [32mBuilding CXX object CMakeFiles/my_custom_msgs__rosidl_typesupport_c.dir/rosidl_typesupport_c/my_custom_msgs/msg/update_status__type_support.cpp.o[0m
[ 30%] [32mBuilding CXX object CMakeFiles/my_custom_msgs__rosidl_typesupport_c.dir/rosidl_typesupport_c/my_custom_msgs/action/cook__type_support.cpp.o[0m
[ 30%] [32mBuilding CXX object CMakeFiles/my_custom_msgs__rosidl_typesupport_c.dir/rosidl_typesupport_c/my_custom_msgs/msg/order_detail__type_support.cpp.o[0m
[ 32%] [32m[1mLinking CXX shared library libmy_custom_msgs__rosidl_typesupport_c.so[0m
[ 34%] [32mBuilding CXX object CMakeFiles/my_custom_msgs__rosidl_typesupport_fastrtps_cpp.dir/rosidl_typesupport_fastrtps_cpp/my_custom_msgs/msg/detail/dds_fastrtps/update_status__type_support.cpp.o[0m
[ 36%] [32mBuilding CXX object CMakeFiles/my_custom_msgs__rosidl_typesupport_fastrtps_cpp.dir/rosidl_typesupport_fastrtps_cpp/my_custom_msgs/action/detail/dds_fastrtps/cook__type_support.cpp.o[0m
[ 36%] Built target my_custom_msgs__rosidl_typesupport_c
[ 38%] [32mBuilding CXX object CMakeFiles/my_custom_msgs__rosidl_typesupport_fastrtps_cpp.dir/rosidl_typesupport_fastrtps_cpp/my_custom_msgs/msg/detail/dds_fastrtps/order_detail__type_support.cpp.o[0m
[ 40%] [32mBuilding CXX object CMakeFiles/my_custom_msgs__rosidl_typesupport_fastrtps_cpp.dir/rosidl_typesupport_fastrtps_cpp/my_custom_msgs/srv/detail/dds_fastrtps/receive_order__type_support.cpp.o[0m
[ 41%] [32mBuilding CXX object CMakeFiles/my_custom_msgs__rosidl_typesupport_introspection_cpp.dir/rosidl_typesupport_introspection_cpp/my_custom_msgs/msg/detail/update_status__type_support.cpp.o[0m
[ 43%] [32mBuilding CXX object CMakeFiles/my_custom_msgs__rosidl_typesupport_introspection_cpp.dir/rosidl_typesupport_introspection_cpp/my_custom_msgs/msg/detail/order_detail__type_support.cpp.o[0m
[ 47%] [32mBuilding CXX object CMakeFiles/my_custom_msgs__rosidl_typesupport_introspection_cpp.dir/rosidl_typesupport_introspection_cpp/my_custom_msgs/action/detail/cook__type_support.cpp.o[0m
[ 47%] [32mBuilding CXX object CMakeFiles/my_custom_msgs__rosidl_typesupport_introspection_cpp.dir/rosidl_typesupport_introspection_cpp/my_custom_msgs/srv/detail/receive_order__type_support.cpp.o[0m
[ 49%] [32mBuilding CXX object CMakeFiles/my_custom_msgs__rosidl_typesupport_fastrtps_c.dir/rosidl_typesupport_fastrtps_c/my_custom_msgs/msg/detail/order_detail__type_support_c.cpp.o[0m
[ 50%] [32mBuilding CXX object CMakeFiles/my_custom_msgs__rosidl_typesupport_fastrtps_c.dir/rosidl_typesupport_fastrtps_c/my_custom_msgs/msg/detail/update_status__type_support_c.cpp.o[0m
[ 52%] [32mBuilding CXX object CMakeFiles/my_custom_msgs__rosidl_typesupport_cpp.dir/rosidl_typesupport_cpp/my_custom_msgs/msg/update_status__type_support.cpp.o[0m
[ 54%] [32mBuilding CXX object CMakeFiles/my_custom_msgs__rosidl_typesupport_fastrtps_c.dir/rosidl_typesupport_fastrtps_c/my_custom_msgs/srv/detail/receive_order__type_support_c.cpp.o[0m
[ 56%] [32mBuilding C object CMakeFiles/my_custom_msgs__rosidl_typesupport_introspection_c.dir/rosidl_typesupport_introspection_c/my_custom_msgs/msg/detail/update_status__type_support.c.o[0m
[ 58%] [32mBuilding C object CMakeFiles/my_custom_msgs__rosidl_typesupport_introspection_c.dir/rosidl_typesupport_introspection_c/my_custom_msgs/msg/detail/order_detail__type_support.c.o[0m
[ 60%] [32mBuilding C object CMakeFiles/my_custom_msgs__rosidl_typesupport_introspection_c.dir/rosidl_typesupport_introspection_c/my_custom_msgs/srv/detail/receive_order__type_support.c.o[0m
[ 61%] [32mBuilding CXX object CMakeFiles/my_custom_msgs__rosidl_typesupport_cpp.dir/rosidl_typesupport_cpp/my_custom_msgs/msg/order_detail__type_support.cpp.o[0m
[ 63%] [32mBuilding C object CMakeFiles/my_custom_msgs__rosidl_typesupport_introspection_c.dir/rosidl_typesupport_introspection_c/my_custom_msgs/action/detail/cook__type_support.c.o[0m
[ 65%] [32mBuilding CXX object CMakeFiles/my_custom_msgs__rosidl_typesupport_fastrtps_c.dir/rosidl_typesupport_fastrtps_c/my_custom_msgs/action/detail/cook__type_support_c.cpp.o[0m
[ 67%] [32mBuilding CXX object CMakeFiles/my_custom_msgs__rosidl_typesupport_cpp.dir/rosidl_typesupport_cpp/my_custom_msgs/srv/receive_order__type_support.cpp.o[0m
[ 69%] [32m[1mLinking C shared library libmy_custom_msgs__rosidl_typesupport_introspection_c.so[0m
[ 70%] [32mBuilding CXX object CMakeFiles/my_custom_msgs__rosidl_typesupport_cpp.dir/rosidl_typesupport_cpp/my_custom_msgs/action/cook__type_support.cpp.o[0m
[ 70%] Built target my_custom_msgs__rosidl_typesupport_introspection_c
[ 72%] [32m[1mLinking CXX shared library libmy_custom_msgs__rosidl_typesupport_fastrtps_cpp.so[0m
[ 74%] [32m[1mLinking CXX shared library libmy_custom_msgs__rosidl_typesupport_introspection_cpp.so[0m
[ 74%] Built target my_custom_msgs__rosidl_typesupport_fastrtps_cpp
[ 74%] Built target my_custom_msgs__rosidl_typesupport_introspection_cpp
[ 76%] [32m[1mLinking CXX shared library libmy_custom_msgs__rosidl_typesupport_fastrtps_c.so[0m
[ 78%] [32m[1mLinking CXX shared library libmy_custom_msgs__rosidl_typesupport_cpp.so[0m
[ 78%] Built target my_custom_msgs__rosidl_typesupport_fastrtps_c
[ 78%] Built target my_custom_msgs__rosidl_typesupport_cpp
[ 78%] Built target my_custom_msgs
[ 80%] [34m[1mGenerating Python code for ROS interfaces[0m
[ 80%] Built target my_custom_msgs__py
[ 81%] [32mBuilding C object CMakeFiles/my_custom_msgs__rosidl_generator_py.dir/rosidl_generator_py/my_custom_msgs/msg/_update_status_s.c.o[0m
[ 83%] [32mBuilding C object CMakeFiles/my_custom_msgs__rosidl_generator_py.dir/rosidl_generator_py/my_custom_msgs/srv/_receive_order_s.c.o[0m
[ 87%] [32mBuilding C object CMakeFiles/my_custom_msgs__rosidl_generator_py.dir/rosidl_generator_py/my_custom_msgs/action/_cook_s.c.o[0m
[ 87%] [32mBuilding C object CMakeFiles/my_custom_msgs__rosidl_generator_py.dir/rosidl_generator_py/my_custom_msgs/msg/_order_detail_s.c.o[0m
[ 89%] [32m[1mLinking C shared library rosidl_generator_py/my_custom_msgs/libmy_custom_msgs__rosidl_generator_py.so[0m
[ 89%] Built target my_custom_msgs__rosidl_generator_py
[ 90%] [32mBuilding C object CMakeFiles/my_custom_msgs__rosidl_typesupport_c__pyext.dir/rosidl_generator_py/my_custom_msgs/_my_custom_msgs_s.ep.rosidl_typesupport_c.c.o[0m
[ 92%] [32mBuilding C object CMakeFiles/my_custom_msgs__rosidl_typesupport_introspection_c__pyext.dir/rosidl_generator_py/my_custom_msgs/_my_custom_msgs_s.ep.rosidl_typesupport_introspection_c.c.o[0m
[ 94%] [32mBuilding C object CMakeFiles/my_custom_msgs__rosidl_typesupport_fastrtps_c__pyext.dir/rosidl_generator_py/my_custom_msgs/_my_custom_msgs_s.ep.rosidl_typesupport_fastrtps_c.c.o[0m
[ 96%] [32m[1mLinking C shared library rosidl_generator_py/my_custom_msgs/my_custom_msgs_s__rosidl_typesupport_c.cpython-310-x86_64-linux-gnu.so[0m
[ 98%] [32m[1mLinking C shared library rosidl_generator_py/my_custom_msgs/my_custom_msgs_s__rosidl_typesupport_introspection_c.cpython-310-x86_64-linux-gnu.so[0m
[ 98%] Built target my_custom_msgs__rosidl_typesupport_c__pyext
[ 98%] Built target my_custom_msgs__rosidl_typesupport_introspection_c__pyext
[100%] [32m[1mLinking C shared library rosidl_generator_py/my_custom_msgs/my_custom_msgs_s__rosidl_typesupport_fastrtps_c.cpython-310-x86_64-linux-gnu.so[0m
[100%] Built target my_custom_msgs__rosidl_typesupport_fastrtps_c__pyext
-- Install configuration: ""
-- Execute custom install script
-- Symlinking: /home/soomi/yori/install/my_custom_msgs/share/ament_index/resource_index/rosidl_interfaces/my_custom_msgs
-- Symlinking: /home/soomi/yori/install/my_custom_msgs/include/my_custom_msgs/my_custom_msgs/action/cook.h
-- Symlinking: /home/soomi/yori/install/my_custom_msgs/include/my_custom_msgs/my_custom_msgs/action/detail/cook__functions.h
-- Symlinking: /home/soomi/yori/install/my_custom_msgs/include/my_custom_msgs/my_custom_msgs/action/detail/cook__struct.h
-- Symlinking: /home/soomi/yori/install/my_custom_msgs/include/my_custom_msgs/my_custom_msgs/action/detail/cook__type_support.h
-- Symlinking: /home/soomi/yori/install/my_custom_msgs/include/my_custom_msgs/my_custom_msgs/msg/detail/order_detail__functions.h
-- Symlinking: /home/soomi/yori/install/my_custom_msgs/include/my_custom_msgs/my_custom_msgs/msg/detail/order_detail__struct.h
-- Symlinking: /home/soomi/yori/install/my_custom_msgs/include/my_custom_msgs/my_custom_msgs/msg/detail/order_detail__type_support.h
-- Symlinking: /home/soomi/yori/install/my_custom_msgs/include/my_custom_msgs/my_custom_msgs/msg/detail/update_status__functions.h
-- Symlinking: /home/soomi/yori/install/my_custom_msgs/include/my_custom_msgs/my_custom_msgs/msg/detail/update_status__struct.h
-- Symlinking: /home/soomi/yori/install/my_custom_msgs/include/my_custom_msgs/my_custom_msgs/msg/detail/update_status__type_support.h
-- Symlinking: /home/soomi/yori/install/my_custom_msgs/include/my_custom_msgs/my_custom_msgs/msg/order_detail.h
-- Symlinking: /home/soomi/yori/install/my_custom_msgs/include/my_custom_msgs/my_custom_msgs/msg/rosidl_generator_c__visibility_control.h
-- Symlinking: /home/soomi/yori/install/my_custom_msgs/include/my_custom_msgs/my_custom_msgs/msg/update_status.h
-- Symlinking: /home/soomi/yori/install/my_custom_msgs/include/my_custom_msgs/my_custom_msgs/srv/detail/receive_order__functions.h
-- Symlinking: /home/soomi/yori/install/my_custom_msgs/include/my_custom_msgs/my_custom_msgs/srv/detail/receive_order__struct.h
-- Symlinking: /home/soomi/yori/install/my_custom_msgs/include/my_custom_msgs/my_custom_msgs/srv/detail/receive_order__type_support.h
-- Symlinking: /home/soomi/yori/install/my_custom_msgs/include/my_custom_msgs/my_custom_msgs/srv/receive_order.h
-- Symlinking: /home/soomi/yori/install/my_custom_msgs/share/my_custom_msgs/environment/library_path.sh
-- Symlinking: /home/soomi/yori/install/my_custom_msgs/share/my_custom_msgs/environment/library_path.dsv
-- Symlinking: /home/soomi/yori/install/my_custom_msgs/include/my_custom_msgs/my_custom_msgs/action/detail/cook__rosidl_typesupport_introspection_c.h
-- Symlinking: /home/soomi/yori/install/my_custom_msgs/include/my_custom_msgs/my_custom_msgs/msg/detail/order_detail__rosidl_typesupport_introspection_c.h
-- Symlinking: /home/soomi/yori/install/my_custom_msgs/include/my_custom_msgs/my_custom_msgs/msg/detail/update_status__rosidl_typesupport_introspection_c.h
-- Symlinking: /home/soomi/yori/install/my_custom_msgs/include/my_custom_msgs/my_custom_msgs/msg/rosidl_typesupport_introspection_c__visibility_control.h
-- Symlinking: /home/soomi/yori/install/my_custom_msgs/include/my_custom_msgs/my_custom_msgs/srv/detail/receive_order__rosidl_typesupport_introspection_c.h
-- Symlinking: /home/soomi/yori/install/my_custom_msgs/include/my_custom_msgs/my_custom_msgs/action/detail/cook__rosidl_typesupport_fastrtps_c.h
-- Symlinking: /home/soomi/yori/install/my_custom_msgs/include/my_custom_msgs/my_custom_msgs/msg/detail/order_detail__rosidl_typesupport_fastrtps_c.h
-- Symlinking: /home/soomi/yori/install/my_custom_msgs/include/my_custom_msgs/my_custom_msgs/msg/detail/update_status__rosidl_typesupport_fastrtps_c.h
-- Symlinking: /home/soomi/yori/install/my_custom_msgs/include/my_custom_msgs/my_custom_msgs/msg/rosidl_typesupport_fastrtps_c__visibility_control.h
-- Symlinking: /home/soomi/yori/install/my_custom_msgs/include/my_custom_msgs/my_custom_msgs/srv/detail/receive_order__rosidl_typesupport_fastrtps_c.h
-- Symlinking: /home/soomi/yori/install/my_custom_msgs/include/my_custom_msgs/my_custom_msgs/action/cook.hpp
-- Symlinking: /home/soomi/yori/install/my_custom_msgs/include/my_custom_msgs/my_custom_msgs/action/detail/cook__builder.hpp
-- Symlinking: /home/soomi/yori/install/my_custom_msgs/include/my_custom_msgs/my_custom_msgs/action/detail/cook__struct.hpp
-- Symlinking: /home/soomi/yori/install/my_custom_msgs/include/my_custom_msgs/my_custom_msgs/action/detail/cook__traits.hpp
-- Symlinking: /home/soomi/yori/install/my_custom_msgs/include/my_custom_msgs/my_custom_msgs/action/detail/cook__type_support.hpp
-- Symlinking: /home/soomi/yori/install/my_custom_msgs/include/my_custom_msgs/my_custom_msgs/msg/detail/order_detail__builder.hpp
-- Symlinking: /home/soomi/yori/install/my_custom_msgs/include/my_custom_msgs/my_custom_msgs/msg/detail/order_detail__struct.hpp
-- Symlinking: /home/soomi/yori/install/my_custom_msgs/include/my_custom_msgs/my_custom_msgs/msg/detail/order_detail__traits.hpp
-- Symlinking: /home/soomi/yori/install/my_custom_msgs/include/my_custom_msgs/my_custom_msgs/msg/detail/order_detail__type_support.hpp
-- Symlinking: /home/soomi/yori/install/my_custom_msgs/include/my_custom_msgs/my_custom_msgs/msg/detail/update_status__builder.hpp
-- Symlinking: /home/soomi/yori/install/my_custom_msgs/include/my_custom_msgs/my_custom_msgs/msg/detail/update_status__struct.hpp
-- Symlinking: /home/soomi/yori/install/my_custom_msgs/include/my_custom_msgs/my_custom_msgs/msg/detail/update_status__traits.hpp
-- Symlinking: /home/soomi/yori/install/my_custom_msgs/include/my_custom_msgs/my_custom_msgs/msg/detail/update_status__type_support.hpp
-- Symlinking: /home/soomi/yori/install/my_custom_msgs/include/my_custom_msgs/my_custom_msgs/msg/order_detail.hpp
-- Symlinking: /home/soomi/yori/install/my_custom_msgs/include/my_custom_msgs/my_custom_msgs/msg/rosidl_generator_cpp__visibility_control.hpp
-- Symlinking: /home/soomi/yori/install/my_custom_msgs/include/my_custom_msgs/my_custom_msgs/msg/update_status.hpp
-- Symlinking: /home/soomi/yori/install/my_custom_msgs/include/my_custom_msgs/my_custom_msgs/srv/detail/receive_order__builder.hpp
-- Symlinking: /home/soomi/yori/install/my_custom_msgs/include/my_custom_msgs/my_custom_msgs/srv/detail/receive_order__struct.hpp
-- Symlinking: /home/soomi/yori/install/my_custom_msgs/include/my_custom_msgs/my_custom_msgs/srv/detail/receive_order__traits.hpp
-- Symlinking: /home/soomi/yori/install/my_custom_msgs/include/my_custom_msgs/my_custom_msgs/srv/detail/receive_order__type_support.hpp
-- Symlinking: /home/soomi/yori/install/my_custom_msgs/include/my_custom_msgs/my_custom_msgs/srv/receive_order.hpp
-- Symlinking: /home/soomi/yori/install/my_custom_msgs/include/my_custom_msgs/my_custom_msgs/action/detail/cook__rosidl_typesupport_introspection_cpp.hpp
-- Symlinking: /home/soomi/yori/install/my_custom_msgs/include/my_custom_msgs/my_custom_msgs/msg/detail/order_detail__rosidl_typesupport_introspection_cpp.hpp
-- Symlinking: /home/soomi/yori/install/my_custom_msgs/include/my_custom_msgs/my_custom_msgs/msg/detail/update_status__rosidl_typesupport_introspection_cpp.hpp
-- Symlinking: /home/soomi/yori/install/my_custom_msgs/include/my_custom_msgs/my_custom_msgs/srv/detail/receive_order__rosidl_typesupport_introspection_cpp.hpp
-- Symlinking: /home/soomi/yori/install/my_custom_msgs/include/my_custom_msgs/my_custom_msgs/action/detail/cook__rosidl_typesupport_fastrtps_cpp.hpp
-- Symlinking: /home/soomi/yori/install/my_custom_msgs/include/my_custom_msgs/my_custom_msgs/msg/detail/order_detail__rosidl_typesupport_fastrtps_cpp.hpp
-- Symlinking: /home/soomi/yori/install/my_custom_msgs/include/my_custom_msgs/my_custom_msgs/msg/detail/update_status__rosidl_typesupport_fastrtps_cpp.hpp
-- Symlinking: /home/soomi/yori/install/my_custom_msgs/include/my_custom_msgs/my_custom_msgs/msg/rosidl_typesupport_fastrtps_cpp__visibility_control.h
-- Symlinking: /home/soomi/yori/install/my_custom_msgs/include/my_custom_msgs/my_custom_msgs/srv/detail/receive_order__rosidl_typesupport_fastrtps_cpp.hpp
-- Symlinking: /home/soomi/yori/install/my_custom_msgs/share/my_custom_msgs/environment/pythonpath.sh
-- Symlinking: /home/soomi/yori/install/my_custom_msgs/share/my_custom_msgs/environment/pythonpath.dsv
-- Symlinking: /home/soomi/yori/install/my_custom_msgs/local/lib/python3.10/dist-packages/my_custom_msgs-0.0.0-py3.10.egg-info/PKG-INFO
-- Symlinking: /home/soomi/yori/install/my_custom_msgs/local/lib/python3.10/dist-packages/my_custom_msgs-0.0.0-py3.10.egg-info/SOURCES.txt
-- Symlinking: /home/soomi/yori/install/my_custom_msgs/local/lib/python3.10/dist-packages/my_custom_msgs-0.0.0-py3.10.egg-info/dependency_links.txt
-- Symlinking: /home/soomi/yori/install/my_custom_msgs/local/lib/python3.10/dist-packages/my_custom_msgs-0.0.0-py3.10.egg-info/top_level.txt
-- Symlinking: /home/soomi/yori/install/my_custom_msgs/local/lib/python3.10/dist-packages/my_custom_msgs/__init__.py
-- Symlinking: /home/soomi/yori/install/my_custom_msgs/local/lib/python3.10/dist-packages/my_custom_msgs/_my_custom_msgs_s.ep.rosidl_typesupport_c.c
-- Symlinking: /home/soomi/yori/install/my_custom_msgs/local/lib/python3.10/dist-packages/my_custom_msgs/_my_custom_msgs_s.ep.rosidl_typesupport_fastrtps_c.c
-- Symlinking: /home/soomi/yori/install/my_custom_msgs/local/lib/python3.10/dist-packages/my_custom_msgs/_my_custom_msgs_s.ep.rosidl_typesupport_introspection_c.c
-- Symlinking: /home/soomi/yori/install/my_custom_msgs/local/lib/python3.10/dist-packages/my_custom_msgs/action/__init__.py
-- Symlinking: /home/soomi/yori/install/my_custom_msgs/local/lib/python3.10/dist-packages/my_custom_msgs/action/_cook.py
-- Symlinking: /home/soomi/yori/install/my_custom_msgs/local/lib/python3.10/dist-packages/my_custom_msgs/action/_cook_s.c
-- Symlinking: /home/soomi/yori/install/my_custom_msgs/local/lib/python3.10/dist-packages/my_custom_msgs/libmy_custom_msgs__rosidl_generator_py.so
-- Symlinking: /home/soomi/yori/install/my_custom_msgs/local/lib/python3.10/dist-packages/my_custom_msgs/msg/__init__.py
-- Symlinking: /home/soomi/yori/install/my_custom_msgs/local/lib/python3.10/dist-packages/my_custom_msgs/msg/_order_detail.py
-- Symlinking: /home/soomi/yori/install/my_custom_msgs/local/lib/python3.10/dist-packages/my_custom_msgs/msg/_order_detail_s.c
-- Symlinking: /home/soomi/yori/install/my_custom_msgs/local/lib/python3.10/dist-packages/my_custom_msgs/msg/_update_status.py
-- Symlinking: /home/soomi/yori/install/my_custom_msgs/local/lib/python3.10/dist-packages/my_custom_msgs/msg/_update_status_s.c
-- Symlinking: /home/soomi/yori/install/my_custom_msgs/local/lib/python3.10/dist-packages/my_custom_msgs/my_custom_msgs_s__rosidl_typesupport_c.cpython-310-x86_64-linux-gnu.so
-- Symlinking: /home/soomi/yori/install/my_custom_msgs/local/lib/python3.10/dist-packages/my_custom_msgs/my_custom_msgs_s__rosidl_typesupport_fastrtps_c.cpython-310-x86_64-linux-gnu.so
-- Symlinking: /home/soomi/yori/install/my_custom_msgs/local/lib/python3.10/dist-packages/my_custom_msgs/my_custom_msgs_s__rosidl_typesupport_introspection_c.cpython-310-x86_64-linux-gnu.so
-- Symlinking: /home/soomi/yori/install/my_custom_msgs/local/lib/python3.10/dist-packages/my_custom_msgs/srv/__init__.py
-- Symlinking: /home/soomi/yori/install/my_custom_msgs/local/lib/python3.10/dist-packages/my_custom_msgs/srv/_receive_order.py
-- Symlinking: /home/soomi/yori/install/my_custom_msgs/local/lib/python3.10/dist-packages/my_custom_msgs/srv/_receive_order_s.c
-- Up-to-date symlink: /home/soomi/yori/install/my_custom_msgs/local/lib/python3.10/dist-packages/my_custom_msgs/my_custom_msgs_s__rosidl_typesupport_introspection_c.cpython-310-x86_64-linux-gnu.so
-- Up-to-date symlink: /home/soomi/yori/install/my_custom_msgs/local/lib/python3.10/dist-packages/my_custom_msgs/my_custom_msgs_s__rosidl_typesupport_fastrtps_c.cpython-310-x86_64-linux-gnu.so
-- Up-to-date symlink: /home/soomi/yori/install/my_custom_msgs/local/lib/python3.10/dist-packages/my_custom_msgs/my_custom_msgs_s__rosidl_typesupport_c.cpython-310-x86_64-linux-gnu.so
-- Symlinking: /home/soomi/yori/install/my_custom_msgs/share/my_custom_msgs/msg/UpdateStatus.idl
-- Symlinking: /home/soomi/yori/install/my_custom_msgs/share/my_custom_msgs/msg/OrderDetail.idl
-- Symlinking: /home/soomi/yori/install/my_custom_msgs/share/my_custom_msgs/srv/ReceiveOrder.idl
-- Symlinking: /home/soomi/yori/install/my_custom_msgs/share/my_custom_msgs/action/Cook.idl
-- Symlinking: /home/soomi/yori/install/my_custom_msgs/share/my_custom_msgs/msg/UpdateStatus.msg
-- Symlinking: /home/soomi/yori/install/my_custom_msgs/share/my_custom_msgs/msg/OrderDetail.msg
-- Symlinking: /home/soomi/yori/install/my_custom_msgs/share/my_custom_msgs/srv/ReceiveOrder.srv
-- Symlinking: /home/soomi/yori/install/my_custom_msgs/share/my_custom_msgs/srv/ReceiveOrder_Request.msg
-- Symlinking: /home/soomi/yori/install/my_custom_msgs/share/my_custom_msgs/srv/ReceiveOrder_Response.msg
-- Symlinking: /home/soomi/yori/install/my_custom_msgs/share/my_custom_msgs/action/Cook.action
-- Symlinking: /home/soomi/yori/install/my_custom_msgs/share/ament_index/resource_index/package_run_dependencies/my_custom_msgs
-- Symlinking: /home/soomi/yori/install/my_custom_msgs/share/ament_index/resource_index/parent_prefix_path/my_custom_msgs
-- Symlinking: /home/soomi/yori/install/my_custom_msgs/share/my_custom_msgs/environment/ament_prefix_path.sh
-- Symlinking: /home/soomi/yori/install/my_custom_msgs/share/my_custom_msgs/environment/ament_prefix_path.dsv
-- Symlinking: /home/soomi/yori/install/my_custom_msgs/share/my_custom_msgs/environment/path.sh
-- Symlinking: /home/soomi/yori/install/my_custom_msgs/share/my_custom_msgs/environment/path.dsv
-- Symlinking: /home/soomi/yori/install/my_custom_msgs/share/my_custom_msgs/local_setup.bash
-- Symlinking: /home/soomi/yori/install/my_custom_msgs/share/my_custom_msgs/local_setup.sh
-- Symlinking: /home/soomi/yori/install/my_custom_msgs/share/my_custom_msgs/local_setup.zsh
-- Symlinking: /home/soomi/yori/install/my_custom_msgs/share/my_custom_msgs/local_setup.dsv
-- Symlinking: /home/soomi/yori/install/my_custom_msgs/share/my_custom_msgs/package.dsv
-- Symlinking: /home/soomi/yori/install/my_custom_msgs/share/ament_index/resource_index/packages/my_custom_msgs
-- Symlinking: /home/soomi/yori/install/my_custom_msgs/share/my_custom_msgs/cmake/rosidl_cmake-extras.cmake
-- Symlinking: /home/soomi/yori/install/my_custom_msgs/share/my_custom_msgs/cmake/ament_cmake_export_dependencies-extras.cmake
-- Symlinking: /home/soomi/yori/install/my_custom_msgs/share/my_custom_msgs/cmake/ament_cmake_export_include_directories-extras.cmake
-- Symlinking: /home/soomi/yori/install/my_custom_msgs/share/my_custom_msgs/cmake/ament_cmake_export_libraries-extras.cmake
-- Symlinking: /home/soomi/yori/install/my_custom_msgs/share/my_custom_msgs/cmake/ament_cmake_export_targets-extras.cmake
-- Symlinking: /home/soomi/yori/install/my_custom_msgs/share/my_custom_msgs/cmake/rosidl_cmake_export_typesupport_targets-extras.cmake
-- Symlinking: /home/soomi/yori/install/my_custom_msgs/share/my_custom_msgs/cmake/rosidl_cmake_export_typesupport_libraries-extras.cmake
-- Symlinking: /home/soomi/yori/install/my_custom_msgs/share/my_custom_msgs/cmake/my_custom_msgsConfig.cmake
-- Symlinking: /home/soomi/yori/install/my_custom_msgs/share/my_custom_msgs/cmake/my_custom_msgsConfig-version.cmake
-- Symlinking: /home/soomi/yori/install/my_custom_msgs/share/my_custom_msgs/package.xml
-- Installing: /home/soomi/yori/install/my_custom_msgs/lib/libmy_custom_msgs__rosidl_generator_c.so
-- Set runtime path of "/home/soomi/yori/install/my_custom_msgs/lib/libmy_custom_msgs__rosidl_generator_c.so" to ""
-- Installing: /home/soomi/yori/install/my_custom_msgs/lib/libmy_custom_msgs__rosidl_typesupport_introspection_c.so
-- Set runtime path of "/home/soomi/yori/install/my_custom_msgs/lib/libmy_custom_msgs__rosidl_typesupport_introspection_c.so" to ""
-- Installing: /home/soomi/yori/install/my_custom_msgs/lib/libmy_custom_msgs__rosidl_typesupport_fastrtps_c.so
-- Set runtime path of "/home/soomi/yori/install/my_custom_msgs/lib/libmy_custom_msgs__rosidl_typesupport_fastrtps_c.so" to ""
-- Installing: /home/soomi/yori/install/my_custom_msgs/lib/libmy_custom_msgs__rosidl_typesupport_c.so
-- Set runtime path of "/home/soomi/yori/install/my_custom_msgs/lib/libmy_custom_msgs__rosidl_typesupport_c.so" to ""
-- Installing: /home/soomi/yori/install/my_custom_msgs/lib/libmy_custom_msgs__rosidl_typesupport_introspection_cpp.so
-- Set runtime path of "/home/soomi/yori/install/my_custom_msgs/lib/libmy_custom_msgs__rosidl_typesupport_introspection_cpp.so" to ""
-- Installing: /home/soomi/yori/install/my_custom_msgs/lib/libmy_custom_msgs__rosidl_typesupport_fastrtps_cpp.so
-- Set runtime path of "/home/soomi/yori/install/my_custom_msgs/lib/libmy_custom_msgs__rosidl_typesupport_fastrtps_cpp.so" to ""
-- Installing: /home/soomi/yori/install/my_custom_msgs/lib/libmy_custom_msgs__rosidl_typesupport_cpp.so
-- Set runtime path of "/home/soomi/yori/install/my_custom_msgs/lib/libmy_custom_msgs__rosidl_typesupport_cpp.so" to ""
Listing '/home/soomi/yori/install/my_custom_msgs/local/lib/python3.10/dist-packages/my_custom_msgs'...
Compiling '/home/soomi/yori/install/my_custom_msgs/local/lib/python3.10/dist-packages/my_custom_msgs/__init__.py'...
Listing '/home/soomi/yori/install/my_custom_msgs/local/lib/python3.10/dist-packages/my_custom_msgs/action'...
Compiling '/home/soomi/yori/install/my_custom_msgs/local/lib/python3.10/dist-packages/my_custom_msgs/action/__init__.py'...
Compiling '/home/soomi/yori/install/my_custom_msgs/local/lib/python3.10/dist-packages/my_custom_msgs/action/_cook.py'...
Listing '/home/soomi/yori/install/my_custom_msgs/local/lib/python3.10/dist-packages/my_custom_msgs/msg'...
Compiling '/home/soomi/yori/install/my_custom_msgs/local/lib/python3.10/dist-packages/my_custom_msgs/msg/__init__.py'...
Compiling '/home/soomi/yori/install/my_custom_msgs/local/lib/python3.10/dist-packages/my_custom_msgs/msg/_order_detail.py'...
Compiling '/home/soomi/yori/install/my_custom_msgs/local/lib/python3.10/dist-packages/my_custom_msgs/msg/_update_status.py'...
Listing '/home/soomi/yori/install/my_custom_msgs/local/lib/python3.10/dist-packages/my_custom_msgs/srv'...
Compiling '/home/soomi/yori/install/my_custom_msgs/local/lib/python3.10/dist-packages/my_custom_msgs/srv/__init__.py'...
Compiling '/home/soomi/yori/install/my_custom_msgs/local/lib/python3.10/dist-packages/my_custom_msgs/srv/_receive_order.py'...
-- Installing: /home/soomi/yori/install/my_custom_msgs/lib/libmy_custom_msgs__rosidl_generator_py.so
-- Set runtime path of "/home/soomi/yori/install/my_custom_msgs/lib/libmy_custom_msgs__rosidl_generator_py.so" to ""
-- Installing: /home/soomi/yori/install/my_custom_msgs/share/my_custom_msgs/cmake/export_my_custom_msgs__rosidl_generator_cExport.cmake
-- Installing: /home/soomi/yori/install/my_custom_msgs/share/my_custom_msgs/cmake/export_my_custom_msgs__rosidl_generator_cExport-noconfig.cmake
-- Installing: /home/soomi/yori/install/my_custom_msgs/share/my_custom_msgs/cmake/my_custom_msgs__rosidl_typesupport_introspection_cExport.cmake
-- Installing: /home/soomi/yori/install/my_custom_msgs/share/my_custom_msgs/cmake/my_custom_msgs__rosidl_typesupport_introspection_cExport-noconfig.cmake
-- Installing: /home/soomi/yori/install/my_custom_msgs/share/my_custom_msgs/cmake/export_my_custom_msgs__rosidl_typesupport_fastrtps_cExport.cmake
-- Installing: /home/soomi/yori/install/my_custom_msgs/share/my_custom_msgs/cmake/export_my_custom_msgs__rosidl_typesupport_fastrtps_cExport-noconfig.cmake
-- Installing: /home/soomi/yori/install/my_custom_msgs/share/my_custom_msgs/cmake/my_custom_msgs__rosidl_typesupport_cExport.cmake
-- Installing: /home/soomi/yori/install/my_custom_msgs/share/my_custom_msgs/cmake/my_custom_msgs__rosidl_typesupport_cExport-noconfig.cmake
-- Installing: /home/soomi/yori/install/my_custom_msgs/share/my_custom_msgs/cmake/export_my_custom_msgs__rosidl_generator_cppExport.cmake
-- Installing: /home/soomi/yori/install/my_custom_msgs/share/my_custom_msgs/cmake/my_custom_msgs__rosidl_typesupport_introspection_cppExport.cmake
-- Installing: /home/soomi/yori/install/my_custom_msgs/share/my_custom_msgs/cmake/my_custom_msgs__rosidl_typesupport_introspection_cppExport-noconfig.cmake
-- Installing: /home/soomi/yori/install/my_custom_msgs/share/my_custom_msgs/cmake/export_my_custom_msgs__rosidl_typesupport_fastrtps_cppExport.cmake
-- Installing: /home/soomi/yori/install/my_custom_msgs/share/my_custom_msgs/cmake/export_my_custom_msgs__rosidl_typesupport_fastrtps_cppExport-noconfig.cmake
-- Installing: /home/soomi/yori/install/my_custom_msgs/share/my_custom_msgs/cmake/my_custom_msgs__rosidl_typesupport_cppExport.cmake
-- Installing: /home/soomi/yori/install/my_custom_msgs/share/my_custom_msgs/cmake/my_custom_msgs__rosidl_typesupport_cppExport-noconfig.cmake
-- Installing: /home/soomi/yori/install/my_custom_msgs/share/my_custom_msgs/cmake/export_my_custom_msgs__rosidl_generator_pyExport.cmake
-- Installing: /home/soomi/yori/install/my_custom_msgs/share/my_custom_msgs/cmake/export_my_custom_msgs__rosidl_generator_pyExport-noconfig.cmake
