running develop
/usr/lib/python3/dist-packages/setuptools/command/easy_install.py:158: EasyInstallDeprecationWarning: easy_install command is deprecated. Use build and pip and other standards-based tools.
  warnings.warn(
running egg_info
creating yori.egg-info
writing yori.egg-info/PKG-INFO
writing dependency_links to yori.egg-info/dependency_links.txt
writing entry points to yori.egg-info/entry_points.txt
writing requirements to yori.egg-info/requires.txt
writing top-level names to yori.egg-info/top_level.txt
writing manifest file 'yori.egg-info/SOURCES.txt'
reading manifest file 'yori.egg-info/SOURCES.txt'
writing manifest file 'yori.egg-info/SOURCES.txt'
running build_ext
Creating /home/soomi/project_ws/install/yori/lib/python3.10/site-packages/yori.egg-link (link to .)

Installed /home/soomi/project_ws/build/yori
running symlink_data
creating /home/soomi/project_ws/install/yori/share/ament_index
creating /home/soomi/project_ws/install/yori/share/ament_index/resource_index
creating /home/soomi/project_ws/install/yori/share/ament_index/resource_index/packages
symbolically linking /home/soomi/project_ws/build/yori/resource/yori -> /home/soomi/project_ws/install/yori/share/ament_index/resource_index/packages
symbolically linking /home/soomi/project_ws/build/yori/package.xml -> /home/soomi/project_ws/install/yori/share/yori
creating /home/soomi/project_ws/install/yori/share/yori/launch
symbolically linking /home/soomi/project_ws/build/yori/launch/bringup_launch.py -> /home/soomi/project_ws/install/yori/share/yori/launch
creating /home/soomi/project_ws/install/yori/share/yori/rviz
symbolically linking /home/soomi/project_ws/build/yori/rviz/nav2_default_view.rviz -> /home/soomi/project_ws/install/yori/share/yori/rviz
creating /home/soomi/project_ws/install/yori/share/yori/urdf
symbolically linking /home/soomi/project_ws/build/yori/urdf/myAGV.urdf -> /home/soomi/project_ws/install/yori/share/yori/urdf
creating /home/soomi/project_ws/install/yori/share/yori/params
symbolically linking /home/soomi/project_ws/build/yori/params/nav2_params.yaml -> /home/soomi/project_ws/install/yori/share/yori/params
creating /home/soomi/project_ws/install/yori/share/yori/maps
symbolically linking /home/soomi/project_ws/build/yori/maps/map.yaml -> /home/soomi/project_ws/install/yori/share/yori/maps
symbolically linking /home/soomi/project_ws/build/yori/maps/map.pgm -> /home/soomi/project_ws/install/yori/share/yori/maps
