[0.817s] Invoking command in '/home/soomi/project_ws/build/yori': PYTHONPATH=/home/soomi/project_ws/build/yori/prefix_override:/usr/lib/python3/dist-packages/colcon_core/task/python/colcon_distutils_commands:/home/soomi/project_ws/install/yori/lib/python3.10/site-packages:${PYTHONPATH} /usr/bin/python3 -W ignore:setup.py install is deprecated setup.py develop --editable --build-directory /home/soomi/project_ws/build/yori/build --no-deps symlink_data
[1.151s] running develop
[1.152s] /usr/lib/python3/dist-packages/setuptools/command/easy_install.py:158: EasyInstallDeprecationWarning: easy_install command is deprecated. Use build and pip and other standards-based tools.
[1.152s]   warnings.warn(
[1.315s] running egg_info
[1.316s] creating yori.egg-info
[1.316s] writing yori.egg-info/PKG-INFO
[1.316s] writing dependency_links to yori.egg-info/dependency_links.txt
[1.316s] writing entry points to yori.egg-info/entry_points.txt
[1.316s] writing requirements to yori.egg-info/requires.txt
[1.316s] writing top-level names to yori.egg-info/top_level.txt
[1.319s] writing manifest file 'yori.egg-info/SOURCES.txt'
[1.320s] reading manifest file 'yori.egg-info/SOURCES.txt'
[1.320s] writing manifest file 'yori.egg-info/SOURCES.txt'
[1.324s] running build_ext
[1.324s] Creating /home/soomi/project_ws/install/yori/lib/python3.10/site-packages/yori.egg-link (link to .)
[1.324s] 
[1.324s] Installed /home/soomi/project_ws/build/yori
[1.324s] running symlink_data
[1.324s] creating /home/soomi/project_ws/install/yori/share/ament_index
[1.324s] creating /home/soomi/project_ws/install/yori/share/ament_index/resource_index
[1.325s] creating /home/soomi/project_ws/install/yori/share/ament_index/resource_index/packages
[1.325s] symbolically linking /home/soomi/project_ws/build/yori/resource/yori -> /home/soomi/project_ws/install/yori/share/ament_index/resource_index/packages
[1.325s] symbolically linking /home/soomi/project_ws/build/yori/package.xml -> /home/soomi/project_ws/install/yori/share/yori
[1.325s] creating /home/soomi/project_ws/install/yori/share/yori/launch
[1.325s] symbolically linking /home/soomi/project_ws/build/yori/launch/bringup_launch.py -> /home/soomi/project_ws/install/yori/share/yori/launch
[1.325s] creating /home/soomi/project_ws/install/yori/share/yori/rviz
[1.325s] symbolically linking /home/soomi/project_ws/build/yori/rviz/nav2_default_view.rviz -> /home/soomi/project_ws/install/yori/share/yori/rviz
[1.325s] creating /home/soomi/project_ws/install/yori/share/yori/urdf
[1.325s] symbolically linking /home/soomi/project_ws/build/yori/urdf/myAGV.urdf -> /home/soomi/project_ws/install/yori/share/yori/urdf
[1.325s] creating /home/soomi/project_ws/install/yori/share/yori/params
[1.325s] symbolically linking /home/soomi/project_ws/build/yori/params/nav2_params.yaml -> /home/soomi/project_ws/install/yori/share/yori/params
[1.325s] creating /home/soomi/project_ws/install/yori/share/yori/maps
[1.325s] symbolically linking /home/soomi/project_ws/build/yori/maps/map.yaml -> /home/soomi/project_ws/install/yori/share/yori/maps
[1.326s] symbolically linking /home/soomi/project_ws/build/yori/maps/map.pgm -> /home/soomi/project_ws/install/yori/share/yori/maps
[1.344s] Invoked command in '/home/soomi/project_ws/build/yori' returned '0': PYTHONPATH=/home/soomi/project_ws/build/yori/prefix_override:/usr/lib/python3/dist-packages/colcon_core/task/python/colcon_distutils_commands:/home/soomi/project_ws/install/yori/lib/python3.10/site-packages:${PYTHONPATH} /usr/bin/python3 -W ignore:setup.py install is deprecated setup.py develop --editable --build-directory /home/soomi/project_ws/build/yori/build --no-deps symlink_data
