[0.012s] Invoking command in '/home/kim/project3/computer/build/custom_msgs': CMAKE_PREFIX_PATH=${CMAKE_PREFIX_PATH}:/home/kim/project3/computer/install/dine_bot:/home/kim/ws_moveit/install/mycobot_description:/home/kim/ws_moveit/install/moveit_configs_utils /usr/bin/cmake /home/kim/project3/computer/src/custom_msgs -DAMENT_CMAKE_SYMLINK_INSTALL=1 -DCMAKE_INSTALL_PREFIX=/home/kim/project3/computer/install/custom_msgs
[0.077s] -- The C compiler identification is GNU 11.4.0
[0.136s] -- The CXX compiler identification is GNU 11.4.0
[0.143s] -- Detecting C compiler ABI info
[0.217s] -- Detecting C compiler ABI info - done
[0.223s] -- Check for working C compiler: /usr/bin/cc - skipped
[0.223s] -- Detecting C compile features
[0.223s] -- Detecting C compile features - done
[0.225s] -- Detecting CXX compiler ABI info
[0.308s] -- Detecting CXX compiler ABI info - done
[0.317s] -- Check for working CXX compiler: /usr/bin/c++ - skipped
[0.317s] -- Detecting CXX compile features
[0.318s] -- Detecting CXX compile features - done
[0.321s] -- Found ament_cmake: 1.3.10 (/opt/ros/humble/share/ament_cmake/cmake)
[0.609s] -- Found Python3: /usr/bin/python3 (found version "3.10.12") found components: Interpreter 
[0.668s] -- Override CMake install command with custom implementation using symlinks instead of copying resources
[0.731s] -- Found rosidl_default_generators: 1.2.0 (/opt/ros/humble/share/rosidl_default_generators/cmake)
[0.740s] -- Using all available rosidl_typesupport_c: rosidl_typesupport_fastrtps_c;rosidl_typesupport_introspection_c
[0.749s] -- Found rosidl_adapter: 3.1.5 (/opt/ros/humble/share/rosidl_adapter/cmake)
[0.791s] -- Using all available rosidl_typesupport_cpp: rosidl_typesupport_fastrtps_cpp;rosidl_typesupport_introspection_cpp
[0.823s] -- Found std_msgs: 4.2.4 (/opt/ros/humble/share/std_msgs/cmake)
[1.087s] -- Found ament_cmake_ros: 0.10.0 (/opt/ros/humble/share/ament_cmake_ros/cmake)
[1.261s] -- Using all available rosidl_typesupport_c: rosidl_typesupport_fastrtps_c;rosidl_typesupport_introspection_c
[1.512s] -- Using all available rosidl_typesupport_cpp: rosidl_typesupport_fastrtps_cpp;rosidl_typesupport_introspection_cpp
[1.538s] -- Found PythonInterp: /usr/bin/python3 (found suitable version "3.10.12", minimum required is "3.6") 
[1.541s] -- Found python_cmake_module: 0.10.0 (/opt/ros/humble/share/python_cmake_module/cmake)
[1.562s] -- Found PythonLibs: /usr/lib/x86_64-linux-gnu/libpython3.10.so (found suitable version "3.10.12", minimum required is "3.5") 
[1.562s] -- Using PYTHON_EXECUTABLE: /usr/bin/python3
[1.562s] -- Using PYTHON_INCLUDE_DIRS: /usr/include/python3.10
[1.562s] -- Using PYTHON_LIBRARIES: /usr/lib/x86_64-linux-gnu/libpython3.10.so
[1.581s] -- Found PythonExtra: .so  
[1.642s] -- Found ament_lint_auto: 0.12.11 (/opt/ros/humble/share/ament_lint_auto/cmake)
[1.665s] -- Added test 'lint_cmake' to check CMake code style
[1.666s] -- Added test 'xmllint' to check XML markup files
[1.669s] -- Configuring done
[1.693s] -- Generating done
[1.694s] -- Build files have been written to: /home/kim/project3/computer/build/custom_msgs
[1.701s] Invoked command in '/home/kim/project3/computer/build/custom_msgs' returned '0': CMAKE_PREFIX_PATH=${CMAKE_PREFIX_PATH}:/home/kim/project3/computer/install/dine_bot:/home/kim/ws_moveit/install/mycobot_description:/home/kim/ws_moveit/install/moveit_configs_utils /usr/bin/cmake /home/kim/project3/computer/src/custom_msgs -DAMENT_CMAKE_SYMLINK_INSTALL=1 -DCMAKE_INSTALL_PREFIX=/home/kim/project3/computer/install/custom_msgs
[1.704s] Invoking command in '/home/kim/project3/computer/build/custom_msgs': CMAKE_PREFIX_PATH=${CMAKE_PREFIX_PATH}:/home/kim/project3/computer/install/dine_bot:/home/kim/ws_moveit/install/mycobot_description:/home/kim/ws_moveit/install/moveit_configs_utils /usr/bin/cmake --build /home/kim/project3/computer/build/custom_msgs -- -j12 -l12
[1.747s] [  1%] [34m[1mGenerating C code for ROS interfaces[0m
[1.758s] [  3%] [34m[1mGenerating C++ code for ROS interfaces[0m
[1.759s] [  3%] Built target ament_cmake_python_symlink_custom_msgs
[1.905s] running egg_info
[1.914s] creating custom_msgs.egg-info
[1.914s] writing custom_msgs.egg-info/PKG-INFO
[1.914s] writing dependency_links to custom_msgs.egg-info/dependency_links.txt
[1.914s] writing top-level names to custom_msgs.egg-info/top_level.txt
[1.914s] writing manifest file 'custom_msgs.egg-info/SOURCES.txt'
[1.940s] reading manifest file 'custom_msgs.egg-info/SOURCES.txt'
[1.941s] writing manifest file 'custom_msgs.egg-info/SOURCES.txt'
[1.966s] [  3%] Built target ament_cmake_python_build_custom_msgs_egg
[2.237s] [  3%] Built target custom_msgs__cpp
[2.250s] [  4%] [34m[1mGenerating C++ type support dispatch for ROS interfaces[0m
[2.253s] [  7%] [34m[1mGenerating C++ introspection for ROS interfaces[0m
[2.253s] [  7%] [34m[1mGenerating C++ type support for eProsima Fast-RTPS[0m
[2.379s] [ 14%] [32mBuilding C object CMakeFiles/custom_msgs__rosidl_generator_c.dir/rosidl_generator_c/custom_msgs/action/detail/cook__functions.c.o[0m
[2.379s] [ 14%] [32mBuilding C object CMakeFiles/custom_msgs__rosidl_generator_c.dir/rosidl_generator_c/custom_msgs/msg/detail/update_status__functions.c.o[0m
[2.379s] [ 14%] [32mBuilding C object CMakeFiles/custom_msgs__rosidl_generator_c.dir/rosidl_generator_c/custom_msgs/msg/detail/order_detail__functions.c.o[0m
[2.379s] [ 14%] [32mBuilding C object CMakeFiles/custom_msgs__rosidl_generator_c.dir/rosidl_generator_c/custom_msgs/srv/detail/receive_order__functions.c.o[0m
[2.379s] [ 15%] [32mBuilding C object CMakeFiles/custom_msgs__rosidl_generator_c.dir/rosidl_generator_c/custom_msgs/action/detail/serve__functions.c.o[0m
[2.538s] [ 17%] [32m[1mLinking C shared library libcustom_msgs__rosidl_generator_c.so[0m
[2.588s] [ 19%] [32mBuilding CXX object CMakeFiles/custom_msgs__rosidl_typesupport_cpp.dir/rosidl_typesupport_cpp/custom_msgs/action/serve__type_support.cpp.o[0m
[2.590s] [ 19%] Built target custom_msgs__rosidl_generator_c
[2.592s] [ 23%] [32mBuilding CXX object CMakeFiles/custom_msgs__rosidl_typesupport_cpp.dir/rosidl_typesupport_cpp/custom_msgs/msg/order_detail__type_support.cpp.o[0m
[2.592s] [ 23%] [32mBuilding CXX object CMakeFiles/custom_msgs__rosidl_typesupport_cpp.dir/rosidl_typesupport_cpp/custom_msgs/srv/receive_order__type_support.cpp.o[0m
[2.592s] [ 23%] [32mBuilding CXX object CMakeFiles/custom_msgs__rosidl_typesupport_cpp.dir/rosidl_typesupport_cpp/custom_msgs/msg/update_status__type_support.cpp.o[0m
[2.592s] [ 25%] [32mBuilding CXX object CMakeFiles/custom_msgs__rosidl_typesupport_cpp.dir/rosidl_typesupport_cpp/custom_msgs/action/cook__type_support.cpp.o[0m
[2.607s] [ 30%] [34m[1mGenerating C type support dispatch for ROS interfaces[0m
[2.607s] [ 30%] [34m[1mGenerating C type support for eProsima Fast-RTPS[0m
[2.607s] [ 30%] [34m[1mGenerating C introspection for ROS interfaces[0m
[2.686s] [ 31%] [32mBuilding CXX object CMakeFiles/custom_msgs__rosidl_typesupport_introspection_cpp.dir/rosidl_typesupport_introspection_cpp/custom_msgs/msg/detail/order_detail__type_support.cpp.o[0m
[2.688s] [ 33%] [32mBuilding CXX object CMakeFiles/custom_msgs__rosidl_typesupport_introspection_cpp.dir/rosidl_typesupport_introspection_cpp/custom_msgs/msg/detail/update_status__type_support.cpp.o[0m
[2.688s] [ 34%] [32mBuilding CXX object CMakeFiles/custom_msgs__rosidl_typesupport_introspection_cpp.dir/rosidl_typesupport_introspection_cpp/custom_msgs/srv/detail/receive_order__type_support.cpp.o[0m
[2.944s] [ 36%] [32mBuilding CXX object CMakeFiles/custom_msgs__rosidl_typesupport_introspection_cpp.dir/rosidl_typesupport_introspection_cpp/custom_msgs/action/detail/serve__type_support.cpp.o[0m
[2.944s] [ 38%] [32mBuilding CXX object CMakeFiles/custom_msgs__rosidl_typesupport_introspection_cpp.dir/rosidl_typesupport_introspection_cpp/custom_msgs/action/detail/cook__type_support.cpp.o[0m
[3.136s] [ 39%] [32mBuilding CXX object CMakeFiles/custom_msgs__rosidl_typesupport_c.dir/rosidl_typesupport_c/custom_msgs/msg/order_detail__type_support.cpp.o[0m
[3.136s] [ 41%] [32mBuilding CXX object CMakeFiles/custom_msgs__rosidl_typesupport_c.dir/rosidl_typesupport_c/custom_msgs/msg/update_status__type_support.cpp.o[0m
[3.136s] [ 42%] [32mBuilding CXX object CMakeFiles/custom_msgs__rosidl_typesupport_c.dir/rosidl_typesupport_c/custom_msgs/srv/receive_order__type_support.cpp.o[0m
[3.137s] [ 44%] [32mBuilding CXX object CMakeFiles/custom_msgs__rosidl_typesupport_c.dir/rosidl_typesupport_c/custom_msgs/action/cook__type_support.cpp.o[0m
[3.143s] [ 46%] [32mBuilding CXX object CMakeFiles/custom_msgs__rosidl_typesupport_c.dir/rosidl_typesupport_c/custom_msgs/action/serve__type_support.cpp.o[0m
[3.162s] [ 47%] [32mBuilding CXX object CMakeFiles/custom_msgs__rosidl_typesupport_fastrtps_cpp.dir/rosidl_typesupport_fastrtps_cpp/custom_msgs/msg/detail/dds_fastrtps/update_status__type_support.cpp.o[0m
[3.166s] [ 49%] [32mBuilding CXX object CMakeFiles/custom_msgs__rosidl_typesupport_fastrtps_cpp.dir/rosidl_typesupport_fastrtps_cpp/custom_msgs/msg/detail/dds_fastrtps/order_detail__type_support.cpp.o[0m
[3.170s] [ 50%] [32mBuilding CXX object CMakeFiles/custom_msgs__rosidl_typesupport_fastrtps_cpp.dir/rosidl_typesupport_fastrtps_cpp/custom_msgs/srv/detail/dds_fastrtps/receive_order__type_support.cpp.o[0m
[3.181s] [ 52%] [32mBuilding CXX object CMakeFiles/custom_msgs__rosidl_typesupport_fastrtps_cpp.dir/rosidl_typesupport_fastrtps_cpp/custom_msgs/action/detail/dds_fastrtps/cook__type_support.cpp.o[0m
[3.187s] [ 53%] [32mBuilding CXX object CMakeFiles/custom_msgs__rosidl_typesupport_fastrtps_cpp.dir/rosidl_typesupport_fastrtps_cpp/custom_msgs/action/detail/dds_fastrtps/serve__type_support.cpp.o[0m
[3.199s] [ 55%] [32m[1mLinking CXX shared library libcustom_msgs__rosidl_typesupport_c.so[0m
[3.212s] [ 57%] [32m[1mLinking CXX shared library libcustom_msgs__rosidl_typesupport_cpp.so[0m
[3.245s] [ 57%] Built target custom_msgs__rosidl_typesupport_c
[3.254s] [ 57%] Built target custom_msgs__rosidl_typesupport_cpp
[3.402s] [ 58%] [32mBuilding C object CMakeFiles/custom_msgs__rosidl_typesupport_introspection_c.dir/rosidl_typesupport_introspection_c/custom_msgs/srv/detail/receive_order__type_support.c.o[0m
[3.402s] [ 60%] [32mBuilding C object CMakeFiles/custom_msgs__rosidl_typesupport_introspection_c.dir/rosidl_typesupport_introspection_c/custom_msgs/msg/detail/update_status__type_support.c.o[0m
[3.403s] [ 61%] [32mBuilding C object CMakeFiles/custom_msgs__rosidl_typesupport_introspection_c.dir/rosidl_typesupport_introspection_c/custom_msgs/msg/detail/order_detail__type_support.c.o[0m
[3.406s] [ 63%] [32mBuilding C object CMakeFiles/custom_msgs__rosidl_typesupport_introspection_c.dir/rosidl_typesupport_introspection_c/custom_msgs/action/detail/cook__type_support.c.o[0m
[3.454s] [ 65%] [32mBuilding C object CMakeFiles/custom_msgs__rosidl_typesupport_introspection_c.dir/rosidl_typesupport_introspection_c/custom_msgs/action/detail/serve__type_support.c.o[0m
[3.499s] [ 66%] [32mBuilding CXX object CMakeFiles/custom_msgs__rosidl_typesupport_fastrtps_c.dir/rosidl_typesupport_fastrtps_c/custom_msgs/msg/detail/update_status__type_support_c.cpp.o[0m
[3.505s] [ 68%] [32mBuilding CXX object CMakeFiles/custom_msgs__rosidl_typesupport_fastrtps_c.dir/rosidl_typesupport_fastrtps_c/custom_msgs/action/detail/serve__type_support_c.cpp.o[0m
[3.506s] [ 69%] [32mBuilding CXX object CMakeFiles/custom_msgs__rosidl_typesupport_fastrtps_c.dir/rosidl_typesupport_fastrtps_c/custom_msgs/msg/detail/order_detail__type_support_c.cpp.o[0m
[3.506s] [ 71%] [32mBuilding CXX object CMakeFiles/custom_msgs__rosidl_typesupport_fastrtps_c.dir/rosidl_typesupport_fastrtps_c/custom_msgs/srv/detail/receive_order__type_support_c.cpp.o[0m
[3.507s] [ 73%] [32mBuilding CXX object CMakeFiles/custom_msgs__rosidl_typesupport_fastrtps_c.dir/rosidl_typesupport_fastrtps_c/custom_msgs/action/detail/cook__type_support_c.cpp.o[0m
[3.522s] [ 74%] [32m[1mLinking C shared library libcustom_msgs__rosidl_typesupport_introspection_c.so[0m
[3.567s] [ 74%] Built target custom_msgs__rosidl_typesupport_introspection_c
[3.781s] [ 76%] [32m[1mLinking CXX shared library libcustom_msgs__rosidl_typesupport_introspection_cpp.so[0m
[3.869s] [ 76%] Built target custom_msgs__rosidl_typesupport_introspection_cpp
[3.941s] [ 77%] [32m[1mLinking CXX shared library libcustom_msgs__rosidl_typesupport_fastrtps_c.so[0m
[3.943s] [ 79%] [32m[1mLinking CXX shared library libcustom_msgs__rosidl_typesupport_fastrtps_cpp.so[0m
[4.006s] [ 79%] Built target custom_msgs__rosidl_typesupport_fastrtps_cpp
[4.011s] [ 79%] Built target custom_msgs__rosidl_typesupport_fastrtps_c
[4.030s] [ 79%] Built target custom_msgs
[4.049s] [ 80%] [34m[1mGenerating Python code for ROS interfaces[0m
[4.924s] [ 80%] Built target custom_msgs__py
[4.951s] [ 82%] [32mBuilding C object CMakeFiles/custom_msgs__rosidl_generator_py.dir/rosidl_generator_py/custom_msgs/action/_serve_s.c.o[0m
[4.951s] [ 84%] [32mBuilding C object CMakeFiles/custom_msgs__rosidl_generator_py.dir/rosidl_generator_py/custom_msgs/msg/_order_detail_s.c.o[0m
[4.955s] [ 85%] [32mBuilding C object CMakeFiles/custom_msgs__rosidl_generator_py.dir/rosidl_generator_py/custom_msgs/msg/_update_status_s.c.o[0m
[4.955s] [ 87%] [32mBuilding C object CMakeFiles/custom_msgs__rosidl_generator_py.dir/rosidl_generator_py/custom_msgs/srv/_receive_order_s.c.o[0m
[4.956s] [ 88%] [32mBuilding C object CMakeFiles/custom_msgs__rosidl_generator_py.dir/rosidl_generator_py/custom_msgs/action/_cook_s.c.o[0m
[5.090s] [ 90%] [32m[1mLinking C shared library rosidl_generator_py/custom_msgs/libcustom_msgs__rosidl_generator_py.so[0m
[5.144s] [ 90%] Built target custom_msgs__rosidl_generator_py
[5.174s] [ 92%] [32mBuilding C object CMakeFiles/custom_msgs__rosidl_typesupport_c__pyext.dir/rosidl_generator_py/custom_msgs/_custom_msgs_s.ep.rosidl_typesupport_c.c.o[0m
[5.175s] [ 93%] [32mBuilding C object CMakeFiles/custom_msgs__rosidl_typesupport_fastrtps_c__pyext.dir/rosidl_generator_py/custom_msgs/_custom_msgs_s.ep.rosidl_typesupport_fastrtps_c.c.o[0m
[5.178s] [ 95%] [32mBuilding C object CMakeFiles/custom_msgs__rosidl_typesupport_introspection_c__pyext.dir/rosidl_generator_py/custom_msgs/_custom_msgs_s.ep.rosidl_typesupport_introspection_c.c.o[0m
[5.285s] [ 96%] [32m[1mLinking C shared library rosidl_generator_py/custom_msgs/custom_msgs_s__rosidl_typesupport_fastrtps_c.cpython-310-x86_64-linux-gnu.so[0m
[5.291s] [ 98%] [32m[1mLinking C shared library rosidl_generator_py/custom_msgs/custom_msgs_s__rosidl_typesupport_introspection_c.cpython-310-x86_64-linux-gnu.so[0m
[5.326s] [ 98%] Built target custom_msgs__rosidl_typesupport_fastrtps_c__pyext
[5.335s] [ 98%] Built target custom_msgs__rosidl_typesupport_introspection_c__pyext
[5.360s] [100%] [32m[1mLinking C shared library rosidl_generator_py/custom_msgs/custom_msgs_s__rosidl_typesupport_c.cpython-310-x86_64-linux-gnu.so[0m
[5.406s] [100%] Built target custom_msgs__rosidl_typesupport_c__pyext
[5.421s] Invoked command in '/home/kim/project3/computer/build/custom_msgs' returned '0': CMAKE_PREFIX_PATH=${CMAKE_PREFIX_PATH}:/home/kim/project3/computer/install/dine_bot:/home/kim/ws_moveit/install/mycobot_description:/home/kim/ws_moveit/install/moveit_configs_utils /usr/bin/cmake --build /home/kim/project3/computer/build/custom_msgs -- -j12 -l12
[5.657s] Invoking command in '/home/kim/project3/computer/build/custom_msgs': CMAKE_PREFIX_PATH=${CMAKE_PREFIX_PATH}:/home/kim/project3/computer/install/dine_bot:/home/kim/ws_moveit/install/mycobot_description:/home/kim/ws_moveit/install/moveit_configs_utils /usr/bin/cmake --install /home/kim/project3/computer/build/custom_msgs
[5.668s] -- Install configuration: ""
[5.669s] -- Execute custom install script
[5.669s] -- Symlinking: /home/kim/project3/computer/install/custom_msgs/share/ament_index/resource_index/rosidl_interfaces/custom_msgs
[5.682s] -- Symlinking: /home/kim/project3/computer/install/custom_msgs/include/custom_msgs/custom_msgs/action/cook.h
[5.693s] -- Symlinking: /home/kim/project3/computer/install/custom_msgs/include/custom_msgs/custom_msgs/action/detail/cook__functions.h
[5.702s] -- Symlinking: /home/kim/project3/computer/install/custom_msgs/include/custom_msgs/custom_msgs/action/detail/cook__struct.h
[5.712s] -- Symlinking: /home/kim/project3/computer/install/custom_msgs/include/custom_msgs/custom_msgs/action/detail/cook__type_support.h
[5.723s] -- Symlinking: /home/kim/project3/computer/install/custom_msgs/include/custom_msgs/custom_msgs/action/detail/serve__functions.h
[5.733s] -- Symlinking: /home/kim/project3/computer/install/custom_msgs/include/custom_msgs/custom_msgs/action/detail/serve__struct.h
[5.744s] -- Symlinking: /home/kim/project3/computer/install/custom_msgs/include/custom_msgs/custom_msgs/action/detail/serve__type_support.h
[5.755s] -- Symlinking: /home/kim/project3/computer/install/custom_msgs/include/custom_msgs/custom_msgs/action/serve.h
[5.768s] -- Symlinking: /home/kim/project3/computer/install/custom_msgs/include/custom_msgs/custom_msgs/msg/detail/order_detail__functions.h
[5.781s] -- Symlinking: /home/kim/project3/computer/install/custom_msgs/include/custom_msgs/custom_msgs/msg/detail/order_detail__struct.h
[5.794s] -- Symlinking: /home/kim/project3/computer/install/custom_msgs/include/custom_msgs/custom_msgs/msg/detail/order_detail__type_support.h
[5.805s] -- Symlinking: /home/kim/project3/computer/install/custom_msgs/include/custom_msgs/custom_msgs/msg/detail/update_status__functions.h
[5.817s] -- Symlinking: /home/kim/project3/computer/install/custom_msgs/include/custom_msgs/custom_msgs/msg/detail/update_status__struct.h
[5.829s] -- Symlinking: /home/kim/project3/computer/install/custom_msgs/include/custom_msgs/custom_msgs/msg/detail/update_status__type_support.h
[5.839s] -- Symlinking: /home/kim/project3/computer/install/custom_msgs/include/custom_msgs/custom_msgs/msg/order_detail.h
[5.849s] -- Symlinking: /home/kim/project3/computer/install/custom_msgs/include/custom_msgs/custom_msgs/msg/rosidl_generator_c__visibility_control.h
[5.864s] -- Symlinking: /home/kim/project3/computer/install/custom_msgs/include/custom_msgs/custom_msgs/msg/update_status.h
[5.875s] -- Symlinking: /home/kim/project3/computer/install/custom_msgs/include/custom_msgs/custom_msgs/srv/detail/receive_order__functions.h
[5.885s] -- Symlinking: /home/kim/project3/computer/install/custom_msgs/include/custom_msgs/custom_msgs/srv/detail/receive_order__struct.h
[5.895s] -- Symlinking: /home/kim/project3/computer/install/custom_msgs/include/custom_msgs/custom_msgs/srv/detail/receive_order__type_support.h
[5.905s] -- Symlinking: /home/kim/project3/computer/install/custom_msgs/include/custom_msgs/custom_msgs/srv/receive_order.h
[5.915s] -- Symlinking: /home/kim/project3/computer/install/custom_msgs/share/custom_msgs/environment/library_path.sh
[5.930s] -- Symlinking: /home/kim/project3/computer/install/custom_msgs/share/custom_msgs/environment/library_path.dsv
[5.943s] -- Symlinking: /home/kim/project3/computer/install/custom_msgs/include/custom_msgs/custom_msgs/action/detail/cook__rosidl_typesupport_fastrtps_c.h
[5.953s] -- Symlinking: /home/kim/project3/computer/install/custom_msgs/include/custom_msgs/custom_msgs/action/detail/serve__rosidl_typesupport_fastrtps_c.h
[5.961s] -- Symlinking: /home/kim/project3/computer/install/custom_msgs/include/custom_msgs/custom_msgs/msg/detail/order_detail__rosidl_typesupport_fastrtps_c.h
[5.968s] -- Symlinking: /home/kim/project3/computer/install/custom_msgs/include/custom_msgs/custom_msgs/msg/detail/update_status__rosidl_typesupport_fastrtps_c.h
[5.978s] -- Symlinking: /home/kim/project3/computer/install/custom_msgs/include/custom_msgs/custom_msgs/msg/rosidl_typesupport_fastrtps_c__visibility_control.h
[5.987s] -- Symlinking: /home/kim/project3/computer/install/custom_msgs/include/custom_msgs/custom_msgs/srv/detail/receive_order__rosidl_typesupport_fastrtps_c.h
[5.995s] -- Symlinking: /home/kim/project3/computer/install/custom_msgs/include/custom_msgs/custom_msgs/action/detail/cook__rosidl_typesupport_introspection_c.h
[6.002s] -- Symlinking: /home/kim/project3/computer/install/custom_msgs/include/custom_msgs/custom_msgs/action/detail/serve__rosidl_typesupport_introspection_c.h
[6.010s] -- Symlinking: /home/kim/project3/computer/install/custom_msgs/include/custom_msgs/custom_msgs/msg/detail/order_detail__rosidl_typesupport_introspection_c.h
[6.017s] -- Symlinking: /home/kim/project3/computer/install/custom_msgs/include/custom_msgs/custom_msgs/msg/detail/update_status__rosidl_typesupport_introspection_c.h
[6.025s] -- Symlinking: /home/kim/project3/computer/install/custom_msgs/include/custom_msgs/custom_msgs/msg/rosidl_typesupport_introspection_c__visibility_control.h
[6.032s] -- Symlinking: /home/kim/project3/computer/install/custom_msgs/include/custom_msgs/custom_msgs/srv/detail/receive_order__rosidl_typesupport_introspection_c.h
[6.042s] -- Symlinking: /home/kim/project3/computer/install/custom_msgs/include/custom_msgs/custom_msgs/action/cook.hpp
[6.049s] -- Symlinking: /home/kim/project3/computer/install/custom_msgs/include/custom_msgs/custom_msgs/action/detail/cook__builder.hpp
[6.056s] -- Symlinking: /home/kim/project3/computer/install/custom_msgs/include/custom_msgs/custom_msgs/action/detail/cook__struct.hpp
[6.064s] -- Symlinking: /home/kim/project3/computer/install/custom_msgs/include/custom_msgs/custom_msgs/action/detail/cook__traits.hpp
[6.073s] -- Symlinking: /home/kim/project3/computer/install/custom_msgs/include/custom_msgs/custom_msgs/action/detail/serve__builder.hpp
[6.083s] -- Symlinking: /home/kim/project3/computer/install/custom_msgs/include/custom_msgs/custom_msgs/action/detail/serve__struct.hpp
[6.091s] -- Symlinking: /home/kim/project3/computer/install/custom_msgs/include/custom_msgs/custom_msgs/action/detail/serve__traits.hpp
[6.098s] -- Symlinking: /home/kim/project3/computer/install/custom_msgs/include/custom_msgs/custom_msgs/action/serve.hpp
[6.110s] -- Symlinking: /home/kim/project3/computer/install/custom_msgs/include/custom_msgs/custom_msgs/msg/detail/order_detail__builder.hpp
[6.124s] -- Symlinking: /home/kim/project3/computer/install/custom_msgs/include/custom_msgs/custom_msgs/msg/detail/order_detail__struct.hpp
[6.135s] -- Symlinking: /home/kim/project3/computer/install/custom_msgs/include/custom_msgs/custom_msgs/msg/detail/order_detail__traits.hpp
[6.144s] -- Symlinking: /home/kim/project3/computer/install/custom_msgs/include/custom_msgs/custom_msgs/msg/detail/update_status__builder.hpp
[6.159s] -- Symlinking: /home/kim/project3/computer/install/custom_msgs/include/custom_msgs/custom_msgs/msg/detail/update_status__struct.hpp
[6.170s] -- Symlinking: /home/kim/project3/computer/install/custom_msgs/include/custom_msgs/custom_msgs/msg/detail/update_status__traits.hpp
[6.178s] -- Symlinking: /home/kim/project3/computer/install/custom_msgs/include/custom_msgs/custom_msgs/msg/order_detail.hpp
[6.189s] -- Symlinking: /home/kim/project3/computer/install/custom_msgs/include/custom_msgs/custom_msgs/msg/update_status.hpp
[6.202s] -- Symlinking: /home/kim/project3/computer/install/custom_msgs/include/custom_msgs/custom_msgs/srv/detail/receive_order__builder.hpp
[6.214s] -- Symlinking: /home/kim/project3/computer/install/custom_msgs/include/custom_msgs/custom_msgs/srv/detail/receive_order__struct.hpp
[6.221s] -- Symlinking: /home/kim/project3/computer/install/custom_msgs/include/custom_msgs/custom_msgs/srv/detail/receive_order__traits.hpp
[6.231s] -- Symlinking: /home/kim/project3/computer/install/custom_msgs/include/custom_msgs/custom_msgs/srv/receive_order.hpp
[6.244s] -- Symlinking: /home/kim/project3/computer/install/custom_msgs/include/custom_msgs/custom_msgs/action/detail/cook__rosidl_typesupport_fastrtps_cpp.hpp
[6.256s] -- Symlinking: /home/kim/project3/computer/install/custom_msgs/include/custom_msgs/custom_msgs/action/detail/serve__rosidl_typesupport_fastrtps_cpp.hpp
[6.272s] -- Symlinking: /home/kim/project3/computer/install/custom_msgs/include/custom_msgs/custom_msgs/msg/detail/order_detail__rosidl_typesupport_fastrtps_cpp.hpp
[6.287s] -- Symlinking: /home/kim/project3/computer/install/custom_msgs/include/custom_msgs/custom_msgs/msg/detail/update_status__rosidl_typesupport_fastrtps_cpp.hpp
[6.300s] -- Symlinking: /home/kim/project3/computer/install/custom_msgs/include/custom_msgs/custom_msgs/msg/rosidl_typesupport_fastrtps_cpp__visibility_control.h
[6.314s] -- Symlinking: /home/kim/project3/computer/install/custom_msgs/include/custom_msgs/custom_msgs/srv/detail/receive_order__rosidl_typesupport_fastrtps_cpp.hpp
[6.329s] -- Symlinking: /home/kim/project3/computer/install/custom_msgs/include/custom_msgs/custom_msgs/action/detail/cook__rosidl_typesupport_introspection_cpp.hpp
[6.342s] -- Symlinking: /home/kim/project3/computer/install/custom_msgs/include/custom_msgs/custom_msgs/action/detail/serve__rosidl_typesupport_introspection_cpp.hpp
[6.357s] -- Symlinking: /home/kim/project3/computer/install/custom_msgs/include/custom_msgs/custom_msgs/msg/detail/order_detail__rosidl_typesupport_introspection_cpp.hpp
[6.372s] -- Symlinking: /home/kim/project3/computer/install/custom_msgs/include/custom_msgs/custom_msgs/msg/detail/update_status__rosidl_typesupport_introspection_cpp.hpp
[6.383s] -- Symlinking: /home/kim/project3/computer/install/custom_msgs/include/custom_msgs/custom_msgs/srv/detail/receive_order__rosidl_typesupport_introspection_cpp.hpp
[6.397s] -- Symlinking: /home/kim/project3/computer/install/custom_msgs/share/custom_msgs/environment/pythonpath.sh
[6.408s] -- Symlinking: /home/kim/project3/computer/install/custom_msgs/share/custom_msgs/environment/pythonpath.dsv
[6.417s] -- Symlinking: /home/kim/project3/computer/install/custom_msgs/local/lib/python3.10/dist-packages/custom_msgs-0.0.0-py3.10.egg-info/PKG-INFO
[6.428s] -- Symlinking: /home/kim/project3/computer/install/custom_msgs/local/lib/python3.10/dist-packages/custom_msgs-0.0.0-py3.10.egg-info/SOURCES.txt
[6.440s] -- Symlinking: /home/kim/project3/computer/install/custom_msgs/local/lib/python3.10/dist-packages/custom_msgs-0.0.0-py3.10.egg-info/dependency_links.txt
[6.452s] -- Symlinking: /home/kim/project3/computer/install/custom_msgs/local/lib/python3.10/dist-packages/custom_msgs-0.0.0-py3.10.egg-info/top_level.txt
[6.465s] -- Symlinking: /home/kim/project3/computer/install/custom_msgs/local/lib/python3.10/dist-packages/custom_msgs/__init__.py
[6.476s] -- Symlinking: /home/kim/project3/computer/install/custom_msgs/local/lib/python3.10/dist-packages/custom_msgs/_custom_msgs_s.ep.rosidl_typesupport_c.c
[6.485s] -- Symlinking: /home/kim/project3/computer/install/custom_msgs/local/lib/python3.10/dist-packages/custom_msgs/_custom_msgs_s.ep.rosidl_typesupport_fastrtps_c.c
[6.495s] -- Symlinking: /home/kim/project3/computer/install/custom_msgs/local/lib/python3.10/dist-packages/custom_msgs/_custom_msgs_s.ep.rosidl_typesupport_introspection_c.c
[6.505s] -- Symlinking: /home/kim/project3/computer/install/custom_msgs/local/lib/python3.10/dist-packages/custom_msgs/action/__init__.py
[6.514s] -- Symlinking: /home/kim/project3/computer/install/custom_msgs/local/lib/python3.10/dist-packages/custom_msgs/action/_cook.py
[6.524s] -- Symlinking: /home/kim/project3/computer/install/custom_msgs/local/lib/python3.10/dist-packages/custom_msgs/action/_cook_s.c
[6.535s] -- Symlinking: /home/kim/project3/computer/install/custom_msgs/local/lib/python3.10/dist-packages/custom_msgs/action/_serve.py
[6.543s] -- Symlinking: /home/kim/project3/computer/install/custom_msgs/local/lib/python3.10/dist-packages/custom_msgs/action/_serve_s.c
[6.554s] -- Symlinking: /home/kim/project3/computer/install/custom_msgs/local/lib/python3.10/dist-packages/custom_msgs/custom_msgs_s__rosidl_typesupport_c.cpython-310-x86_64-linux-gnu.so
[6.563s] -- Symlinking: /home/kim/project3/computer/install/custom_msgs/local/lib/python3.10/dist-packages/custom_msgs/custom_msgs_s__rosidl_typesupport_fastrtps_c.cpython-310-x86_64-linux-gnu.so
[6.578s] -- Symlinking: /home/kim/project3/computer/install/custom_msgs/local/lib/python3.10/dist-packages/custom_msgs/custom_msgs_s__rosidl_typesupport_introspection_c.cpython-310-x86_64-linux-gnu.so
[6.589s] -- Symlinking: /home/kim/project3/computer/install/custom_msgs/local/lib/python3.10/dist-packages/custom_msgs/libcustom_msgs__rosidl_generator_py.so
[6.600s] -- Symlinking: /home/kim/project3/computer/install/custom_msgs/local/lib/python3.10/dist-packages/custom_msgs/msg/__init__.py
[6.612s] -- Symlinking: /home/kim/project3/computer/install/custom_msgs/local/lib/python3.10/dist-packages/custom_msgs/msg/_order_detail.py
[6.625s] -- Symlinking: /home/kim/project3/computer/install/custom_msgs/local/lib/python3.10/dist-packages/custom_msgs/msg/_order_detail_s.c
[6.636s] -- Symlinking: /home/kim/project3/computer/install/custom_msgs/local/lib/python3.10/dist-packages/custom_msgs/msg/_update_status.py
[6.645s] -- Symlinking: /home/kim/project3/computer/install/custom_msgs/local/lib/python3.10/dist-packages/custom_msgs/msg/_update_status_s.c
[6.652s] -- Symlinking: /home/kim/project3/computer/install/custom_msgs/local/lib/python3.10/dist-packages/custom_msgs/srv/__init__.py
[6.660s] -- Symlinking: /home/kim/project3/computer/install/custom_msgs/local/lib/python3.10/dist-packages/custom_msgs/srv/_receive_order.py
[6.668s] -- Symlinking: /home/kim/project3/computer/install/custom_msgs/local/lib/python3.10/dist-packages/custom_msgs/srv/_receive_order_s.c
[6.676s] -- Up-to-date symlink: /home/kim/project3/computer/install/custom_msgs/local/lib/python3.10/dist-packages/custom_msgs/custom_msgs_s__rosidl_typesupport_fastrtps_c.cpython-310-x86_64-linux-gnu.so
[6.676s] -- Up-to-date symlink: /home/kim/project3/computer/install/custom_msgs/local/lib/python3.10/dist-packages/custom_msgs/custom_msgs_s__rosidl_typesupport_introspection_c.cpython-310-x86_64-linux-gnu.so
[6.676s] -- Up-to-date symlink: /home/kim/project3/computer/install/custom_msgs/local/lib/python3.10/dist-packages/custom_msgs/custom_msgs_s__rosidl_typesupport_c.cpython-310-x86_64-linux-gnu.so
[6.676s] -- Symlinking: /home/kim/project3/computer/install/custom_msgs/share/custom_msgs/msg/UpdateStatus.idl
[6.685s] -- Symlinking: /home/kim/project3/computer/install/custom_msgs/share/custom_msgs/msg/OrderDetail.idl
[6.693s] -- Symlinking: /home/kim/project3/computer/install/custom_msgs/share/custom_msgs/srv/ReceiveOrder.idl
[6.700s] -- Symlinking: /home/kim/project3/computer/install/custom_msgs/share/custom_msgs/action/Cook.idl
[6.708s] -- Symlinking: /home/kim/project3/computer/install/custom_msgs/share/custom_msgs/action/Serve.idl
[6.716s] -- Symlinking: /home/kim/project3/computer/install/custom_msgs/share/custom_msgs/msg/UpdateStatus.msg
[6.724s] -- Symlinking: /home/kim/project3/computer/install/custom_msgs/share/custom_msgs/msg/OrderDetail.msg
[6.731s] -- Symlinking: /home/kim/project3/computer/install/custom_msgs/share/custom_msgs/srv/ReceiveOrder.srv
[6.739s] -- Symlinking: /home/kim/project3/computer/install/custom_msgs/share/custom_msgs/srv/ReceiveOrder_Request.msg
[6.746s] -- Symlinking: /home/kim/project3/computer/install/custom_msgs/share/custom_msgs/srv/ReceiveOrder_Response.msg
[6.754s] -- Symlinking: /home/kim/project3/computer/install/custom_msgs/share/custom_msgs/action/Cook.action
[6.761s] -- Symlinking: /home/kim/project3/computer/install/custom_msgs/share/custom_msgs/action/Serve.action
[6.770s] -- Symlinking: /home/kim/project3/computer/install/custom_msgs/share/ament_index/resource_index/package_run_dependencies/custom_msgs
[6.777s] -- Symlinking: /home/kim/project3/computer/install/custom_msgs/share/ament_index/resource_index/parent_prefix_path/custom_msgs
[6.785s] -- Symlinking: /home/kim/project3/computer/install/custom_msgs/share/custom_msgs/environment/ament_prefix_path.sh
[6.792s] -- Symlinking: /home/kim/project3/computer/install/custom_msgs/share/custom_msgs/environment/ament_prefix_path.dsv
[6.801s] -- Symlinking: /home/kim/project3/computer/install/custom_msgs/share/custom_msgs/environment/path.sh
[6.808s] -- Symlinking: /home/kim/project3/computer/install/custom_msgs/share/custom_msgs/environment/path.dsv
[6.815s] -- Symlinking: /home/kim/project3/computer/install/custom_msgs/share/custom_msgs/local_setup.bash
[6.822s] -- Symlinking: /home/kim/project3/computer/install/custom_msgs/share/custom_msgs/local_setup.sh
[6.830s] -- Symlinking: /home/kim/project3/computer/install/custom_msgs/share/custom_msgs/local_setup.zsh
[6.838s] -- Symlinking: /home/kim/project3/computer/install/custom_msgs/share/custom_msgs/local_setup.dsv
[6.848s] -- Symlinking: /home/kim/project3/computer/install/custom_msgs/share/custom_msgs/package.dsv
[6.856s] -- Symlinking: /home/kim/project3/computer/install/custom_msgs/share/ament_index/resource_index/packages/custom_msgs
[6.863s] -- Symlinking: /home/kim/project3/computer/install/custom_msgs/share/custom_msgs/cmake/rosidl_cmake-extras.cmake
[6.870s] -- Symlinking: /home/kim/project3/computer/install/custom_msgs/share/custom_msgs/cmake/ament_cmake_export_dependencies-extras.cmake
[6.877s] -- Symlinking: /home/kim/project3/computer/install/custom_msgs/share/custom_msgs/cmake/ament_cmake_export_include_directories-extras.cmake
[6.884s] -- Symlinking: /home/kim/project3/computer/install/custom_msgs/share/custom_msgs/cmake/ament_cmake_export_libraries-extras.cmake
[6.891s] -- Symlinking: /home/kim/project3/computer/install/custom_msgs/share/custom_msgs/cmake/ament_cmake_export_targets-extras.cmake
[6.898s] -- Symlinking: /home/kim/project3/computer/install/custom_msgs/share/custom_msgs/cmake/rosidl_cmake_export_typesupport_targets-extras.cmake
[6.905s] -- Symlinking: /home/kim/project3/computer/install/custom_msgs/share/custom_msgs/cmake/rosidl_cmake_export_typesupport_libraries-extras.cmake
[6.913s] -- Symlinking: /home/kim/project3/computer/install/custom_msgs/share/custom_msgs/cmake/custom_msgsConfig.cmake
[6.919s] -- Symlinking: /home/kim/project3/computer/install/custom_msgs/share/custom_msgs/cmake/custom_msgsConfig-version.cmake
[6.926s] -- Symlinking: /home/kim/project3/computer/install/custom_msgs/share/custom_msgs/package.xml
[6.933s] -- Installing: /home/kim/project3/computer/install/custom_msgs/lib/libcustom_msgs__rosidl_generator_c.so
[6.933s] -- Set runtime path of "/home/kim/project3/computer/install/custom_msgs/lib/libcustom_msgs__rosidl_generator_c.so" to ""
[6.933s] -- Installing: /home/kim/project3/computer/install/custom_msgs/lib/libcustom_msgs__rosidl_typesupport_fastrtps_c.so
[6.933s] -- Set runtime path of "/home/kim/project3/computer/install/custom_msgs/lib/libcustom_msgs__rosidl_typesupport_fastrtps_c.so" to ""
[6.934s] -- Installing: /home/kim/project3/computer/install/custom_msgs/lib/libcustom_msgs__rosidl_typesupport_introspection_c.so
[6.934s] -- Set runtime path of "/home/kim/project3/computer/install/custom_msgs/lib/libcustom_msgs__rosidl_typesupport_introspection_c.so" to ""
[6.934s] -- Installing: /home/kim/project3/computer/install/custom_msgs/lib/libcustom_msgs__rosidl_typesupport_c.so
[6.934s] -- Set runtime path of "/home/kim/project3/computer/install/custom_msgs/lib/libcustom_msgs__rosidl_typesupport_c.so" to ""
[6.934s] -- Installing: /home/kim/project3/computer/install/custom_msgs/lib/libcustom_msgs__rosidl_typesupport_fastrtps_cpp.so
[6.934s] -- Set runtime path of "/home/kim/project3/computer/install/custom_msgs/lib/libcustom_msgs__rosidl_typesupport_fastrtps_cpp.so" to ""
[6.934s] -- Installing: /home/kim/project3/computer/install/custom_msgs/lib/libcustom_msgs__rosidl_typesupport_introspection_cpp.so
[6.935s] -- Set runtime path of "/home/kim/project3/computer/install/custom_msgs/lib/libcustom_msgs__rosidl_typesupport_introspection_cpp.so" to ""
[6.935s] -- Installing: /home/kim/project3/computer/install/custom_msgs/lib/libcustom_msgs__rosidl_typesupport_cpp.so
[6.935s] -- Set runtime path of "/home/kim/project3/computer/install/custom_msgs/lib/libcustom_msgs__rosidl_typesupport_cpp.so" to ""
[6.969s] Listing '/home/kim/project3/computer/install/custom_msgs/local/lib/python3.10/dist-packages/custom_msgs'...
[6.969s] Compiling '/home/kim/project3/computer/install/custom_msgs/local/lib/python3.10/dist-packages/custom_msgs/__init__.py'...
[6.969s] Listing '/home/kim/project3/computer/install/custom_msgs/local/lib/python3.10/dist-packages/custom_msgs/action'...
[6.969s] Compiling '/home/kim/project3/computer/install/custom_msgs/local/lib/python3.10/dist-packages/custom_msgs/action/__init__.py'...
[6.969s] Compiling '/home/kim/project3/computer/install/custom_msgs/local/lib/python3.10/dist-packages/custom_msgs/action/_cook.py'...
[6.969s] Compiling '/home/kim/project3/computer/install/custom_msgs/local/lib/python3.10/dist-packages/custom_msgs/action/_serve.py'...
[6.969s] Listing '/home/kim/project3/computer/install/custom_msgs/local/lib/python3.10/dist-packages/custom_msgs/msg'...
[6.969s] Compiling '/home/kim/project3/computer/install/custom_msgs/local/lib/python3.10/dist-packages/custom_msgs/msg/__init__.py'...
[6.969s] Compiling '/home/kim/project3/computer/install/custom_msgs/local/lib/python3.10/dist-packages/custom_msgs/msg/_order_detail.py'...
[6.969s] Compiling '/home/kim/project3/computer/install/custom_msgs/local/lib/python3.10/dist-packages/custom_msgs/msg/_update_status.py'...
[6.969s] Listing '/home/kim/project3/computer/install/custom_msgs/local/lib/python3.10/dist-packages/custom_msgs/srv'...
[6.969s] Compiling '/home/kim/project3/computer/install/custom_msgs/local/lib/python3.10/dist-packages/custom_msgs/srv/__init__.py'...
[6.969s] Compiling '/home/kim/project3/computer/install/custom_msgs/local/lib/python3.10/dist-packages/custom_msgs/srv/_receive_order.py'...
[6.972s] -- Installing: /home/kim/project3/computer/install/custom_msgs/lib/libcustom_msgs__rosidl_generator_py.so
[6.972s] -- Set runtime path of "/home/kim/project3/computer/install/custom_msgs/lib/libcustom_msgs__rosidl_generator_py.so" to ""
[6.972s] -- Installing: /home/kim/project3/computer/install/custom_msgs/share/custom_msgs/cmake/export_custom_msgs__rosidl_generator_cExport.cmake
[6.972s] -- Installing: /home/kim/project3/computer/install/custom_msgs/share/custom_msgs/cmake/export_custom_msgs__rosidl_generator_cExport-noconfig.cmake
[6.972s] -- Installing: /home/kim/project3/computer/install/custom_msgs/share/custom_msgs/cmake/export_custom_msgs__rosidl_typesupport_fastrtps_cExport.cmake
[6.973s] -- Installing: /home/kim/project3/computer/install/custom_msgs/share/custom_msgs/cmake/export_custom_msgs__rosidl_typesupport_fastrtps_cExport-noconfig.cmake
[6.973s] -- Installing: /home/kim/project3/computer/install/custom_msgs/share/custom_msgs/cmake/custom_msgs__rosidl_typesupport_introspection_cExport.cmake
[6.973s] -- Installing: /home/kim/project3/computer/install/custom_msgs/share/custom_msgs/cmake/custom_msgs__rosidl_typesupport_introspection_cExport-noconfig.cmake
[6.973s] -- Installing: /home/kim/project3/computer/install/custom_msgs/share/custom_msgs/cmake/custom_msgs__rosidl_typesupport_cExport.cmake
[6.973s] -- Installing: /home/kim/project3/computer/install/custom_msgs/share/custom_msgs/cmake/custom_msgs__rosidl_typesupport_cExport-noconfig.cmake
[6.973s] -- Installing: /home/kim/project3/computer/install/custom_msgs/share/custom_msgs/cmake/export_custom_msgs__rosidl_generator_cppExport.cmake
[6.973s] -- Installing: /home/kim/project3/computer/install/custom_msgs/share/custom_msgs/cmake/export_custom_msgs__rosidl_typesupport_fastrtps_cppExport.cmake
[6.973s] -- Installing: /home/kim/project3/computer/install/custom_msgs/share/custom_msgs/cmake/export_custom_msgs__rosidl_typesupport_fastrtps_cppExport-noconfig.cmake
[6.973s] -- Installing: /home/kim/project3/computer/install/custom_msgs/share/custom_msgs/cmake/custom_msgs__rosidl_typesupport_introspection_cppExport.cmake
[6.973s] -- Installing: /home/kim/project3/computer/install/custom_msgs/share/custom_msgs/cmake/custom_msgs__rosidl_typesupport_introspection_cppExport-noconfig.cmake
[6.974s] -- Installing: /home/kim/project3/computer/install/custom_msgs/share/custom_msgs/cmake/custom_msgs__rosidl_typesupport_cppExport.cmake
[6.974s] -- Installing: /home/kim/project3/computer/install/custom_msgs/share/custom_msgs/cmake/custom_msgs__rosidl_typesupport_cppExport-noconfig.cmake
[6.974s] -- Installing: /home/kim/project3/computer/install/custom_msgs/share/custom_msgs/cmake/export_custom_msgs__rosidl_generator_pyExport.cmake
[6.974s] -- Installing: /home/kim/project3/computer/install/custom_msgs/share/custom_msgs/cmake/export_custom_msgs__rosidl_generator_pyExport-noconfig.cmake
[6.976s] Invoked command in '/home/kim/project3/computer/build/custom_msgs' returned '0': CMAKE_PREFIX_PATH=${CMAKE_PREFIX_PATH}:/home/kim/project3/computer/install/dine_bot:/home/kim/ws_moveit/install/mycobot_description:/home/kim/ws_moveit/install/moveit_configs_utils /usr/bin/cmake --install /home/kim/project3/computer/build/custom_msgs
