running develop
/usr/lib/python3/dist-packages/setuptools/command/easy_install.py:158: EasyInstallDeprecationWarning: easy_install command is deprecated. Use build and pip and other standards-based tools.
  warnings.warn(
running egg_info
writing yori.egg-info/PKG-INFO
writing dependency_links to yori.egg-info/dependency_links.txt
writing entry points to yori.egg-info/entry_points.txt
writing requirements to yori.egg-info/requires.txt
writing top-level names to yori.egg-info/top_level.txt
reading manifest file 'yori.egg-info/SOURCES.txt'
writing manifest file 'yori.egg-info/SOURCES.txt'
running build_ext
Creating /home/soomi/yori/install/yori/lib/python3.10/site-packages/yori.egg-link (link to .)
Installing db_manager_node script to /home/soomi/yori/install/yori/lib/yori
Installing line_tracer script to /home/soomi/yori/install/yori/lib/yori
Installing mycobot_controller script to /home/soomi/yori/install/yori/lib/yori
Installing nav2_controller script to /home/soomi/yori/install/yori/lib/yori
Installing task_manager_node script to /home/soomi/yori/install/yori/lib/yori

Installed /home/soomi/yori/build/yori
running symlink_data
