[0.484s] Invoking command in '/home/soomi/yori/build/yori': AMENT_PREFIX_PATH=/home/soomi/yori/install/my_custom_msgs CMAKE_PREFIX_PATH=/home/soomi/yori/install/my_custom_msgs LD_LIBRARY_PATH=/home/soomi/yori/install/my_custom_msgs/lib PYTHONPATH=/home/soomi/yori/build/yori/prefix_override:/usr/lib/python3/dist-packages/colcon_core/task/python/colcon_distutils_commands:/home/soomi/yori/install/yori/lib/python3.10/site-packages:/home/soomi/yori/install/my_custom_msgs/local/lib/python3.10/dist-packages /usr/bin/python3 -W ignore:setup.py install is deprecated setup.py develop --editable --build-directory /home/soomi/yori/build/yori/build --no-deps symlink_data
[0.660s] running develop
[0.660s] /usr/lib/python3/dist-packages/setuptools/command/easy_install.py:158: EasyInstallDeprecationWarning: easy_install command is deprecated. Use build and pip and other standards-based tools.
[0.660s]   warnings.warn(
[0.750s] running egg_info
[0.750s] writing yori.egg-info/PKG-INFO
[0.750s] writing dependency_links to yori.egg-info/dependency_links.txt
[0.750s] writing entry points to yori.egg-info/entry_points.txt
[0.750s] writing requirements to yori.egg-info/requires.txt
[0.750s] writing top-level names to yori.egg-info/top_level.txt
[0.752s] reading manifest file 'yori.egg-info/SOURCES.txt'
[0.753s] writing manifest file 'yori.egg-info/SOURCES.txt'
[0.754s] running build_ext
[0.754s] Creating /home/soomi/yori/install/yori/lib/python3.10/site-packages/yori.egg-link (link to .)
[0.755s] Installing db_manager_node script to /home/soomi/yori/install/yori/lib/yori
[0.755s] Installing line_tracer script to /home/soomi/yori/install/yori/lib/yori
[0.755s] Installing mycobot_controller script to /home/soomi/yori/install/yori/lib/yori
[0.755s] Installing nav2_controller script to /home/soomi/yori/install/yori/lib/yori
[0.756s] Installing task_manager_node script to /home/soomi/yori/install/yori/lib/yori
[0.756s] 
[0.756s] Installed /home/soomi/yori/build/yori
[0.756s] running symlink_data
[0.780s] Invoked command in '/home/soomi/yori/build/yori' returned '0': AMENT_PREFIX_PATH=/home/soomi/yori/install/my_custom_msgs CMAKE_PREFIX_PATH=/home/soomi/yori/install/my_custom_msgs LD_LIBRARY_PATH=/home/soomi/yori/install/my_custom_msgs/lib PYTHONPATH=/home/soomi/yori/build/yori/prefix_override:/usr/lib/python3/dist-packages/colcon_core/task/python/colcon_distutils_commands:/home/soomi/yori/install/yori/lib/python3.10/site-packages:/home/soomi/yori/install/my_custom_msgs/local/lib/python3.10/dist-packages /usr/bin/python3 -W ignore:setup.py install is deprecated setup.py develop --editable --build-directory /home/soomi/yori/build/yori/build --no-deps symlink_data
