[0.014s] Invoking command in '/home/kim/project3/computer/build/custom_msgs': CMAKE_PREFIX_PATH=${CMAKE_PREFIX_PATH}:/home/kim/project3/computer/install/dine_bot:/home/kim/ws_moveit/install/mycobot_description:/home/kim/ws_moveit/install/moveit_configs_utils /usr/bin/cmake --build /home/kim/project3/computer/build/custom_msgs -- -j12 -l12
[0.064s] [35m[1mConsolidate compiler generated dependencies of target custom_msgs__rosidl_generator_c[0m
[0.077s] [  1%] Built target custom_msgs__cpp
[0.081s] [ 12%] Built target custom_msgs__rosidl_generator_c
[0.087s] [ 12%] Built target ament_cmake_python_symlink_custom_msgs
[0.091s] [35m[1mConsolidate compiler generated dependencies of target custom_msgs__rosidl_typesupport_introspection_cpp[0m
[0.093s] [35m[1mConsolidate compiler generated dependencies of target custom_msgs__rosidl_typesupport_cpp[0m
[0.094s] [35m[1mConsolidate compiler generated dependencies of target custom_msgs__rosidl_typesupport_fastrtps_cpp[0m
[0.097s] [35m[1mConsolidate compiler generated dependencies of target custom_msgs__rosidl_typesupport_c[0m
[0.097s] [35m[1mConsolidate compiler generated dependencies of target custom_msgs__rosidl_typesupport_introspection_c[0m
[0.098s] [35m[1mConsolidate compiler generated dependencies of target custom_msgs__rosidl_typesupport_fastrtps_c[0m
[0.106s] [ 23%] Built target custom_msgs__rosidl_typesupport_cpp
[0.108s] [ 34%] Built target custom_msgs__rosidl_typesupport_introspection_cpp
[0.114s] [ 57%] Built target custom_msgs__rosidl_typesupport_introspection_c
[0.114s] [ 57%] Built target custom_msgs__rosidl_typesupport_c
[0.115s] [ 68%] Built target custom_msgs__rosidl_typesupport_fastrtps_cpp
[0.118s] [ 79%] Built target custom_msgs__rosidl_typesupport_fastrtps_c
[0.149s] [ 79%] Built target custom_msgs
[0.175s] [ 80%] Built target custom_msgs__py
[0.188s] [35m[1mConsolidate compiler generated dependencies of target custom_msgs__rosidl_generator_py[0m
[0.207s] [ 90%] Built target custom_msgs__rosidl_generator_py
[0.222s] [35m[1mConsolidate compiler generated dependencies of target custom_msgs__rosidl_typesupport_c__pyext[0m
[0.223s] [35m[1mConsolidate compiler generated dependencies of target custom_msgs__rosidl_typesupport_introspection_c__pyext[0m
[0.223s] [35m[1mConsolidate compiler generated dependencies of target custom_msgs__rosidl_typesupport_fastrtps_c__pyext[0m
[0.234s] running egg_info
[0.241s] [100%] Built target custom_msgs__rosidl_typesupport_c__pyext
[0.241s] [100%] Built target custom_msgs__rosidl_typesupport_fastrtps_c__pyext
[0.241s] [100%] Built target custom_msgs__rosidl_typesupport_introspection_c__pyext
[0.243s] writing custom_msgs.egg-info/PKG-INFO
[0.243s] writing dependency_links to custom_msgs.egg-info/dependency_links.txt
[0.243s] writing top-level names to custom_msgs.egg-info/top_level.txt
[0.269s] reading manifest file 'custom_msgs.egg-info/SOURCES.txt'
[0.269s] writing manifest file 'custom_msgs.egg-info/SOURCES.txt'
[0.295s] [100%] Built target ament_cmake_python_build_custom_msgs_egg
[0.304s] Invoked command in '/home/kim/project3/computer/build/custom_msgs' returned '0': CMAKE_PREFIX_PATH=${CMAKE_PREFIX_PATH}:/home/kim/project3/computer/install/dine_bot:/home/kim/ws_moveit/install/mycobot_description:/home/kim/ws_moveit/install/moveit_configs_utils /usr/bin/cmake --build /home/kim/project3/computer/build/custom_msgs -- -j12 -l12
[0.534s] Invoking command in '/home/kim/project3/computer/build/custom_msgs': CMAKE_PREFIX_PATH=${CMAKE_PREFIX_PATH}:/home/kim/project3/computer/install/dine_bot:/home/kim/ws_moveit/install/mycobot_description:/home/kim/ws_moveit/install/moveit_configs_utils /usr/bin/cmake --install /home/kim/project3/computer/build/custom_msgs
[0.545s] -- Install configuration: ""
[0.546s] -- Execute custom install script
[0.546s] -- Up-to-date symlink: /home/kim/project3/computer/install/custom_msgs/share/ament_index/resource_index/rosidl_interfaces/custom_msgs
[0.547s] -- Up-to-date symlink: /home/kim/project3/computer/install/custom_msgs/include/custom_msgs/custom_msgs/action/cook.h
[0.547s] -- Up-to-date symlink: /home/kim/project3/computer/install/custom_msgs/include/custom_msgs/custom_msgs/action/detail/cook__functions.h
[0.547s] -- Up-to-date symlink: /home/kim/project3/computer/install/custom_msgs/include/custom_msgs/custom_msgs/action/detail/cook__struct.h
[0.547s] -- Up-to-date symlink: /home/kim/project3/computer/install/custom_msgs/include/custom_msgs/custom_msgs/action/detail/cook__type_support.h
[0.547s] -- Up-to-date symlink: /home/kim/project3/computer/install/custom_msgs/include/custom_msgs/custom_msgs/action/detail/serve__functions.h
[0.547s] -- Up-to-date symlink: /home/kim/project3/computer/install/custom_msgs/include/custom_msgs/custom_msgs/action/detail/serve__struct.h
[0.547s] -- Up-to-date symlink: /home/kim/project3/computer/install/custom_msgs/include/custom_msgs/custom_msgs/action/detail/serve__type_support.h
[0.547s] -- Up-to-date symlink: /home/kim/project3/computer/install/custom_msgs/include/custom_msgs/custom_msgs/action/serve.h
[0.547s] -- Up-to-date symlink: /home/kim/project3/computer/install/custom_msgs/include/custom_msgs/custom_msgs/msg/detail/order_detail__functions.h
[0.547s] -- Up-to-date symlink: /home/kim/project3/computer/install/custom_msgs/include/custom_msgs/custom_msgs/msg/detail/order_detail__struct.h
[0.548s] -- Up-to-date symlink: /home/kim/project3/computer/install/custom_msgs/include/custom_msgs/custom_msgs/msg/detail/order_detail__type_support.h
[0.548s] -- Up-to-date symlink: /home/kim/project3/computer/install/custom_msgs/include/custom_msgs/custom_msgs/msg/detail/update_status__functions.h
[0.548s] -- Up-to-date symlink: /home/kim/project3/computer/install/custom_msgs/include/custom_msgs/custom_msgs/msg/detail/update_status__struct.h
[0.548s] -- Up-to-date symlink: /home/kim/project3/computer/install/custom_msgs/include/custom_msgs/custom_msgs/msg/detail/update_status__type_support.h
[0.548s] -- Up-to-date symlink: /home/kim/project3/computer/install/custom_msgs/include/custom_msgs/custom_msgs/msg/order_detail.h
[0.548s] -- Up-to-date symlink: /home/kim/project3/computer/install/custom_msgs/include/custom_msgs/custom_msgs/msg/rosidl_generator_c__visibility_control.h
[0.548s] -- Up-to-date symlink: /home/kim/project3/computer/install/custom_msgs/include/custom_msgs/custom_msgs/msg/update_status.h
[0.548s] -- Up-to-date symlink: /home/kim/project3/computer/install/custom_msgs/include/custom_msgs/custom_msgs/srv/detail/receive_order__functions.h
[0.548s] -- Up-to-date symlink: /home/kim/project3/computer/install/custom_msgs/include/custom_msgs/custom_msgs/srv/detail/receive_order__struct.h
[0.548s] -- Up-to-date symlink: /home/kim/project3/computer/install/custom_msgs/include/custom_msgs/custom_msgs/srv/detail/receive_order__type_support.h
[0.549s] -- Up-to-date symlink: /home/kim/project3/computer/install/custom_msgs/include/custom_msgs/custom_msgs/srv/receive_order.h
[0.549s] -- Up-to-date symlink: /home/kim/project3/computer/install/custom_msgs/share/custom_msgs/environment/library_path.sh
[0.549s] -- Up-to-date symlink: /home/kim/project3/computer/install/custom_msgs/share/custom_msgs/environment/library_path.dsv
[0.549s] -- Up-to-date symlink: /home/kim/project3/computer/install/custom_msgs/include/custom_msgs/custom_msgs/action/detail/cook__rosidl_typesupport_fastrtps_c.h
[0.549s] -- Up-to-date symlink: /home/kim/project3/computer/install/custom_msgs/include/custom_msgs/custom_msgs/action/detail/serve__rosidl_typesupport_fastrtps_c.h
[0.549s] -- Up-to-date symlink: /home/kim/project3/computer/install/custom_msgs/include/custom_msgs/custom_msgs/msg/detail/order_detail__rosidl_typesupport_fastrtps_c.h
[0.549s] -- Up-to-date symlink: /home/kim/project3/computer/install/custom_msgs/include/custom_msgs/custom_msgs/msg/detail/update_status__rosidl_typesupport_fastrtps_c.h
[0.549s] -- Up-to-date symlink: /home/kim/project3/computer/install/custom_msgs/include/custom_msgs/custom_msgs/msg/rosidl_typesupport_fastrtps_c__visibility_control.h
[0.549s] -- Up-to-date symlink: /home/kim/project3/computer/install/custom_msgs/include/custom_msgs/custom_msgs/srv/detail/receive_order__rosidl_typesupport_fastrtps_c.h
[0.549s] -- Up-to-date symlink: /home/kim/project3/computer/install/custom_msgs/include/custom_msgs/custom_msgs/action/detail/cook__rosidl_typesupport_introspection_c.h
[0.550s] -- Up-to-date symlink: /home/kim/project3/computer/install/custom_msgs/include/custom_msgs/custom_msgs/action/detail/serve__rosidl_typesupport_introspection_c.h
[0.550s] -- Up-to-date symlink: /home/kim/project3/computer/install/custom_msgs/include/custom_msgs/custom_msgs/msg/detail/order_detail__rosidl_typesupport_introspection_c.h
[0.550s] -- Up-to-date symlink: /home/kim/project3/computer/install/custom_msgs/include/custom_msgs/custom_msgs/msg/detail/update_status__rosidl_typesupport_introspection_c.h
[0.550s] -- Up-to-date symlink: /home/kim/project3/computer/install/custom_msgs/include/custom_msgs/custom_msgs/msg/rosidl_typesupport_introspection_c__visibility_control.h
[0.550s] -- Up-to-date symlink: /home/kim/project3/computer/install/custom_msgs/include/custom_msgs/custom_msgs/srv/detail/receive_order__rosidl_typesupport_introspection_c.h
[0.550s] -- Up-to-date symlink: /home/kim/project3/computer/install/custom_msgs/include/custom_msgs/custom_msgs/action/cook.hpp
[0.550s] -- Up-to-date symlink: /home/kim/project3/computer/install/custom_msgs/include/custom_msgs/custom_msgs/action/detail/cook__builder.hpp
[0.550s] -- Up-to-date symlink: /home/kim/project3/computer/install/custom_msgs/include/custom_msgs/custom_msgs/action/detail/cook__struct.hpp
[0.550s] -- Up-to-date symlink: /home/kim/project3/computer/install/custom_msgs/include/custom_msgs/custom_msgs/action/detail/cook__traits.hpp
[0.550s] -- Up-to-date symlink: /home/kim/project3/computer/install/custom_msgs/include/custom_msgs/custom_msgs/action/detail/serve__builder.hpp
[0.551s] -- Up-to-date symlink: /home/kim/project3/computer/install/custom_msgs/include/custom_msgs/custom_msgs/action/detail/serve__struct.hpp
[0.551s] -- Up-to-date symlink: /home/kim/project3/computer/install/custom_msgs/include/custom_msgs/custom_msgs/action/detail/serve__traits.hpp
[0.551s] -- Up-to-date symlink: /home/kim/project3/computer/install/custom_msgs/include/custom_msgs/custom_msgs/action/serve.hpp
[0.551s] -- Up-to-date symlink: /home/kim/project3/computer/install/custom_msgs/include/custom_msgs/custom_msgs/msg/detail/order_detail__builder.hpp
[0.551s] -- Up-to-date symlink: /home/kim/project3/computer/install/custom_msgs/include/custom_msgs/custom_msgs/msg/detail/order_detail__struct.hpp
[0.551s] -- Up-to-date symlink: /home/kim/project3/computer/install/custom_msgs/include/custom_msgs/custom_msgs/msg/detail/order_detail__traits.hpp
[0.551s] -- Up-to-date symlink: /home/kim/project3/computer/install/custom_msgs/include/custom_msgs/custom_msgs/msg/detail/update_status__builder.hpp
[0.551s] -- Up-to-date symlink: /home/kim/project3/computer/install/custom_msgs/include/custom_msgs/custom_msgs/msg/detail/update_status__struct.hpp
[0.551s] -- Up-to-date symlink: /home/kim/project3/computer/install/custom_msgs/include/custom_msgs/custom_msgs/msg/detail/update_status__traits.hpp
[0.551s] -- Up-to-date symlink: /home/kim/project3/computer/install/custom_msgs/include/custom_msgs/custom_msgs/msg/order_detail.hpp
[0.551s] -- Up-to-date symlink: /home/kim/project3/computer/install/custom_msgs/include/custom_msgs/custom_msgs/msg/update_status.hpp
[0.552s] -- Up-to-date symlink: /home/kim/project3/computer/install/custom_msgs/include/custom_msgs/custom_msgs/srv/detail/receive_order__builder.hpp
[0.552s] -- Up-to-date symlink: /home/kim/project3/computer/install/custom_msgs/include/custom_msgs/custom_msgs/srv/detail/receive_order__struct.hpp
[0.552s] -- Up-to-date symlink: /home/kim/project3/computer/install/custom_msgs/include/custom_msgs/custom_msgs/srv/detail/receive_order__traits.hpp
[0.552s] -- Up-to-date symlink: /home/kim/project3/computer/install/custom_msgs/include/custom_msgs/custom_msgs/srv/receive_order.hpp
[0.552s] -- Up-to-date symlink: /home/kim/project3/computer/install/custom_msgs/include/custom_msgs/custom_msgs/action/detail/cook__rosidl_typesupport_fastrtps_cpp.hpp
[0.552s] -- Up-to-date symlink: /home/kim/project3/computer/install/custom_msgs/include/custom_msgs/custom_msgs/action/detail/serve__rosidl_typesupport_fastrtps_cpp.hpp
[0.552s] -- Up-to-date symlink: /home/kim/project3/computer/install/custom_msgs/include/custom_msgs/custom_msgs/msg/detail/order_detail__rosidl_typesupport_fastrtps_cpp.hpp
[0.552s] -- Up-to-date symlink: /home/kim/project3/computer/install/custom_msgs/include/custom_msgs/custom_msgs/msg/detail/update_status__rosidl_typesupport_fastrtps_cpp.hpp
[0.552s] -- Up-to-date symlink: /home/kim/project3/computer/install/custom_msgs/include/custom_msgs/custom_msgs/msg/rosidl_typesupport_fastrtps_cpp__visibility_control.h
[0.552s] -- Up-to-date symlink: /home/kim/project3/computer/install/custom_msgs/include/custom_msgs/custom_msgs/srv/detail/receive_order__rosidl_typesupport_fastrtps_cpp.hpp
[0.553s] -- Up-to-date symlink: /home/kim/project3/computer/install/custom_msgs/include/custom_msgs/custom_msgs/action/detail/cook__rosidl_typesupport_introspection_cpp.hpp
[0.553s] -- Up-to-date symlink: /home/kim/project3/computer/install/custom_msgs/include/custom_msgs/custom_msgs/action/detail/serve__rosidl_typesupport_introspection_cpp.hpp
[0.553s] -- Up-to-date symlink: /home/kim/project3/computer/install/custom_msgs/include/custom_msgs/custom_msgs/msg/detail/order_detail__rosidl_typesupport_introspection_cpp.hpp
[0.553s] -- Up-to-date symlink: /home/kim/project3/computer/install/custom_msgs/include/custom_msgs/custom_msgs/msg/detail/update_status__rosidl_typesupport_introspection_cpp.hpp
[0.553s] -- Up-to-date symlink: /home/kim/project3/computer/install/custom_msgs/include/custom_msgs/custom_msgs/srv/detail/receive_order__rosidl_typesupport_introspection_cpp.hpp
[0.553s] -- Up-to-date symlink: /home/kim/project3/computer/install/custom_msgs/share/custom_msgs/environment/pythonpath.sh
[0.553s] -- Up-to-date symlink: /home/kim/project3/computer/install/custom_msgs/share/custom_msgs/environment/pythonpath.dsv
[0.553s] -- Up-to-date symlink: /home/kim/project3/computer/install/custom_msgs/local/lib/python3.10/dist-packages/custom_msgs-0.0.0-py3.10.egg-info/PKG-INFO
[0.553s] -- Up-to-date symlink: /home/kim/project3/computer/install/custom_msgs/local/lib/python3.10/dist-packages/custom_msgs-0.0.0-py3.10.egg-info/SOURCES.txt
[0.553s] -- Up-to-date symlink: /home/kim/project3/computer/install/custom_msgs/local/lib/python3.10/dist-packages/custom_msgs-0.0.0-py3.10.egg-info/dependency_links.txt
[0.553s] -- Up-to-date symlink: /home/kim/project3/computer/install/custom_msgs/local/lib/python3.10/dist-packages/custom_msgs-0.0.0-py3.10.egg-info/top_level.txt
[0.554s] -- Up-to-date symlink: /home/kim/project3/computer/install/custom_msgs/local/lib/python3.10/dist-packages/custom_msgs/__init__.py
[0.554s] -- Up-to-date symlink: /home/kim/project3/computer/install/custom_msgs/local/lib/python3.10/dist-packages/custom_msgs/_custom_msgs_s.ep.rosidl_typesupport_c.c
[0.554s] -- Up-to-date symlink: /home/kim/project3/computer/install/custom_msgs/local/lib/python3.10/dist-packages/custom_msgs/_custom_msgs_s.ep.rosidl_typesupport_fastrtps_c.c
[0.554s] -- Up-to-date symlink: /home/kim/project3/computer/install/custom_msgs/local/lib/python3.10/dist-packages/custom_msgs/_custom_msgs_s.ep.rosidl_typesupport_introspection_c.c
[0.554s] -- Up-to-date symlink: /home/kim/project3/computer/install/custom_msgs/local/lib/python3.10/dist-packages/custom_msgs/action/__init__.py
[0.554s] -- Up-to-date symlink: /home/kim/project3/computer/install/custom_msgs/local/lib/python3.10/dist-packages/custom_msgs/action/_cook.py
[0.554s] -- Up-to-date symlink: /home/kim/project3/computer/install/custom_msgs/local/lib/python3.10/dist-packages/custom_msgs/action/_cook_s.c
[0.554s] -- Up-to-date symlink: /home/kim/project3/computer/install/custom_msgs/local/lib/python3.10/dist-packages/custom_msgs/action/_serve.py
[0.554s] -- Up-to-date symlink: /home/kim/project3/computer/install/custom_msgs/local/lib/python3.10/dist-packages/custom_msgs/action/_serve_s.c
[0.554s] -- Up-to-date symlink: /home/kim/project3/computer/install/custom_msgs/local/lib/python3.10/dist-packages/custom_msgs/custom_msgs_s__rosidl_typesupport_c.cpython-310-x86_64-linux-gnu.so
[0.554s] -- Up-to-date symlink: /home/kim/project3/computer/install/custom_msgs/local/lib/python3.10/dist-packages/custom_msgs/custom_msgs_s__rosidl_typesupport_fastrtps_c.cpython-310-x86_64-linux-gnu.so
[0.555s] -- Up-to-date symlink: /home/kim/project3/computer/install/custom_msgs/local/lib/python3.10/dist-packages/custom_msgs/custom_msgs_s__rosidl_typesupport_introspection_c.cpython-310-x86_64-linux-gnu.so
[0.555s] -- Up-to-date symlink: /home/kim/project3/computer/install/custom_msgs/local/lib/python3.10/dist-packages/custom_msgs/libcustom_msgs__rosidl_generator_py.so
[0.555s] -- Up-to-date symlink: /home/kim/project3/computer/install/custom_msgs/local/lib/python3.10/dist-packages/custom_msgs/msg/__init__.py
[0.555s] -- Up-to-date symlink: /home/kim/project3/computer/install/custom_msgs/local/lib/python3.10/dist-packages/custom_msgs/msg/_order_detail.py
[0.555s] -- Up-to-date symlink: /home/kim/project3/computer/install/custom_msgs/local/lib/python3.10/dist-packages/custom_msgs/msg/_order_detail_s.c
[0.555s] -- Up-to-date symlink: /home/kim/project3/computer/install/custom_msgs/local/lib/python3.10/dist-packages/custom_msgs/msg/_update_status.py
[0.555s] -- Up-to-date symlink: /home/kim/project3/computer/install/custom_msgs/local/lib/python3.10/dist-packages/custom_msgs/msg/_update_status_s.c
[0.555s] -- Up-to-date symlink: /home/kim/project3/computer/install/custom_msgs/local/lib/python3.10/dist-packages/custom_msgs/srv/__init__.py
[0.555s] -- Up-to-date symlink: /home/kim/project3/computer/install/custom_msgs/local/lib/python3.10/dist-packages/custom_msgs/srv/_receive_order.py
[0.555s] -- Up-to-date symlink: /home/kim/project3/computer/install/custom_msgs/local/lib/python3.10/dist-packages/custom_msgs/srv/_receive_order_s.c
[0.555s] -- Up-to-date symlink: /home/kim/project3/computer/install/custom_msgs/local/lib/python3.10/dist-packages/custom_msgs/custom_msgs_s__rosidl_typesupport_fastrtps_c.cpython-310-x86_64-linux-gnu.so
[0.555s] -- Up-to-date symlink: /home/kim/project3/computer/install/custom_msgs/local/lib/python3.10/dist-packages/custom_msgs/custom_msgs_s__rosidl_typesupport_introspection_c.cpython-310-x86_64-linux-gnu.so
[0.556s] -- Up-to-date symlink: /home/kim/project3/computer/install/custom_msgs/local/lib/python3.10/dist-packages/custom_msgs/custom_msgs_s__rosidl_typesupport_c.cpython-310-x86_64-linux-gnu.so
[0.556s] -- Up-to-date symlink: /home/kim/project3/computer/install/custom_msgs/share/custom_msgs/msg/UpdateStatus.idl
[0.556s] -- Up-to-date symlink: /home/kim/project3/computer/install/custom_msgs/share/custom_msgs/msg/OrderDetail.idl
[0.556s] -- Up-to-date symlink: /home/kim/project3/computer/install/custom_msgs/share/custom_msgs/srv/ReceiveOrder.idl
[0.556s] -- Up-to-date symlink: /home/kim/project3/computer/install/custom_msgs/share/custom_msgs/action/Cook.idl
[0.556s] -- Up-to-date symlink: /home/kim/project3/computer/install/custom_msgs/share/custom_msgs/action/Serve.idl
[0.556s] -- Up-to-date symlink: /home/kim/project3/computer/install/custom_msgs/share/custom_msgs/msg/UpdateStatus.msg
[0.556s] -- Up-to-date symlink: /home/kim/project3/computer/install/custom_msgs/share/custom_msgs/msg/OrderDetail.msg
[0.556s] -- Up-to-date symlink: /home/kim/project3/computer/install/custom_msgs/share/custom_msgs/srv/ReceiveOrder.srv
[0.556s] -- Up-to-date symlink: /home/kim/project3/computer/install/custom_msgs/share/custom_msgs/srv/ReceiveOrder_Request.msg
[0.556s] -- Up-to-date symlink: /home/kim/project3/computer/install/custom_msgs/share/custom_msgs/srv/ReceiveOrder_Response.msg
[0.556s] -- Up-to-date symlink: /home/kim/project3/computer/install/custom_msgs/share/custom_msgs/action/Cook.action
[0.556s] -- Up-to-date symlink: /home/kim/project3/computer/install/custom_msgs/share/custom_msgs/action/Serve.action
[0.557s] -- Up-to-date symlink: /home/kim/project3/computer/install/custom_msgs/share/ament_index/resource_index/package_run_dependencies/custom_msgs
[0.557s] -- Up-to-date symlink: /home/kim/project3/computer/install/custom_msgs/share/ament_index/resource_index/parent_prefix_path/custom_msgs
[0.557s] -- Up-to-date symlink: /home/kim/project3/computer/install/custom_msgs/share/custom_msgs/environment/ament_prefix_path.sh
[0.557s] -- Up-to-date symlink: /home/kim/project3/computer/install/custom_msgs/share/custom_msgs/environment/ament_prefix_path.dsv
[0.557s] -- Up-to-date symlink: /home/kim/project3/computer/install/custom_msgs/share/custom_msgs/environment/path.sh
[0.557s] -- Up-to-date symlink: /home/kim/project3/computer/install/custom_msgs/share/custom_msgs/environment/path.dsv
[0.557s] -- Up-to-date symlink: /home/kim/project3/computer/install/custom_msgs/share/custom_msgs/local_setup.bash
[0.557s] -- Up-to-date symlink: /home/kim/project3/computer/install/custom_msgs/share/custom_msgs/local_setup.sh
[0.557s] -- Up-to-date symlink: /home/kim/project3/computer/install/custom_msgs/share/custom_msgs/local_setup.zsh
[0.557s] -- Up-to-date symlink: /home/kim/project3/computer/install/custom_msgs/share/custom_msgs/local_setup.dsv
[0.557s] -- Symlinking: /home/kim/project3/computer/install/custom_msgs/share/custom_msgs/package.dsv
[0.566s] -- Up-to-date symlink: /home/kim/project3/computer/install/custom_msgs/share/ament_index/resource_index/packages/custom_msgs
[0.566s] -- Up-to-date symlink: /home/kim/project3/computer/install/custom_msgs/share/custom_msgs/cmake/rosidl_cmake-extras.cmake
[0.567s] -- Up-to-date symlink: /home/kim/project3/computer/install/custom_msgs/share/custom_msgs/cmake/ament_cmake_export_dependencies-extras.cmake
[0.567s] -- Up-to-date symlink: /home/kim/project3/computer/install/custom_msgs/share/custom_msgs/cmake/ament_cmake_export_include_directories-extras.cmake
[0.567s] -- Up-to-date symlink: /home/kim/project3/computer/install/custom_msgs/share/custom_msgs/cmake/ament_cmake_export_libraries-extras.cmake
[0.567s] -- Up-to-date symlink: /home/kim/project3/computer/install/custom_msgs/share/custom_msgs/cmake/ament_cmake_export_targets-extras.cmake
[0.567s] -- Up-to-date symlink: /home/kim/project3/computer/install/custom_msgs/share/custom_msgs/cmake/rosidl_cmake_export_typesupport_targets-extras.cmake
[0.567s] -- Up-to-date symlink: /home/kim/project3/computer/install/custom_msgs/share/custom_msgs/cmake/rosidl_cmake_export_typesupport_libraries-extras.cmake
[0.567s] -- Up-to-date symlink: /home/kim/project3/computer/install/custom_msgs/share/custom_msgs/cmake/custom_msgsConfig.cmake
[0.567s] -- Up-to-date symlink: /home/kim/project3/computer/install/custom_msgs/share/custom_msgs/cmake/custom_msgsConfig-version.cmake
[0.567s] -- Up-to-date symlink: /home/kim/project3/computer/install/custom_msgs/share/custom_msgs/package.xml
[0.568s] -- Up-to-date: /home/kim/project3/computer/install/custom_msgs/lib/libcustom_msgs__rosidl_generator_c.so
[0.568s] -- Up-to-date: /home/kim/project3/computer/install/custom_msgs/lib/libcustom_msgs__rosidl_typesupport_fastrtps_c.so
[0.568s] -- Up-to-date: /home/kim/project3/computer/install/custom_msgs/lib/libcustom_msgs__rosidl_typesupport_introspection_c.so
[0.568s] -- Up-to-date: /home/kim/project3/computer/install/custom_msgs/lib/libcustom_msgs__rosidl_typesupport_c.so
[0.568s] -- Up-to-date: /home/kim/project3/computer/install/custom_msgs/lib/libcustom_msgs__rosidl_typesupport_fastrtps_cpp.so
[0.568s] -- Up-to-date: /home/kim/project3/computer/install/custom_msgs/lib/libcustom_msgs__rosidl_typesupport_introspection_cpp.so
[0.568s] -- Up-to-date: /home/kim/project3/computer/install/custom_msgs/lib/libcustom_msgs__rosidl_typesupport_cpp.so
[0.603s] Listing '/home/kim/project3/computer/install/custom_msgs/local/lib/python3.10/dist-packages/custom_msgs'...
[0.603s] Listing '/home/kim/project3/computer/install/custom_msgs/local/lib/python3.10/dist-packages/custom_msgs/action'...
[0.603s] Listing '/home/kim/project3/computer/install/custom_msgs/local/lib/python3.10/dist-packages/custom_msgs/msg'...
[0.603s] Listing '/home/kim/project3/computer/install/custom_msgs/local/lib/python3.10/dist-packages/custom_msgs/srv'...
[0.605s] -- Up-to-date: /home/kim/project3/computer/install/custom_msgs/lib/libcustom_msgs__rosidl_generator_py.so
[0.606s] -- Up-to-date: /home/kim/project3/computer/install/custom_msgs/share/custom_msgs/cmake/export_custom_msgs__rosidl_generator_cExport.cmake
[0.606s] -- Up-to-date: /home/kim/project3/computer/install/custom_msgs/share/custom_msgs/cmake/export_custom_msgs__rosidl_generator_cExport-noconfig.cmake
[0.606s] -- Up-to-date: /home/kim/project3/computer/install/custom_msgs/share/custom_msgs/cmake/export_custom_msgs__rosidl_typesupport_fastrtps_cExport.cmake
[0.606s] -- Up-to-date: /home/kim/project3/computer/install/custom_msgs/share/custom_msgs/cmake/export_custom_msgs__rosidl_typesupport_fastrtps_cExport-noconfig.cmake
[0.606s] -- Up-to-date: /home/kim/project3/computer/install/custom_msgs/share/custom_msgs/cmake/custom_msgs__rosidl_typesupport_introspection_cExport.cmake
[0.606s] -- Up-to-date: /home/kim/project3/computer/install/custom_msgs/share/custom_msgs/cmake/custom_msgs__rosidl_typesupport_introspection_cExport-noconfig.cmake
[0.606s] -- Up-to-date: /home/kim/project3/computer/install/custom_msgs/share/custom_msgs/cmake/custom_msgs__rosidl_typesupport_cExport.cmake
[0.606s] -- Up-to-date: /home/kim/project3/computer/install/custom_msgs/share/custom_msgs/cmake/custom_msgs__rosidl_typesupport_cExport-noconfig.cmake
[0.607s] -- Up-to-date: /home/kim/project3/computer/install/custom_msgs/share/custom_msgs/cmake/export_custom_msgs__rosidl_generator_cppExport.cmake
[0.607s] -- Up-to-date: /home/kim/project3/computer/install/custom_msgs/share/custom_msgs/cmake/export_custom_msgs__rosidl_typesupport_fastrtps_cppExport.cmake
[0.607s] -- Up-to-date: /home/kim/project3/computer/install/custom_msgs/share/custom_msgs/cmake/export_custom_msgs__rosidl_typesupport_fastrtps_cppExport-noconfig.cmake
[0.607s] -- Up-to-date: /home/kim/project3/computer/install/custom_msgs/share/custom_msgs/cmake/custom_msgs__rosidl_typesupport_introspection_cppExport.cmake
[0.607s] -- Up-to-date: /home/kim/project3/computer/install/custom_msgs/share/custom_msgs/cmake/custom_msgs__rosidl_typesupport_introspection_cppExport-noconfig.cmake
[0.607s] -- Up-to-date: /home/kim/project3/computer/install/custom_msgs/share/custom_msgs/cmake/custom_msgs__rosidl_typesupport_cppExport.cmake
[0.607s] -- Up-to-date: /home/kim/project3/computer/install/custom_msgs/share/custom_msgs/cmake/custom_msgs__rosidl_typesupport_cppExport-noconfig.cmake
[0.607s] -- Up-to-date: /home/kim/project3/computer/install/custom_msgs/share/custom_msgs/cmake/export_custom_msgs__rosidl_generator_pyExport.cmake
[0.607s] -- Up-to-date: /home/kim/project3/computer/install/custom_msgs/share/custom_msgs/cmake/export_custom_msgs__rosidl_generator_pyExport-noconfig.cmake
[0.608s] Invoked command in '/home/kim/project3/computer/build/custom_msgs' returned '0': CMAKE_PREFIX_PATH=${CMAKE_PREFIX_PATH}:/home/kim/project3/computer/install/dine_bot:/home/kim/ws_moveit/install/mycobot_description:/home/kim/ws_moveit/install/moveit_configs_utils /usr/bin/cmake --install /home/kim/project3/computer/build/custom_msgs
