[0.031s] Invoking command in '/home/soomi/yori/build/my_custom_msgs': CMAKE_PREFIX_PATH=${CMAKE_PREFIX_PATH}:/home/soomi/yori/install/yori:/home/soomi/ros2_humble/install/rqt_bag_plugins:/home/soomi/ros2_humble/install/rqt_bag:/home/soomi/ros2_humble/install/launch_testing_examples:/home/soomi/ros2_humble/install/ros2bag:/home/soomi/ros2_humble/install/tracetools_test:/home/soomi/ros2_humble/install/tracetools_launch:/home/soomi/ros2_humble/install/topic_monitor:/home/soomi/ros2_humble/install/tf2_tools:/home/soomi/ros2_humble/install/examples_tf2_py:/home/soomi/ros2_humble/install/tf2_ros_py:/home/soomi/ros2_humble/install/sros2:/home/soomi/ros2_humble/install/rqt_topic:/home/soomi/ros2_humble/install/rqt_srv:/home/soomi/ros2_humble/install/rqt_shell:/home/soomi/ros2_humble/install/rqt_service_caller:/home/soomi/ros2_humble/install/rqt_reconfigure:/home/soomi/ros2_humble/install/rqt_py_console:/home/soomi/ros2_humble/install/rqt_publisher:/home/soomi/ros2_humble/install/rqt_plot:/home/soomi/ros2_humble/install/rqt_action:/home/soomi/ros2_humble/install/rqt_msg:/home/soomi/ros2_humble/install/rqt_console:/home/soomi/ros2_humble/install/rqt:/home/soomi/ros2_humble/install/rqt_graph:/home/soomi/ros2_humble/install/rqt_gui_py:/home/soomi/ros2_humble/install/rqt_gui:/home/soomi/ros2_humble/install/ros2trace:/home/soomi/ros2_humble/install/ros2topic:/home/soomi/ros2_humble/install/ros2test:/home/soomi/ros2_humble/install/ros2component:/home/soomi/ros2_humble/install/ros2param:/home/soomi/ros2_humble/install/ros2lifecycle:/home/soomi/ros2_humble/install/ros2service:/home/soomi/ros2_humble/install/ros2run:/home/soomi/ros2_humble/install/ros2launch:/home/soomi/ros2_humble/install/ros2pkg:/home/soomi/ros2_humble/install/ros2node:/home/soomi/ros2_humble/install/ros2multicast:/home/soomi/ros2_humble/install/ros2interface:/home/soomi/ros2_humble/install/ros2doctor:/home/soomi/ros2_humble/install/ros2action:/home/soomi/ros2_humble/install/ros2cli:/home/soomi/ros2_humble/install/quality_of_service_demo_py:/home/soomi/ros2_humble/install/lifecycle_py:/home/soomi/ros2_humble/install/launch_testing_ros:/home/soomi/ros2_humble/install/launch_ros:/home/soomi/ros2_humble/install/examples_rclpy_pointcloud_publisher:/home/soomi/ros2_humble/install/examples_rclpy_minimal_subscriber:/home/soomi/ros2_humble/install/examples_rclpy_minimal_service:/home/soomi/ros2_humble/install/examples_rclpy_minimal_publisher:/home/soomi/ros2_humble/install/examples_rclpy_minimal_client:/home/soomi/ros2_humble/install/examples_rclpy_minimal_action_server:/home/soomi/ros2_humble/install/examples_rclpy_minimal_action_client:/home/soomi/ros2_humble/install/examples_rclpy_guard_conditions:/home/soomi/ros2_humble/install/examples_rclpy_executors:/home/soomi/ros2_humble/install/demo_nodes_py:/home/soomi/ros2_humble/install/bondpy:/home/soomi/ros2_humble/install/action_tutorials_py:/home/soomi/ros2_humble/install/ament_uncrustify:/home/soomi/ros2_humble/install/tracetools_trace:/home/soomi/ros2_humble/install/tracetools_read:/home/soomi/ros2_humble/install/test_tracetools_launch:/home/soomi/ros2_humble/install/test_launch_ros:/home/soomi/ros2_humble/install/sensor_msgs_py:/home/soomi/ros2_humble/install/rpyutils:/home/soomi/ros2_humble/install/rosidl_runtime_py:/home/soomi/ros2_humble/install/rosidl_cli:/home/soomi/ros2_humble/install/launch_pytest:/home/soomi/ros2_humble/install/launch_testing:/home/soomi/ros2_humble/install/launch_yaml:/home/soomi/ros2_humble/install/launch_xml:/home/soomi/ros2_humble/install/launch:/home/soomi/ros2_humble/install/osrf_pycommon:/home/soomi/ros2_humble/install/domain_coordinator:/home/soomi/ros2_humble/install/ament_xmllint:/home/soomi/ros2_humble/install/ament_pyflakes:/home/soomi/ros2_humble/install/ament_pycodestyle:/home/soomi/ros2_humble/install/ament_pep257:/home/soomi/ros2_humble/install/ament_pclint:/home/soomi/ros2_humble/install/ament_package:/home/soomi/ros2_humble/install/ament_mypy:/home/soomi/ros2_humble/install/ament_lint_cmake:/home/soomi/ros2_humble/install/ament_flake8:/home/soomi/ros2_humble/install/ament_copyright:/home/soomi/ros2_humble/install/ament_lint:/home/soomi/ros2_humble/install/ament_index_python:/home/soomi/ros2_humble/install/ament_cpplint:/home/soomi/ros2_humble/install/ament_cppcheck:/home/soomi/ros2_humble/install/ament_clang_tidy:/home/soomi/ros2_humble/install/ament_clang_format /usr/bin/cmake /home/soomi/yori/src/my_custom_msgs -DAMENT_CMAKE_SYMLINK_INSTALL=1 -DCMAKE_INSTALL_PREFIX=/home/soomi/yori/install/my_custom_msgs
[0.123s] -- The C compiler identification is GNU 11.4.0
[0.178s] -- The CXX compiler identification is GNU 11.4.0
[0.186s] -- Detecting C compiler ABI info
[0.317s] -- Detecting C compiler ABI info - done
[0.327s] -- Check for working C compiler: /usr/bin/cc - skipped
[0.327s] -- Detecting C compile features
[0.328s] -- Detecting C compile features - done
[0.331s] -- Detecting CXX compiler ABI info
[0.454s] -- Detecting CXX compiler ABI info - done
[0.463s] -- Check for working CXX compiler: /usr/bin/c++ - skipped
[0.463s] -- Detecting CXX compile features
[0.463s] -- Detecting CXX compile features - done
[0.480s] -- Found ament_cmake: 1.3.10 (/home/soomi/ros2_humble/install/ament_cmake/share/ament_cmake/cmake)
[0.877s] -- Found Python3: /usr/bin/python3 (found version "3.10.12") found components: Interpreter 
[1.028s] -- Override CMake install command with custom implementation using symlinks instead of copying resources
[1.183s] -- Found rosidl_default_generators: 1.2.0 (/home/soomi/ros2_humble/install/rosidl_default_generators/share/rosidl_default_generators/cmake)
[1.273s] -- Using all available rosidl_typesupport_c: rosidl_typesupport_introspection_c;rosidl_typesupport_fastrtps_c
[1.299s] -- Found rosidl_adapter: 3.1.5 (/home/soomi/ros2_humble/install/rosidl_adapter/share/rosidl_adapter/cmake)
[1.418s] -- Using all available rosidl_typesupport_cpp: rosidl_typesupport_introspection_cpp;rosidl_typesupport_fastrtps_cpp
[1.488s] -- Found std_msgs: 4.2.4 (/home/soomi/ros2_humble/install/std_msgs/share/std_msgs/cmake)
[2.279s] -- Found ament_cmake_ros: 0.10.0 (/home/soomi/ros2_humble/install/ament_cmake_ros/share/ament_cmake_ros/cmake)
[2.629s] -- Using all available rosidl_typesupport_c: rosidl_typesupport_introspection_c;rosidl_typesupport_fastrtps_c
[3.245s] -- Using all available rosidl_typesupport_cpp: rosidl_typesupport_introspection_cpp;rosidl_typesupport_fastrtps_cpp
[3.302s] -- Found PythonInterp: /usr/bin/python3 (found suitable version "3.10.12", minimum required is "3.6") 
[3.311s] -- Found python_cmake_module: 0.10.0 (/home/soomi/ros2_humble/install/python_cmake_module/share/python_cmake_module/cmake)
[3.378s] -- Found PythonLibs: /usr/lib/x86_64-linux-gnu/libpython3.10.so (found suitable version "3.10.12", minimum required is "3.5") 
[3.378s] -- Using PYTHON_EXECUTABLE: /usr/bin/python3
[3.378s] -- Using PYTHON_INCLUDE_DIRS: /usr/include/python3.10
[3.378s] -- Using PYTHON_LIBRARIES: /usr/lib/x86_64-linux-gnu/libpython3.10.so
[3.435s] -- Found PythonExtra: .so  
[3.870s] -- Found ament_lint_auto: 0.12.11 (/home/soomi/ros2_humble/install/ament_lint_auto/share/ament_lint_auto/cmake)
[3.933s] -- Added test 'lint_cmake' to check CMake code style
[3.937s] -- Added test 'xmllint' to check XML markup files
[3.944s] -- Configuring done
[3.970s] -- Generating done
[3.971s] -- Build files have been written to: /home/soomi/yori/build/my_custom_msgs
[3.978s] Invoked command in '/home/soomi/yori/build/my_custom_msgs' returned '0': CMAKE_PREFIX_PATH=${CMAKE_PREFIX_PATH}:/home/soomi/yori/install/yori:/home/soomi/ros2_humble/install/rqt_bag_plugins:/home/soomi/ros2_humble/install/rqt_bag:/home/soomi/ros2_humble/install/launch_testing_examples:/home/soomi/ros2_humble/install/ros2bag:/home/soomi/ros2_humble/install/tracetools_test:/home/soomi/ros2_humble/install/tracetools_launch:/home/soomi/ros2_humble/install/topic_monitor:/home/soomi/ros2_humble/install/tf2_tools:/home/soomi/ros2_humble/install/examples_tf2_py:/home/soomi/ros2_humble/install/tf2_ros_py:/home/soomi/ros2_humble/install/sros2:/home/soomi/ros2_humble/install/rqt_topic:/home/soomi/ros2_humble/install/rqt_srv:/home/soomi/ros2_humble/install/rqt_shell:/home/soomi/ros2_humble/install/rqt_service_caller:/home/soomi/ros2_humble/install/rqt_reconfigure:/home/soomi/ros2_humble/install/rqt_py_console:/home/soomi/ros2_humble/install/rqt_publisher:/home/soomi/ros2_humble/install/rqt_plot:/home/soomi/ros2_humble/install/rqt_action:/home/soomi/ros2_humble/install/rqt_msg:/home/soomi/ros2_humble/install/rqt_console:/home/soomi/ros2_humble/install/rqt:/home/soomi/ros2_humble/install/rqt_graph:/home/soomi/ros2_humble/install/rqt_gui_py:/home/soomi/ros2_humble/install/rqt_gui:/home/soomi/ros2_humble/install/ros2trace:/home/soomi/ros2_humble/install/ros2topic:/home/soomi/ros2_humble/install/ros2test:/home/soomi/ros2_humble/install/ros2component:/home/soomi/ros2_humble/install/ros2param:/home/soomi/ros2_humble/install/ros2lifecycle:/home/soomi/ros2_humble/install/ros2service:/home/soomi/ros2_humble/install/ros2run:/home/soomi/ros2_humble/install/ros2launch:/home/soomi/ros2_humble/install/ros2pkg:/home/soomi/ros2_humble/install/ros2node:/home/soomi/ros2_humble/install/ros2multicast:/home/soomi/ros2_humble/install/ros2interface:/home/soomi/ros2_humble/install/ros2doctor:/home/soomi/ros2_humble/install/ros2action:/home/soomi/ros2_humble/install/ros2cli:/home/soomi/ros2_humble/install/quality_of_service_demo_py:/home/soomi/ros2_humble/install/lifecycle_py:/home/soomi/ros2_humble/install/launch_testing_ros:/home/soomi/ros2_humble/install/launch_ros:/home/soomi/ros2_humble/install/examples_rclpy_pointcloud_publisher:/home/soomi/ros2_humble/install/examples_rclpy_minimal_subscriber:/home/soomi/ros2_humble/install/examples_rclpy_minimal_service:/home/soomi/ros2_humble/install/examples_rclpy_minimal_publisher:/home/soomi/ros2_humble/install/examples_rclpy_minimal_client:/home/soomi/ros2_humble/install/examples_rclpy_minimal_action_server:/home/soomi/ros2_humble/install/examples_rclpy_minimal_action_client:/home/soomi/ros2_humble/install/examples_rclpy_guard_conditions:/home/soomi/ros2_humble/install/examples_rclpy_executors:/home/soomi/ros2_humble/install/demo_nodes_py:/home/soomi/ros2_humble/install/bondpy:/home/soomi/ros2_humble/install/action_tutorials_py:/home/soomi/ros2_humble/install/ament_uncrustify:/home/soomi/ros2_humble/install/tracetools_trace:/home/soomi/ros2_humble/install/tracetools_read:/home/soomi/ros2_humble/install/test_tracetools_launch:/home/soomi/ros2_humble/install/test_launch_ros:/home/soomi/ros2_humble/install/sensor_msgs_py:/home/soomi/ros2_humble/install/rpyutils:/home/soomi/ros2_humble/install/rosidl_runtime_py:/home/soomi/ros2_humble/install/rosidl_cli:/home/soomi/ros2_humble/install/launch_pytest:/home/soomi/ros2_humble/install/launch_testing:/home/soomi/ros2_humble/install/launch_yaml:/home/soomi/ros2_humble/install/launch_xml:/home/soomi/ros2_humble/install/launch:/home/soomi/ros2_humble/install/osrf_pycommon:/home/soomi/ros2_humble/install/domain_coordinator:/home/soomi/ros2_humble/install/ament_xmllint:/home/soomi/ros2_humble/install/ament_pyflakes:/home/soomi/ros2_humble/install/ament_pycodestyle:/home/soomi/ros2_humble/install/ament_pep257:/home/soomi/ros2_humble/install/ament_pclint:/home/soomi/ros2_humble/install/ament_package:/home/soomi/ros2_humble/install/ament_mypy:/home/soomi/ros2_humble/install/ament_lint_cmake:/home/soomi/ros2_humble/install/ament_flake8:/home/soomi/ros2_humble/install/ament_copyright:/home/soomi/ros2_humble/install/ament_lint:/home/soomi/ros2_humble/install/ament_index_python:/home/soomi/ros2_humble/install/ament_cpplint:/home/soomi/ros2_humble/install/ament_cppcheck:/home/soomi/ros2_humble/install/ament_clang_tidy:/home/soomi/ros2_humble/install/ament_clang_format /usr/bin/cmake /home/soomi/yori/src/my_custom_msgs -DAMENT_CMAKE_SYMLINK_INSTALL=1 -DCMAKE_INSTALL_PREFIX=/home/soomi/yori/install/my_custom_msgs
[3.979s] Invoking command in '/home/soomi/yori/build/my_custom_msgs': CMAKE_PREFIX_PATH=${CMAKE_PREFIX_PATH}:/home/soomi/yori/install/yori:/home/soomi/ros2_humble/install/rqt_bag_plugins:/home/soomi/ros2_humble/install/rqt_bag:/home/soomi/ros2_humble/install/launch_testing_examples:/home/soomi/ros2_humble/install/ros2bag:/home/soomi/ros2_humble/install/tracetools_test:/home/soomi/ros2_humble/install/tracetools_launch:/home/soomi/ros2_humble/install/topic_monitor:/home/soomi/ros2_humble/install/tf2_tools:/home/soomi/ros2_humble/install/examples_tf2_py:/home/soomi/ros2_humble/install/tf2_ros_py:/home/soomi/ros2_humble/install/sros2:/home/soomi/ros2_humble/install/rqt_topic:/home/soomi/ros2_humble/install/rqt_srv:/home/soomi/ros2_humble/install/rqt_shell:/home/soomi/ros2_humble/install/rqt_service_caller:/home/soomi/ros2_humble/install/rqt_reconfigure:/home/soomi/ros2_humble/install/rqt_py_console:/home/soomi/ros2_humble/install/rqt_publisher:/home/soomi/ros2_humble/install/rqt_plot:/home/soomi/ros2_humble/install/rqt_action:/home/soomi/ros2_humble/install/rqt_msg:/home/soomi/ros2_humble/install/rqt_console:/home/soomi/ros2_humble/install/rqt:/home/soomi/ros2_humble/install/rqt_graph:/home/soomi/ros2_humble/install/rqt_gui_py:/home/soomi/ros2_humble/install/rqt_gui:/home/soomi/ros2_humble/install/ros2trace:/home/soomi/ros2_humble/install/ros2topic:/home/soomi/ros2_humble/install/ros2test:/home/soomi/ros2_humble/install/ros2component:/home/soomi/ros2_humble/install/ros2param:/home/soomi/ros2_humble/install/ros2lifecycle:/home/soomi/ros2_humble/install/ros2service:/home/soomi/ros2_humble/install/ros2run:/home/soomi/ros2_humble/install/ros2launch:/home/soomi/ros2_humble/install/ros2pkg:/home/soomi/ros2_humble/install/ros2node:/home/soomi/ros2_humble/install/ros2multicast:/home/soomi/ros2_humble/install/ros2interface:/home/soomi/ros2_humble/install/ros2doctor:/home/soomi/ros2_humble/install/ros2action:/home/soomi/ros2_humble/install/ros2cli:/home/soomi/ros2_humble/install/quality_of_service_demo_py:/home/soomi/ros2_humble/install/lifecycle_py:/home/soomi/ros2_humble/install/launch_testing_ros:/home/soomi/ros2_humble/install/launch_ros:/home/soomi/ros2_humble/install/examples_rclpy_pointcloud_publisher:/home/soomi/ros2_humble/install/examples_rclpy_minimal_subscriber:/home/soomi/ros2_humble/install/examples_rclpy_minimal_service:/home/soomi/ros2_humble/install/examples_rclpy_minimal_publisher:/home/soomi/ros2_humble/install/examples_rclpy_minimal_client:/home/soomi/ros2_humble/install/examples_rclpy_minimal_action_server:/home/soomi/ros2_humble/install/examples_rclpy_minimal_action_client:/home/soomi/ros2_humble/install/examples_rclpy_guard_conditions:/home/soomi/ros2_humble/install/examples_rclpy_executors:/home/soomi/ros2_humble/install/demo_nodes_py:/home/soomi/ros2_humble/install/bondpy:/home/soomi/ros2_humble/install/action_tutorials_py:/home/soomi/ros2_humble/install/ament_uncrustify:/home/soomi/ros2_humble/install/tracetools_trace:/home/soomi/ros2_humble/install/tracetools_read:/home/soomi/ros2_humble/install/test_tracetools_launch:/home/soomi/ros2_humble/install/test_launch_ros:/home/soomi/ros2_humble/install/sensor_msgs_py:/home/soomi/ros2_humble/install/rpyutils:/home/soomi/ros2_humble/install/rosidl_runtime_py:/home/soomi/ros2_humble/install/rosidl_cli:/home/soomi/ros2_humble/install/launch_pytest:/home/soomi/ros2_humble/install/launch_testing:/home/soomi/ros2_humble/install/launch_yaml:/home/soomi/ros2_humble/install/launch_xml:/home/soomi/ros2_humble/install/launch:/home/soomi/ros2_humble/install/osrf_pycommon:/home/soomi/ros2_humble/install/domain_coordinator:/home/soomi/ros2_humble/install/ament_xmllint:/home/soomi/ros2_humble/install/ament_pyflakes:/home/soomi/ros2_humble/install/ament_pycodestyle:/home/soomi/ros2_humble/install/ament_pep257:/home/soomi/ros2_humble/install/ament_pclint:/home/soomi/ros2_humble/install/ament_package:/home/soomi/ros2_humble/install/ament_mypy:/home/soomi/ros2_humble/install/ament_lint_cmake:/home/soomi/ros2_humble/install/ament_flake8:/home/soomi/ros2_humble/install/ament_copyright:/home/soomi/ros2_humble/install/ament_lint:/home/soomi/ros2_humble/install/ament_index_python:/home/soomi/ros2_humble/install/ament_cpplint:/home/soomi/ros2_humble/install/ament_cppcheck:/home/soomi/ros2_humble/install/ament_clang_tidy:/home/soomi/ros2_humble/install/ament_clang_format /usr/bin/cmake --build /home/soomi/yori/build/my_custom_msgs -- -j12 -l12
[4.073s] [  1%] [34m[1mGenerating C code for ROS interfaces[0m
[4.095s] [  3%] [34m[1mGenerating C++ code for ROS interfaces[0m
[4.122s] [  3%] Built target ament_cmake_python_symlink_my_custom_msgs
[4.467s] running egg_info
[4.468s] creating my_custom_msgs.egg-info
[4.468s] writing my_custom_msgs.egg-info/PKG-INFO
[4.468s] writing dependency_links to my_custom_msgs.egg-info/dependency_links.txt
[4.468s] writing top-level names to my_custom_msgs.egg-info/top_level.txt
[4.471s] writing manifest file 'my_custom_msgs.egg-info/SOURCES.txt'
[4.472s] reading manifest file 'my_custom_msgs.egg-info/SOURCES.txt'
[4.473s] writing manifest file 'my_custom_msgs.egg-info/SOURCES.txt'
[4.502s] [  3%] Built target ament_cmake_python_build_my_custom_msgs_egg
[4.584s] [  3%] Built target my_custom_msgs__cpp
[4.607s] [  5%] [34m[1mGenerating C++ introspection for ROS interfaces[0m
[4.612s] [  9%] [34m[1mGenerating C++ type support for eProsima Fast-RTPS[0m
[4.612s] [  9%] [34m[1mGenerating C++ type support dispatch for ROS interfaces[0m
[4.808s] [ 10%] [32mBuilding C object CMakeFiles/my_custom_msgs__rosidl_generator_c.dir/rosidl_generator_c/my_custom_msgs/msg/detail/update_status__functions.c.o[0m
[4.814s] [ 12%] [32mBuilding C object CMakeFiles/my_custom_msgs__rosidl_generator_c.dir/rosidl_generator_c/my_custom_msgs/srv/detail/receive_order__functions.c.o[0m
[4.818s] [ 16%] [32mBuilding C object CMakeFiles/my_custom_msgs__rosidl_generator_c.dir/rosidl_generator_c/my_custom_msgs/msg/detail/order_detail__functions.c.o[0m
[4.818s] [ 16%] [32mBuilding C object CMakeFiles/my_custom_msgs__rosidl_generator_c.dir/rosidl_generator_c/my_custom_msgs/action/detail/cook__functions.c.o[0m
[4.951s] [ 18%] [32m[1mLinking C shared library libmy_custom_msgs__rosidl_generator_c.so[0m
[5.024s] [ 18%] Built target my_custom_msgs__rosidl_generator_c
[5.053s] [ 23%] [34m[1mGenerating C type support dispatch for ROS interfaces[0m
[5.053s] [ 23%] [34m[1mGenerating C type support for eProsima Fast-RTPS[0m
[5.053s] [ 23%] [34m[1mGenerating C introspection for ROS interfaces[0m
[5.154s] [ 25%] [32mBuilding CXX object CMakeFiles/my_custom_msgs__rosidl_typesupport_cpp.dir/rosidl_typesupport_cpp/my_custom_msgs/action/cook__type_support.cpp.o[0m
[5.154s] [ 27%] [32mBuilding CXX object CMakeFiles/my_custom_msgs__rosidl_typesupport_cpp.dir/rosidl_typesupport_cpp/my_custom_msgs/msg/update_status__type_support.cpp.o[0m
[5.154s] [ 29%] [32mBuilding CXX object CMakeFiles/my_custom_msgs__rosidl_typesupport_cpp.dir/rosidl_typesupport_cpp/my_custom_msgs/srv/receive_order__type_support.cpp.o[0m
[5.158s] [ 30%] [32mBuilding CXX object CMakeFiles/my_custom_msgs__rosidl_typesupport_cpp.dir/rosidl_typesupport_cpp/my_custom_msgs/msg/order_detail__type_support.cpp.o[0m
[5.167s] [ 32%] [32mBuilding CXX object CMakeFiles/my_custom_msgs__rosidl_typesupport_fastrtps_cpp.dir/rosidl_typesupport_fastrtps_cpp/my_custom_msgs/msg/detail/dds_fastrtps/update_status__type_support.cpp.o[0m
[5.167s] [ 34%] [32mBuilding CXX object CMakeFiles/my_custom_msgs__rosidl_typesupport_fastrtps_cpp.dir/rosidl_typesupport_fastrtps_cpp/my_custom_msgs/msg/detail/dds_fastrtps/order_detail__type_support.cpp.o[0m
[5.168s] [ 36%] [32mBuilding CXX object CMakeFiles/my_custom_msgs__rosidl_typesupport_fastrtps_cpp.dir/rosidl_typesupport_fastrtps_cpp/my_custom_msgs/action/detail/dds_fastrtps/cook__type_support.cpp.o[0m
[5.170s] [ 38%] [32mBuilding CXX object CMakeFiles/my_custom_msgs__rosidl_typesupport_fastrtps_cpp.dir/rosidl_typesupport_fastrtps_cpp/my_custom_msgs/srv/detail/dds_fastrtps/receive_order__type_support.cpp.o[0m
[5.345s] [ 40%] [32mBuilding CXX object CMakeFiles/my_custom_msgs__rosidl_typesupport_introspection_cpp.dir/rosidl_typesupport_introspection_cpp/my_custom_msgs/msg/detail/update_status__type_support.cpp.o[0m
[5.523s] [ 41%] [32mBuilding CXX object CMakeFiles/my_custom_msgs__rosidl_typesupport_introspection_cpp.dir/rosidl_typesupport_introspection_cpp/my_custom_msgs/msg/detail/order_detail__type_support.cpp.o[0m
[5.546s] [ 43%] [32mBuilding CXX object CMakeFiles/my_custom_msgs__rosidl_typesupport_introspection_cpp.dir/rosidl_typesupport_introspection_cpp/my_custom_msgs/srv/detail/receive_order__type_support.cpp.o[0m
[5.560s] [ 45%] [32mBuilding CXX object CMakeFiles/my_custom_msgs__rosidl_typesupport_introspection_cpp.dir/rosidl_typesupport_introspection_cpp/my_custom_msgs/action/detail/cook__type_support.cpp.o[0m
[5.725s] [ 47%] [32mBuilding CXX object CMakeFiles/my_custom_msgs__rosidl_typesupport_c.dir/rosidl_typesupport_c/my_custom_msgs/msg/update_status__type_support.cpp.o[0m
[5.738s] [ 49%] [32mBuilding CXX object CMakeFiles/my_custom_msgs__rosidl_typesupport_c.dir/rosidl_typesupport_c/my_custom_msgs/msg/order_detail__type_support.cpp.o[0m
[5.750s] [ 50%] [32mBuilding CXX object CMakeFiles/my_custom_msgs__rosidl_typesupport_c.dir/rosidl_typesupport_c/my_custom_msgs/srv/receive_order__type_support.cpp.o[0m
[5.766s] [ 52%] [32m[1mLinking CXX shared library libmy_custom_msgs__rosidl_typesupport_cpp.so[0m
[5.779s] [ 54%] [32mBuilding CXX object CMakeFiles/my_custom_msgs__rosidl_typesupport_c.dir/rosidl_typesupport_c/my_custom_msgs/action/cook__type_support.cpp.o[0m
[5.813s] [ 54%] Built target my_custom_msgs__rosidl_typesupport_cpp
[5.825s] [ 56%] [32m[1mLinking CXX shared library libmy_custom_msgs__rosidl_typesupport_fastrtps_cpp.so[0m
[5.830s] [ 58%] [32mBuilding C object CMakeFiles/my_custom_msgs__rosidl_typesupport_introspection_c.dir/rosidl_typesupport_introspection_c/my_custom_msgs/srv/detail/receive_order__type_support.c.o[0m
[5.836s] [ 61%] [32mBuilding C object CMakeFiles/my_custom_msgs__rosidl_typesupport_introspection_c.dir/rosidl_typesupport_introspection_c/my_custom_msgs/msg/detail/update_status__type_support.c.o[0m
[5.836s] [ 61%] [32mBuilding C object CMakeFiles/my_custom_msgs__rosidl_typesupport_introspection_c.dir/rosidl_typesupport_introspection_c/my_custom_msgs/msg/detail/order_detail__type_support.c.o[0m
[5.836s] [ 63%] [32mBuilding C object CMakeFiles/my_custom_msgs__rosidl_typesupport_introspection_c.dir/rosidl_typesupport_introspection_c/my_custom_msgs/action/detail/cook__type_support.c.o[0m
[5.862s] [ 65%] [32m[1mLinking CXX shared library libmy_custom_msgs__rosidl_typesupport_c.so[0m
[5.891s] [ 67%] [32m[1mLinking C shared library libmy_custom_msgs__rosidl_typesupport_introspection_c.so[0m
[5.941s] [ 67%] Built target my_custom_msgs__rosidl_typesupport_c
[5.945s] [ 69%] [32mBuilding CXX object CMakeFiles/my_custom_msgs__rosidl_typesupport_fastrtps_c.dir/rosidl_typesupport_fastrtps_c/my_custom_msgs/srv/detail/receive_order__type_support_c.cpp.o[0m
[5.945s] [ 69%] Built target my_custom_msgs__rosidl_typesupport_fastrtps_cpp
[5.951s] [ 70%] [32mBuilding CXX object CMakeFiles/my_custom_msgs__rosidl_typesupport_fastrtps_c.dir/rosidl_typesupport_fastrtps_c/my_custom_msgs/action/detail/cook__type_support_c.cpp.o[0m
[5.952s] [ 72%] [32mBuilding CXX object CMakeFiles/my_custom_msgs__rosidl_typesupport_fastrtps_c.dir/rosidl_typesupport_fastrtps_c/my_custom_msgs/msg/detail/order_detail__type_support_c.cpp.o[0m
[5.953s] [ 74%] [32mBuilding CXX object CMakeFiles/my_custom_msgs__rosidl_typesupport_fastrtps_c.dir/rosidl_typesupport_fastrtps_c/my_custom_msgs/msg/detail/update_status__type_support_c.cpp.o[0m
[5.962s] [ 74%] Built target my_custom_msgs__rosidl_typesupport_introspection_c
[6.271s] [ 76%] [32m[1mLinking CXX shared library libmy_custom_msgs__rosidl_typesupport_introspection_cpp.so[0m
[6.299s] [ 78%] [32m[1mLinking CXX shared library libmy_custom_msgs__rosidl_typesupport_fastrtps_c.so[0m
[6.352s] [ 78%] Built target my_custom_msgs__rosidl_typesupport_introspection_cpp
[6.380s] [ 78%] Built target my_custom_msgs__rosidl_typesupport_fastrtps_c
[6.428s] [ 78%] Built target my_custom_msgs
[6.484s] [ 80%] [34m[1mGenerating Python code for ROS interfaces[0m
[7.236s] [ 80%] Built target my_custom_msgs__py
[7.290s] [ 83%] [32mBuilding C object CMakeFiles/my_custom_msgs__rosidl_generator_py.dir/rosidl_generator_py/my_custom_msgs/msg/_update_status_s.c.o[0m
[7.290s] [ 83%] [32mBuilding C object CMakeFiles/my_custom_msgs__rosidl_generator_py.dir/rosidl_generator_py/my_custom_msgs/srv/_receive_order_s.c.o[0m
[7.296s] [ 87%] [32mBuilding C object CMakeFiles/my_custom_msgs__rosidl_generator_py.dir/rosidl_generator_py/my_custom_msgs/msg/_order_detail_s.c.o[0m
[7.296s] [ 87%] [32mBuilding C object CMakeFiles/my_custom_msgs__rosidl_generator_py.dir/rosidl_generator_py/my_custom_msgs/action/_cook_s.c.o[0m
[7.450s] [ 89%] [32m[1mLinking C shared library rosidl_generator_py/my_custom_msgs/libmy_custom_msgs__rosidl_generator_py.so[0m
[7.519s] [ 89%] Built target my_custom_msgs__rosidl_generator_py
[7.566s] [ 90%] [32mBuilding C object CMakeFiles/my_custom_msgs__rosidl_typesupport_fastrtps_c__pyext.dir/rosidl_generator_py/my_custom_msgs/_my_custom_msgs_s.ep.rosidl_typesupport_fastrtps_c.c.o[0m
[7.568s] [ 92%] [32mBuilding C object CMakeFiles/my_custom_msgs__rosidl_typesupport_c__pyext.dir/rosidl_generator_py/my_custom_msgs/_my_custom_msgs_s.ep.rosidl_typesupport_c.c.o[0m
[7.574s] [ 94%] [32mBuilding C object CMakeFiles/my_custom_msgs__rosidl_typesupport_introspection_c__pyext.dir/rosidl_generator_py/my_custom_msgs/_my_custom_msgs_s.ep.rosidl_typesupport_introspection_c.c.o[0m
[7.670s] [ 96%] [32m[1mLinking C shared library rosidl_generator_py/my_custom_msgs/my_custom_msgs_s__rosidl_typesupport_fastrtps_c.cpython-310-x86_64-linux-gnu.so[0m
[7.682s] [ 98%] [32m[1mLinking C shared library rosidl_generator_py/my_custom_msgs/my_custom_msgs_s__rosidl_typesupport_c.cpython-310-x86_64-linux-gnu.so[0m
[7.728s] [ 98%] Built target my_custom_msgs__rosidl_typesupport_fastrtps_c__pyext
[7.735s] [ 98%] Built target my_custom_msgs__rosidl_typesupport_c__pyext
[7.741s] [100%] [32m[1mLinking C shared library rosidl_generator_py/my_custom_msgs/my_custom_msgs_s__rosidl_typesupport_introspection_c.cpython-310-x86_64-linux-gnu.so[0m
[7.808s] [100%] Built target my_custom_msgs__rosidl_typesupport_introspection_c__pyext
[7.831s] Invoked command in '/home/soomi/yori/build/my_custom_msgs' returned '0': CMAKE_PREFIX_PATH=${CMAKE_PREFIX_PATH}:/home/soomi/yori/install/yori:/home/soomi/ros2_humble/install/rqt_bag_plugins:/home/soomi/ros2_humble/install/rqt_bag:/home/soomi/ros2_humble/install/launch_testing_examples:/home/soomi/ros2_humble/install/ros2bag:/home/soomi/ros2_humble/install/tracetools_test:/home/soomi/ros2_humble/install/tracetools_launch:/home/soomi/ros2_humble/install/topic_monitor:/home/soomi/ros2_humble/install/tf2_tools:/home/soomi/ros2_humble/install/examples_tf2_py:/home/soomi/ros2_humble/install/tf2_ros_py:/home/soomi/ros2_humble/install/sros2:/home/soomi/ros2_humble/install/rqt_topic:/home/soomi/ros2_humble/install/rqt_srv:/home/soomi/ros2_humble/install/rqt_shell:/home/soomi/ros2_humble/install/rqt_service_caller:/home/soomi/ros2_humble/install/rqt_reconfigure:/home/soomi/ros2_humble/install/rqt_py_console:/home/soomi/ros2_humble/install/rqt_publisher:/home/soomi/ros2_humble/install/rqt_plot:/home/soomi/ros2_humble/install/rqt_action:/home/soomi/ros2_humble/install/rqt_msg:/home/soomi/ros2_humble/install/rqt_console:/home/soomi/ros2_humble/install/rqt:/home/soomi/ros2_humble/install/rqt_graph:/home/soomi/ros2_humble/install/rqt_gui_py:/home/soomi/ros2_humble/install/rqt_gui:/home/soomi/ros2_humble/install/ros2trace:/home/soomi/ros2_humble/install/ros2topic:/home/soomi/ros2_humble/install/ros2test:/home/soomi/ros2_humble/install/ros2component:/home/soomi/ros2_humble/install/ros2param:/home/soomi/ros2_humble/install/ros2lifecycle:/home/soomi/ros2_humble/install/ros2service:/home/soomi/ros2_humble/install/ros2run:/home/soomi/ros2_humble/install/ros2launch:/home/soomi/ros2_humble/install/ros2pkg:/home/soomi/ros2_humble/install/ros2node:/home/soomi/ros2_humble/install/ros2multicast:/home/soomi/ros2_humble/install/ros2interface:/home/soomi/ros2_humble/install/ros2doctor:/home/soomi/ros2_humble/install/ros2action:/home/soomi/ros2_humble/install/ros2cli:/home/soomi/ros2_humble/install/quality_of_service_demo_py:/home/soomi/ros2_humble/install/lifecycle_py:/home/soomi/ros2_humble/install/launch_testing_ros:/home/soomi/ros2_humble/install/launch_ros:/home/soomi/ros2_humble/install/examples_rclpy_pointcloud_publisher:/home/soomi/ros2_humble/install/examples_rclpy_minimal_subscriber:/home/soomi/ros2_humble/install/examples_rclpy_minimal_service:/home/soomi/ros2_humble/install/examples_rclpy_minimal_publisher:/home/soomi/ros2_humble/install/examples_rclpy_minimal_client:/home/soomi/ros2_humble/install/examples_rclpy_minimal_action_server:/home/soomi/ros2_humble/install/examples_rclpy_minimal_action_client:/home/soomi/ros2_humble/install/examples_rclpy_guard_conditions:/home/soomi/ros2_humble/install/examples_rclpy_executors:/home/soomi/ros2_humble/install/demo_nodes_py:/home/soomi/ros2_humble/install/bondpy:/home/soomi/ros2_humble/install/action_tutorials_py:/home/soomi/ros2_humble/install/ament_uncrustify:/home/soomi/ros2_humble/install/tracetools_trace:/home/soomi/ros2_humble/install/tracetools_read:/home/soomi/ros2_humble/install/test_tracetools_launch:/home/soomi/ros2_humble/install/test_launch_ros:/home/soomi/ros2_humble/install/sensor_msgs_py:/home/soomi/ros2_humble/install/rpyutils:/home/soomi/ros2_humble/install/rosidl_runtime_py:/home/soomi/ros2_humble/install/rosidl_cli:/home/soomi/ros2_humble/install/launch_pytest:/home/soomi/ros2_humble/install/launch_testing:/home/soomi/ros2_humble/install/launch_yaml:/home/soomi/ros2_humble/install/launch_xml:/home/soomi/ros2_humble/install/launch:/home/soomi/ros2_humble/install/osrf_pycommon:/home/soomi/ros2_humble/install/domain_coordinator:/home/soomi/ros2_humble/install/ament_xmllint:/home/soomi/ros2_humble/install/ament_pyflakes:/home/soomi/ros2_humble/install/ament_pycodestyle:/home/soomi/ros2_humble/install/ament_pep257:/home/soomi/ros2_humble/install/ament_pclint:/home/soomi/ros2_humble/install/ament_package:/home/soomi/ros2_humble/install/ament_mypy:/home/soomi/ros2_humble/install/ament_lint_cmake:/home/soomi/ros2_humble/install/ament_flake8:/home/soomi/ros2_humble/install/ament_copyright:/home/soomi/ros2_humble/install/ament_lint:/home/soomi/ros2_humble/install/ament_index_python:/home/soomi/ros2_humble/install/ament_cpplint:/home/soomi/ros2_humble/install/ament_cppcheck:/home/soomi/ros2_humble/install/ament_clang_tidy:/home/soomi/ros2_humble/install/ament_clang_format /usr/bin/cmake --build /home/soomi/yori/build/my_custom_msgs -- -j12 -l12
[8.303s] Invoking command in '/home/soomi/yori/build/my_custom_msgs': CMAKE_PREFIX_PATH=${CMAKE_PREFIX_PATH}:/home/soomi/yori/install/yori:/home/soomi/ros2_humble/install/rqt_bag_plugins:/home/soomi/ros2_humble/install/rqt_bag:/home/soomi/ros2_humble/install/launch_testing_examples:/home/soomi/ros2_humble/install/ros2bag:/home/soomi/ros2_humble/install/tracetools_test:/home/soomi/ros2_humble/install/tracetools_launch:/home/soomi/ros2_humble/install/topic_monitor:/home/soomi/ros2_humble/install/tf2_tools:/home/soomi/ros2_humble/install/examples_tf2_py:/home/soomi/ros2_humble/install/tf2_ros_py:/home/soomi/ros2_humble/install/sros2:/home/soomi/ros2_humble/install/rqt_topic:/home/soomi/ros2_humble/install/rqt_srv:/home/soomi/ros2_humble/install/rqt_shell:/home/soomi/ros2_humble/install/rqt_service_caller:/home/soomi/ros2_humble/install/rqt_reconfigure:/home/soomi/ros2_humble/install/rqt_py_console:/home/soomi/ros2_humble/install/rqt_publisher:/home/soomi/ros2_humble/install/rqt_plot:/home/soomi/ros2_humble/install/rqt_action:/home/soomi/ros2_humble/install/rqt_msg:/home/soomi/ros2_humble/install/rqt_console:/home/soomi/ros2_humble/install/rqt:/home/soomi/ros2_humble/install/rqt_graph:/home/soomi/ros2_humble/install/rqt_gui_py:/home/soomi/ros2_humble/install/rqt_gui:/home/soomi/ros2_humble/install/ros2trace:/home/soomi/ros2_humble/install/ros2topic:/home/soomi/ros2_humble/install/ros2test:/home/soomi/ros2_humble/install/ros2component:/home/soomi/ros2_humble/install/ros2param:/home/soomi/ros2_humble/install/ros2lifecycle:/home/soomi/ros2_humble/install/ros2service:/home/soomi/ros2_humble/install/ros2run:/home/soomi/ros2_humble/install/ros2launch:/home/soomi/ros2_humble/install/ros2pkg:/home/soomi/ros2_humble/install/ros2node:/home/soomi/ros2_humble/install/ros2multicast:/home/soomi/ros2_humble/install/ros2interface:/home/soomi/ros2_humble/install/ros2doctor:/home/soomi/ros2_humble/install/ros2action:/home/soomi/ros2_humble/install/ros2cli:/home/soomi/ros2_humble/install/quality_of_service_demo_py:/home/soomi/ros2_humble/install/lifecycle_py:/home/soomi/ros2_humble/install/launch_testing_ros:/home/soomi/ros2_humble/install/launch_ros:/home/soomi/ros2_humble/install/examples_rclpy_pointcloud_publisher:/home/soomi/ros2_humble/install/examples_rclpy_minimal_subscriber:/home/soomi/ros2_humble/install/examples_rclpy_minimal_service:/home/soomi/ros2_humble/install/examples_rclpy_minimal_publisher:/home/soomi/ros2_humble/install/examples_rclpy_minimal_client:/home/soomi/ros2_humble/install/examples_rclpy_minimal_action_server:/home/soomi/ros2_humble/install/examples_rclpy_minimal_action_client:/home/soomi/ros2_humble/install/examples_rclpy_guard_conditions:/home/soomi/ros2_humble/install/examples_rclpy_executors:/home/soomi/ros2_humble/install/demo_nodes_py:/home/soomi/ros2_humble/install/bondpy:/home/soomi/ros2_humble/install/action_tutorials_py:/home/soomi/ros2_humble/install/ament_uncrustify:/home/soomi/ros2_humble/install/tracetools_trace:/home/soomi/ros2_humble/install/tracetools_read:/home/soomi/ros2_humble/install/test_tracetools_launch:/home/soomi/ros2_humble/install/test_launch_ros:/home/soomi/ros2_humble/install/sensor_msgs_py:/home/soomi/ros2_humble/install/rpyutils:/home/soomi/ros2_humble/install/rosidl_runtime_py:/home/soomi/ros2_humble/install/rosidl_cli:/home/soomi/ros2_humble/install/launch_pytest:/home/soomi/ros2_humble/install/launch_testing:/home/soomi/ros2_humble/install/launch_yaml:/home/soomi/ros2_humble/install/launch_xml:/home/soomi/ros2_humble/install/launch:/home/soomi/ros2_humble/install/osrf_pycommon:/home/soomi/ros2_humble/install/domain_coordinator:/home/soomi/ros2_humble/install/ament_xmllint:/home/soomi/ros2_humble/install/ament_pyflakes:/home/soomi/ros2_humble/install/ament_pycodestyle:/home/soomi/ros2_humble/install/ament_pep257:/home/soomi/ros2_humble/install/ament_pclint:/home/soomi/ros2_humble/install/ament_package:/home/soomi/ros2_humble/install/ament_mypy:/home/soomi/ros2_humble/install/ament_lint_cmake:/home/soomi/ros2_humble/install/ament_flake8:/home/soomi/ros2_humble/install/ament_copyright:/home/soomi/ros2_humble/install/ament_lint:/home/soomi/ros2_humble/install/ament_index_python:/home/soomi/ros2_humble/install/ament_cpplint:/home/soomi/ros2_humble/install/ament_cppcheck:/home/soomi/ros2_humble/install/ament_clang_tidy:/home/soomi/ros2_humble/install/ament_clang_format /usr/bin/cmake --install /home/soomi/yori/build/my_custom_msgs
[8.324s] -- Install configuration: ""
[8.324s] -- Execute custom install script
[8.324s] -- Symlinking: /home/soomi/yori/install/my_custom_msgs/share/ament_index/resource_index/rosidl_interfaces/my_custom_msgs
[8.340s] -- Symlinking: /home/soomi/yori/install/my_custom_msgs/include/my_custom_msgs/my_custom_msgs/action/cook.h
[8.360s] -- Symlinking: /home/soomi/yori/install/my_custom_msgs/include/my_custom_msgs/my_custom_msgs/action/detail/cook__functions.h
[8.375s] -- Symlinking: /home/soomi/yori/install/my_custom_msgs/include/my_custom_msgs/my_custom_msgs/action/detail/cook__struct.h
[8.395s] -- Symlinking: /home/soomi/yori/install/my_custom_msgs/include/my_custom_msgs/my_custom_msgs/action/detail/cook__type_support.h
[8.414s] -- Symlinking: /home/soomi/yori/install/my_custom_msgs/include/my_custom_msgs/my_custom_msgs/msg/detail/order_detail__functions.h
[8.428s] -- Symlinking: /home/soomi/yori/install/my_custom_msgs/include/my_custom_msgs/my_custom_msgs/msg/detail/order_detail__struct.h
[8.447s] -- Symlinking: /home/soomi/yori/install/my_custom_msgs/include/my_custom_msgs/my_custom_msgs/msg/detail/order_detail__type_support.h
[8.467s] -- Symlinking: /home/soomi/yori/install/my_custom_msgs/include/my_custom_msgs/my_custom_msgs/msg/detail/update_status__functions.h
[8.480s] -- Symlinking: /home/soomi/yori/install/my_custom_msgs/include/my_custom_msgs/my_custom_msgs/msg/detail/update_status__struct.h
[8.490s] -- Symlinking: /home/soomi/yori/install/my_custom_msgs/include/my_custom_msgs/my_custom_msgs/msg/detail/update_status__type_support.h
[8.502s] -- Symlinking: /home/soomi/yori/install/my_custom_msgs/include/my_custom_msgs/my_custom_msgs/msg/order_detail.h
[8.513s] -- Symlinking: /home/soomi/yori/install/my_custom_msgs/include/my_custom_msgs/my_custom_msgs/msg/rosidl_generator_c__visibility_control.h
[8.531s] -- Symlinking: /home/soomi/yori/install/my_custom_msgs/include/my_custom_msgs/my_custom_msgs/msg/update_status.h
[8.546s] -- Symlinking: /home/soomi/yori/install/my_custom_msgs/include/my_custom_msgs/my_custom_msgs/srv/detail/receive_order__functions.h
[8.565s] -- Symlinking: /home/soomi/yori/install/my_custom_msgs/include/my_custom_msgs/my_custom_msgs/srv/detail/receive_order__struct.h
[8.581s] -- Symlinking: /home/soomi/yori/install/my_custom_msgs/include/my_custom_msgs/my_custom_msgs/srv/detail/receive_order__type_support.h
[8.593s] -- Symlinking: /home/soomi/yori/install/my_custom_msgs/include/my_custom_msgs/my_custom_msgs/srv/receive_order.h
[8.604s] -- Symlinking: /home/soomi/yori/install/my_custom_msgs/share/my_custom_msgs/environment/library_path.sh
[8.615s] -- Symlinking: /home/soomi/yori/install/my_custom_msgs/share/my_custom_msgs/environment/library_path.dsv
[8.628s] -- Symlinking: /home/soomi/yori/install/my_custom_msgs/include/my_custom_msgs/my_custom_msgs/action/detail/cook__rosidl_typesupport_introspection_c.h
[8.639s] -- Symlinking: /home/soomi/yori/install/my_custom_msgs/include/my_custom_msgs/my_custom_msgs/msg/detail/order_detail__rosidl_typesupport_introspection_c.h
[8.651s] -- Symlinking: /home/soomi/yori/install/my_custom_msgs/include/my_custom_msgs/my_custom_msgs/msg/detail/update_status__rosidl_typesupport_introspection_c.h
[8.664s] -- Symlinking: /home/soomi/yori/install/my_custom_msgs/include/my_custom_msgs/my_custom_msgs/msg/rosidl_typesupport_introspection_c__visibility_control.h
[8.675s] -- Symlinking: /home/soomi/yori/install/my_custom_msgs/include/my_custom_msgs/my_custom_msgs/srv/detail/receive_order__rosidl_typesupport_introspection_c.h
[8.688s] -- Symlinking: /home/soomi/yori/install/my_custom_msgs/include/my_custom_msgs/my_custom_msgs/action/detail/cook__rosidl_typesupport_fastrtps_c.h
[8.699s] -- Symlinking: /home/soomi/yori/install/my_custom_msgs/include/my_custom_msgs/my_custom_msgs/msg/detail/order_detail__rosidl_typesupport_fastrtps_c.h
[8.718s] -- Symlinking: /home/soomi/yori/install/my_custom_msgs/include/my_custom_msgs/my_custom_msgs/msg/detail/update_status__rosidl_typesupport_fastrtps_c.h
[8.731s] -- Symlinking: /home/soomi/yori/install/my_custom_msgs/include/my_custom_msgs/my_custom_msgs/msg/rosidl_typesupport_fastrtps_c__visibility_control.h
[8.752s] -- Symlinking: /home/soomi/yori/install/my_custom_msgs/include/my_custom_msgs/my_custom_msgs/srv/detail/receive_order__rosidl_typesupport_fastrtps_c.h
[8.765s] -- Symlinking: /home/soomi/yori/install/my_custom_msgs/include/my_custom_msgs/my_custom_msgs/action/cook.hpp
[8.779s] -- Symlinking: /home/soomi/yori/install/my_custom_msgs/include/my_custom_msgs/my_custom_msgs/action/detail/cook__builder.hpp
[8.790s] -- Symlinking: /home/soomi/yori/install/my_custom_msgs/include/my_custom_msgs/my_custom_msgs/action/detail/cook__struct.hpp
[8.802s] -- Symlinking: /home/soomi/yori/install/my_custom_msgs/include/my_custom_msgs/my_custom_msgs/action/detail/cook__traits.hpp
[8.813s] -- Symlinking: /home/soomi/yori/install/my_custom_msgs/include/my_custom_msgs/my_custom_msgs/action/detail/cook__type_support.hpp
[8.826s] -- Symlinking: /home/soomi/yori/install/my_custom_msgs/include/my_custom_msgs/my_custom_msgs/msg/detail/order_detail__builder.hpp
[8.838s] -- Symlinking: /home/soomi/yori/install/my_custom_msgs/include/my_custom_msgs/my_custom_msgs/msg/detail/order_detail__struct.hpp
[8.849s] -- Symlinking: /home/soomi/yori/install/my_custom_msgs/include/my_custom_msgs/my_custom_msgs/msg/detail/order_detail__traits.hpp
[8.869s] -- Symlinking: /home/soomi/yori/install/my_custom_msgs/include/my_custom_msgs/my_custom_msgs/msg/detail/order_detail__type_support.hpp
[8.883s] -- Symlinking: /home/soomi/yori/install/my_custom_msgs/include/my_custom_msgs/my_custom_msgs/msg/detail/update_status__builder.hpp
[8.896s] -- Symlinking: /home/soomi/yori/install/my_custom_msgs/include/my_custom_msgs/my_custom_msgs/msg/detail/update_status__struct.hpp
[8.907s] -- Symlinking: /home/soomi/yori/install/my_custom_msgs/include/my_custom_msgs/my_custom_msgs/msg/detail/update_status__traits.hpp
[8.919s] -- Symlinking: /home/soomi/yori/install/my_custom_msgs/include/my_custom_msgs/my_custom_msgs/msg/detail/update_status__type_support.hpp
[8.931s] -- Symlinking: /home/soomi/yori/install/my_custom_msgs/include/my_custom_msgs/my_custom_msgs/msg/order_detail.hpp
[8.942s] -- Symlinking: /home/soomi/yori/install/my_custom_msgs/include/my_custom_msgs/my_custom_msgs/msg/rosidl_generator_cpp__visibility_control.hpp
[8.956s] -- Symlinking: /home/soomi/yori/install/my_custom_msgs/include/my_custom_msgs/my_custom_msgs/msg/update_status.hpp
[8.967s] -- Symlinking: /home/soomi/yori/install/my_custom_msgs/include/my_custom_msgs/my_custom_msgs/srv/detail/receive_order__builder.hpp
[8.978s] -- Symlinking: /home/soomi/yori/install/my_custom_msgs/include/my_custom_msgs/my_custom_msgs/srv/detail/receive_order__struct.hpp
[8.990s] -- Symlinking: /home/soomi/yori/install/my_custom_msgs/include/my_custom_msgs/my_custom_msgs/srv/detail/receive_order__traits.hpp
[9.002s] -- Symlinking: /home/soomi/yori/install/my_custom_msgs/include/my_custom_msgs/my_custom_msgs/srv/detail/receive_order__type_support.hpp
[9.014s] -- Symlinking: /home/soomi/yori/install/my_custom_msgs/include/my_custom_msgs/my_custom_msgs/srv/receive_order.hpp
[9.026s] -- Symlinking: /home/soomi/yori/install/my_custom_msgs/include/my_custom_msgs/my_custom_msgs/action/detail/cook__rosidl_typesupport_introspection_cpp.hpp
[9.038s] -- Symlinking: /home/soomi/yori/install/my_custom_msgs/include/my_custom_msgs/my_custom_msgs/msg/detail/order_detail__rosidl_typesupport_introspection_cpp.hpp
[9.050s] -- Symlinking: /home/soomi/yori/install/my_custom_msgs/include/my_custom_msgs/my_custom_msgs/msg/detail/update_status__rosidl_typesupport_introspection_cpp.hpp
[9.062s] -- Symlinking: /home/soomi/yori/install/my_custom_msgs/include/my_custom_msgs/my_custom_msgs/srv/detail/receive_order__rosidl_typesupport_introspection_cpp.hpp
[9.074s] -- Symlinking: /home/soomi/yori/install/my_custom_msgs/include/my_custom_msgs/my_custom_msgs/action/detail/cook__rosidl_typesupport_fastrtps_cpp.hpp
[9.085s] -- Symlinking: /home/soomi/yori/install/my_custom_msgs/include/my_custom_msgs/my_custom_msgs/msg/detail/order_detail__rosidl_typesupport_fastrtps_cpp.hpp
[9.100s] -- Symlinking: /home/soomi/yori/install/my_custom_msgs/include/my_custom_msgs/my_custom_msgs/msg/detail/update_status__rosidl_typesupport_fastrtps_cpp.hpp
[9.110s] -- Symlinking: /home/soomi/yori/install/my_custom_msgs/include/my_custom_msgs/my_custom_msgs/msg/rosidl_typesupport_fastrtps_cpp__visibility_control.h
[9.122s] -- Symlinking: /home/soomi/yori/install/my_custom_msgs/include/my_custom_msgs/my_custom_msgs/srv/detail/receive_order__rosidl_typesupport_fastrtps_cpp.hpp
[9.133s] -- Symlinking: /home/soomi/yori/install/my_custom_msgs/share/my_custom_msgs/environment/pythonpath.sh
[9.145s] -- Symlinking: /home/soomi/yori/install/my_custom_msgs/share/my_custom_msgs/environment/pythonpath.dsv
[9.158s] -- Symlinking: /home/soomi/yori/install/my_custom_msgs/local/lib/python3.10/dist-packages/my_custom_msgs-0.0.0-py3.10.egg-info/PKG-INFO
[9.170s] -- Symlinking: /home/soomi/yori/install/my_custom_msgs/local/lib/python3.10/dist-packages/my_custom_msgs-0.0.0-py3.10.egg-info/SOURCES.txt
[9.182s] -- Symlinking: /home/soomi/yori/install/my_custom_msgs/local/lib/python3.10/dist-packages/my_custom_msgs-0.0.0-py3.10.egg-info/dependency_links.txt
[9.194s] -- Symlinking: /home/soomi/yori/install/my_custom_msgs/local/lib/python3.10/dist-packages/my_custom_msgs-0.0.0-py3.10.egg-info/top_level.txt
[9.207s] -- Symlinking: /home/soomi/yori/install/my_custom_msgs/local/lib/python3.10/dist-packages/my_custom_msgs/__init__.py
[9.218s] -- Symlinking: /home/soomi/yori/install/my_custom_msgs/local/lib/python3.10/dist-packages/my_custom_msgs/_my_custom_msgs_s.ep.rosidl_typesupport_c.c
[9.230s] -- Symlinking: /home/soomi/yori/install/my_custom_msgs/local/lib/python3.10/dist-packages/my_custom_msgs/_my_custom_msgs_s.ep.rosidl_typesupport_fastrtps_c.c
[9.242s] -- Symlinking: /home/soomi/yori/install/my_custom_msgs/local/lib/python3.10/dist-packages/my_custom_msgs/_my_custom_msgs_s.ep.rosidl_typesupport_introspection_c.c
[9.254s] -- Symlinking: /home/soomi/yori/install/my_custom_msgs/local/lib/python3.10/dist-packages/my_custom_msgs/action/__init__.py
[9.266s] -- Symlinking: /home/soomi/yori/install/my_custom_msgs/local/lib/python3.10/dist-packages/my_custom_msgs/action/_cook.py
[9.278s] -- Symlinking: /home/soomi/yori/install/my_custom_msgs/local/lib/python3.10/dist-packages/my_custom_msgs/action/_cook_s.c
[9.290s] -- Symlinking: /home/soomi/yori/install/my_custom_msgs/local/lib/python3.10/dist-packages/my_custom_msgs/libmy_custom_msgs__rosidl_generator_py.so
[9.302s] -- Symlinking: /home/soomi/yori/install/my_custom_msgs/local/lib/python3.10/dist-packages/my_custom_msgs/msg/__init__.py
[9.314s] -- Symlinking: /home/soomi/yori/install/my_custom_msgs/local/lib/python3.10/dist-packages/my_custom_msgs/msg/_order_detail.py
[9.326s] -- Symlinking: /home/soomi/yori/install/my_custom_msgs/local/lib/python3.10/dist-packages/my_custom_msgs/msg/_order_detail_s.c
[9.338s] -- Symlinking: /home/soomi/yori/install/my_custom_msgs/local/lib/python3.10/dist-packages/my_custom_msgs/msg/_update_status.py
[9.350s] -- Symlinking: /home/soomi/yori/install/my_custom_msgs/local/lib/python3.10/dist-packages/my_custom_msgs/msg/_update_status_s.c
[9.362s] -- Symlinking: /home/soomi/yori/install/my_custom_msgs/local/lib/python3.10/dist-packages/my_custom_msgs/my_custom_msgs_s__rosidl_typesupport_c.cpython-310-x86_64-linux-gnu.so
[9.374s] -- Symlinking: /home/soomi/yori/install/my_custom_msgs/local/lib/python3.10/dist-packages/my_custom_msgs/my_custom_msgs_s__rosidl_typesupport_fastrtps_c.cpython-310-x86_64-linux-gnu.so
[9.389s] -- Symlinking: /home/soomi/yori/install/my_custom_msgs/local/lib/python3.10/dist-packages/my_custom_msgs/my_custom_msgs_s__rosidl_typesupport_introspection_c.cpython-310-x86_64-linux-gnu.so
[9.399s] -- Symlinking: /home/soomi/yori/install/my_custom_msgs/local/lib/python3.10/dist-packages/my_custom_msgs/srv/__init__.py
[9.411s] -- Symlinking: /home/soomi/yori/install/my_custom_msgs/local/lib/python3.10/dist-packages/my_custom_msgs/srv/_receive_order.py
[9.423s] -- Symlinking: /home/soomi/yori/install/my_custom_msgs/local/lib/python3.10/dist-packages/my_custom_msgs/srv/_receive_order_s.c
[9.435s] -- Up-to-date symlink: /home/soomi/yori/install/my_custom_msgs/local/lib/python3.10/dist-packages/my_custom_msgs/my_custom_msgs_s__rosidl_typesupport_introspection_c.cpython-310-x86_64-linux-gnu.so
[9.435s] -- Up-to-date symlink: /home/soomi/yori/install/my_custom_msgs/local/lib/python3.10/dist-packages/my_custom_msgs/my_custom_msgs_s__rosidl_typesupport_fastrtps_c.cpython-310-x86_64-linux-gnu.so
[9.436s] -- Up-to-date symlink: /home/soomi/yori/install/my_custom_msgs/local/lib/python3.10/dist-packages/my_custom_msgs/my_custom_msgs_s__rosidl_typesupport_c.cpython-310-x86_64-linux-gnu.so
[9.436s] -- Symlinking: /home/soomi/yori/install/my_custom_msgs/share/my_custom_msgs/msg/UpdateStatus.idl
[9.447s] -- Symlinking: /home/soomi/yori/install/my_custom_msgs/share/my_custom_msgs/msg/OrderDetail.idl
[9.460s] -- Symlinking: /home/soomi/yori/install/my_custom_msgs/share/my_custom_msgs/srv/ReceiveOrder.idl
[9.471s] -- Symlinking: /home/soomi/yori/install/my_custom_msgs/share/my_custom_msgs/action/Cook.idl
[9.483s] -- Symlinking: /home/soomi/yori/install/my_custom_msgs/share/my_custom_msgs/msg/UpdateStatus.msg
[9.495s] -- Symlinking: /home/soomi/yori/install/my_custom_msgs/share/my_custom_msgs/msg/OrderDetail.msg
[9.506s] -- Symlinking: /home/soomi/yori/install/my_custom_msgs/share/my_custom_msgs/srv/ReceiveOrder.srv
[9.518s] -- Symlinking: /home/soomi/yori/install/my_custom_msgs/share/my_custom_msgs/srv/ReceiveOrder_Request.msg
[9.531s] -- Symlinking: /home/soomi/yori/install/my_custom_msgs/share/my_custom_msgs/srv/ReceiveOrder_Response.msg
[9.542s] -- Symlinking: /home/soomi/yori/install/my_custom_msgs/share/my_custom_msgs/action/Cook.action
[9.555s] -- Symlinking: /home/soomi/yori/install/my_custom_msgs/share/ament_index/resource_index/package_run_dependencies/my_custom_msgs
[9.567s] -- Symlinking: /home/soomi/yori/install/my_custom_msgs/share/ament_index/resource_index/parent_prefix_path/my_custom_msgs
[9.587s] -- Symlinking: /home/soomi/yori/install/my_custom_msgs/share/my_custom_msgs/environment/ament_prefix_path.sh
[9.602s] -- Symlinking: /home/soomi/yori/install/my_custom_msgs/share/my_custom_msgs/environment/ament_prefix_path.dsv
[9.613s] -- Symlinking: /home/soomi/yori/install/my_custom_msgs/share/my_custom_msgs/environment/path.sh
[9.624s] -- Symlinking: /home/soomi/yori/install/my_custom_msgs/share/my_custom_msgs/environment/path.dsv
[9.637s] -- Symlinking: /home/soomi/yori/install/my_custom_msgs/share/my_custom_msgs/local_setup.bash
[9.647s] -- Symlinking: /home/soomi/yori/install/my_custom_msgs/share/my_custom_msgs/local_setup.sh
[9.659s] -- Symlinking: /home/soomi/yori/install/my_custom_msgs/share/my_custom_msgs/local_setup.zsh
[9.670s] -- Symlinking: /home/soomi/yori/install/my_custom_msgs/share/my_custom_msgs/local_setup.dsv
[9.689s] -- Symlinking: /home/soomi/yori/install/my_custom_msgs/share/my_custom_msgs/package.dsv
[9.702s] -- Symlinking: /home/soomi/yori/install/my_custom_msgs/share/ament_index/resource_index/packages/my_custom_msgs
[9.721s] -- Symlinking: /home/soomi/yori/install/my_custom_msgs/share/my_custom_msgs/cmake/rosidl_cmake-extras.cmake
[9.734s] -- Symlinking: /home/soomi/yori/install/my_custom_msgs/share/my_custom_msgs/cmake/ament_cmake_export_dependencies-extras.cmake
[9.746s] -- Symlinking: /home/soomi/yori/install/my_custom_msgs/share/my_custom_msgs/cmake/ament_cmake_export_include_directories-extras.cmake
[9.757s] -- Symlinking: /home/soomi/yori/install/my_custom_msgs/share/my_custom_msgs/cmake/ament_cmake_export_libraries-extras.cmake
[9.769s] -- Symlinking: /home/soomi/yori/install/my_custom_msgs/share/my_custom_msgs/cmake/ament_cmake_export_targets-extras.cmake
[9.781s] -- Symlinking: /home/soomi/yori/install/my_custom_msgs/share/my_custom_msgs/cmake/rosidl_cmake_export_typesupport_targets-extras.cmake
[9.793s] -- Symlinking: /home/soomi/yori/install/my_custom_msgs/share/my_custom_msgs/cmake/rosidl_cmake_export_typesupport_libraries-extras.cmake
[9.806s] -- Symlinking: /home/soomi/yori/install/my_custom_msgs/share/my_custom_msgs/cmake/my_custom_msgsConfig.cmake
[9.817s] -- Symlinking: /home/soomi/yori/install/my_custom_msgs/share/my_custom_msgs/cmake/my_custom_msgsConfig-version.cmake
[9.833s] -- Symlinking: /home/soomi/yori/install/my_custom_msgs/share/my_custom_msgs/package.xml
[9.843s] -- Installing: /home/soomi/yori/install/my_custom_msgs/lib/libmy_custom_msgs__rosidl_generator_c.so
[9.844s] -- Set runtime path of "/home/soomi/yori/install/my_custom_msgs/lib/libmy_custom_msgs__rosidl_generator_c.so" to ""
[9.844s] -- Installing: /home/soomi/yori/install/my_custom_msgs/lib/libmy_custom_msgs__rosidl_typesupport_introspection_c.so
[9.844s] -- Set runtime path of "/home/soomi/yori/install/my_custom_msgs/lib/libmy_custom_msgs__rosidl_typesupport_introspection_c.so" to ""
[9.844s] -- Installing: /home/soomi/yori/install/my_custom_msgs/lib/libmy_custom_msgs__rosidl_typesupport_fastrtps_c.so
[9.844s] -- Set runtime path of "/home/soomi/yori/install/my_custom_msgs/lib/libmy_custom_msgs__rosidl_typesupport_fastrtps_c.so" to ""
[9.844s] -- Installing: /home/soomi/yori/install/my_custom_msgs/lib/libmy_custom_msgs__rosidl_typesupport_c.so
[9.844s] -- Set runtime path of "/home/soomi/yori/install/my_custom_msgs/lib/libmy_custom_msgs__rosidl_typesupport_c.so" to ""
[9.844s] -- Installing: /home/soomi/yori/install/my_custom_msgs/lib/libmy_custom_msgs__rosidl_typesupport_introspection_cpp.so
[9.844s] -- Set runtime path of "/home/soomi/yori/install/my_custom_msgs/lib/libmy_custom_msgs__rosidl_typesupport_introspection_cpp.so" to ""
[9.845s] -- Installing: /home/soomi/yori/install/my_custom_msgs/lib/libmy_custom_msgs__rosidl_typesupport_fastrtps_cpp.so
[9.845s] -- Set runtime path of "/home/soomi/yori/install/my_custom_msgs/lib/libmy_custom_msgs__rosidl_typesupport_fastrtps_cpp.so" to ""
[9.845s] -- Installing: /home/soomi/yori/install/my_custom_msgs/lib/libmy_custom_msgs__rosidl_typesupport_cpp.so
[9.845s] -- Set runtime path of "/home/soomi/yori/install/my_custom_msgs/lib/libmy_custom_msgs__rosidl_typesupport_cpp.so" to ""
[9.944s] Listing '/home/soomi/yori/install/my_custom_msgs/local/lib/python3.10/dist-packages/my_custom_msgs'...
[9.945s] Compiling '/home/soomi/yori/install/my_custom_msgs/local/lib/python3.10/dist-packages/my_custom_msgs/__init__.py'...
[9.945s] Listing '/home/soomi/yori/install/my_custom_msgs/local/lib/python3.10/dist-packages/my_custom_msgs/action'...
[9.945s] Compiling '/home/soomi/yori/install/my_custom_msgs/local/lib/python3.10/dist-packages/my_custom_msgs/action/__init__.py'...
[9.945s] Compiling '/home/soomi/yori/install/my_custom_msgs/local/lib/python3.10/dist-packages/my_custom_msgs/action/_cook.py'...
[9.945s] Listing '/home/soomi/yori/install/my_custom_msgs/local/lib/python3.10/dist-packages/my_custom_msgs/msg'...
[9.945s] Compiling '/home/soomi/yori/install/my_custom_msgs/local/lib/python3.10/dist-packages/my_custom_msgs/msg/__init__.py'...
[9.945s] Compiling '/home/soomi/yori/install/my_custom_msgs/local/lib/python3.10/dist-packages/my_custom_msgs/msg/_order_detail.py'...
[9.945s] Compiling '/home/soomi/yori/install/my_custom_msgs/local/lib/python3.10/dist-packages/my_custom_msgs/msg/_update_status.py'...
[9.945s] Listing '/home/soomi/yori/install/my_custom_msgs/local/lib/python3.10/dist-packages/my_custom_msgs/srv'...
[9.945s] Compiling '/home/soomi/yori/install/my_custom_msgs/local/lib/python3.10/dist-packages/my_custom_msgs/srv/__init__.py'...
[9.945s] Compiling '/home/soomi/yori/install/my_custom_msgs/local/lib/python3.10/dist-packages/my_custom_msgs/srv/_receive_order.py'...
[9.948s] -- Installing: /home/soomi/yori/install/my_custom_msgs/lib/libmy_custom_msgs__rosidl_generator_py.so
[9.948s] -- Set runtime path of "/home/soomi/yori/install/my_custom_msgs/lib/libmy_custom_msgs__rosidl_generator_py.so" to ""
[9.948s] -- Installing: /home/soomi/yori/install/my_custom_msgs/share/my_custom_msgs/cmake/export_my_custom_msgs__rosidl_generator_cExport.cmake
[9.948s] -- Installing: /home/soomi/yori/install/my_custom_msgs/share/my_custom_msgs/cmake/export_my_custom_msgs__rosidl_generator_cExport-noconfig.cmake
[9.948s] -- Installing: /home/soomi/yori/install/my_custom_msgs/share/my_custom_msgs/cmake/my_custom_msgs__rosidl_typesupport_introspection_cExport.cmake
[9.948s] -- Installing: /home/soomi/yori/install/my_custom_msgs/share/my_custom_msgs/cmake/my_custom_msgs__rosidl_typesupport_introspection_cExport-noconfig.cmake
[9.949s] -- Installing: /home/soomi/yori/install/my_custom_msgs/share/my_custom_msgs/cmake/export_my_custom_msgs__rosidl_typesupport_fastrtps_cExport.cmake
[9.949s] -- Installing: /home/soomi/yori/install/my_custom_msgs/share/my_custom_msgs/cmake/export_my_custom_msgs__rosidl_typesupport_fastrtps_cExport-noconfig.cmake
[9.949s] -- Installing: /home/soomi/yori/install/my_custom_msgs/share/my_custom_msgs/cmake/my_custom_msgs__rosidl_typesupport_cExport.cmake
[9.949s] -- Installing: /home/soomi/yori/install/my_custom_msgs/share/my_custom_msgs/cmake/my_custom_msgs__rosidl_typesupport_cExport-noconfig.cmake
[9.949s] -- Installing: /home/soomi/yori/install/my_custom_msgs/share/my_custom_msgs/cmake/export_my_custom_msgs__rosidl_generator_cppExport.cmake
[9.949s] -- Installing: /home/soomi/yori/install/my_custom_msgs/share/my_custom_msgs/cmake/my_custom_msgs__rosidl_typesupport_introspection_cppExport.cmake
[9.949s] -- Installing: /home/soomi/yori/install/my_custom_msgs/share/my_custom_msgs/cmake/my_custom_msgs__rosidl_typesupport_introspection_cppExport-noconfig.cmake
[9.949s] -- Installing: /home/soomi/yori/install/my_custom_msgs/share/my_custom_msgs/cmake/export_my_custom_msgs__rosidl_typesupport_fastrtps_cppExport.cmake
[9.949s] -- Installing: /home/soomi/yori/install/my_custom_msgs/share/my_custom_msgs/cmake/export_my_custom_msgs__rosidl_typesupport_fastrtps_cppExport-noconfig.cmake
[9.949s] -- Installing: /home/soomi/yori/install/my_custom_msgs/share/my_custom_msgs/cmake/my_custom_msgs__rosidl_typesupport_cppExport.cmake
[9.949s] -- Installing: /home/soomi/yori/install/my_custom_msgs/share/my_custom_msgs/cmake/my_custom_msgs__rosidl_typesupport_cppExport-noconfig.cmake
[9.949s] -- Installing: /home/soomi/yori/install/my_custom_msgs/share/my_custom_msgs/cmake/export_my_custom_msgs__rosidl_generator_pyExport.cmake
[9.950s] -- Installing: /home/soomi/yori/install/my_custom_msgs/share/my_custom_msgs/cmake/export_my_custom_msgs__rosidl_generator_pyExport-noconfig.cmake
[9.951s] Invoked command in '/home/soomi/yori/build/my_custom_msgs' returned '0': CMAKE_PREFIX_PATH=${CMAKE_PREFIX_PATH}:/home/soomi/yori/install/yori:/home/soomi/ros2_humble/install/rqt_bag_plugins:/home/soomi/ros2_humble/install/rqt_bag:/home/soomi/ros2_humble/install/launch_testing_examples:/home/soomi/ros2_humble/install/ros2bag:/home/soomi/ros2_humble/install/tracetools_test:/home/soomi/ros2_humble/install/tracetools_launch:/home/soomi/ros2_humble/install/topic_monitor:/home/soomi/ros2_humble/install/tf2_tools:/home/soomi/ros2_humble/install/examples_tf2_py:/home/soomi/ros2_humble/install/tf2_ros_py:/home/soomi/ros2_humble/install/sros2:/home/soomi/ros2_humble/install/rqt_topic:/home/soomi/ros2_humble/install/rqt_srv:/home/soomi/ros2_humble/install/rqt_shell:/home/soomi/ros2_humble/install/rqt_service_caller:/home/soomi/ros2_humble/install/rqt_reconfigure:/home/soomi/ros2_humble/install/rqt_py_console:/home/soomi/ros2_humble/install/rqt_publisher:/home/soomi/ros2_humble/install/rqt_plot:/home/soomi/ros2_humble/install/rqt_action:/home/soomi/ros2_humble/install/rqt_msg:/home/soomi/ros2_humble/install/rqt_console:/home/soomi/ros2_humble/install/rqt:/home/soomi/ros2_humble/install/rqt_graph:/home/soomi/ros2_humble/install/rqt_gui_py:/home/soomi/ros2_humble/install/rqt_gui:/home/soomi/ros2_humble/install/ros2trace:/home/soomi/ros2_humble/install/ros2topic:/home/soomi/ros2_humble/install/ros2test:/home/soomi/ros2_humble/install/ros2component:/home/soomi/ros2_humble/install/ros2param:/home/soomi/ros2_humble/install/ros2lifecycle:/home/soomi/ros2_humble/install/ros2service:/home/soomi/ros2_humble/install/ros2run:/home/soomi/ros2_humble/install/ros2launch:/home/soomi/ros2_humble/install/ros2pkg:/home/soomi/ros2_humble/install/ros2node:/home/soomi/ros2_humble/install/ros2multicast:/home/soomi/ros2_humble/install/ros2interface:/home/soomi/ros2_humble/install/ros2doctor:/home/soomi/ros2_humble/install/ros2action:/home/soomi/ros2_humble/install/ros2cli:/home/soomi/ros2_humble/install/quality_of_service_demo_py:/home/soomi/ros2_humble/install/lifecycle_py:/home/soomi/ros2_humble/install/launch_testing_ros:/home/soomi/ros2_humble/install/launch_ros:/home/soomi/ros2_humble/install/examples_rclpy_pointcloud_publisher:/home/soomi/ros2_humble/install/examples_rclpy_minimal_subscriber:/home/soomi/ros2_humble/install/examples_rclpy_minimal_service:/home/soomi/ros2_humble/install/examples_rclpy_minimal_publisher:/home/soomi/ros2_humble/install/examples_rclpy_minimal_client:/home/soomi/ros2_humble/install/examples_rclpy_minimal_action_server:/home/soomi/ros2_humble/install/examples_rclpy_minimal_action_client:/home/soomi/ros2_humble/install/examples_rclpy_guard_conditions:/home/soomi/ros2_humble/install/examples_rclpy_executors:/home/soomi/ros2_humble/install/demo_nodes_py:/home/soomi/ros2_humble/install/bondpy:/home/soomi/ros2_humble/install/action_tutorials_py:/home/soomi/ros2_humble/install/ament_uncrustify:/home/soomi/ros2_humble/install/tracetools_trace:/home/soomi/ros2_humble/install/tracetools_read:/home/soomi/ros2_humble/install/test_tracetools_launch:/home/soomi/ros2_humble/install/test_launch_ros:/home/soomi/ros2_humble/install/sensor_msgs_py:/home/soomi/ros2_humble/install/rpyutils:/home/soomi/ros2_humble/install/rosidl_runtime_py:/home/soomi/ros2_humble/install/rosidl_cli:/home/soomi/ros2_humble/install/launch_pytest:/home/soomi/ros2_humble/install/launch_testing:/home/soomi/ros2_humble/install/launch_yaml:/home/soomi/ros2_humble/install/launch_xml:/home/soomi/ros2_humble/install/launch:/home/soomi/ros2_humble/install/osrf_pycommon:/home/soomi/ros2_humble/install/domain_coordinator:/home/soomi/ros2_humble/install/ament_xmllint:/home/soomi/ros2_humble/install/ament_pyflakes:/home/soomi/ros2_humble/install/ament_pycodestyle:/home/soomi/ros2_humble/install/ament_pep257:/home/soomi/ros2_humble/install/ament_pclint:/home/soomi/ros2_humble/install/ament_package:/home/soomi/ros2_humble/install/ament_mypy:/home/soomi/ros2_humble/install/ament_lint_cmake:/home/soomi/ros2_humble/install/ament_flake8:/home/soomi/ros2_humble/install/ament_copyright:/home/soomi/ros2_humble/install/ament_lint:/home/soomi/ros2_humble/install/ament_index_python:/home/soomi/ros2_humble/install/ament_cpplint:/home/soomi/ros2_humble/install/ament_cppcheck:/home/soomi/ros2_humble/install/ament_clang_tidy:/home/soomi/ros2_humble/install/ament_clang_format /usr/bin/cmake --install /home/soomi/yori/build/my_custom_msgs
