[0.015s] Invoking command in '/home/kim/project3/computer/build/custom_msgs': CMAKE_PREFIX_PATH=${CMAKE_PREFIX_PATH}:/home/kim/project3/computer/install/dine_bot:/home/kim/ws_moveit/install/mycobot_description:/home/kim/ws_moveit/install/moveit_configs_utils /usr/bin/cmake /home/kim/project3/computer/src/custom_msgs -DAMENT_CMAKE_SYMLINK_INSTALL=1 -DCMAKE_INSTALL_PREFIX=/home/kim/project3/computer/install/custom_msgs
[0.111s] -- The C compiler identification is GNU 11.4.0
[0.184s] -- The CXX compiler identification is GNU 11.4.0
[0.192s] -- Detecting C compiler ABI info
[0.268s] -- Detecting C compiler ABI info - done
[0.273s] -- Check for working C compiler: /usr/bin/cc - skipped
[0.273s] -- Detecting C compile features
[0.274s] -- Detecting C compile features - done
[0.276s] -- Detecting CXX compiler ABI info
[0.357s] -- Detecting CXX compiler ABI info - done
[0.364s] -- Check for working CXX compiler: /usr/bin/c++ - skipped
[0.364s] -- Detecting CXX compile features
[0.364s] -- Detecting CXX compile features - done
[0.368s] -- Found ament_cmake: 1.3.10 (/opt/ros/humble/share/ament_cmake/cmake)
[0.653s] -- Found Python3: /usr/bin/python3 (found version "3.10.12") found components: Interpreter 
[0.701s] -- Override CMake install command with custom implementation using symlinks instead of copying resources
[0.760s] -- Found rosidl_default_generators: 1.2.0 (/opt/ros/humble/share/rosidl_default_generators/cmake)
[0.768s] -- Using all available rosidl_typesupport_c: rosidl_typesupport_fastrtps_c;rosidl_typesupport_introspection_c
[0.779s] -- Found rosidl_adapter: 3.1.5 (/opt/ros/humble/share/rosidl_adapter/cmake)
[0.828s] -- Using all available rosidl_typesupport_cpp: rosidl_typesupport_fastrtps_cpp;rosidl_typesupport_introspection_cpp
[0.867s] -- Found std_msgs: 4.2.4 (/opt/ros/humble/share/std_msgs/cmake)
[1.169s] -- Found ament_cmake_ros: 0.10.0 (/opt/ros/humble/share/ament_cmake_ros/cmake)
[1.352s] -- Using all available rosidl_typesupport_c: rosidl_typesupport_fastrtps_c;rosidl_typesupport_introspection_c
[1.606s] -- Using all available rosidl_typesupport_cpp: rosidl_typesupport_fastrtps_cpp;rosidl_typesupport_introspection_cpp
[1.633s] -- Found PythonInterp: /usr/bin/python3 (found suitable version "3.10.12", minimum required is "3.6") 
[1.636s] -- Found python_cmake_module: 0.10.0 (/opt/ros/humble/share/python_cmake_module/cmake)
[1.660s] -- Found PythonLibs: /usr/lib/x86_64-linux-gnu/libpython3.10.so (found suitable version "3.10.12", minimum required is "3.5") 
[1.660s] -- Using PYTHON_EXECUTABLE: /usr/bin/python3
[1.660s] -- Using PYTHON_INCLUDE_DIRS: /usr/include/python3.10
[1.660s] -- Using PYTHON_LIBRARIES: /usr/lib/x86_64-linux-gnu/libpython3.10.so
[1.676s] -- Found PythonExtra: .so  
[1.737s] -- Found ament_lint_auto: 0.12.11 (/opt/ros/humble/share/ament_lint_auto/cmake)
[1.768s] -- Added test 'lint_cmake' to check CMake code style
[1.769s] -- Added test 'xmllint' to check XML markup files
[1.772s] -- Configuring done
[1.796s] -- Generating done
[1.798s] -- Build files have been written to: /home/kim/project3/computer/build/custom_msgs
[1.805s] Invoked command in '/home/kim/project3/computer/build/custom_msgs' returned '0': CMAKE_PREFIX_PATH=${CMAKE_PREFIX_PATH}:/home/kim/project3/computer/install/dine_bot:/home/kim/ws_moveit/install/mycobot_description:/home/kim/ws_moveit/install/moveit_configs_utils /usr/bin/cmake /home/kim/project3/computer/src/custom_msgs -DAMENT_CMAKE_SYMLINK_INSTALL=1 -DCMAKE_INSTALL_PREFIX=/home/kim/project3/computer/install/custom_msgs
[1.806s] Invoking command in '/home/kim/project3/computer/build/custom_msgs': CMAKE_PREFIX_PATH=${CMAKE_PREFIX_PATH}:/home/kim/project3/computer/install/dine_bot:/home/kim/ws_moveit/install/mycobot_description:/home/kim/ws_moveit/install/moveit_configs_utils /usr/bin/cmake --build /home/kim/project3/computer/build/custom_msgs -- -j12 -l12
[1.844s] [  1%] [34m[1mGenerating C code for ROS interfaces[0m
[1.853s] [  3%] [34m[1mGenerating C++ code for ROS interfaces[0m
[1.863s] [  3%] Built target ament_cmake_python_symlink_custom_msgs
[2.006s] running egg_info
[2.014s] creating custom_msgs.egg-info
[2.014s] writing custom_msgs.egg-info/PKG-INFO
[2.014s] writing dependency_links to custom_msgs.egg-info/dependency_links.txt
[2.015s] writing top-level names to custom_msgs.egg-info/top_level.txt
[2.015s] writing manifest file 'custom_msgs.egg-info/SOURCES.txt'
[2.040s] reading manifest file 'custom_msgs.egg-info/SOURCES.txt'
[2.040s] writing manifest file 'custom_msgs.egg-info/SOURCES.txt'
[2.062s] [  3%] Built target ament_cmake_python_build_custom_msgs_egg
[2.359s] [  3%] Built target custom_msgs__cpp
[2.370s] [  4%] [34m[1mGenerating C++ type support dispatch for ROS interfaces[0m
[2.374s] [  7%] [34m[1mGenerating C++ type support for eProsima Fast-RTPS[0m
[2.374s] [  7%] [34m[1mGenerating C++ introspection for ROS interfaces[0m
[2.446s] [ 12%] [32mBuilding C object CMakeFiles/custom_msgs__rosidl_generator_c.dir/rosidl_generator_c/custom_msgs/srv/detail/receive_order__functions.c.o[0m
[2.446s] [ 12%] [32mBuilding C object CMakeFiles/custom_msgs__rosidl_generator_c.dir/rosidl_generator_c/custom_msgs/msg/detail/order_detail__functions.c.o[0m
[2.446s] [ 12%] [32mBuilding C object CMakeFiles/custom_msgs__rosidl_generator_c.dir/rosidl_generator_c/custom_msgs/msg/detail/update_status__functions.c.o[0m
[2.446s] [ 14%] [32mBuilding C object CMakeFiles/custom_msgs__rosidl_generator_c.dir/rosidl_generator_c/custom_msgs/action/detail/cook__functions.c.o[0m
[2.446s] [ 15%] [32mBuilding C object CMakeFiles/custom_msgs__rosidl_generator_c.dir/rosidl_generator_c/custom_msgs/action/detail/serve__functions.c.o[0m
[2.616s] [ 17%] [32m[1mLinking C shared library libcustom_msgs__rosidl_generator_c.so[0m
[2.667s] [ 17%] Built target custom_msgs__rosidl_generator_c
[2.682s] [ 19%] [34m[1mGenerating C type support for eProsima Fast-RTPS[0m
[2.682s] [ 22%] [34m[1mGenerating C introspection for ROS interfaces[0m
[2.682s] [ 22%] [34m[1mGenerating C type support dispatch for ROS interfaces[0m
[2.769s] [ 23%] [32mBuilding CXX object CMakeFiles/custom_msgs__rosidl_typesupport_introspection_cpp.dir/rosidl_typesupport_introspection_cpp/custom_msgs/action/detail/serve__type_support.cpp.o[0m
[2.772s] [ 25%] [32mBuilding CXX object CMakeFiles/custom_msgs__rosidl_typesupport_introspection_cpp.dir/rosidl_typesupport_introspection_cpp/custom_msgs/srv/detail/receive_order__type_support.cpp.o[0m
[2.772s] [ 30%] [32mBuilding CXX object CMakeFiles/custom_msgs__rosidl_typesupport_introspection_cpp.dir/rosidl_typesupport_introspection_cpp/custom_msgs/msg/detail/order_detail__type_support.cpp.o[0m
[2.772s] [ 30%] [32mBuilding CXX object CMakeFiles/custom_msgs__rosidl_typesupport_introspection_cpp.dir/rosidl_typesupport_introspection_cpp/custom_msgs/msg/detail/update_status__type_support.cpp.o[0m
[2.772s] [ 30%] [32mBuilding CXX object CMakeFiles/custom_msgs__rosidl_typesupport_introspection_cpp.dir/rosidl_typesupport_introspection_cpp/custom_msgs/action/detail/cook__type_support.cpp.o[0m
[2.850s] [ 31%] [32mBuilding CXX object CMakeFiles/custom_msgs__rosidl_typesupport_fastrtps_cpp.dir/rosidl_typesupport_fastrtps_cpp/custom_msgs/msg/detail/dds_fastrtps/update_status__type_support.cpp.o[0m
[2.851s] [ 33%] [32mBuilding CXX object CMakeFiles/custom_msgs__rosidl_typesupport_fastrtps_cpp.dir/rosidl_typesupport_fastrtps_cpp/custom_msgs/msg/detail/dds_fastrtps/order_detail__type_support.cpp.o[0m
[2.853s] [ 34%] [32mBuilding CXX object CMakeFiles/custom_msgs__rosidl_typesupport_fastrtps_cpp.dir/rosidl_typesupport_fastrtps_cpp/custom_msgs/srv/detail/dds_fastrtps/receive_order__type_support.cpp.o[0m
[2.956s] [ 36%] [32mBuilding CXX object CMakeFiles/custom_msgs__rosidl_typesupport_cpp.dir/rosidl_typesupport_cpp/custom_msgs/msg/update_status__type_support.cpp.o[0m
[3.234s] [ 38%] [32mBuilding CXX object CMakeFiles/custom_msgs__rosidl_typesupport_cpp.dir/rosidl_typesupport_cpp/custom_msgs/msg/order_detail__type_support.cpp.o[0m
[3.242s] [ 39%] [32mBuilding CXX object CMakeFiles/custom_msgs__rosidl_typesupport_fastrtps_cpp.dir/rosidl_typesupport_fastrtps_cpp/custom_msgs/action/detail/dds_fastrtps/cook__type_support.cpp.o[0m
[3.273s] [ 41%] [32mBuilding CXX object CMakeFiles/custom_msgs__rosidl_typesupport_cpp.dir/rosidl_typesupport_cpp/custom_msgs/srv/receive_order__type_support.cpp.o[0m
[3.287s] [ 42%] [32mBuilding CXX object CMakeFiles/custom_msgs__rosidl_typesupport_fastrtps_cpp.dir/rosidl_typesupport_fastrtps_cpp/custom_msgs/action/detail/dds_fastrtps/serve__type_support.cpp.o[0m
[3.297s] [ 44%] [32mBuilding CXX object CMakeFiles/custom_msgs__rosidl_typesupport_cpp.dir/rosidl_typesupport_cpp/custom_msgs/action/cook__type_support.cpp.o[0m
[3.343s] [ 46%] [32mBuilding CXX object CMakeFiles/custom_msgs__rosidl_typesupport_c.dir/rosidl_typesupport_c/custom_msgs/msg/update_status__type_support.cpp.o[0m
[3.379s] [ 47%] [32mBuilding CXX object CMakeFiles/custom_msgs__rosidl_typesupport_c.dir/rosidl_typesupport_c/custom_msgs/msg/order_detail__type_support.cpp.o[0m
[3.419s] [ 49%] [32mBuilding CXX object CMakeFiles/custom_msgs__rosidl_typesupport_c.dir/rosidl_typesupport_c/custom_msgs/srv/receive_order__type_support.cpp.o[0m
[3.437s] [ 50%] [32mBuilding CXX object CMakeFiles/custom_msgs__rosidl_typesupport_cpp.dir/rosidl_typesupport_cpp/custom_msgs/action/serve__type_support.cpp.o[0m
[3.466s] [ 52%] [32mBuilding CXX object CMakeFiles/custom_msgs__rosidl_typesupport_c.dir/rosidl_typesupport_c/custom_msgs/action/cook__type_support.cpp.o[0m
[3.468s] [ 53%] [32mBuilding CXX object CMakeFiles/custom_msgs__rosidl_typesupport_c.dir/rosidl_typesupport_c/custom_msgs/action/serve__type_support.cpp.o[0m
[3.539s] [ 55%] [32m[1mLinking CXX shared library libcustom_msgs__rosidl_typesupport_c.so[0m
[3.573s] [ 57%] [32mBuilding C object CMakeFiles/custom_msgs__rosidl_typesupport_introspection_c.dir/rosidl_typesupport_introspection_c/custom_msgs/srv/detail/receive_order__type_support.c.o[0m
[3.574s] [ 60%] [32mBuilding C object CMakeFiles/custom_msgs__rosidl_typesupport_introspection_c.dir/rosidl_typesupport_introspection_c/custom_msgs/msg/detail/order_detail__type_support.c.o[0m
[3.576s] [ 60%] [32mBuilding C object CMakeFiles/custom_msgs__rosidl_typesupport_introspection_c.dir/rosidl_typesupport_introspection_c/custom_msgs/msg/detail/update_status__type_support.c.o[0m
[3.582s] [ 61%] [32mBuilding C object CMakeFiles/custom_msgs__rosidl_typesupport_introspection_c.dir/rosidl_typesupport_introspection_c/custom_msgs/action/detail/cook__type_support.c.o[0m
[3.593s] [ 63%] [32m[1mLinking CXX shared library libcustom_msgs__rosidl_typesupport_introspection_cpp.so[0m
[3.597s] [ 65%] [32mBuilding CXX object CMakeFiles/custom_msgs__rosidl_typesupport_fastrtps_c.dir/rosidl_typesupport_fastrtps_c/custom_msgs/msg/detail/update_status__type_support_c.cpp.o[0m
[3.608s] [ 65%] Built target custom_msgs__rosidl_typesupport_c
[3.612s] [ 66%] [32mBuilding C object CMakeFiles/custom_msgs__rosidl_typesupport_introspection_c.dir/rosidl_typesupport_introspection_c/custom_msgs/action/detail/serve__type_support.c.o[0m
[3.621s] [ 68%] [32mBuilding CXX object CMakeFiles/custom_msgs__rosidl_typesupport_fastrtps_c.dir/rosidl_typesupport_fastrtps_c/custom_msgs/srv/detail/receive_order__type_support_c.cpp.o[0m
[3.631s] [ 69%] [32mBuilding CXX object CMakeFiles/custom_msgs__rosidl_typesupport_fastrtps_c.dir/rosidl_typesupport_fastrtps_c/custom_msgs/msg/detail/order_detail__type_support_c.cpp.o[0m
[3.634s] [ 71%] [32mBuilding CXX object CMakeFiles/custom_msgs__rosidl_typesupport_fastrtps_c.dir/rosidl_typesupport_fastrtps_c/custom_msgs/action/detail/cook__type_support_c.cpp.o[0m
[3.660s] [ 73%] [32mBuilding CXX object CMakeFiles/custom_msgs__rosidl_typesupport_fastrtps_c.dir/rosidl_typesupport_fastrtps_c/custom_msgs/action/detail/serve__type_support_c.cpp.o[0m
[3.694s] [ 74%] [32m[1mLinking C shared library libcustom_msgs__rosidl_typesupport_introspection_c.so[0m
[3.707s] [ 74%] Built target custom_msgs__rosidl_typesupport_introspection_cpp
[3.741s] [ 74%] Built target custom_msgs__rosidl_typesupport_introspection_c
[3.976s] [ 76%] [32m[1mLinking CXX shared library libcustom_msgs__rosidl_typesupport_cpp.so[0m
[4.012s] [ 77%] [32m[1mLinking CXX shared library libcustom_msgs__rosidl_typesupport_fastrtps_cpp.so[0m
[4.025s] [ 77%] Built target custom_msgs__rosidl_typesupport_cpp
[4.083s] [ 77%] Built target custom_msgs__rosidl_typesupport_fastrtps_cpp
[4.115s] [ 79%] [32m[1mLinking CXX shared library libcustom_msgs__rosidl_typesupport_fastrtps_c.so[0m
[4.192s] [ 79%] Built target custom_msgs__rosidl_typesupport_fastrtps_c
[4.224s] [ 79%] Built target custom_msgs
[4.262s] [ 80%] [34m[1mGenerating Python code for ROS interfaces[0m
[5.132s] [ 80%] Built target custom_msgs__py
[5.161s] [ 82%] [32mBuilding C object CMakeFiles/custom_msgs__rosidl_generator_py.dir/rosidl_generator_py/custom_msgs/msg/_update_status_s.c.o[0m
[5.161s] [ 84%] [32mBuilding C object CMakeFiles/custom_msgs__rosidl_generator_py.dir/rosidl_generator_py/custom_msgs/action/_serve_s.c.o[0m
[5.165s] [ 85%] [32mBuilding C object CMakeFiles/custom_msgs__rosidl_generator_py.dir/rosidl_generator_py/custom_msgs/msg/_order_detail_s.c.o[0m
[5.165s] [ 87%] [32mBuilding C object CMakeFiles/custom_msgs__rosidl_generator_py.dir/rosidl_generator_py/custom_msgs/srv/_receive_order_s.c.o[0m
[5.166s] [ 88%] [32mBuilding C object CMakeFiles/custom_msgs__rosidl_generator_py.dir/rosidl_generator_py/custom_msgs/action/_cook_s.c.o[0m
[5.316s] [ 90%] [32m[1mLinking C shared library rosidl_generator_py/custom_msgs/libcustom_msgs__rosidl_generator_py.so[0m
[5.358s] [ 90%] Built target custom_msgs__rosidl_generator_py
[5.389s] [ 92%] [32mBuilding C object CMakeFiles/custom_msgs__rosidl_typesupport_introspection_c__pyext.dir/rosidl_generator_py/custom_msgs/_custom_msgs_s.ep.rosidl_typesupport_introspection_c.c.o[0m
[5.391s] [ 93%] [32mBuilding C object CMakeFiles/custom_msgs__rosidl_typesupport_c__pyext.dir/rosidl_generator_py/custom_msgs/_custom_msgs_s.ep.rosidl_typesupport_c.c.o[0m
[5.392s] [ 95%] [32mBuilding C object CMakeFiles/custom_msgs__rosidl_typesupport_fastrtps_c__pyext.dir/rosidl_generator_py/custom_msgs/_custom_msgs_s.ep.rosidl_typesupport_fastrtps_c.c.o[0m
[5.497s] [ 96%] [32m[1mLinking C shared library rosidl_generator_py/custom_msgs/custom_msgs_s__rosidl_typesupport_introspection_c.cpython-310-x86_64-linux-gnu.so[0m
[5.500s] [ 98%] [32m[1mLinking C shared library rosidl_generator_py/custom_msgs/custom_msgs_s__rosidl_typesupport_c.cpython-310-x86_64-linux-gnu.so[0m
[5.538s] [ 98%] Built target custom_msgs__rosidl_typesupport_c__pyext
[5.540s] [ 98%] Built target custom_msgs__rosidl_typesupport_introspection_c__pyext
[5.559s] [100%] [32m[1mLinking C shared library rosidl_generator_py/custom_msgs/custom_msgs_s__rosidl_typesupport_fastrtps_c.cpython-310-x86_64-linux-gnu.so[0m
[5.610s] [100%] Built target custom_msgs__rosidl_typesupport_fastrtps_c__pyext
[5.624s] Invoked command in '/home/kim/project3/computer/build/custom_msgs' returned '0': CMAKE_PREFIX_PATH=${CMAKE_PREFIX_PATH}:/home/kim/project3/computer/install/dine_bot:/home/kim/ws_moveit/install/mycobot_description:/home/kim/ws_moveit/install/moveit_configs_utils /usr/bin/cmake --build /home/kim/project3/computer/build/custom_msgs -- -j12 -l12
[5.878s] Invoking command in '/home/kim/project3/computer/build/custom_msgs': CMAKE_PREFIX_PATH=${CMAKE_PREFIX_PATH}:/home/kim/project3/computer/install/dine_bot:/home/kim/ws_moveit/install/mycobot_description:/home/kim/ws_moveit/install/moveit_configs_utils /usr/bin/cmake --install /home/kim/project3/computer/build/custom_msgs
[5.886s] -- Install configuration: ""
[5.887s] -- Execute custom install script
[5.887s] -- Symlinking: /home/kim/project3/computer/install/custom_msgs/share/ament_index/resource_index/rosidl_interfaces/custom_msgs
[5.900s] -- Symlinking: /home/kim/project3/computer/install/custom_msgs/include/custom_msgs/custom_msgs/action/cook.h
[5.910s] -- Symlinking: /home/kim/project3/computer/install/custom_msgs/include/custom_msgs/custom_msgs/action/detail/cook__functions.h
[5.922s] -- Symlinking: /home/kim/project3/computer/install/custom_msgs/include/custom_msgs/custom_msgs/action/detail/cook__struct.h
[5.933s] -- Symlinking: /home/kim/project3/computer/install/custom_msgs/include/custom_msgs/custom_msgs/action/detail/cook__type_support.h
[5.944s] -- Symlinking: /home/kim/project3/computer/install/custom_msgs/include/custom_msgs/custom_msgs/action/detail/serve__functions.h
[5.955s] -- Symlinking: /home/kim/project3/computer/install/custom_msgs/include/custom_msgs/custom_msgs/action/detail/serve__struct.h
[5.967s] -- Symlinking: /home/kim/project3/computer/install/custom_msgs/include/custom_msgs/custom_msgs/action/detail/serve__type_support.h
[5.979s] -- Symlinking: /home/kim/project3/computer/install/custom_msgs/include/custom_msgs/custom_msgs/action/serve.h
[5.989s] -- Symlinking: /home/kim/project3/computer/install/custom_msgs/include/custom_msgs/custom_msgs/msg/detail/order_detail__functions.h
[6.000s] -- Symlinking: /home/kim/project3/computer/install/custom_msgs/include/custom_msgs/custom_msgs/msg/detail/order_detail__struct.h
[6.010s] -- Symlinking: /home/kim/project3/computer/install/custom_msgs/include/custom_msgs/custom_msgs/msg/detail/order_detail__type_support.h
[6.022s] -- Symlinking: /home/kim/project3/computer/install/custom_msgs/include/custom_msgs/custom_msgs/msg/detail/update_status__functions.h
[6.033s] -- Symlinking: /home/kim/project3/computer/install/custom_msgs/include/custom_msgs/custom_msgs/msg/detail/update_status__struct.h
[6.044s] -- Symlinking: /home/kim/project3/computer/install/custom_msgs/include/custom_msgs/custom_msgs/msg/detail/update_status__type_support.h
[6.055s] -- Symlinking: /home/kim/project3/computer/install/custom_msgs/include/custom_msgs/custom_msgs/msg/order_detail.h
[6.069s] -- Symlinking: /home/kim/project3/computer/install/custom_msgs/include/custom_msgs/custom_msgs/msg/rosidl_generator_c__visibility_control.h
[6.080s] -- Symlinking: /home/kim/project3/computer/install/custom_msgs/include/custom_msgs/custom_msgs/msg/update_status.h
[6.091s] -- Symlinking: /home/kim/project3/computer/install/custom_msgs/include/custom_msgs/custom_msgs/srv/detail/receive_order__functions.h
[6.101s] -- Symlinking: /home/kim/project3/computer/install/custom_msgs/include/custom_msgs/custom_msgs/srv/detail/receive_order__struct.h
[6.111s] -- Symlinking: /home/kim/project3/computer/install/custom_msgs/include/custom_msgs/custom_msgs/srv/detail/receive_order__type_support.h
[6.121s] -- Symlinking: /home/kim/project3/computer/install/custom_msgs/include/custom_msgs/custom_msgs/srv/receive_order.h
[6.132s] -- Symlinking: /home/kim/project3/computer/install/custom_msgs/share/custom_msgs/environment/library_path.sh
[6.141s] -- Symlinking: /home/kim/project3/computer/install/custom_msgs/share/custom_msgs/environment/library_path.dsv
[6.151s] -- Symlinking: /home/kim/project3/computer/install/custom_msgs/include/custom_msgs/custom_msgs/action/detail/cook__rosidl_typesupport_fastrtps_c.h
[6.162s] -- Symlinking: /home/kim/project3/computer/install/custom_msgs/include/custom_msgs/custom_msgs/action/detail/serve__rosidl_typesupport_fastrtps_c.h
[6.173s] -- Symlinking: /home/kim/project3/computer/install/custom_msgs/include/custom_msgs/custom_msgs/msg/detail/order_detail__rosidl_typesupport_fastrtps_c.h
[6.185s] -- Symlinking: /home/kim/project3/computer/install/custom_msgs/include/custom_msgs/custom_msgs/msg/detail/update_status__rosidl_typesupport_fastrtps_c.h
[6.196s] -- Symlinking: /home/kim/project3/computer/install/custom_msgs/include/custom_msgs/custom_msgs/msg/rosidl_typesupport_fastrtps_c__visibility_control.h
[6.207s] -- Symlinking: /home/kim/project3/computer/install/custom_msgs/include/custom_msgs/custom_msgs/srv/detail/receive_order__rosidl_typesupport_fastrtps_c.h
[6.219s] -- Symlinking: /home/kim/project3/computer/install/custom_msgs/include/custom_msgs/custom_msgs/action/detail/cook__rosidl_typesupport_introspection_c.h
[6.230s] -- Symlinking: /home/kim/project3/computer/install/custom_msgs/include/custom_msgs/custom_msgs/action/detail/serve__rosidl_typesupport_introspection_c.h
[6.243s] -- Symlinking: /home/kim/project3/computer/install/custom_msgs/include/custom_msgs/custom_msgs/msg/detail/order_detail__rosidl_typesupport_introspection_c.h
[6.255s] -- Symlinking: /home/kim/project3/computer/install/custom_msgs/include/custom_msgs/custom_msgs/msg/detail/update_status__rosidl_typesupport_introspection_c.h
[6.265s] -- Symlinking: /home/kim/project3/computer/install/custom_msgs/include/custom_msgs/custom_msgs/msg/rosidl_typesupport_introspection_c__visibility_control.h
[6.278s] -- Symlinking: /home/kim/project3/computer/install/custom_msgs/include/custom_msgs/custom_msgs/srv/detail/receive_order__rosidl_typesupport_introspection_c.h
[6.290s] -- Symlinking: /home/kim/project3/computer/install/custom_msgs/include/custom_msgs/custom_msgs/action/cook.hpp
[6.301s] -- Symlinking: /home/kim/project3/computer/install/custom_msgs/include/custom_msgs/custom_msgs/action/detail/cook__builder.hpp
[6.312s] -- Symlinking: /home/kim/project3/computer/install/custom_msgs/include/custom_msgs/custom_msgs/action/detail/cook__struct.hpp
[6.323s] -- Symlinking: /home/kim/project3/computer/install/custom_msgs/include/custom_msgs/custom_msgs/action/detail/cook__traits.hpp
[6.336s] -- Symlinking: /home/kim/project3/computer/install/custom_msgs/include/custom_msgs/custom_msgs/action/detail/serve__builder.hpp
[6.345s] -- Symlinking: /home/kim/project3/computer/install/custom_msgs/include/custom_msgs/custom_msgs/action/detail/serve__struct.hpp
[6.355s] -- Symlinking: /home/kim/project3/computer/install/custom_msgs/include/custom_msgs/custom_msgs/action/detail/serve__traits.hpp
[6.366s] -- Symlinking: /home/kim/project3/computer/install/custom_msgs/include/custom_msgs/custom_msgs/action/serve.hpp
[6.378s] -- Symlinking: /home/kim/project3/computer/install/custom_msgs/include/custom_msgs/custom_msgs/msg/detail/order_detail__builder.hpp
[6.387s] -- Symlinking: /home/kim/project3/computer/install/custom_msgs/include/custom_msgs/custom_msgs/msg/detail/order_detail__struct.hpp
[6.394s] -- Symlinking: /home/kim/project3/computer/install/custom_msgs/include/custom_msgs/custom_msgs/msg/detail/order_detail__traits.hpp
[6.402s] -- Symlinking: /home/kim/project3/computer/install/custom_msgs/include/custom_msgs/custom_msgs/msg/detail/update_status__builder.hpp
[6.415s] -- Symlinking: /home/kim/project3/computer/install/custom_msgs/include/custom_msgs/custom_msgs/msg/detail/update_status__struct.hpp
[6.424s] -- Symlinking: /home/kim/project3/computer/install/custom_msgs/include/custom_msgs/custom_msgs/msg/detail/update_status__traits.hpp
[6.431s] -- Symlinking: /home/kim/project3/computer/install/custom_msgs/include/custom_msgs/custom_msgs/msg/order_detail.hpp
[6.437s] -- Symlinking: /home/kim/project3/computer/install/custom_msgs/include/custom_msgs/custom_msgs/msg/update_status.hpp
[6.447s] -- Symlinking: /home/kim/project3/computer/install/custom_msgs/include/custom_msgs/custom_msgs/srv/detail/receive_order__builder.hpp
[6.454s] -- Symlinking: /home/kim/project3/computer/install/custom_msgs/include/custom_msgs/custom_msgs/srv/detail/receive_order__struct.hpp
[6.461s] -- Symlinking: /home/kim/project3/computer/install/custom_msgs/include/custom_msgs/custom_msgs/srv/detail/receive_order__traits.hpp
[6.470s] -- Symlinking: /home/kim/project3/computer/install/custom_msgs/include/custom_msgs/custom_msgs/srv/receive_order.hpp
[6.482s] -- Symlinking: /home/kim/project3/computer/install/custom_msgs/include/custom_msgs/custom_msgs/action/detail/cook__rosidl_typesupport_fastrtps_cpp.hpp
[6.495s] -- Symlinking: /home/kim/project3/computer/install/custom_msgs/include/custom_msgs/custom_msgs/action/detail/serve__rosidl_typesupport_fastrtps_cpp.hpp
[6.505s] -- Symlinking: /home/kim/project3/computer/install/custom_msgs/include/custom_msgs/custom_msgs/msg/detail/order_detail__rosidl_typesupport_fastrtps_cpp.hpp
[6.516s] -- Symlinking: /home/kim/project3/computer/install/custom_msgs/include/custom_msgs/custom_msgs/msg/detail/update_status__rosidl_typesupport_fastrtps_cpp.hpp
[6.524s] -- Symlinking: /home/kim/project3/computer/install/custom_msgs/include/custom_msgs/custom_msgs/msg/rosidl_typesupport_fastrtps_cpp__visibility_control.h
[6.534s] -- Symlinking: /home/kim/project3/computer/install/custom_msgs/include/custom_msgs/custom_msgs/srv/detail/receive_order__rosidl_typesupport_fastrtps_cpp.hpp
[6.541s] -- Symlinking: /home/kim/project3/computer/install/custom_msgs/include/custom_msgs/custom_msgs/action/detail/cook__rosidl_typesupport_introspection_cpp.hpp
[6.547s] -- Symlinking: /home/kim/project3/computer/install/custom_msgs/include/custom_msgs/custom_msgs/action/detail/serve__rosidl_typesupport_introspection_cpp.hpp
[6.557s] -- Symlinking: /home/kim/project3/computer/install/custom_msgs/include/custom_msgs/custom_msgs/msg/detail/order_detail__rosidl_typesupport_introspection_cpp.hpp
[6.565s] -- Symlinking: /home/kim/project3/computer/install/custom_msgs/include/custom_msgs/custom_msgs/msg/detail/update_status__rosidl_typesupport_introspection_cpp.hpp
[6.571s] -- Symlinking: /home/kim/project3/computer/install/custom_msgs/include/custom_msgs/custom_msgs/srv/detail/receive_order__rosidl_typesupport_introspection_cpp.hpp
[6.581s] -- Symlinking: /home/kim/project3/computer/install/custom_msgs/share/custom_msgs/environment/pythonpath.sh
[6.588s] -- Symlinking: /home/kim/project3/computer/install/custom_msgs/share/custom_msgs/environment/pythonpath.dsv
[6.596s] -- Symlinking: /home/kim/project3/computer/install/custom_msgs/local/lib/python3.10/dist-packages/custom_msgs-0.0.0-py3.10.egg-info/PKG-INFO
[6.603s] -- Symlinking: /home/kim/project3/computer/install/custom_msgs/local/lib/python3.10/dist-packages/custom_msgs-0.0.0-py3.10.egg-info/SOURCES.txt
[6.614s] -- Symlinking: /home/kim/project3/computer/install/custom_msgs/local/lib/python3.10/dist-packages/custom_msgs-0.0.0-py3.10.egg-info/dependency_links.txt
[6.624s] -- Symlinking: /home/kim/project3/computer/install/custom_msgs/local/lib/python3.10/dist-packages/custom_msgs-0.0.0-py3.10.egg-info/top_level.txt
[6.634s] -- Symlinking: /home/kim/project3/computer/install/custom_msgs/local/lib/python3.10/dist-packages/custom_msgs/__init__.py
[6.643s] -- Symlinking: /home/kim/project3/computer/install/custom_msgs/local/lib/python3.10/dist-packages/custom_msgs/_custom_msgs_s.ep.rosidl_typesupport_c.c
[6.655s] -- Symlinking: /home/kim/project3/computer/install/custom_msgs/local/lib/python3.10/dist-packages/custom_msgs/_custom_msgs_s.ep.rosidl_typesupport_fastrtps_c.c
[6.665s] -- Symlinking: /home/kim/project3/computer/install/custom_msgs/local/lib/python3.10/dist-packages/custom_msgs/_custom_msgs_s.ep.rosidl_typesupport_introspection_c.c
[6.678s] -- Symlinking: /home/kim/project3/computer/install/custom_msgs/local/lib/python3.10/dist-packages/custom_msgs/action/__init__.py
[6.688s] -- Symlinking: /home/kim/project3/computer/install/custom_msgs/local/lib/python3.10/dist-packages/custom_msgs/action/_cook.py
[6.701s] -- Symlinking: /home/kim/project3/computer/install/custom_msgs/local/lib/python3.10/dist-packages/custom_msgs/action/_cook_s.c
[6.712s] -- Symlinking: /home/kim/project3/computer/install/custom_msgs/local/lib/python3.10/dist-packages/custom_msgs/action/_serve.py
[6.720s] -- Symlinking: /home/kim/project3/computer/install/custom_msgs/local/lib/python3.10/dist-packages/custom_msgs/action/_serve_s.c
[6.729s] -- Symlinking: /home/kim/project3/computer/install/custom_msgs/local/lib/python3.10/dist-packages/custom_msgs/custom_msgs_s__rosidl_typesupport_c.cpython-310-x86_64-linux-gnu.so
[6.739s] -- Symlinking: /home/kim/project3/computer/install/custom_msgs/local/lib/python3.10/dist-packages/custom_msgs/custom_msgs_s__rosidl_typesupport_fastrtps_c.cpython-310-x86_64-linux-gnu.so
[6.751s] -- Symlinking: /home/kim/project3/computer/install/custom_msgs/local/lib/python3.10/dist-packages/custom_msgs/custom_msgs_s__rosidl_typesupport_introspection_c.cpython-310-x86_64-linux-gnu.so
[6.763s] -- Symlinking: /home/kim/project3/computer/install/custom_msgs/local/lib/python3.10/dist-packages/custom_msgs/libcustom_msgs__rosidl_generator_py.so
[6.777s] -- Symlinking: /home/kim/project3/computer/install/custom_msgs/local/lib/python3.10/dist-packages/custom_msgs/msg/__init__.py
[6.789s] -- Symlinking: /home/kim/project3/computer/install/custom_msgs/local/lib/python3.10/dist-packages/custom_msgs/msg/_order_detail.py
[6.800s] -- Symlinking: /home/kim/project3/computer/install/custom_msgs/local/lib/python3.10/dist-packages/custom_msgs/msg/_order_detail_s.c
[6.812s] -- Symlinking: /home/kim/project3/computer/install/custom_msgs/local/lib/python3.10/dist-packages/custom_msgs/msg/_update_status.py
[6.823s] -- Symlinking: /home/kim/project3/computer/install/custom_msgs/local/lib/python3.10/dist-packages/custom_msgs/msg/_update_status_s.c
[6.836s] -- Symlinking: /home/kim/project3/computer/install/custom_msgs/local/lib/python3.10/dist-packages/custom_msgs/srv/__init__.py
[6.843s] -- Symlinking: /home/kim/project3/computer/install/custom_msgs/local/lib/python3.10/dist-packages/custom_msgs/srv/_receive_order.py
[6.855s] -- Symlinking: /home/kim/project3/computer/install/custom_msgs/local/lib/python3.10/dist-packages/custom_msgs/srv/_receive_order_s.c
[6.862s] -- Up-to-date symlink: /home/kim/project3/computer/install/custom_msgs/local/lib/python3.10/dist-packages/custom_msgs/custom_msgs_s__rosidl_typesupport_fastrtps_c.cpython-310-x86_64-linux-gnu.so
[6.863s] -- Up-to-date symlink: /home/kim/project3/computer/install/custom_msgs/local/lib/python3.10/dist-packages/custom_msgs/custom_msgs_s__rosidl_typesupport_introspection_c.cpython-310-x86_64-linux-gnu.so
[6.863s] -- Up-to-date symlink: /home/kim/project3/computer/install/custom_msgs/local/lib/python3.10/dist-packages/custom_msgs/custom_msgs_s__rosidl_typesupport_c.cpython-310-x86_64-linux-gnu.so
[6.863s] -- Symlinking: /home/kim/project3/computer/install/custom_msgs/share/custom_msgs/msg/UpdateStatus.idl
[6.871s] -- Symlinking: /home/kim/project3/computer/install/custom_msgs/share/custom_msgs/msg/OrderDetail.idl
[6.882s] -- Symlinking: /home/kim/project3/computer/install/custom_msgs/share/custom_msgs/srv/ReceiveOrder.idl
[6.892s] -- Symlinking: /home/kim/project3/computer/install/custom_msgs/share/custom_msgs/action/Cook.idl
[6.902s] -- Symlinking: /home/kim/project3/computer/install/custom_msgs/share/custom_msgs/action/Serve.idl
[6.914s] -- Symlinking: /home/kim/project3/computer/install/custom_msgs/share/custom_msgs/msg/UpdateStatus.msg
[6.925s] -- Symlinking: /home/kim/project3/computer/install/custom_msgs/share/custom_msgs/msg/OrderDetail.msg
[6.931s] -- Symlinking: /home/kim/project3/computer/install/custom_msgs/share/custom_msgs/srv/ReceiveOrder.srv
[6.938s] -- Symlinking: /home/kim/project3/computer/install/custom_msgs/share/custom_msgs/srv/ReceiveOrder_Request.msg
[6.948s] -- Symlinking: /home/kim/project3/computer/install/custom_msgs/share/custom_msgs/srv/ReceiveOrder_Response.msg
[6.957s] -- Symlinking: /home/kim/project3/computer/install/custom_msgs/share/custom_msgs/action/Cook.action
[6.968s] -- Symlinking: /home/kim/project3/computer/install/custom_msgs/share/custom_msgs/action/Serve.action
[6.977s] -- Symlinking: /home/kim/project3/computer/install/custom_msgs/share/ament_index/resource_index/package_run_dependencies/custom_msgs
[6.985s] -- Symlinking: /home/kim/project3/computer/install/custom_msgs/share/ament_index/resource_index/parent_prefix_path/custom_msgs
[6.995s] -- Symlinking: /home/kim/project3/computer/install/custom_msgs/share/custom_msgs/environment/ament_prefix_path.sh
[7.004s] -- Symlinking: /home/kim/project3/computer/install/custom_msgs/share/custom_msgs/environment/ament_prefix_path.dsv
[7.014s] -- Symlinking: /home/kim/project3/computer/install/custom_msgs/share/custom_msgs/environment/path.sh
[7.026s] -- Symlinking: /home/kim/project3/computer/install/custom_msgs/share/custom_msgs/environment/path.dsv
[7.038s] -- Symlinking: /home/kim/project3/computer/install/custom_msgs/share/custom_msgs/local_setup.bash
[7.049s] -- Symlinking: /home/kim/project3/computer/install/custom_msgs/share/custom_msgs/local_setup.sh
[7.063s] -- Symlinking: /home/kim/project3/computer/install/custom_msgs/share/custom_msgs/local_setup.zsh
[7.074s] -- Symlinking: /home/kim/project3/computer/install/custom_msgs/share/custom_msgs/local_setup.dsv
[7.084s] -- Symlinking: /home/kim/project3/computer/install/custom_msgs/share/custom_msgs/package.dsv
[7.094s] -- Symlinking: /home/kim/project3/computer/install/custom_msgs/share/ament_index/resource_index/packages/custom_msgs
[7.103s] -- Symlinking: /home/kim/project3/computer/install/custom_msgs/share/custom_msgs/cmake/rosidl_cmake-extras.cmake
[7.116s] -- Symlinking: /home/kim/project3/computer/install/custom_msgs/share/custom_msgs/cmake/ament_cmake_export_dependencies-extras.cmake
[7.128s] -- Symlinking: /home/kim/project3/computer/install/custom_msgs/share/custom_msgs/cmake/ament_cmake_export_include_directories-extras.cmake
[7.139s] -- Symlinking: /home/kim/project3/computer/install/custom_msgs/share/custom_msgs/cmake/ament_cmake_export_libraries-extras.cmake
[7.152s] -- Symlinking: /home/kim/project3/computer/install/custom_msgs/share/custom_msgs/cmake/ament_cmake_export_targets-extras.cmake
[7.161s] -- Symlinking: /home/kim/project3/computer/install/custom_msgs/share/custom_msgs/cmake/rosidl_cmake_export_typesupport_targets-extras.cmake
[7.170s] -- Symlinking: /home/kim/project3/computer/install/custom_msgs/share/custom_msgs/cmake/rosidl_cmake_export_typesupport_libraries-extras.cmake
[7.178s] -- Symlinking: /home/kim/project3/computer/install/custom_msgs/share/custom_msgs/cmake/custom_msgsConfig.cmake
[7.187s] -- Symlinking: /home/kim/project3/computer/install/custom_msgs/share/custom_msgs/cmake/custom_msgsConfig-version.cmake
[7.199s] -- Symlinking: /home/kim/project3/computer/install/custom_msgs/share/custom_msgs/package.xml
[7.210s] -- Installing: /home/kim/project3/computer/install/custom_msgs/lib/libcustom_msgs__rosidl_generator_c.so
[7.210s] -- Set runtime path of "/home/kim/project3/computer/install/custom_msgs/lib/libcustom_msgs__rosidl_generator_c.so" to ""
[7.210s] -- Installing: /home/kim/project3/computer/install/custom_msgs/lib/libcustom_msgs__rosidl_typesupport_fastrtps_c.so
[7.211s] -- Set runtime path of "/home/kim/project3/computer/install/custom_msgs/lib/libcustom_msgs__rosidl_typesupport_fastrtps_c.so" to ""
[7.211s] -- Installing: /home/kim/project3/computer/install/custom_msgs/lib/libcustom_msgs__rosidl_typesupport_introspection_c.so
[7.211s] -- Set runtime path of "/home/kim/project3/computer/install/custom_msgs/lib/libcustom_msgs__rosidl_typesupport_introspection_c.so" to ""
[7.211s] -- Installing: /home/kim/project3/computer/install/custom_msgs/lib/libcustom_msgs__rosidl_typesupport_c.so
[7.211s] -- Set runtime path of "/home/kim/project3/computer/install/custom_msgs/lib/libcustom_msgs__rosidl_typesupport_c.so" to ""
[7.211s] -- Installing: /home/kim/project3/computer/install/custom_msgs/lib/libcustom_msgs__rosidl_typesupport_fastrtps_cpp.so
[7.212s] -- Set runtime path of "/home/kim/project3/computer/install/custom_msgs/lib/libcustom_msgs__rosidl_typesupport_fastrtps_cpp.so" to ""
[7.212s] -- Installing: /home/kim/project3/computer/install/custom_msgs/lib/libcustom_msgs__rosidl_typesupport_introspection_cpp.so
[7.212s] -- Set runtime path of "/home/kim/project3/computer/install/custom_msgs/lib/libcustom_msgs__rosidl_typesupport_introspection_cpp.so" to ""
[7.212s] -- Installing: /home/kim/project3/computer/install/custom_msgs/lib/libcustom_msgs__rosidl_typesupport_cpp.so
[7.212s] -- Set runtime path of "/home/kim/project3/computer/install/custom_msgs/lib/libcustom_msgs__rosidl_typesupport_cpp.so" to ""
[7.260s] Listing '/home/kim/project3/computer/install/custom_msgs/local/lib/python3.10/dist-packages/custom_msgs'...
[7.260s] Compiling '/home/kim/project3/computer/install/custom_msgs/local/lib/python3.10/dist-packages/custom_msgs/__init__.py'...
[7.261s] Listing '/home/kim/project3/computer/install/custom_msgs/local/lib/python3.10/dist-packages/custom_msgs/action'...
[7.261s] Compiling '/home/kim/project3/computer/install/custom_msgs/local/lib/python3.10/dist-packages/custom_msgs/action/__init__.py'...
[7.261s] Compiling '/home/kim/project3/computer/install/custom_msgs/local/lib/python3.10/dist-packages/custom_msgs/action/_cook.py'...
[7.261s] Compiling '/home/kim/project3/computer/install/custom_msgs/local/lib/python3.10/dist-packages/custom_msgs/action/_serve.py'...
[7.261s] Listing '/home/kim/project3/computer/install/custom_msgs/local/lib/python3.10/dist-packages/custom_msgs/msg'...
[7.261s] Compiling '/home/kim/project3/computer/install/custom_msgs/local/lib/python3.10/dist-packages/custom_msgs/msg/__init__.py'...
[7.261s] Compiling '/home/kim/project3/computer/install/custom_msgs/local/lib/python3.10/dist-packages/custom_msgs/msg/_order_detail.py'...
[7.261s] Compiling '/home/kim/project3/computer/install/custom_msgs/local/lib/python3.10/dist-packages/custom_msgs/msg/_update_status.py'...
[7.261s] Listing '/home/kim/project3/computer/install/custom_msgs/local/lib/python3.10/dist-packages/custom_msgs/srv'...
[7.261s] Compiling '/home/kim/project3/computer/install/custom_msgs/local/lib/python3.10/dist-packages/custom_msgs/srv/__init__.py'...
[7.261s] Compiling '/home/kim/project3/computer/install/custom_msgs/local/lib/python3.10/dist-packages/custom_msgs/srv/_receive_order.py'...
[7.264s] -- Installing: /home/kim/project3/computer/install/custom_msgs/lib/libcustom_msgs__rosidl_generator_py.so
[7.264s] -- Set runtime path of "/home/kim/project3/computer/install/custom_msgs/lib/libcustom_msgs__rosidl_generator_py.so" to ""
[7.264s] -- Installing: /home/kim/project3/computer/install/custom_msgs/share/custom_msgs/cmake/export_custom_msgs__rosidl_generator_cExport.cmake
[7.264s] -- Installing: /home/kim/project3/computer/install/custom_msgs/share/custom_msgs/cmake/export_custom_msgs__rosidl_generator_cExport-noconfig.cmake
[7.264s] -- Installing: /home/kim/project3/computer/install/custom_msgs/share/custom_msgs/cmake/export_custom_msgs__rosidl_typesupport_fastrtps_cExport.cmake
[7.264s] -- Installing: /home/kim/project3/computer/install/custom_msgs/share/custom_msgs/cmake/export_custom_msgs__rosidl_typesupport_fastrtps_cExport-noconfig.cmake
[7.264s] -- Installing: /home/kim/project3/computer/install/custom_msgs/share/custom_msgs/cmake/custom_msgs__rosidl_typesupport_introspection_cExport.cmake
[7.264s] -- Installing: /home/kim/project3/computer/install/custom_msgs/share/custom_msgs/cmake/custom_msgs__rosidl_typesupport_introspection_cExport-noconfig.cmake
[7.264s] -- Installing: /home/kim/project3/computer/install/custom_msgs/share/custom_msgs/cmake/custom_msgs__rosidl_typesupport_cExport.cmake
[7.264s] -- Installing: /home/kim/project3/computer/install/custom_msgs/share/custom_msgs/cmake/custom_msgs__rosidl_typesupport_cExport-noconfig.cmake
[7.264s] -- Installing: /home/kim/project3/computer/install/custom_msgs/share/custom_msgs/cmake/export_custom_msgs__rosidl_generator_cppExport.cmake
[7.264s] -- Installing: /home/kim/project3/computer/install/custom_msgs/share/custom_msgs/cmake/export_custom_msgs__rosidl_typesupport_fastrtps_cppExport.cmake
[7.265s] -- Installing: /home/kim/project3/computer/install/custom_msgs/share/custom_msgs/cmake/export_custom_msgs__rosidl_typesupport_fastrtps_cppExport-noconfig.cmake
[7.265s] -- Installing: /home/kim/project3/computer/install/custom_msgs/share/custom_msgs/cmake/custom_msgs__rosidl_typesupport_introspection_cppExport.cmake
[7.265s] -- Installing: /home/kim/project3/computer/install/custom_msgs/share/custom_msgs/cmake/custom_msgs__rosidl_typesupport_introspection_cppExport-noconfig.cmake
[7.265s] -- Installing: /home/kim/project3/computer/install/custom_msgs/share/custom_msgs/cmake/custom_msgs__rosidl_typesupport_cppExport.cmake
[7.265s] -- Installing: /home/kim/project3/computer/install/custom_msgs/share/custom_msgs/cmake/custom_msgs__rosidl_typesupport_cppExport-noconfig.cmake
[7.265s] -- Installing: /home/kim/project3/computer/install/custom_msgs/share/custom_msgs/cmake/export_custom_msgs__rosidl_generator_pyExport.cmake
[7.265s] -- Installing: /home/kim/project3/computer/install/custom_msgs/share/custom_msgs/cmake/export_custom_msgs__rosidl_generator_pyExport-noconfig.cmake
[7.266s] Invoked command in '/home/kim/project3/computer/build/custom_msgs' returned '0': CMAKE_PREFIX_PATH=${CMAKE_PREFIX_PATH}:/home/kim/project3/computer/install/dine_bot:/home/kim/ws_moveit/install/mycobot_description:/home/kim/ws_moveit/install/moveit_configs_utils /usr/bin/cmake --install /home/kim/project3/computer/build/custom_msgs
