[  3%] Built target custom_msgs__cpp
[ 12%] Built target custom_msgs__rosidl_generator_c
[ 12%] Built target ament_cmake_python_symlink_custom_msgs
[ 23%] Built target custom_msgs__rosidl_typesupport_fastrtps_cpp
[ 34%] Built target custom_msgs__rosidl_typesupport_c
[ 46%] Built target custom_msgs__rosidl_typesupport_fastrtps_c
[ 57%] Built target custom_msgs__rosidl_typesupport_introspection_c
[ 68%] Built target custom_msgs__rosidl_typesupport_introspection_cpp
[ 79%] Built target custom_msgs__rosidl_typesupport_cpp
[ 79%] Built target custom_msgs
[ 80%] Built target custom_msgs__py
[ 90%] Built target custom_msgs__rosidl_generator_py
[ 93%] Built target custom_msgs__rosidl_typesupport_fastrtps_c__pyext
[ 98%] Built target custom_msgs__rosidl_typesupport_c__pyext
[100%] Built target custom_msgs__rosidl_typesupport_introspection_c__pyext
running egg_info
writing custom_msgs.egg-info/PKG-INFO
writing dependency_links to custom_msgs.egg-info/dependency_links.txt
writing top-level names to custom_msgs.egg-info/top_level.txt
reading manifest file 'custom_msgs.egg-info/SOURCES.txt'
writing manifest file 'custom_msgs.egg-info/SOURCES.txt'
[100%] Built target ament_cmake_python_build_custom_msgs_egg
-- Install configuration: ""
-- Execute custom install script
-- Up-to-date symlink: /home/kim/project3/computer/install/custom_msgs/share/ament_index/resource_index/rosidl_interfaces/custom_msgs
-- Up-to-date symlink: /home/kim/project3/computer/install/custom_msgs/include/custom_msgs/custom_msgs/action/cook.h
-- Up-to-date symlink: /home/kim/project3/computer/install/custom_msgs/include/custom_msgs/custom_msgs/action/detail/cook__functions.h
-- Up-to-date symlink: /home/kim/project3/computer/install/custom_msgs/include/custom_msgs/custom_msgs/action/detail/cook__struct.h
-- Up-to-date symlink: /home/kim/project3/computer/install/custom_msgs/include/custom_msgs/custom_msgs/action/detail/cook__type_support.h
-- Up-to-date symlink: /home/kim/project3/computer/install/custom_msgs/include/custom_msgs/custom_msgs/action/detail/serve__functions.h
-- Up-to-date symlink: /home/kim/project3/computer/install/custom_msgs/include/custom_msgs/custom_msgs/action/detail/serve__struct.h
-- Up-to-date symlink: /home/kim/project3/computer/install/custom_msgs/include/custom_msgs/custom_msgs/action/detail/serve__type_support.h
-- Up-to-date symlink: /home/kim/project3/computer/install/custom_msgs/include/custom_msgs/custom_msgs/action/serve.h
-- Up-to-date symlink: /home/kim/project3/computer/install/custom_msgs/include/custom_msgs/custom_msgs/msg/detail/order_detail__functions.h
-- Up-to-date symlink: /home/kim/project3/computer/install/custom_msgs/include/custom_msgs/custom_msgs/msg/detail/order_detail__struct.h
-- Up-to-date symlink: /home/kim/project3/computer/install/custom_msgs/include/custom_msgs/custom_msgs/msg/detail/order_detail__type_support.h
-- Up-to-date symlink: /home/kim/project3/computer/install/custom_msgs/include/custom_msgs/custom_msgs/msg/detail/update_status__functions.h
-- Up-to-date symlink: /home/kim/project3/computer/install/custom_msgs/include/custom_msgs/custom_msgs/msg/detail/update_status__struct.h
-- Up-to-date symlink: /home/kim/project3/computer/install/custom_msgs/include/custom_msgs/custom_msgs/msg/detail/update_status__type_support.h
-- Up-to-date symlink: /home/kim/project3/computer/install/custom_msgs/include/custom_msgs/custom_msgs/msg/order_detail.h
-- Up-to-date symlink: /home/kim/project3/computer/install/custom_msgs/include/custom_msgs/custom_msgs/msg/rosidl_generator_c__visibility_control.h
-- Up-to-date symlink: /home/kim/project3/computer/install/custom_msgs/include/custom_msgs/custom_msgs/msg/update_status.h
-- Up-to-date symlink: /home/kim/project3/computer/install/custom_msgs/include/custom_msgs/custom_msgs/srv/detail/receive_order__functions.h
-- Up-to-date symlink: /home/kim/project3/computer/install/custom_msgs/include/custom_msgs/custom_msgs/srv/detail/receive_order__struct.h
-- Up-to-date symlink: /home/kim/project3/computer/install/custom_msgs/include/custom_msgs/custom_msgs/srv/detail/receive_order__type_support.h
-- Up-to-date symlink: /home/kim/project3/computer/install/custom_msgs/include/custom_msgs/custom_msgs/srv/receive_order.h
-- Up-to-date symlink: /home/kim/project3/computer/install/custom_msgs/share/custom_msgs/environment/library_path.sh
-- Up-to-date symlink: /home/kim/project3/computer/install/custom_msgs/share/custom_msgs/environment/library_path.dsv
-- Up-to-date symlink: /home/kim/project3/computer/install/custom_msgs/include/custom_msgs/custom_msgs/action/detail/cook__rosidl_typesupport_fastrtps_c.h
-- Up-to-date symlink: /home/kim/project3/computer/install/custom_msgs/include/custom_msgs/custom_msgs/action/detail/serve__rosidl_typesupport_fastrtps_c.h
-- Up-to-date symlink: /home/kim/project3/computer/install/custom_msgs/include/custom_msgs/custom_msgs/msg/detail/order_detail__rosidl_typesupport_fastrtps_c.h
-- Up-to-date symlink: /home/kim/project3/computer/install/custom_msgs/include/custom_msgs/custom_msgs/msg/detail/update_status__rosidl_typesupport_fastrtps_c.h
-- Up-to-date symlink: /home/kim/project3/computer/install/custom_msgs/include/custom_msgs/custom_msgs/msg/rosidl_typesupport_fastrtps_c__visibility_control.h
-- Up-to-date symlink: /home/kim/project3/computer/install/custom_msgs/include/custom_msgs/custom_msgs/srv/detail/receive_order__rosidl_typesupport_fastrtps_c.h
-- Up-to-date symlink: /home/kim/project3/computer/install/custom_msgs/include/custom_msgs/custom_msgs/action/detail/cook__rosidl_typesupport_introspection_c.h
-- Up-to-date symlink: /home/kim/project3/computer/install/custom_msgs/include/custom_msgs/custom_msgs/action/detail/serve__rosidl_typesupport_introspection_c.h
-- Up-to-date symlink: /home/kim/project3/computer/install/custom_msgs/include/custom_msgs/custom_msgs/msg/detail/order_detail__rosidl_typesupport_introspection_c.h
-- Up-to-date symlink: /home/kim/project3/computer/install/custom_msgs/include/custom_msgs/custom_msgs/msg/detail/update_status__rosidl_typesupport_introspection_c.h
-- Up-to-date symlink: /home/kim/project3/computer/install/custom_msgs/include/custom_msgs/custom_msgs/msg/rosidl_typesupport_introspection_c__visibility_control.h
-- Up-to-date symlink: /home/kim/project3/computer/install/custom_msgs/include/custom_msgs/custom_msgs/srv/detail/receive_order__rosidl_typesupport_introspection_c.h
-- Up-to-date symlink: /home/kim/project3/computer/install/custom_msgs/include/custom_msgs/custom_msgs/action/cook.hpp
-- Up-to-date symlink: /home/kim/project3/computer/install/custom_msgs/include/custom_msgs/custom_msgs/action/detail/cook__builder.hpp
-- Up-to-date symlink: /home/kim/project3/computer/install/custom_msgs/include/custom_msgs/custom_msgs/action/detail/cook__struct.hpp
-- Up-to-date symlink: /home/kim/project3/computer/install/custom_msgs/include/custom_msgs/custom_msgs/action/detail/cook__traits.hpp
-- Up-to-date symlink: /home/kim/project3/computer/install/custom_msgs/include/custom_msgs/custom_msgs/action/detail/serve__builder.hpp
-- Up-to-date symlink: /home/kim/project3/computer/install/custom_msgs/include/custom_msgs/custom_msgs/action/detail/serve__struct.hpp
-- Up-to-date symlink: /home/kim/project3/computer/install/custom_msgs/include/custom_msgs/custom_msgs/action/detail/serve__traits.hpp
-- Up-to-date symlink: /home/kim/project3/computer/install/custom_msgs/include/custom_msgs/custom_msgs/action/serve.hpp
-- Up-to-date symlink: /home/kim/project3/computer/install/custom_msgs/include/custom_msgs/custom_msgs/msg/detail/order_detail__builder.hpp
-- Up-to-date symlink: /home/kim/project3/computer/install/custom_msgs/include/custom_msgs/custom_msgs/msg/detail/order_detail__struct.hpp
-- Up-to-date symlink: /home/kim/project3/computer/install/custom_msgs/include/custom_msgs/custom_msgs/msg/detail/order_detail__traits.hpp
-- Up-to-date symlink: /home/kim/project3/computer/install/custom_msgs/include/custom_msgs/custom_msgs/msg/detail/update_status__builder.hpp
-- Up-to-date symlink: /home/kim/project3/computer/install/custom_msgs/include/custom_msgs/custom_msgs/msg/detail/update_status__struct.hpp
-- Up-to-date symlink: /home/kim/project3/computer/install/custom_msgs/include/custom_msgs/custom_msgs/msg/detail/update_status__traits.hpp
-- Up-to-date symlink: /home/kim/project3/computer/install/custom_msgs/include/custom_msgs/custom_msgs/msg/order_detail.hpp
-- Up-to-date symlink: /home/kim/project3/computer/install/custom_msgs/include/custom_msgs/custom_msgs/msg/update_status.hpp
-- Up-to-date symlink: /home/kim/project3/computer/install/custom_msgs/include/custom_msgs/custom_msgs/srv/detail/receive_order__builder.hpp
-- Up-to-date symlink: /home/kim/project3/computer/install/custom_msgs/include/custom_msgs/custom_msgs/srv/detail/receive_order__struct.hpp
-- Up-to-date symlink: /home/kim/project3/computer/install/custom_msgs/include/custom_msgs/custom_msgs/srv/detail/receive_order__traits.hpp
-- Up-to-date symlink: /home/kim/project3/computer/install/custom_msgs/include/custom_msgs/custom_msgs/srv/receive_order.hpp
-- Up-to-date symlink: /home/kim/project3/computer/install/custom_msgs/include/custom_msgs/custom_msgs/action/detail/cook__rosidl_typesupport_fastrtps_cpp.hpp
-- Up-to-date symlink: /home/kim/project3/computer/install/custom_msgs/include/custom_msgs/custom_msgs/action/detail/serve__rosidl_typesupport_fastrtps_cpp.hpp
-- Up-to-date symlink: /home/kim/project3/computer/install/custom_msgs/include/custom_msgs/custom_msgs/msg/detail/order_detail__rosidl_typesupport_fastrtps_cpp.hpp
-- Up-to-date symlink: /home/kim/project3/computer/install/custom_msgs/include/custom_msgs/custom_msgs/msg/detail/update_status__rosidl_typesupport_fastrtps_cpp.hpp
-- Up-to-date symlink: /home/kim/project3/computer/install/custom_msgs/include/custom_msgs/custom_msgs/msg/rosidl_typesupport_fastrtps_cpp__visibility_control.h
-- Up-to-date symlink: /home/kim/project3/computer/install/custom_msgs/include/custom_msgs/custom_msgs/srv/detail/receive_order__rosidl_typesupport_fastrtps_cpp.hpp
-- Up-to-date symlink: /home/kim/project3/computer/install/custom_msgs/include/custom_msgs/custom_msgs/action/detail/cook__rosidl_typesupport_introspection_cpp.hpp
-- Up-to-date symlink: /home/kim/project3/computer/install/custom_msgs/include/custom_msgs/custom_msgs/action/detail/serve__rosidl_typesupport_introspection_cpp.hpp
-- Up-to-date symlink: /home/kim/project3/computer/install/custom_msgs/include/custom_msgs/custom_msgs/msg/detail/order_detail__rosidl_typesupport_introspection_cpp.hpp
-- Up-to-date symlink: /home/kim/project3/computer/install/custom_msgs/include/custom_msgs/custom_msgs/msg/detail/update_status__rosidl_typesupport_introspection_cpp.hpp
-- Up-to-date symlink: /home/kim/project3/computer/install/custom_msgs/include/custom_msgs/custom_msgs/srv/detail/receive_order__rosidl_typesupport_introspection_cpp.hpp
-- Up-to-date symlink: /home/kim/project3/computer/install/custom_msgs/share/custom_msgs/environment/pythonpath.sh
-- Up-to-date symlink: /home/kim/project3/computer/install/custom_msgs/share/custom_msgs/environment/pythonpath.dsv
-- Up-to-date symlink: /home/kim/project3/computer/install/custom_msgs/local/lib/python3.10/dist-packages/custom_msgs-0.0.0-py3.10.egg-info/PKG-INFO
-- Up-to-date symlink: /home/kim/project3/computer/install/custom_msgs/local/lib/python3.10/dist-packages/custom_msgs-0.0.0-py3.10.egg-info/SOURCES.txt
-- Up-to-date symlink: /home/kim/project3/computer/install/custom_msgs/local/lib/python3.10/dist-packages/custom_msgs-0.0.0-py3.10.egg-info/dependency_links.txt
-- Up-to-date symlink: /home/kim/project3/computer/install/custom_msgs/local/lib/python3.10/dist-packages/custom_msgs-0.0.0-py3.10.egg-info/top_level.txt
-- Up-to-date symlink: /home/kim/project3/computer/install/custom_msgs/local/lib/python3.10/dist-packages/custom_msgs/__init__.py
-- Up-to-date symlink: /home/kim/project3/computer/install/custom_msgs/local/lib/python3.10/dist-packages/custom_msgs/_custom_msgs_s.ep.rosidl_typesupport_c.c
-- Up-to-date symlink: /home/kim/project3/computer/install/custom_msgs/local/lib/python3.10/dist-packages/custom_msgs/_custom_msgs_s.ep.rosidl_typesupport_fastrtps_c.c
-- Up-to-date symlink: /home/kim/project3/computer/install/custom_msgs/local/lib/python3.10/dist-packages/custom_msgs/_custom_msgs_s.ep.rosidl_typesupport_introspection_c.c
-- Up-to-date symlink: /home/kim/project3/computer/install/custom_msgs/local/lib/python3.10/dist-packages/custom_msgs/action/__init__.py
-- Up-to-date symlink: /home/kim/project3/computer/install/custom_msgs/local/lib/python3.10/dist-packages/custom_msgs/action/_cook.py
-- Up-to-date symlink: /home/kim/project3/computer/install/custom_msgs/local/lib/python3.10/dist-packages/custom_msgs/action/_cook_s.c
-- Up-to-date symlink: /home/kim/project3/computer/install/custom_msgs/local/lib/python3.10/dist-packages/custom_msgs/action/_serve.py
-- Up-to-date symlink: /home/kim/project3/computer/install/custom_msgs/local/lib/python3.10/dist-packages/custom_msgs/action/_serve_s.c
-- Up-to-date symlink: /home/kim/project3/computer/install/custom_msgs/local/lib/python3.10/dist-packages/custom_msgs/custom_msgs_s__rosidl_typesupport_c.cpython-310-x86_64-linux-gnu.so
-- Up-to-date symlink: /home/kim/project3/computer/install/custom_msgs/local/lib/python3.10/dist-packages/custom_msgs/custom_msgs_s__rosidl_typesupport_fastrtps_c.cpython-310-x86_64-linux-gnu.so
-- Up-to-date symlink: /home/kim/project3/computer/install/custom_msgs/local/lib/python3.10/dist-packages/custom_msgs/custom_msgs_s__rosidl_typesupport_introspection_c.cpython-310-x86_64-linux-gnu.so
-- Up-to-date symlink: /home/kim/project3/computer/install/custom_msgs/local/lib/python3.10/dist-packages/custom_msgs/libcustom_msgs__rosidl_generator_py.so
-- Up-to-date symlink: /home/kim/project3/computer/install/custom_msgs/local/lib/python3.10/dist-packages/custom_msgs/msg/__init__.py
-- Up-to-date symlink: /home/kim/project3/computer/install/custom_msgs/local/lib/python3.10/dist-packages/custom_msgs/msg/_order_detail.py
-- Up-to-date symlink: /home/kim/project3/computer/install/custom_msgs/local/lib/python3.10/dist-packages/custom_msgs/msg/_order_detail_s.c
-- Up-to-date symlink: /home/kim/project3/computer/install/custom_msgs/local/lib/python3.10/dist-packages/custom_msgs/msg/_update_status.py
-- Up-to-date symlink: /home/kim/project3/computer/install/custom_msgs/local/lib/python3.10/dist-packages/custom_msgs/msg/_update_status_s.c
-- Up-to-date symlink: /home/kim/project3/computer/install/custom_msgs/local/lib/python3.10/dist-packages/custom_msgs/srv/__init__.py
-- Up-to-date symlink: /home/kim/project3/computer/install/custom_msgs/local/lib/python3.10/dist-packages/custom_msgs/srv/_receive_order.py
-- Up-to-date symlink: /home/kim/project3/computer/install/custom_msgs/local/lib/python3.10/dist-packages/custom_msgs/srv/_receive_order_s.c
-- Up-to-date symlink: /home/kim/project3/computer/install/custom_msgs/local/lib/python3.10/dist-packages/custom_msgs/custom_msgs_s__rosidl_typesupport_fastrtps_c.cpython-310-x86_64-linux-gnu.so
-- Up-to-date symlink: /home/kim/project3/computer/install/custom_msgs/local/lib/python3.10/dist-packages/custom_msgs/custom_msgs_s__rosidl_typesupport_introspection_c.cpython-310-x86_64-linux-gnu.so
-- Up-to-date symlink: /home/kim/project3/computer/install/custom_msgs/local/lib/python3.10/dist-packages/custom_msgs/custom_msgs_s__rosidl_typesupport_c.cpython-310-x86_64-linux-gnu.so
-- Up-to-date symlink: /home/kim/project3/computer/install/custom_msgs/share/custom_msgs/msg/UpdateStatus.idl
-- Up-to-date symlink: /home/kim/project3/computer/install/custom_msgs/share/custom_msgs/msg/OrderDetail.idl
-- Up-to-date symlink: /home/kim/project3/computer/install/custom_msgs/share/custom_msgs/srv/ReceiveOrder.idl
-- Up-to-date symlink: /home/kim/project3/computer/install/custom_msgs/share/custom_msgs/action/Cook.idl
-- Up-to-date symlink: /home/kim/project3/computer/install/custom_msgs/share/custom_msgs/action/Serve.idl
-- Up-to-date symlink: /home/kim/project3/computer/install/custom_msgs/share/custom_msgs/msg/UpdateStatus.msg
-- Up-to-date symlink: /home/kim/project3/computer/install/custom_msgs/share/custom_msgs/msg/OrderDetail.msg
-- Up-to-date symlink: /home/kim/project3/computer/install/custom_msgs/share/custom_msgs/srv/ReceiveOrder.srv
-- Up-to-date symlink: /home/kim/project3/computer/install/custom_msgs/share/custom_msgs/srv/ReceiveOrder_Request.msg
-- Up-to-date symlink: /home/kim/project3/computer/install/custom_msgs/share/custom_msgs/srv/ReceiveOrder_Response.msg
-- Up-to-date symlink: /home/kim/project3/computer/install/custom_msgs/share/custom_msgs/action/Cook.action
-- Up-to-date symlink: /home/kim/project3/computer/install/custom_msgs/share/custom_msgs/action/Serve.action
-- Up-to-date symlink: /home/kim/project3/computer/install/custom_msgs/share/ament_index/resource_index/package_run_dependencies/custom_msgs
-- Up-to-date symlink: /home/kim/project3/computer/install/custom_msgs/share/ament_index/resource_index/parent_prefix_path/custom_msgs
-- Up-to-date symlink: /home/kim/project3/computer/install/custom_msgs/share/custom_msgs/environment/ament_prefix_path.sh
-- Up-to-date symlink: /home/kim/project3/computer/install/custom_msgs/share/custom_msgs/environment/ament_prefix_path.dsv
-- Up-to-date symlink: /home/kim/project3/computer/install/custom_msgs/share/custom_msgs/environment/path.sh
-- Up-to-date symlink: /home/kim/project3/computer/install/custom_msgs/share/custom_msgs/environment/path.dsv
-- Up-to-date symlink: /home/kim/project3/computer/install/custom_msgs/share/custom_msgs/local_setup.bash
-- Up-to-date symlink: /home/kim/project3/computer/install/custom_msgs/share/custom_msgs/local_setup.sh
-- Up-to-date symlink: /home/kim/project3/computer/install/custom_msgs/share/custom_msgs/local_setup.zsh
-- Up-to-date symlink: /home/kim/project3/computer/install/custom_msgs/share/custom_msgs/local_setup.dsv
-- Symlinking: /home/kim/project3/computer/install/custom_msgs/share/custom_msgs/package.dsv
-- Up-to-date symlink: /home/kim/project3/computer/install/custom_msgs/share/ament_index/resource_index/packages/custom_msgs
-- Up-to-date symlink: /home/kim/project3/computer/install/custom_msgs/share/custom_msgs/cmake/rosidl_cmake-extras.cmake
-- Up-to-date symlink: /home/kim/project3/computer/install/custom_msgs/share/custom_msgs/cmake/ament_cmake_export_dependencies-extras.cmake
-- Up-to-date symlink: /home/kim/project3/computer/install/custom_msgs/share/custom_msgs/cmake/ament_cmake_export_include_directories-extras.cmake
-- Up-to-date symlink: /home/kim/project3/computer/install/custom_msgs/share/custom_msgs/cmake/ament_cmake_export_libraries-extras.cmake
-- Up-to-date symlink: /home/kim/project3/computer/install/custom_msgs/share/custom_msgs/cmake/ament_cmake_export_targets-extras.cmake
-- Up-to-date symlink: /home/kim/project3/computer/install/custom_msgs/share/custom_msgs/cmake/rosidl_cmake_export_typesupport_targets-extras.cmake
-- Up-to-date symlink: /home/kim/project3/computer/install/custom_msgs/share/custom_msgs/cmake/rosidl_cmake_export_typesupport_libraries-extras.cmake
-- Up-to-date symlink: /home/kim/project3/computer/install/custom_msgs/share/custom_msgs/cmake/custom_msgsConfig.cmake
-- Up-to-date symlink: /home/kim/project3/computer/install/custom_msgs/share/custom_msgs/cmake/custom_msgsConfig-version.cmake
-- Up-to-date symlink: /home/kim/project3/computer/install/custom_msgs/share/custom_msgs/package.xml
-- Up-to-date: /home/kim/project3/computer/install/custom_msgs/lib/libcustom_msgs__rosidl_generator_c.so
-- Up-to-date: /home/kim/project3/computer/install/custom_msgs/lib/libcustom_msgs__rosidl_typesupport_fastrtps_c.so
-- Up-to-date: /home/kim/project3/computer/install/custom_msgs/lib/libcustom_msgs__rosidl_typesupport_introspection_c.so
-- Up-to-date: /home/kim/project3/computer/install/custom_msgs/lib/libcustom_msgs__rosidl_typesupport_c.so
-- Up-to-date: /home/kim/project3/computer/install/custom_msgs/lib/libcustom_msgs__rosidl_typesupport_fastrtps_cpp.so
-- Up-to-date: /home/kim/project3/computer/install/custom_msgs/lib/libcustom_msgs__rosidl_typesupport_introspection_cpp.so
-- Up-to-date: /home/kim/project3/computer/install/custom_msgs/lib/libcustom_msgs__rosidl_typesupport_cpp.so
Listing '/home/kim/project3/computer/install/custom_msgs/local/lib/python3.10/dist-packages/custom_msgs'...
Listing '/home/kim/project3/computer/install/custom_msgs/local/lib/python3.10/dist-packages/custom_msgs/action'...
Listing '/home/kim/project3/computer/install/custom_msgs/local/lib/python3.10/dist-packages/custom_msgs/msg'...
Listing '/home/kim/project3/computer/install/custom_msgs/local/lib/python3.10/dist-packages/custom_msgs/srv'...
-- Up-to-date: /home/kim/project3/computer/install/custom_msgs/lib/libcustom_msgs__rosidl_generator_py.so
-- Up-to-date: /home/kim/project3/computer/install/custom_msgs/share/custom_msgs/cmake/export_custom_msgs__rosidl_generator_cExport.cmake
-- Up-to-date: /home/kim/project3/computer/install/custom_msgs/share/custom_msgs/cmake/export_custom_msgs__rosidl_generator_cExport-noconfig.cmake
-- Up-to-date: /home/kim/project3/computer/install/custom_msgs/share/custom_msgs/cmake/export_custom_msgs__rosidl_typesupport_fastrtps_cExport.cmake
-- Up-to-date: /home/kim/project3/computer/install/custom_msgs/share/custom_msgs/cmake/export_custom_msgs__rosidl_typesupport_fastrtps_cExport-noconfig.cmake
-- Up-to-date: /home/kim/project3/computer/install/custom_msgs/share/custom_msgs/cmake/custom_msgs__rosidl_typesupport_introspection_cExport.cmake
-- Up-to-date: /home/kim/project3/computer/install/custom_msgs/share/custom_msgs/cmake/custom_msgs__rosidl_typesupport_introspection_cExport-noconfig.cmake
-- Up-to-date: /home/kim/project3/computer/install/custom_msgs/share/custom_msgs/cmake/custom_msgs__rosidl_typesupport_cExport.cmake
-- Up-to-date: /home/kim/project3/computer/install/custom_msgs/share/custom_msgs/cmake/custom_msgs__rosidl_typesupport_cExport-noconfig.cmake
-- Up-to-date: /home/kim/project3/computer/install/custom_msgs/share/custom_msgs/cmake/export_custom_msgs__rosidl_generator_cppExport.cmake
-- Up-to-date: /home/kim/project3/computer/install/custom_msgs/share/custom_msgs/cmake/export_custom_msgs__rosidl_typesupport_fastrtps_cppExport.cmake
-- Up-to-date: /home/kim/project3/computer/install/custom_msgs/share/custom_msgs/cmake/export_custom_msgs__rosidl_typesupport_fastrtps_cppExport-noconfig.cmake
-- Up-to-date: /home/kim/project3/computer/install/custom_msgs/share/custom_msgs/cmake/custom_msgs__rosidl_typesupport_introspection_cppExport.cmake
-- Up-to-date: /home/kim/project3/computer/install/custom_msgs/share/custom_msgs/cmake/custom_msgs__rosidl_typesupport_introspection_cppExport-noconfig.cmake
-- Up-to-date: /home/kim/project3/computer/install/custom_msgs/share/custom_msgs/cmake/custom_msgs__rosidl_typesupport_cppExport.cmake
-- Up-to-date: /home/kim/project3/computer/install/custom_msgs/share/custom_msgs/cmake/custom_msgs__rosidl_typesupport_cppExport-noconfig.cmake
-- Up-to-date: /home/kim/project3/computer/install/custom_msgs/share/custom_msgs/cmake/export_custom_msgs__rosidl_generator_pyExport.cmake
-- Up-to-date: /home/kim/project3/computer/install/custom_msgs/share/custom_msgs/cmake/export_custom_msgs__rosidl_generator_pyExport-noconfig.cmake
