[0.826s] Invoking command in '/home/soomi/yori/build/yori': PYTHONPATH=/home/soomi/yori/build/yori/prefix_override:/usr/lib/python3/dist-packages/colcon_core/task/python/colcon_distutils_commands:/home/soomi/yori/install/yori/lib/python3.10/site-packages:${PYTHONPATH} /usr/bin/python3 -W ignore:setup.py install is deprecated setup.py develop --editable --build-directory /home/soomi/yori/build/yori/build --no-deps symlink_data
[1.160s] running develop
[1.161s] /usr/lib/python3/dist-packages/setuptools/command/easy_install.py:158: EasyInstallDeprecationWarning: easy_install command is deprecated. Use build and pip and other standards-based tools.
[1.161s]   warnings.warn(
[1.302s] running egg_info
[1.302s] creating yori.egg-info
[1.302s] writing yori.egg-info/PKG-INFO
[1.302s] writing dependency_links to yori.egg-info/dependency_links.txt
[1.302s] writing entry points to yori.egg-info/entry_points.txt
[1.302s] writing requirements to yori.egg-info/requires.txt
[1.302s] writing top-level names to yori.egg-info/top_level.txt
[1.306s] writing manifest file 'yori.egg-info/SOURCES.txt'
[1.307s] reading manifest file 'yori.egg-info/SOURCES.txt'
[1.307s] writing manifest file 'yori.egg-info/SOURCES.txt'
[1.310s] running build_ext
[1.310s] Creating /home/soomi/yori/install/yori/lib/python3.10/site-packages/yori.egg-link (link to .)
[1.311s] Installing db_manager_node script to /home/soomi/yori/install/yori/lib/yori
[1.311s] Installing mycobot_controller script to /home/soomi/yori/install/yori/lib/yori
[1.311s] Installing nav2_controller script to /home/soomi/yori/install/yori/lib/yori
[1.311s] Installing task_manager_node script to /home/soomi/yori/install/yori/lib/yori
[1.311s] 
[1.311s] Installed /home/soomi/yori/build/yori
[1.311s] running symlink_data
[1.311s] creating /home/soomi/yori/install/yori/share/ament_index
[1.311s] creating /home/soomi/yori/install/yori/share/ament_index/resource_index
[1.311s] creating /home/soomi/yori/install/yori/share/ament_index/resource_index/packages
[1.311s] symbolically linking /home/soomi/yori/build/yori/resource/yori -> /home/soomi/yori/install/yori/share/ament_index/resource_index/packages
[1.311s] symbolically linking /home/soomi/yori/build/yori/package.xml -> /home/soomi/yori/install/yori/share/yori
[1.312s] creating /home/soomi/yori/install/yori/share/yori/launch
[1.312s] symbolically linking /home/soomi/yori/build/yori/launch/bringup_launch.py -> /home/soomi/yori/install/yori/share/yori/launch
[1.312s] creating /home/soomi/yori/install/yori/share/yori/rviz
[1.312s] symbolically linking /home/soomi/yori/build/yori/rviz/nav2_default_view.rviz -> /home/soomi/yori/install/yori/share/yori/rviz
[1.312s] creating /home/soomi/yori/install/yori/share/yori/urdf
[1.312s] symbolically linking /home/soomi/yori/build/yori/urdf/myAGV.urdf -> /home/soomi/yori/install/yori/share/yori/urdf
[1.312s] creating /home/soomi/yori/install/yori/share/yori/params
[1.312s] symbolically linking /home/soomi/yori/build/yori/params/nav2_params.yaml -> /home/soomi/yori/install/yori/share/yori/params
[1.312s] creating /home/soomi/yori/install/yori/share/yori/maps
[1.312s] symbolically linking /home/soomi/yori/build/yori/maps/map.yaml -> /home/soomi/yori/install/yori/share/yori/maps
[1.312s] symbolically linking /home/soomi/yori/build/yori/maps/map.pgm -> /home/soomi/yori/install/yori/share/yori/maps
[1.330s] Invoked command in '/home/soomi/yori/build/yori' returned '0': PYTHONPATH=/home/soomi/yori/build/yori/prefix_override:/usr/lib/python3/dist-packages/colcon_core/task/python/colcon_distutils_commands:/home/soomi/yori/install/yori/lib/python3.10/site-packages:${PYTHONPATH} /usr/bin/python3 -W ignore:setup.py install is deprecated setup.py develop --editable --build-directory /home/soomi/yori/build/yori/build --no-deps symlink_data
