[0.106s] DEBUG:colcon:Command line arguments: ['/usr/bin/colcon', 'build', '--symlink-install']
[0.106s] DEBUG:colcon:Parsed command line arguments: Namespace(log_base=None, log_level=None, verb_name='build', build_base='build', install_base='install', merge_install=False, symlink_install=True, test_result_base=None, continue_on_error=False, executor='parallel', parallel_workers=12, event_handlers=None, ignore_user_meta=False, metas=['./colcon.meta'], base_paths=['.'], packages_ignore=None, packages_ignore_regex=None, paths=None, packages_up_to=None, packages_up_to_regex=None, packages_above=None, packages_above_and_dependencies=None, packages_above_depth=None, packages_select_by_dep=None, packages_skip_by_dep=None, packages_skip_up_to=None, packages_select_build_failed=False, packages_skip_build_finished=False, packages_select_test_failures=False, packages_skip_test_passed=False, packages_select=None, packages_skip=None, packages_select_regex=None, packages_skip_regex=None, packages_start=None, packages_end=None, allow_overriding=[], cmake_args=None, cmake_target=None, cmake_target_skip_unavailable=False, cmake_clean_cache=False, cmake_clean_first=False, cmake_force_configure=False, ament_cmake_args=None, catkin_cmake_args=None, catkin_skip_building_tests=False, mixin_files=None, mixin=None, verb_parser=<colcon_mixin.mixin.mixin_argument.MixinArgumentDecorator object at 0x7f8a53726950>, verb_extension=<colcon_core.verb.build.BuildVerb object at 0x7f8a53726350>, main=<bound method BuildVerb.main of <colcon_core.verb.build.BuildVerb object at 0x7f8a53726350>>, mixin_verb=('build',))
[0.198s] Level 1:colcon.colcon_core.package_discovery:discover_packages(colcon_meta) check parameters
[0.199s] Level 1:colcon.colcon_core.package_discovery:discover_packages(recursive) check parameters
[0.199s] Level 1:colcon.colcon_core.package_discovery:discover_packages(ignore) check parameters
[0.199s] Level 1:colcon.colcon_core.package_discovery:discover_packages(path) check parameters
[0.199s] Level 1:colcon.colcon_core.package_discovery:discover_packages(colcon_meta) discover
[0.199s] Level 1:colcon.colcon_core.package_discovery:discover_packages(recursive) discover
[0.199s] INFO:colcon.colcon_core.package_discovery:Crawling recursively for packages in '/home/soomi/yori'
[0.199s] Level 1:colcon.colcon_core.package_identification:_identify(.) by extensions ['ignore', 'ignore_ament_install']
[0.199s] Level 1:colcon.colcon_core.package_identification:_identify(.) by extension 'ignore'
[0.199s] Level 1:colcon.colcon_core.package_identification:_identify(.) by extension 'ignore_ament_install'
[0.199s] Level 1:colcon.colcon_core.package_identification:_identify(.) by extensions ['colcon_pkg']
[0.199s] Level 1:colcon.colcon_core.package_identification:_identify(.) by extension 'colcon_pkg'
[0.199s] Level 1:colcon.colcon_core.package_identification:_identify(.) by extensions ['colcon_meta']
[0.199s] Level 1:colcon.colcon_core.package_identification:_identify(.) by extension 'colcon_meta'
[0.199s] Level 1:colcon.colcon_core.package_identification:_identify(.) by extensions ['ros']
[0.199s] Level 1:colcon.colcon_core.package_identification:_identify(.) by extension 'ros'
[0.209s] Level 1:colcon.colcon_core.package_identification:_identify(.) by extensions ['cmake', 'python']
[0.209s] Level 1:colcon.colcon_core.package_identification:_identify(.) by extension 'cmake'
[0.209s] Level 1:colcon.colcon_core.package_identification:_identify(.) by extension 'python'
[0.209s] Level 1:colcon.colcon_core.package_identification:_identify(.) by extensions ['python_setup_py']
[0.209s] Level 1:colcon.colcon_core.package_identification:_identify(.) by extension 'python_setup_py'
[0.209s] Level 1:colcon.colcon_core.package_identification:_identify(build) by extensions ['ignore', 'ignore_ament_install']
[0.209s] Level 1:colcon.colcon_core.package_identification:_identify(build) by extension 'ignore'
[0.209s] Level 1:colcon.colcon_core.package_identification:_identify(build) ignored
[0.209s] Level 1:colcon.colcon_core.package_identification:_identify(install) by extensions ['ignore', 'ignore_ament_install']
[0.209s] Level 1:colcon.colcon_core.package_identification:_identify(install) by extension 'ignore'
[0.209s] Level 1:colcon.colcon_core.package_identification:_identify(install) ignored
[0.209s] Level 1:colcon.colcon_core.package_identification:_identify(log) by extensions ['ignore', 'ignore_ament_install']
[0.209s] Level 1:colcon.colcon_core.package_identification:_identify(log) by extension 'ignore'
[0.209s] Level 1:colcon.colcon_core.package_identification:_identify(log) ignored
[0.209s] Level 1:colcon.colcon_core.package_identification:_identify(src) by extensions ['ignore', 'ignore_ament_install']
[0.210s] Level 1:colcon.colcon_core.package_identification:_identify(src) by extension 'ignore'
[0.210s] Level 1:colcon.colcon_core.package_identification:_identify(src) by extension 'ignore_ament_install'
[0.210s] Level 1:colcon.colcon_core.package_identification:_identify(src) by extensions ['colcon_pkg']
[0.210s] Level 1:colcon.colcon_core.package_identification:_identify(src) by extension 'colcon_pkg'
[0.210s] Level 1:colcon.colcon_core.package_identification:_identify(src) by extensions ['colcon_meta']
[0.210s] Level 1:colcon.colcon_core.package_identification:_identify(src) by extension 'colcon_meta'
[0.210s] Level 1:colcon.colcon_core.package_identification:_identify(src) by extensions ['ros']
[0.210s] Level 1:colcon.colcon_core.package_identification:_identify(src) by extension 'ros'
[0.210s] Level 1:colcon.colcon_core.package_identification:_identify(src) by extensions ['cmake', 'python']
[0.210s] Level 1:colcon.colcon_core.package_identification:_identify(src) by extension 'cmake'
[0.210s] Level 1:colcon.colcon_core.package_identification:_identify(src) by extension 'python'
[0.210s] Level 1:colcon.colcon_core.package_identification:_identify(src) by extensions ['python_setup_py']
[0.210s] Level 1:colcon.colcon_core.package_identification:_identify(src) by extension 'python_setup_py'
[0.210s] Level 1:colcon.colcon_core.package_identification:_identify(src/my_custom_msgs) by extensions ['ignore', 'ignore_ament_install']
[0.210s] Level 1:colcon.colcon_core.package_identification:_identify(src/my_custom_msgs) by extension 'ignore'
[0.210s] Level 1:colcon.colcon_core.package_identification:_identify(src/my_custom_msgs) by extension 'ignore_ament_install'
[0.210s] Level 1:colcon.colcon_core.package_identification:_identify(src/my_custom_msgs) by extensions ['colcon_pkg']
[0.210s] Level 1:colcon.colcon_core.package_identification:_identify(src/my_custom_msgs) by extension 'colcon_pkg'
[0.210s] Level 1:colcon.colcon_core.package_identification:_identify(src/my_custom_msgs) by extensions ['colcon_meta']
[0.210s] Level 1:colcon.colcon_core.package_identification:_identify(src/my_custom_msgs) by extension 'colcon_meta'
[0.210s] Level 1:colcon.colcon_core.package_identification:_identify(src/my_custom_msgs) by extensions ['ros']
[0.210s] Level 1:colcon.colcon_core.package_identification:_identify(src/my_custom_msgs) by extension 'ros'
[0.213s] DEBUG:colcon.colcon_core.package_identification:Package 'src/my_custom_msgs' with type 'ros.ament_cmake' and name 'my_custom_msgs'
[0.213s] Level 1:colcon.colcon_core.package_identification:_identify(src/yori) by extensions ['ignore', 'ignore_ament_install']
[0.213s] Level 1:colcon.colcon_core.package_identification:_identify(src/yori) by extension 'ignore'
[0.213s] Level 1:colcon.colcon_core.package_identification:_identify(src/yori) by extension 'ignore_ament_install'
[0.213s] Level 1:colcon.colcon_core.package_identification:_identify(src/yori) by extensions ['colcon_pkg']
[0.213s] Level 1:colcon.colcon_core.package_identification:_identify(src/yori) by extension 'colcon_pkg'
[0.213s] Level 1:colcon.colcon_core.package_identification:_identify(src/yori) by extensions ['colcon_meta']
[0.213s] Level 1:colcon.colcon_core.package_identification:_identify(src/yori) by extension 'colcon_meta'
[0.213s] Level 1:colcon.colcon_core.package_identification:_identify(src/yori) by extensions ['ros']
[0.213s] Level 1:colcon.colcon_core.package_identification:_identify(src/yori) by extension 'ros'
[0.215s] DEBUG:colcon.colcon_core.package_identification:Package 'src/yori' with type 'ros.ament_python' and name 'yori'
[0.215s] Level 1:colcon.colcon_core.package_discovery:discover_packages(recursive) using defaults
[0.215s] Level 1:colcon.colcon_core.package_discovery:discover_packages(ignore) discover
[0.215s] Level 1:colcon.colcon_core.package_discovery:discover_packages(ignore) using defaults
[0.215s] Level 1:colcon.colcon_core.package_discovery:discover_packages(path) discover
[0.215s] Level 1:colcon.colcon_core.package_discovery:discover_packages(path) using defaults
[0.231s] Level 1:colcon.colcon_core.package_discovery:discover_packages(prefix_path) check parameters
[0.231s] Level 1:colcon.colcon_core.package_discovery:discover_packages(prefix_path) discover
[0.232s] Level 1:colcon.colcon_core.package_discovery:discover_packages(prefix_path) using defaults
[0.233s] Level 5:colcon.colcon_core.verb:set package 'my_custom_msgs' build argument 'cmake_args' from command line to 'None'
[0.233s] Level 5:colcon.colcon_core.verb:set package 'my_custom_msgs' build argument 'cmake_target' from command line to 'None'
[0.233s] Level 5:colcon.colcon_core.verb:set package 'my_custom_msgs' build argument 'cmake_target_skip_unavailable' from command line to 'False'
[0.233s] Level 5:colcon.colcon_core.verb:set package 'my_custom_msgs' build argument 'cmake_clean_cache' from command line to 'False'
[0.233s] Level 5:colcon.colcon_core.verb:set package 'my_custom_msgs' build argument 'cmake_clean_first' from command line to 'False'
[0.233s] Level 5:colcon.colcon_core.verb:set package 'my_custom_msgs' build argument 'cmake_force_configure' from command line to 'False'
[0.233s] Level 5:colcon.colcon_core.verb:set package 'my_custom_msgs' build argument 'ament_cmake_args' from command line to 'None'
[0.233s] Level 5:colcon.colcon_core.verb:set package 'my_custom_msgs' build argument 'catkin_cmake_args' from command line to 'None'
[0.233s] Level 5:colcon.colcon_core.verb:set package 'my_custom_msgs' build argument 'catkin_skip_building_tests' from command line to 'False'
[0.233s] DEBUG:colcon.colcon_core.verb:Building package 'my_custom_msgs' with the following arguments: {'ament_cmake_args': None, 'build_base': '/home/soomi/yori/build/my_custom_msgs', 'catkin_cmake_args': None, 'catkin_skip_building_tests': False, 'cmake_args': None, 'cmake_clean_cache': False, 'cmake_clean_first': False, 'cmake_force_configure': False, 'cmake_target': None, 'cmake_target_skip_unavailable': False, 'install_base': '/home/soomi/yori/install/my_custom_msgs', 'merge_install': False, 'path': '/home/soomi/yori/src/my_custom_msgs', 'symlink_install': True, 'test_result_base': None}
[0.233s] Level 5:colcon.colcon_core.verb:set package 'yori' build argument 'cmake_args' from command line to 'None'
[0.233s] Level 5:colcon.colcon_core.verb:set package 'yori' build argument 'cmake_target' from command line to 'None'
[0.234s] Level 5:colcon.colcon_core.verb:set package 'yori' build argument 'cmake_target_skip_unavailable' from command line to 'False'
[0.234s] Level 5:colcon.colcon_core.verb:set package 'yori' build argument 'cmake_clean_cache' from command line to 'False'
[0.234s] Level 5:colcon.colcon_core.verb:set package 'yori' build argument 'cmake_clean_first' from command line to 'False'
[0.234s] Level 5:colcon.colcon_core.verb:set package 'yori' build argument 'cmake_force_configure' from command line to 'False'
[0.234s] Level 5:colcon.colcon_core.verb:set package 'yori' build argument 'ament_cmake_args' from command line to 'None'
[0.234s] Level 5:colcon.colcon_core.verb:set package 'yori' build argument 'catkin_cmake_args' from command line to 'None'
[0.234s] Level 5:colcon.colcon_core.verb:set package 'yori' build argument 'catkin_skip_building_tests' from command line to 'False'
[0.234s] DEBUG:colcon.colcon_core.verb:Building package 'yori' with the following arguments: {'ament_cmake_args': None, 'build_base': '/home/soomi/yori/build/yori', 'catkin_cmake_args': None, 'catkin_skip_building_tests': False, 'cmake_args': None, 'cmake_clean_cache': False, 'cmake_clean_first': False, 'cmake_force_configure': False, 'cmake_target': None, 'cmake_target_skip_unavailable': False, 'install_base': '/home/soomi/yori/install/yori', 'merge_install': False, 'path': '/home/soomi/yori/src/yori', 'symlink_install': True, 'test_result_base': None}
[0.234s] INFO:colcon.colcon_core.executor:Executing jobs using 'parallel' executor
[0.235s] DEBUG:colcon.colcon_parallel_executor.executor.parallel:run_until_complete
[0.235s] INFO:colcon.colcon_ros.task.ament_cmake.build:Building ROS package in '/home/soomi/yori/src/my_custom_msgs' with build type 'ament_cmake'
[0.235s] INFO:colcon.colcon_cmake.task.cmake.build:Building CMake package in '/home/soomi/yori/src/my_custom_msgs'
[0.238s] INFO:colcon.colcon_core.plugin_system:Skipping extension 'colcon_core.shell.bat': Not used on non-Windows systems
[0.238s] INFO:colcon.colcon_core.shell:Skip shell extension 'powershell' for command environment: Not usable outside of PowerShell
[0.238s] DEBUG:colcon.colcon_core.shell:Skip shell extension 'dsv' for command environment
[0.246s] DEBUG:colcon.colcon_core.event_handler.log_command:Invoking command in '/home/soomi/yori/build/my_custom_msgs': /usr/bin/cmake --build /home/soomi/yori/build/my_custom_msgs -- -j12 -l12
[0.712s] DEBUG:colcon.colcon_core.event_handler.log_command:Invoked command in '/home/soomi/yori/build/my_custom_msgs' returned '0': /usr/bin/cmake --build /home/soomi/yori/build/my_custom_msgs -- -j12 -l12
[0.863s] DEBUG:colcon.colcon_core.event_handler.log_command:Invoking command in '/home/soomi/yori/build/my_custom_msgs': /usr/bin/cmake --install /home/soomi/yori/build/my_custom_msgs
[0.954s] Level 1:colcon.colcon_core.environment:create_environment_scripts_only(my_custom_msgs)
[0.954s] DEBUG:colcon.colcon_core.event_handler.log_command:Invoked command in '/home/soomi/yori/build/my_custom_msgs' returned '0': /usr/bin/cmake --install /home/soomi/yori/build/my_custom_msgs
[0.958s] Level 1:colcon.colcon_core.environment:checking '/home/soomi/yori/install/my_custom_msgs' for CMake module files
[0.958s] Level 1:colcon.colcon_core.environment:checking '/home/soomi/yori/install/my_custom_msgs' for CMake config files
[0.959s] Level 1:colcon.colcon_core.shell:create_environment_hook('my_custom_msgs', 'cmake_prefix_path')
[0.959s] INFO:colcon.colcon_core.shell:Creating environment hook '/home/soomi/yori/install/my_custom_msgs/share/my_custom_msgs/hook/cmake_prefix_path.ps1'
[0.960s] INFO:colcon.colcon_core.shell:Creating environment descriptor '/home/soomi/yori/install/my_custom_msgs/share/my_custom_msgs/hook/cmake_prefix_path.dsv'
[0.960s] INFO:colcon.colcon_core.shell:Creating environment hook '/home/soomi/yori/install/my_custom_msgs/share/my_custom_msgs/hook/cmake_prefix_path.sh'
[0.961s] Level 1:colcon.colcon_core.environment:checking '/home/soomi/yori/install/my_custom_msgs/lib'
[0.961s] Level 1:colcon.colcon_core.shell:create_environment_hook('my_custom_msgs', 'ld_library_path_lib')
[0.962s] INFO:colcon.colcon_core.shell:Creating environment hook '/home/soomi/yori/install/my_custom_msgs/share/my_custom_msgs/hook/ld_library_path_lib.ps1'
[0.962s] INFO:colcon.colcon_core.shell:Creating environment descriptor '/home/soomi/yori/install/my_custom_msgs/share/my_custom_msgs/hook/ld_library_path_lib.dsv'
[0.963s] INFO:colcon.colcon_core.shell:Creating environment hook '/home/soomi/yori/install/my_custom_msgs/share/my_custom_msgs/hook/ld_library_path_lib.sh'
[0.963s] Level 1:colcon.colcon_core.environment:checking '/home/soomi/yori/install/my_custom_msgs/bin'
[0.963s] Level 1:colcon.colcon_core.environment:checking '/home/soomi/yori/install/my_custom_msgs/lib/pkgconfig/my_custom_msgs.pc'
[0.965s] Level 1:colcon.colcon_core.environment:checking '/home/soomi/yori/install/my_custom_msgs/lib/python3.10/site-packages'
[0.965s] Level 1:colcon.colcon_core.environment:checking '/home/soomi/yori/install/my_custom_msgs/bin'
[0.966s] INFO:colcon.colcon_core.shell:Creating package script '/home/soomi/yori/install/my_custom_msgs/share/my_custom_msgs/package.ps1'
[0.968s] INFO:colcon.colcon_core.shell:Creating package descriptor '/home/soomi/yori/install/my_custom_msgs/share/my_custom_msgs/package.dsv'
[0.968s] INFO:colcon.colcon_core.shell:Creating package script '/home/soomi/yori/install/my_custom_msgs/share/my_custom_msgs/package.sh'
[0.969s] INFO:colcon.colcon_core.shell:Creating package script '/home/soomi/yori/install/my_custom_msgs/share/my_custom_msgs/package.bash'
[0.969s] INFO:colcon.colcon_core.shell:Creating package script '/home/soomi/yori/install/my_custom_msgs/share/my_custom_msgs/package.zsh'
[0.970s] Level 1:colcon.colcon_core.environment:create_file_with_runtime_dependencies(/home/soomi/yori/install/my_custom_msgs/share/colcon-core/packages/my_custom_msgs)
[1.091s] Level 1:colcon.colcon_core.environment:create_environment_scripts_only(my_custom_msgs)
[1.092s] Level 1:colcon.colcon_core.environment:checking '/home/soomi/yori/install/my_custom_msgs' for CMake module files
[1.092s] Level 1:colcon.colcon_core.environment:checking '/home/soomi/yori/install/my_custom_msgs' for CMake config files
[1.093s] Level 1:colcon.colcon_core.shell:create_environment_hook('my_custom_msgs', 'cmake_prefix_path')
[1.093s] INFO:colcon.colcon_core.shell:Creating environment hook '/home/soomi/yori/install/my_custom_msgs/share/my_custom_msgs/hook/cmake_prefix_path.ps1'
[1.094s] INFO:colcon.colcon_core.shell:Creating environment descriptor '/home/soomi/yori/install/my_custom_msgs/share/my_custom_msgs/hook/cmake_prefix_path.dsv'
[1.094s] INFO:colcon.colcon_core.shell:Creating environment hook '/home/soomi/yori/install/my_custom_msgs/share/my_custom_msgs/hook/cmake_prefix_path.sh'
[1.095s] Level 1:colcon.colcon_core.environment:checking '/home/soomi/yori/install/my_custom_msgs/lib'
[1.095s] Level 1:colcon.colcon_core.shell:create_environment_hook('my_custom_msgs', 'ld_library_path_lib')
[1.095s] INFO:colcon.colcon_core.shell:Creating environment hook '/home/soomi/yori/install/my_custom_msgs/share/my_custom_msgs/hook/ld_library_path_lib.ps1'
[1.096s] INFO:colcon.colcon_core.shell:Creating environment descriptor '/home/soomi/yori/install/my_custom_msgs/share/my_custom_msgs/hook/ld_library_path_lib.dsv'
[1.096s] INFO:colcon.colcon_core.shell:Creating environment hook '/home/soomi/yori/install/my_custom_msgs/share/my_custom_msgs/hook/ld_library_path_lib.sh'
[1.097s] Level 1:colcon.colcon_core.environment:checking '/home/soomi/yori/install/my_custom_msgs/bin'
[1.097s] Level 1:colcon.colcon_core.environment:checking '/home/soomi/yori/install/my_custom_msgs/lib/pkgconfig/my_custom_msgs.pc'
[1.097s] Level 1:colcon.colcon_core.environment:checking '/home/soomi/yori/install/my_custom_msgs/lib/python3.10/site-packages'
[1.097s] Level 1:colcon.colcon_core.environment:checking '/home/soomi/yori/install/my_custom_msgs/bin'
[1.098s] INFO:colcon.colcon_core.shell:Creating package script '/home/soomi/yori/install/my_custom_msgs/share/my_custom_msgs/package.ps1'
[1.098s] INFO:colcon.colcon_core.shell:Creating package descriptor '/home/soomi/yori/install/my_custom_msgs/share/my_custom_msgs/package.dsv'
[1.099s] INFO:colcon.colcon_core.shell:Creating package script '/home/soomi/yori/install/my_custom_msgs/share/my_custom_msgs/package.sh'
[1.099s] INFO:colcon.colcon_core.shell:Creating package script '/home/soomi/yori/install/my_custom_msgs/share/my_custom_msgs/package.bash'
[1.100s] INFO:colcon.colcon_core.shell:Creating package script '/home/soomi/yori/install/my_custom_msgs/share/my_custom_msgs/package.zsh'
[1.100s] Level 1:colcon.colcon_core.environment:create_file_with_runtime_dependencies(/home/soomi/yori/install/my_custom_msgs/share/colcon-core/packages/my_custom_msgs)
[1.100s] INFO:colcon.colcon_ros.task.ament_python.build:Building ROS package in '/home/soomi/yori/src/yori' with build type 'ament_python'
[1.100s] Level 1:colcon.colcon_core.shell:create_environment_hook('yori', 'ament_prefix_path')
[1.101s] INFO:colcon.colcon_core.shell:Creating environment hook '/home/soomi/yori/install/yori/share/yori/hook/ament_prefix_path.ps1'
[1.102s] INFO:colcon.colcon_core.shell:Creating environment descriptor '/home/soomi/yori/install/yori/share/yori/hook/ament_prefix_path.dsv'
[1.102s] INFO:colcon.colcon_core.shell:Creating environment hook '/home/soomi/yori/install/yori/share/yori/hook/ament_prefix_path.sh'
[1.103s] INFO:colcon.colcon_core.shell:Skip shell extension 'powershell' for command environment: Not usable outside of PowerShell
[1.103s] DEBUG:colcon.colcon_core.shell:Skip shell extension 'dsv' for command environment
[1.290s] INFO:colcon.colcon_core.task.python.build:Building Python package in '/home/soomi/yori/src/yori'
[1.290s] INFO:colcon.colcon_core.shell:Skip shell extension 'powershell' for command environment: Not usable outside of PowerShell
[1.290s] DEBUG:colcon.colcon_core.shell:Skip shell extension 'dsv' for command environment
[1.587s] DEBUG:colcon.colcon_core.event_handler.log_command:Invoking command in '/home/soomi/yori/build/yori': AMENT_PREFIX_PATH=/home/soomi/yori/install/my_custom_msgs CMAKE_PREFIX_PATH=/home/soomi/yori/install/my_custom_msgs LD_LIBRARY_PATH=/home/soomi/yori/install/my_custom_msgs/lib PYTHONPATH=/home/soomi/yori/build/yori/prefix_override:/usr/lib/python3/dist-packages/colcon_core/task/python/colcon_distutils_commands:/home/soomi/yori/install/yori/lib/python3.10/site-packages:/home/soomi/yori/install/my_custom_msgs/local/lib/python3.10/dist-packages /usr/bin/python3 -W ignore:setup.py install is deprecated setup.py develop --editable --build-directory /home/soomi/yori/build/yori/build --no-deps symlink_data
[1.881s] Level 1:colcon.colcon_core.shell:create_environment_hook('yori', 'pythonpath_develop')
[1.881s] INFO:colcon.colcon_core.shell:Creating environment hook '/home/soomi/yori/build/yori/share/yori/hook/pythonpath_develop.ps1'
[1.882s] DEBUG:colcon.colcon_core.event_handler.log_command:Invoked command in '/home/soomi/yori/build/yori' returned '0': AMENT_PREFIX_PATH=/home/soomi/yori/install/my_custom_msgs CMAKE_PREFIX_PATH=/home/soomi/yori/install/my_custom_msgs LD_LIBRARY_PATH=/home/soomi/yori/install/my_custom_msgs/lib PYTHONPATH=/home/soomi/yori/build/yori/prefix_override:/usr/lib/python3/dist-packages/colcon_core/task/python/colcon_distutils_commands:/home/soomi/yori/install/yori/lib/python3.10/site-packages:/home/soomi/yori/install/my_custom_msgs/local/lib/python3.10/dist-packages /usr/bin/python3 -W ignore:setup.py install is deprecated setup.py develop --editable --build-directory /home/soomi/yori/build/yori/build --no-deps symlink_data
[1.882s] INFO:colcon.colcon_core.shell:Creating environment descriptor '/home/soomi/yori/build/yori/share/yori/hook/pythonpath_develop.dsv'
[1.883s] INFO:colcon.colcon_core.shell:Creating environment hook '/home/soomi/yori/build/yori/share/yori/hook/pythonpath_develop.sh'
[1.883s] Level 1:colcon.colcon_core.environment:checking '/home/soomi/yori/install/yori' for CMake module files
[1.883s] Level 1:colcon.colcon_core.environment:checking '/home/soomi/yori/install/yori' for CMake config files
[1.884s] Level 1:colcon.colcon_core.environment:checking '/home/soomi/yori/install/yori/lib'
[1.884s] Level 1:colcon.colcon_core.environment:checking '/home/soomi/yori/install/yori/bin'
[1.884s] Level 1:colcon.colcon_core.environment:checking '/home/soomi/yori/install/yori/lib/pkgconfig/yori.pc'
[1.884s] Level 1:colcon.colcon_core.environment:checking '/home/soomi/yori/install/yori/lib/python3.10/site-packages'
[1.884s] Level 1:colcon.colcon_core.shell:create_environment_hook('yori', 'pythonpath')
[1.884s] INFO:colcon.colcon_core.shell:Creating environment hook '/home/soomi/yori/install/yori/share/yori/hook/pythonpath.ps1'
[1.884s] INFO:colcon.colcon_core.shell:Creating environment descriptor '/home/soomi/yori/install/yori/share/yori/hook/pythonpath.dsv'
[1.884s] INFO:colcon.colcon_core.shell:Creating environment hook '/home/soomi/yori/install/yori/share/yori/hook/pythonpath.sh'
[1.885s] Level 1:colcon.colcon_core.environment:checking '/home/soomi/yori/install/yori/bin'
[1.885s] Level 1:colcon.colcon_core.environment:create_environment_scripts_only(yori)
[1.885s] INFO:colcon.colcon_core.shell:Creating package script '/home/soomi/yori/install/yori/share/yori/package.ps1'
[1.885s] INFO:colcon.colcon_core.shell:Creating package descriptor '/home/soomi/yori/install/yori/share/yori/package.dsv'
[1.886s] INFO:colcon.colcon_core.shell:Creating package script '/home/soomi/yori/install/yori/share/yori/package.sh'
[1.886s] INFO:colcon.colcon_core.shell:Creating package script '/home/soomi/yori/install/yori/share/yori/package.bash'
[1.886s] INFO:colcon.colcon_core.shell:Creating package script '/home/soomi/yori/install/yori/share/yori/package.zsh'
[1.886s] Level 1:colcon.colcon_core.environment:create_file_with_runtime_dependencies(/home/soomi/yori/install/yori/share/colcon-core/packages/yori)
[1.886s] DEBUG:colcon.colcon_parallel_executor.executor.parallel:closing loop
[1.887s] DEBUG:colcon.colcon_parallel_executor.executor.parallel:loop closed
[1.887s] DEBUG:colcon.colcon_parallel_executor.executor.parallel:run_until_complete finished with '0'
[1.887s] DEBUG:colcon.colcon_core.event_reactor:joining thread
[1.892s] INFO:colcon.colcon_core.plugin_system:Skipping extension 'colcon_notification.desktop_notification.terminal_notifier': Not used on non-Darwin systems
[1.892s] INFO:colcon.colcon_core.plugin_system:Skipping extension 'colcon_notification.desktop_notification.win32': Not used on non-Windows systems
[1.892s] INFO:colcon.colcon_notification.desktop_notification:Sending desktop notification using 'notify2'
[1.911s] DEBUG:colcon.colcon_core.event_reactor:joined thread
[1.912s] INFO:colcon.colcon_core.shell:Creating prefix script '/home/soomi/yori/install/local_setup.ps1'
[1.913s] INFO:colcon.colcon_core.shell:Creating prefix util module '/home/soomi/yori/install/_local_setup_util_ps1.py'
[1.916s] INFO:colcon.colcon_core.shell:Creating prefix chain script '/home/soomi/yori/install/setup.ps1'
[1.918s] INFO:colcon.colcon_core.shell:Creating prefix script '/home/soomi/yori/install/local_setup.sh'
[1.919s] INFO:colcon.colcon_core.shell:Creating prefix util module '/home/soomi/yori/install/_local_setup_util_sh.py'
[1.919s] INFO:colcon.colcon_core.shell:Creating prefix chain script '/home/soomi/yori/install/setup.sh'
[1.920s] INFO:colcon.colcon_core.shell:Creating prefix script '/home/soomi/yori/install/local_setup.bash'
[1.920s] INFO:colcon.colcon_core.shell:Creating prefix chain script '/home/soomi/yori/install/setup.bash'
[1.921s] INFO:colcon.colcon_core.shell:Creating prefix script '/home/soomi/yori/install/local_setup.zsh'
[1.921s] INFO:colcon.colcon_core.shell:Creating prefix chain script '/home/soomi/yori/install/setup.zsh'
